101	11 7675
102	17 187
103	15 281
104	16 290
105	14 294
106	14 324
107	15 161
108	17 181
109	15 202
110	15 289
111	12 237
112	13 285
113	11 265
114	14 170
115	14 229
116	12 294
117	13 231
118	12 305
119	13 255
120	13 220
121	12 179
122	13 176
123	11 261
124	11 255
125	12 251
126	12 179
127	12 185
128	12 207
129	13 168
130	11 256
131	12 272
132	11 253
133	11 219
134	11 270
135	12 279
136	13 178
137	11 259
138	12 292
139	11 273
140	11 301
141	12 201
142	11 121
143	11 141
144	10 228
145	11 313
146	10 300
147	11 227
148	10 188
149	10 228
150	10 230
151	11 162
152	11 213
153	10 144
154	10 82
155	11 130
156	10 177
157	10 144
158	10 129
159	10 197
160	11 96
161	10 85
162	10 145
163	10 92
164	11 86
165	9 127
166	10 105
167	11 93
168	10 77
169	10 81
170	11 74
171	10 124
172	10 84
173	11 59
174	11 60
175	9 42
176	10 40
177	10 49
178	10 46
179	9 35
180	10 36
181	10 17
182	10 30
183	12 34
184	11 21
185	16 22
186	16 28
187	16 15
188	16 21
189	16 21
190	16 31
191	15 18
192	14 23
193	16 26
194	15 20
195	15 10
196	17 23
197	14 16
198	17 18
199	17 12
200	17 22
201	16 20
202	18 15
203	19 16
204	17 15
205	18 27
206	18 14
207	18 26
208	17 12
209	20 13
210	19 32
211	18 30
212	22 21
213	22 16
214	21 24
215	23 13
216	20 31
217	23 12
218	22 35
219	23 16
220	24 13
221	22 14
222	24 31
223	23 33
224	24 31
225	25 53
226	24 19
227	26 18
228	26 43
229	26 19
230	27 16
231	25 27
232	27 26
233	26 21
234	24 34
235	26 29
236	28 34
237	29 14
238	28 22
239	27 21
240	27 19
241	26 22
242	29 22
243	28 22
244	27 21
245	30 20
246	30 35
247	26 24
248	29 26
249	29 16
250	28 40
251	29 28
252	30 21
253	30 7
254	27 17
255	28 14
256	27 42
257	27 12
258	26 19
259	25 24
260	26 27
261	26 34
262	27 17
263	27 25
264	27 17
265	28 10
266	28 21
267	27 24
268	30 10
269	28 16
270	28 15
271	30 11
272	33 16
273	35 10
274	32 20
275	34 10
276	34 15
277	34 16
278	35 9
279	37 13
280	35 13
281	38 11
282	39 18
283	39 16
284	39 17
285	39 10
286	40 2
287	38 14
288	43 11
289	42 10
290	42 6
291	43 12
292	41 17
293	43 14
294	43 14
295	42 10
296	44 7
297	43 12
298	44 11
299	44 27
300	44 14
301	44 7
302	43 6
303	43 20
304	41 32
305	39 9
306	36 22
307	35 10
308	35 8
309	37 4
310	37 8
311	37 5
312	37 10
313	34 7
314	36 6
315	36 9
316	37 3
317	36 3
318	36 8
319	36 3
320	36 6
321	36 6
322	36 8
323	34 4
324	36 2
325	35 6
326	35 4
327	36 7
328	34 4
329	34 8
330	33 15
331	33 7
332	33 11
333	31 6
334	33 6
335	33 15
336	33 13
337	32 6
338	32 13
339	33 1
340	32 7
341	33 5
342	32 13
343	32 15
344	32 4
345	32 6
346	32 3
347	33 5
348	33 6
349	34 8
350	34 2
351	33 4
352	34 2
353	33 9
354	33 6
355	35 6
356	36 4
357	36 8
358	35 11
359	35 5
360	37 5
361	36 4
362	38 8
363	40 3
364	42 2
365	41 3
366	42 13
367	43 8
368	45 4
369	44 8
370	45 4
371	46 3
372	46 13
373	46 3
374	47 1
375	46 13
376	46 7
377	45 6
378	46 3
379	48 5
380	46 9
381	48 4
382	46 4
383	46 2
384	47 7
385	45 6
386	47 6
387	48 5
388	48 2
389	47 3
390	47 3
391	49 10
392	49 5
393	48 3
394	48 7
395	49 4
396	50 2
397	52 0
398	49 10
399	48 9
400	49 8
401	47 9
402	51 10
403	51 9
404	53 5
405	52 14
406	55 4
407	56 7
408	60 4
409	61 5
410	61 6
411	64 8
412	67 6
413	66 3
414	66 9
415	67 1
416	67 4
417	69 10
418	69 8
419	68 4
420	68 1
421	68 6
422	68 7
423	68 11
424	67 6
425	68 1
426	67 13
427	69 7
428	68 7
429	68 8
430	69 1
431	69 0
432	67 4
433	71 1
434	70 3
435	70 4
436	71 2
437	72 4
438	73 1
439	72 4
440	73 1
441	72 3
442	74 4
443	75 1
444	74 2
445	74 4
446	75 3
447	75 2
448	76 0
449	77 0
450	76 4
451	76 1
452	76 2
453	76 2
454	75 4
455	76 3
456	76 4
457	75 2
458	76 4
459	76 1
460	77 1
461	76 6
462	76 3
463	75 6
464	76 4
465	76 5
466	77 1
467	78 1
468	77 2
469	77 2
470	76 2
471	77 3
472	78 1
473	77 3
474	76 5
475	78 3
476	77 1
477	77 3
478	77 2
479	75 4
480	78 1
481	75 5
482	74 4
483	75 5
484	75 4
485	75 2
486	76 3
487	75 5
488	75 6
489	75 4
490	77 4
491	73 6
492	77 9
493	75 11
494	76 9
495	76 6
496	78 0
497	77 15
498	77 6
499	76 16
500	76 5
501	73 19
502	75 12
503	72 6
504	74 8
505	73 20
506	75 18
507	75 10
508	74 12
509	74 10
510	74 7
511	74 6
512	75 7
513	73 9
514	74 7
515	74 12
516	73 10
517	72 9
518	73 5
519	72 11
520	71 11
521	73 7
522	73 9
523	71 20
524	56 253
525	52 214
526	58 38
527	37 224
528	37 199
529	30 348
530	37 175
531	31 271
532	29 222
533	43 60
534	31 258
535	32 309
536	39 228
537	35 277
538	33 398
539	40 96
540	33 469
541	32 456
542	36 392
543	35 345
544	32 275
545	33 233
546	34 188
547	38 204
548	34 162
549	31 236
550	34 237
551	29 222
552	32 284
553	34 254
554	32 135
555	32 223
556	31 296
557	30 326
558	27 354
559	28 439
560	28 484
561	35 178
562	28 616
563	26 560
564	29 627
565	27 505
566	29 360
567	32 336
568	27 257
569	23 342
570	24 281
571	24 208
572	22 244
573	26 170
574	27 153
575	23 247
576	26 188
577	27 165
578	24 243
579	25 192
580	22 194
581	22 197
582	26 203
583	24 223
584	25 223
585	24 228
586	23 189
587	27 112
588	24 197
589	27 278
590	27 275
591	21 218
592	22 204
593	28 86
594	26 181
595	24 184
596	22 170
597	20 213
598	20 148
599	21 129
600	21 163
601	17 213
602	18 192
603	21 185
604	21 197
605	22 150
606	22 119
607	20 206
608	17 181
609	18 122
610	21 162
611	17 132
612	19 136
613	16 157
614	18 136
615	18 126
616	17 152
617	17 140
618	17 137
619	18 176
620	18 127
621	18 183
622	18 146
623	17 183
624	17 201
625	18 160
626	19 164
627	19 178
628	18 173
629	19 165
630	18 169
631	17 120
632	20 139
633	19 145
634	19 134
635	18 201
636	19 197
637	19 157
638	20 144
639	18 160
640	17 193
641	19 214
642	18 205
643	18 200
644	21 223
645	19 233
646	21 182
647	20 184
648	18 167
649	17 163
650	16 196
651	16 185
652	17 176
653	17 167
654	15 162
655	16 181
656	18 165
657	14 156
658	17 224
659	16 172
660	15 157
661	19 162
662	15 154
663	19 167
664	19 176
665	17 180
666	17 160
667	17 127
668	16 143
669	18 157
670	19 109
671	18 159
672	18 169
673	18 138
674	18 154
675	18 216
676	22 171
677	17 188
678	16 152
679	20 174
680	19 161
681	20 145
682	20 133
683	20 140
684	19 205
685	20 169
686	17 145
687	19 169
688	17 193
689	18 173
690	20 160
691	18 172
692	17 158
693	21 181
694	19 197
695	19 121
696	19 150
697	19 197
698	18 149
699	24 160
700	18 177
701	17 183
702	20 153
703	19 184
704	20 180
705	20 184
706	18 265
707	20 227
708	19 201
709	20 227
710	18 162
711	22 142
712	21 224
713	18 212
714	19 145
715	16 208
716	18 195
717	22 134
718	22 186
719	22 131
720	23 121
721	24 164
722	27 133
723	23 160
724	22 195
725	20 189
726	23 175
727	24 124
728	22 132
729	23 120
730	22 116
731	22 105
732	23 109
733	24 109
734	24 136
735	21 163
736	22 134
737	23 152
738	21 121
739	23 154
740	22 127
741	21 120
742	20 176
743	20 144
744	18 148
745	22 163
746	19 120
747	22 160
748	18 176
749	20 164
750	20 102
751	19 122
752	18 132
753	19 107
754	19 126
755	17 124
756	18 116
757	18 151
758	20 108
759	21 118
760	20 81
761	18 100
762	18 93
763	18 113
764	19 72
765	21 110
766	21 104
767	18 88
768	17 97
769	19 96
770	16 105
771	20 103
772	19 135
773	18 157
774	17 116
775	20 111
776	18 93
777	18 110
778	19 135
779	21 102
780	18 122
781	17 120
782	16 137
783	18 122
784	17 115
785	17 117
786	16 138
787	17 128
788	18 158
789	18 97
790	18 132
791	19 162
792	19 119
793	19 149
794	20 122
795	20 171
796	17 125
797	18 113
798	21 108
799	18 125
800	20 115
801	18 115
802	20 113
803	19 114
804	17 143
805	18 144
806	17 139
807	19 133
808	18 162
809	18 106
810	16 119
811	16 128
812	16 124
813	17 130
814	17 136
815	18 107
816	19 130
817	17 119
818	14 153
819	19 119
820	17 130
821	20 127
822	16 140
823	19 126
824	16 119
825	18 139
826	17 139
827	16 168
828	17 114
829	16 119
830	17 155
831	15 157
832	18 162
833	15 150
834	14 113
835	16 138
836	15 114
837	16 113
838	15 90
839	15 128
840	16 115
841	15 122
842	14 121
843	15 83
844	15 143
845	17 93
846	15 103
847	15 153
848	17 129
849	14 178
850	16 149
851	16 122
852	15 127
853	15 159
854	15 176
855	18 101
856	18 115
857	20 129
858	18 134
859	17 128
860	18 127
861	18 123
862	19 152
863	18 106
864	18 120
865	17 107
866	18 126
867	17 120
868	17 150
869	17 113
870	21 128
871	21 137
872	18 171
873	19 125
874	17 137
875	19 140
876	18 174
877	20 128
878	19 131
879	16 142
880	18 141
881	21 143
882	17 173
883	21 136
884	19 138
885	20 137
886	20 159
887	20 154
888	21 188
889	20 134
890	19 159
891	20 134
892	20 168
893	20 133
894	21 185
895	22 154
896	19 191
897	19 141
898	20 156
899	20 148
900	21 178
901	22 152
902	20 176
903	19 169
904	20 192
905	20 198
906	20 171
907	19 196
908	16 239
909	18 191
910	18 173
911	20 128
912	20 186
913	18 127
914	19 130
915	18 153
916	20 162
917	19 112
918	18 124
919	19 124
920	19 108
921	18 133
922	20 88
923	18 69
924	18 71
925	17 77
926	17 103
927	20 74
928	21 62
929	20 51
930	20 35
931	20 65
932	22 50
933	21 47
934	19 39
935	21 43
936	20 49
937	20 30
938	20 36
939	21 24
940	20 27
941	20 26
942	20 30
943	20 16
944	21 14
945	21 25
946	21 15
947	18 17
948	19 20
949	20 22
950	18 15
951	20 22
952	18 12
953	18 15
954	19 16
955	20 16
956	19 15
957	20 11
958	19 12
959	18 12
960	17 16
961	20 15
962	18 20
963	18 12
964	21 28
965	21 14
966	20 13
967	21 17
968	21 19
969	19 15
970	18 16
971	19 21
972	19 20
973	20 18
974	17 15
975	16 10
976	20 12
977	19 14
978	20 11
979	17 14
980	18 20
981	17 11
982	17 11
983	18 18
984	19 9
985	15 17
986	19 13
987	15 8
988	17 16
989	19 14
990	19 14
991	18 15
992	17 10
993	17 14
994	17 12
995	19 11
996	20 13
997	17 24
998	18 16
999	19 12
1000	19 16
1001	19 17
1002	19 12
1003	20 12
1004	19 15
1005	21 17
1006	19 17
1007	23 9
1008	24 20
1009	23 10
1010	22 15
1011	23 10
1012	22 19
1013	23 17
1014	22 17
1015	23 16
1016	22 11
1017	22 21
1018	22 17
1019	21 10
1020	21 17
1021	19 18
1022	20 17
1023	20 20
1024	18 15
1025	20 11
1026	18 26
1027	19 15
1028	20 11
1029	19 11
1030	20 14
1031	21 15
1032	21 8
1033	21 14
1034	20 11
1035	20 15
1036	23 14
1037	24 4
1038	23 18
1039	24 12
1040	23 15
1041	23 13
1042	23 8
1043	23 7
1044	25 11
1045	24 14
1046	25 11
1047	24 19
1048	25 17
1049	24 16
1050	26 10
1051	27 11
1052	26 14
1053	25 12
1054	27 7
1055	26 8
1056	27 8
1057	27 13
1058	26 22
1059	26 10
1060	26 8
1061	26 12
1062	27 6
1063	24 19
1064	26 15
1065	25 14
1066	29 9
1067	28 13
1068	28 22
1069	27 19
1070	27 17
1071	27 9
1072	28 12
1073	30 11
1074	28 20
1075	26 19
1076	31 13
1077	30 14
1078	30 21
1079	30 14
1080	28 15
1081	31 22
1082	30 13
1083	31 18
1084	30 12
1085	30 15
1086	28 8
1087	30 10
1088	29 16
1089	29 12
1090	29 12
1091	30 13
1092	30 12
1093	31 3
1094	28 13
1095	29 14
1096	28 15
1097	30 14
1098	31 10
1099	32 16
1100	33 5
1101	33 12
1102	30 11
1103	30 8
1104	28 14
1105	33 12
1106	34 2
1107	34 3
1108	31 10
1109	32 7
1110	33 7
1111	30 15
1112	33 12
1113	30 11
1114	30 12
1115	29 11
1116	32 9
1117	30 15
1118	33 10
1119	33 6
1120	32 10
1121	34 3
1122	34 13
1123	35 3
1124	35 7
1125	35 5
1126	33 10
1127	35 9
1128	34 10
1129	34 12
1130	33 16
1131	35 8
1132	35 8
1133	35 10
1134	35 15
1135	35 14
1136	34 9
1137	36 9
1138	32 16
1139	35 7
1140	33 14
1141	31 8
1142	34 8
1143	32 4
1144	31 13
1145	31 12
1146	30 11
1147	27 17
1148	30 12
1149	30 8
1150	29 21
1151	28 18
1152	30 8
1153	28 24
1154	26 21
1155	27 10
1156	26 19
1157	27 16
1158	26 15
1159	26 15
1160	25 20
1161	27 22
1162	25 17
1163	21 19
1164	21 16
1165	23 13
1166	22 17
1167	23 5
1168	24 11
1169	23 12
1170	24 9
1171	22 12
1172	24 14
1173	23 9
1174	22 14
1175	22 10
1176	22 13
1177	19 8
1178	20 15
1179	20 17
1180	20 14
1181	21 13
1182	21 12
1183	21 19
1184	22 7
1185	21 11
1186	21 17
1187	23 6
1188	23 12
1189	23 19
1190	21 10
1191	23 10
1192	23 7
1193	23 6
1194	23 17
1195	24 15
1196	23 12
1197	24 15
1198	23 12
1199	23 19
1200	24 8
1201	23 10
1202	23 8
1203	26 5
1204	22 14
1205	25 11
1206	24 7
1207	24 13
1208	24 10
1209	23 11
1210	26 3
1211	25 10
1212	25 10
1213	25 11
1214	26 9
1215	24 6
1216	24 12
1217	25 16
1218	26 10
1219	25 13
1220	27 12
1221	25 14
1222	25 5
1223	26 7
1224	25 12
1225	25 2
1226	24 11
1227	27 22
1228	24 9
1229	26 11
1230	25 11
1231	24 17
1232	26 8
1233	26 11
1234	26 7
1235	25 10
1236	27 6
1237	26 8
1238	27 7
1239	25 9
1240	27 9
1241	27 8
1242	26 9
1243	26 15
1244	26 11
1245	25 18
1246	26 8
1247	27 4
1248	28 6
1249	26 9
1250	28 11
1251	27 17
1252	28 8
1253	28 8
1254	27 8
1255	27 8
1256	27 22
1257	26 18
1258	26 12
1259	28 9
1260	28 19
1261	29 16
1262	29 10
1263	28 17
1264	29 18
1265	28 18
1266	28 9
1267	28 30
1268	29 19
1269	27 13
1270	29 14
1271	30 18
1272	29 8
1273	30 16
1274	30 10
1275	30 17
1276	30 17
1277	30 17
1278	31 15
1279	31 11
1280	31 5
1281	29 21
1282	27 18
1283	29 15
1284	30 14
1285	29 23
1286	29 7
1287	30 9
1288	28 16
1289	29 13
1290	29 12
1291	30 11
1292	29 11
1293	29 8
1294	30 14
1295	31 6
1296	30 17
1297	29 15
1298	30 7
1299	31 9
1300	30 14
1301	30 15
1302	28 14
1303	27 8
1304	29 13
1305	29 18
1306	29 5
1307	28 12
1308	30 12
1309	29 16
1310	28 12
1311	29 10
1312	28 13
1313	28 8
1314	26 9
1315	29 10
1316	28 15
1317	27 20
1318	29 5
1319	29 14
1320	28 10
1321	29 12
1322	28 16
1323	27 12
1324	27 10
1325	28 9
1326	27 7
1327	27 15
1328	26 13
1329	27 9
1330	27 10
1331	27 12
1332	26 13
1333	26 13
1334	28 10
1335	28 16
1336	27 6
1337	25 17
1338	26 13
1339	27 5
1340	27 15
1341	27 7
1342	28 11
1343	27 5
1344	28 7
1345	28 9
1346	28 13
1347	27 10
1348	28 6
1349	28 9
1350	28 8
1351	27 9
1352	28 15
1353	28 10
1354	27 9
1355	28 8
1356	27 7
1357	27 7
1358	26 14
1359	26 9
1360	25 5
1361	26 4
1362	27 6
1363	27 4
1364	26 6
1365	26 7
1366	26 8
1367	25 9
1368	26 7
1369	25 7
1370	25 7
1371	25 14
1372	26 9
1373	26 12
1374	26 11
1375	25 11
1376	29 14
1377	26 14
1378	26 13
1379	25 9
1380	27 8
1381	27 11
1382	24 14
1383	26 11
1384	24 14
1385	25 14
1386	25 14
1387	23 13
1388	25 12
1389	24 9
1390	24 20
1391	25 14
1392	24 38
1393	25 12
1394	22 22
1395	23 27
1396	22 16
1397	23 20
1398	21 25
1399	22 22
1400	22 15
1401	22 27
1402	24 11
1403	23 9
1404	23 21
1405	22 19
1406	21 21
1407	22 23
1408	22 25
1409	19 40
1410	25 27
1411	22 17
1412	23 40
1413	22 46
1414	22 47
1415	20 45
1416	20 37
1417	20 49
1418	17 58
1419	21 63
1420	21 60
1421	18 50
1422	20 91
1423	21 103
1424	22 101
1425	18 102
1426	21 65
1427	20 86
1428	19 111
1429	16 165
1430	17 121
1431	18 79
1432	19 129
1433	19 100
1434	19 99
1435	17 137
1436	18 111
1437	18 131
1438	19 104
1439	18 125
1440	19 125
1441	21 134
1442	19 117
1443	18 139
1444	20 122
1445	22 116
1446	21 118
1447	17 114
1448	18 116
1449	17 116
1450	21 132
1451	18 111
1452	22 134
1453	20 108
1454	20 118
1455	18 128
1456	19 122
1457	21 127
1458	19 140
1459	18 104
1460	17 138
1461	19 146
1462	16 150
1463	19 156
1464	16 132
1465	19 144
1466	17 124
1467	18 160
1468	18 138
1469	16 135
1470	20 139
1471	18 167
1472	18 126
1473	18 140
1474	17 165
1475	18 150
1476	17 162
1477	18 185
1478	19 133
1479	17 170
1480	18 141
1481	18 124
1482	18 147
1483	17 166
1484	18 185
1485	18 126
1486	20 139
1487	19 139
1488	17 181
1489	17 173
1490	18 159
1491	19 125
1492	18 158
1493	17 148
1494	18 160
1495	19 182
1496	16 177
1497	19 152
1498	19 174
1499	20 148
1500	16 161
1501	16 186
1502	18 195
1503	19 194
1504	19 179
1505	19 183
1506	18 157
1507	17 174
1508	17 171
1509	18 180
1510	19 212
1511	18 163
1512	17 177
1513	16 156
1514	16 164
1515	17 161
1516	20 139
1517	17 147
1518	18 137
1519	18 124
1520	18 141
1521	15 135
1522	18 131
1523	20 121
1524	15 118
1525	19 116
1526	15 143
1527	15 168
1528	18 117
1529	20 103
1530	18 94
1531	18 104
1532	15 122
1533	14 136
1534	14 118
1535	17 115
1536	21 101
1537	16 130
1538	20 115
1539	18 116
1540	18 111
1541	17 121
1542	21 101
1543	18 116
1544	16 136
1545	17 139
1546	21 123
1547	19 123
1548	22 123
1549	19 124
1550	17 128
1551	19 128
1552	21 134
1553	19 131
1554	21 127
1555	20 137
1556	19 141
1557	21 147
1558	19 107
1559	17 128
1560	16 118
1561	19 135
1562	15 149
1563	20 114
1564	19 130
1565	20 115
1566	17 172
1567	17 148
1568	21 132
1569	18 159
1570	20 152
1571	17 137
1572	17 156
1573	18 147
1574	18 135
1575	20 140
1576	19 171
1577	20 155
1578	19 123
1579	22 142
1580	20 140
1581	20 143
1582	20 122
1583	19 156
1584	19 116
1585	20 122
1586	23 98
1587	18 163
1588	19 108
1589	20 131
1590	20 149
1591	20 100
1592	21 136
1593	19 146
1594	20 165
1595	18 145
1596	19 125
1597	21 122
1598	20 133
1599	21 133
1600	20 101
1601	19 119
1602	20 95
1603	19 118
1604	22 103
1605	21 96
1606	21 115
1607	20 103
1608	21 123
1609	23 85
1610	20 132
1611	22 124
1612	20 120
1613	22 123
1614	20 104
1615	18 112
1616	18 131
1617	18 135
1618	18 113
1619	18 135
1620	18 128
1621	18 114
1622	19 138
1623	18 130
1624	16 121
1625	18 112
1626	17 132
1627	16 105
1628	18 121
1629	16 120
1630	20 109
1631	17 122
1632	16 84
1633	18 115
1634	17 101
1635	18 130
1636	18 97
1637	17 103
1638	17 85
1639	18 103
1640	18 84
1641	20 118
1642	18 90
1643	19 100
1644	18 112
1645	19 101
1646	17 78
1647	19 107
1648	17 97
1649	19 106
1650	18 109
1651	18 91
1652	18 89
1653	20 85
1654	18 99
1655	19 97
1656	17 76
1657	17 81
1658	20 101
1659	17 99
1660	18 85
1661	17 120
1662	17 97
1663	17 101
1664	16 118
1665	18 130
1666	17 79
1667	16 117
1668	18 102
1669	17 103
1670	18 102
1671	19 98
1672	18 117
1673	15 116
1674	19 114
1675	17 94
1676	18 90
1677	18 95
1678	17 109
1679	17 117
1680	18 122
1681	17 115
1682	18 117
1683	16 107
1684	16 94
1685	15 78
1686	15 83
1687	16 88
1688	16 86
1689	15 118
1690	16 92
1691	17 98
1692	17 84
1693	18 67
1694	18 60
1695	17 68
1696	17 79
1697	17 87
1698	17 52
1699	17 75
1700	18 54
1701	17 71
1702	17 62
1703	17 69
1704	18 70
1705	17 69
1706	17 59
1707	18 70
1708	18 63
1709	19 60
1710	19 36
1711	18 59
1712	20 61
1713	19 62
1714	18 61
1715	18 57
1716	20 58
1717	19 64
1718	19 60
1719	20 76
1720	21 68
1721	19 58
1722	20 65
1723	19 62
1724	20 52
1725	20 59
1726	20 59
1727	19 61
1728	20 63
1729	18 63
1730	21 53
1731	20 50
1732	22 49
1733	20 63
1734	21 79
1735	20 66
1736	21 62
1737	20 69
1738	22 63
1739	21 57
1740	20 81
1741	20 76
1742	19 90
1743	18 77
1744	20 65
1745	19 86
1746	16 80
1747	17 101
1748	17 117
1749	15 93
1750	18 82
1751	16 90
1752	17 72
1753	17 77
1754	17 67
1755	15 76
1756	17 76
1757	17 62
1758	16 70
1759	16 81
1760	17 81
1761	16 70
1762	18 61
1763	19 60
1764	17 58
1765	16 78
1766	17 70
1767	17 95
1768	18 59
1769	16 50
1770	18 47
1771	18 65
1772	17 49
1773	18 70
1774	18 46
1775	19 62
1776	17 51
1777	18 38
1778	18 40
1779	18 60
1780	19 57
1781	17 65
1782	18 52
1783	18 57
1784	18 64
1785	16 47
1786	17 41
1787	17 43
1788	18 55
1789	19 48
1790	17 59
1791	19 37
1792	17 45
1793	15 47
1794	19 39
1795	18 35
1796	18 46
1797	17 45
1798	17 34
1799	17 29
1800	18 34
1801	17 31
1802	18 35
1803	17 57
1804	18 48
1805	18 42
1806	16 36
1807	18 41
1808	19 41
1809	18 61
1810	18 38
1811	16 45
1812	17 49
1813	17 57
1814	16 72
1815	17 37
1816	15 70
1817	16 56
1818	17 45
1819	17 45
1820	18 91
1821	17 55
1822	17 75
1823	17 81
1824	16 88
1825	20 65
1826	20 73
1827	19 92
1828	19 57
1829	17 113
1830	18 98
1831	18 73
1832	17 85
1833	18 80
1834	17 92
1835	17 94
1836	18 77
1837	18 87
1838	18 83
1839	16 69
1840	18 82
1841	18 84
1842	18 65
1843	18 77
1844	20 44
1845	20 68
1846	22 63
1847	23 64
1848	22 87
1849	22 45
1850	24 73
1851	23 50
1852	24 58
1853	21 69
1854	23 55
1855	21 60
1856	22 33
1857	23 62
1858	24 64
1859	24 52
1860	23 45
1861	22 42
1862	25 48
1863	24 28
1864	24 34
1865	25 33
1866	25 35
1867	23 43
1868	23 46
1869	23 39
1870	25 34
1871	25 36
1872	24 39
1873	25 23
1874	26 39
1875	26 26
1876	28 15
1877	27 31
1878	28 32
1879	28 22
1880	27 18
1881	28 25
1882	28 31
1883	29 26
1884	28 30
1885	28 18
1886	29 16
1887	29 16
1888	28 26
1889	29 15
1890	29 20
1891	28 16
1892	26 14
1893	28 18
1894	29 28
1895	29 18
1896	30 11
1897	27 10
1898	29 13
1899	30 8
1900	28 11
1901	30 11
1902	29 15
1903	30 12
1904	31 7
1905	30 7
1906	30 11
1907	31 9
1908	31 9
1909	30 10
1910	31 8
1911	31 11
1912	30 8
1913	30 6
1914	30 10
1915	30 13
1916	30 12
1917	30 7
1918	29 12
1919	28 9
1920	29 11
1921	28 4
1922	28 17
1923	27 11
1924	30 8
1925	29 9
1926	29 17
1927	29 6
1928	28 13
1929	29 8
1930	28 12
1931	28 9
1932	28 9
1933	30 9
1934	28 16
1935	29 6
1936	29 5
1937	29 7
1938	29 5
1939	30 5
1940	28 11
1941	30 13
1942	30 7
1943	30 7
1944	28 16
1945	30 6
1946	30 9
1947	29 14
1948	30 6
1949	30 7
1950	30 4
1951	30 8
1952	29 6
1953	28 6
1954	31 7
1955	27 12
1956	31 5
1957	31 6
1958	32 8
1959	32 9
1960	32 2
1961	33 5
1962	33 5
1963	32 2
1964	33 9
1965	34 6
1966	35 10
1967	37 6
1968	37 10
1969	38 8
1970	34 10
1971	39 6
1972	40 12
1973	41 8
1974	39 7
1975	40 7
1976	40 12
1977	40 11
1978	40 5
1979	41 2
1980	40 9
1981	38 8
1982	41 6
1983	41 13
1984	39 9
1985	41 6
1986	39 9
1987	43 11
1988	42 8
1989	41 6
1990	42 9
1991	41 7
1992	40 5
1993	42 5
1994	42 8
1995	41 7
1996	40 8
1997	42 10
1998	42 5
1999	41 5
2000	42 9
2001	41 10
2002	42 9
2003	42 10
2004	43 9
2005	43 9
2006	43 8
2007	43 8
2008	43 9
2009	43 7
2010	42 11
2011	42 8
2012	43 4
2013	41 11
2014	42 11
2015	44 8
2016	42 11
2017	42 11
2018	44 6
2019	42 9
2020	43 4
2021	43 10
2022	41 7
2023	41 9
2024	42 7
2025	40 7
2026	41 4
2027	41 11
2028	39 10
2029	41 12
2030	39 5
2031	39 8
2032	38 9
2033	40 4
2034	41 8
2035	40 9
2036	41 6
2037	40 11
2038	37 4
2039	38 8
2040	40 12
2041	39 5
2042	39 10
2043	39 3
2044	40 2
2045	40 3
2046	38 14
2047	39 8
2048	37 7
2049	41 13
2050	37 16
2051	39 7
2052	39 8
2053	38 5
2054	37 11
2055	39 3
2056	40 4
2057	40 4
2058	36 12
2059	39 5
2060	37 5
2061	37 7
2062	38 8
2063	39 7
2064	36 6
2065	39 5
2066	38 7
2067	37 4
2068	38 5
2069	37 11
2070	37 9
2071	39 2
2072	39 6
2073	39 4
2074	38 8
2075	38 7
2076	38 6
2077	38 11
2078	37 4
2079	36 10
2080	38 5
2081	37 6
2082	35 15
2083	36 9
2084	38 6
2085	37 8
2086	37 6
2087	35 11
2088	37 13
2089	37 5
2090	36 12
2091	37 7
2092	39 6
2093	39 9
2094	38 5
2095	39 10
2096	40 6
2097	38 14
2098	40 3
2099	40 5
2100	40 6
2101	36 5
2102	36 10
2103	39 7
2104	39 8
2105	39 3
2106	40 4
2107	41 6
2108	42 11
2109	42 5
2110	41 3
2111	42 3
2112	44 5
2113	46 6
2114	46 4
2115	45 7
2116	45 2
2117	47 8
2118	45 5
2119	44 11
2120	45 7
2121	45 6
2122	42 5
2123	45 4
2124	45 6
2125	45 7
2126	44 4
2127	46 4
2128	45 4
2129	44 3
2130	46 6
2131	46 3
2132	46 6
2133	46 4
2134	44 10
2135	46 4
2136	46 5
2137	46 6
2138	45 5
2139	44 5
2140	44 5
2141	44 5
2142	45 8
2143	46 4
2144	47 5
2145	47 5
2146	45 10
2147	47 8
2148	48 4
2149	49 3
2150	51 2
2151	50 11
2152	50 4
2153	49 8
2154	49 10
2155	49 1
2156	49 1
2157	49 2
2158	50 8
2159	47 6
2160	49 9
2161	48 3
2162	48 7
2163	47 8
2164	48 6
2165	50 14
2166	49 10
2167	49 2
2168	47 8
2169	47 6
2170	47 3
2171	48 5
2172	47 7
2173	47 6
2174	48 3
2175	48 4
2176	47 8
2177	50 3
2178	49 4
2179	49 9
2180	48 8
2181	49 7
2182	47 4
2183	48 6
2184	48 5
2185	49 5
2186	49 7
2187	49 6
2188	48 6
2189	49 3
2190	48 2
2191	51 2
2192	50 8
2193	51 4
2194	50 2
2195	51 4
2196	51 7
2197	55 4
2198	54 5
2199	56 6
2200	56 7
2201	57 3
2202	58 1
2203	57 8
2204	58 4
2205	58 6
2206	59 2
2207	59 8
2208	59 6
2209	57 4
2210	58 5
2211	57 7
2212	59 7
2213	60 3
2214	60 2
2215	60 10
2216	60 6
2217	60 5
2218	60 9
2219	58 9
2220	56 6
2221	56 6
2222	54 9
2223	53 8
2224	54 6
2225	54 10
2226	54 9
2227	52 8
2228	54 7
2229	54 11
2230	54 7
2231	52 9
2232	52 9
2233	52 11
2234	53 12
2235	52 5
2236	51 10
2237	49 14
2238	51 10
2239	50 17
2240	51 18
2241	51 9
2242	50 11
2243	48 12
2244	48 17
2245	49 17
2246	48 11
2247	48 12
2248	47 17
2249	46 13
2250	46 19
2251	45 14
2252	43 23
2253	43 21
2254	45 17
2255	43 17
2256	41 30
2257	44 20
2258	43 19
2259	42 31
2260	43 26
2261	43 25
2262	41 30
2263	43 43
2264	43 38
2265	41 26
2266	40 31
2267	40 29
2268	39 30
2269	43 25
2270	43 32
2271	39 38
2272	39 57
2273	42 51
2274	42 42
2275	38 52
2276	40 29
2277	40 40
2278	41 37
2279	36 61
2280	38 36
2281	38 54
2282	37 64
2283	36 42
2284	37 64
2285	35 51
2286	36 78
2287	33 66
2288	36 52
2289	34 62
2290	35 39
2291	35 49
2292	34 59
2293	33 45
2294	32 47
2295	35 48
2296	34 60
2297	32 49
2298	34 53
2299	32 69
2300	33 47
2301	33 50
2302	32 51
2303	34 45
2304	31 53
2305	31 79
2306	31 81
2307	31 51
2308	33 46
2309	29 46
2310	29 45
2311	30 51
2312	28 48
2313	29 54
2314	29 55
2315	29 41
2316	29 49
2317	28 48
2318	27 51
2319	27 49
2320	26 57
2321	27 40
2322	27 56
2323	27 53
2324	25 48
2325	28 32
2326	26 48
2327	26 62
2328	25 55
2329	26 57
2330	25 51
2331	24 53
2332	24 51
2333	26 58
2334	25 47
2335	26 53
2336	25 52
2337	24 67
2338	25 61
2339	26 69
2340	26 53
2341	25 59
2342	25 78
2343	27 48
2344	24 97
2345	26 57
2346	25 50
2347	26 63
2348	24 60
2349	25 62
2350	26 40
2351	25 45
2352	26 50
2353	26 63
2354	25 42
2355	25 50
2356	26 54
2357	25 58
2358	24 53
2359	25 58
2360	25 53
2361	25 72
2362	23 78
2363	24 51
2364	27 65
2365	22 66
2366	24 67
2367	23 65
2368	25 58
2369	26 43
2370	26 38
2371	25 56
2372	24 62
2373	24 62
2374	24 58
2375	23 46
2376	25 33
2377	24 44
2378	25 49
2379	24 70
2380	25 55
2381	25 65
2382	24 51
2383	25 55
2384	24 58
2385	24 56
2386	23 64
2387	26 40
2388	26 43
2389	25 45
2390	23 52
2391	24 65
2392	26 38
2393	24 50
2394	25 50
2395	27 47
2396	27 42
2397	24 53
2398	25 50
2399	23 51
2400	26 50
2401	26 75
2402	27 54
2403	24 54
2404	23 70
2405	23 61
2406	26 51
2407	26 60
2408	25 43
2409	26 54
2410	25 43
2411	26 85
2412	26 41
2413	25 54
2414	25 75
2415	28 60
2416	26 40
2417	25 75
2418	27 52
2419	26 68
2420	27 61
2421	26 62
2422	28 54
2423	28 44
2424	29 63
2425	29 70
2426	27 57
2427	26 56
2428	26 69
2429	24 43
2430	23 71
2431	21 75
2432	23 85
2433	25 45
2434	25 70
2435	24 55
2436	22 49
2437	25 78
2438	25 60
2439	24 64
2440	25 47
2441	25 60
2442	24 57
2443	25 53
2444	26 50
2445	25 44
2446	24 58
2447	26 62
2448	24 58
2449	23 64
2450	26 41
2451	25 47
2452	25 65
2453	25 53
2454	26 47
2455	25 28
2456	27 48
2457	27 42
2458	27 40
2459	27 42
2460	26 58
2461	28 43
2462	26 58
2463	25 64
2464	28 48
2465	27 50
2466	28 53
2467	27 51
2468	26 38
2469	26 45
2470	27 42
2471	28 43
2472	28 38
2473	28 47
2474	27 38
2475	26 40
2476	26 51
2477	27 50
2478	27 39
2479	26 43
2480	27 42
2481	27 37
2482	26 54
2483	26 53
2484	27 52
2485	27 41
2486	26 35
2487	25 42
2488	25 52
2489	26 37
2490	25 49
2491	26 41
2492	25 37
2493	26 34
2494	25 37
2495	25 32
2496	25 52
2497	24 40
2498	25 40
2499	25 46
2500	26 49
2501	25 50
2502	24 37
2503	24 32
2504	23 53
2505	24 32
2506	25 33
2507	25 38
2508	24 55
2509	24 44
2510	23 32
2511	23 44
2512	23 53
2513	24 36
2514	24 39
2515	24 46
2516	22 38
2517	24 38
2518	23 39
2519	25 36
2520	23 55
2521	23 30
2522	23 40
2523	24 34
2524	25 37
2525	25 30
2526	24 42
2527	24 50
2528	23 59
2529	24 51
2530	24 54
2531	25 40
2532	24 45
2533	25 43
2534	24 51
2535	24 38
2536	25 43
2537	25 40
2538	25 49
2539	26 45
2540	25 47
2541	26 41
2542	24 54
2543	24 42
2544	25 30
2545	25 40
2546	24 57
2547	26 39
2548	26 44
2549	26 32
2550	26 42
2551	26 42
2552	27 50
2553	27 44
2554	26 40
2555	26 31
2556	24 41
2557	25 42
2558	26 39
2559	26 48
2560	25 31
2561	26 35
2562	26 35
2563	27 26
2564	27 38
2565	27 27
2566	26 38
2567	25 25
2568	26 30
2569	27 38
2570	25 35
2571	26 31
2572	27 30
2573	27 26
2574	27 35
2575	27 21
2576	28 31
2577	28 32
2578	27 39
2579	28 40
2580	28 28
2581	29 39
2582	28 31
2583	28 30
2584	29 51
2585	29 29
2586	29 17
2587	29 32
2588	29 37
2589	29 31
2590	29 24
2591	29 25
2592	29 25
2593	28 27
2594	29 32
2595	29 30
2596	29 33
2597	29 18
2598	29 16
2599	29 23
2600	28 19
2601	29 15
2602	29 26
2603	30 25
2604	30 13
2605	29 19
2606	30 18
2607	30 16
2608	30 16
2609	29 13
2610	29 21
2611	30 7
2612	30 18
2613	30 12
2614	30 10
2615	31 18
2616	31 10
2617	32 13
2618	32 11
2619	32 14
2620	32 11
2621	33 15
2622	33 15
2623	32 10
2624	32 14
2625	33 8
2626	33 8
2627	33 7
2628	34 4
2629	34 11
2630	34 8
2631	34 8
2632	33 8
2633	33 4
2634	31 12
2635	31 4
2636	31 4
2637	32 8
2638	33 2
2639	32 10
2640	34 11
2641	33 12
2642	34 5
2643	33 8
2644	34 3
2645	35 3
2646	35 6
2647	35 2
2648	35 7
2649	35 6
2650	36 6
2651	36 6
2652	37 6
2653	36 3
2654	36 2
2655	36 2
2656	37 5
2657	36 3
2658	37 4
2659	37 5
2660	37 4
2661	38 3
2662	38 1
2663	39 6
2664	39 6
2665	39 6
2666	40 3
2667	40 2
2668	40 6
2669	40 1
2670	40 9
2671	40 3
2672	39 9
2673	39 4
2674	40 3
2675	39 4
2676	39 10
2677	40 3
2678	40 3
2679	40 3
2680	39 11
2681	40 5
2682	39 8
2683	40 5
2684	40 3
2685	41 6
2686	41 4
2687	40 3
2688	41 7
2689	41 3
2690	41 3
2691	41 5
2692	40 5
2693	43 9
2694	43 7
2695	42 2
2696	44 3
2697	44 5
2698	44 4
2699	44 6
2700	44 4
2701	45 4
2702	47 3
2703	46 5
2704	47 5
2705	47 2
2706	48 5
2707	49 6
2708	49 16
2709	50 6
2710	51 5
2711	52 4
2712	52 1
2713	52 8
2714	52 5
2715	53 6
2716	54 8
2717	54 6
2718	55 3
2719	56 8
2720	55 4
2721	54 6
2722	56 1
2723	55 4
2724	56 4
2725	55 7
2726	55 11
2727	57 5
2728	56 4
2729	57 4
2730	56 13
2731	54 4
2732	54 9
2733	55 4
2734	54 5
2735	55 9
2736	54 8
2737	55 9
2738	56 5
2739	54 7
2740	56 2
2741	54 4
2742	55 6
2743	54 4
2744	55 8
2745	54 5
2746	55 6
2747	54 6
2748	55 4
2749	55 3
2750	55 15
2751	55 5
2752	55 1
2753	54 5
2754	56 3
2755	55 4
2756	53 12
2757	54 8
2758	54 7
2759	54 5
2760	54 2
2761	55 5
2762	55 2
2763	54 1
2764	55 5
2765	54 4
2766	55 6
2767	55 13
2768	55 2
2769	56 3
2770	55 4
2771	55 3
2772	56 2
2773	55 4
2774	55 5
2775	53 7
2776	57 6
2777	57 0
2778	55 7
2779	54 2
2780	55 7
2781	56 4
2782	54 5
2783	54 4
2784	54 5
2785	55 3
2786	54 3
2787	55 4
2788	53 6
2789	52 4
2790	53 3
2791	52 3
2792	53 2
2793	53 3
2794	54 0
2795	53 1
2796	54 2
2797	55 2
2798	54 2
2799	55 2
2800	55 2
2801	54 3
2802	55 2
2803	55 3
2804	53 6
2805	54 1
2806	54 3
2807	55 1
2808	54 1
2809	54 2
2810	55 4
2811	51 6
2812	54 3
2813	53 3
2814	53 4
2815	55 2
2816	55 0
2817	53 5
2818	54 5
2819	55 4
2820	55 2
2821	55 2
2822	54 4
2823	55 2
2824	54 2
2825	56 6
2826	56 0
2827	56 1
2828	53 4
2829	56 3
2830	57 1
2831	56 2
2832	55 2
2833	56 2
2834	56 2
2835	57 2
2836	58 2
2837	57 2
2838	53 8
2839	55 1
2840	53 3
2841	56 1
2842	55 4
2843	55 2
2844	53 8
2845	53 2
2846	54 1
2847	53 3
2848	54 0
2849	53 3
2850	53 4
2851	54 3
2852	51 8
2853	51 3
2854	51 4
2855	52 4
2856	52 4
2857	53 1
2858	54 2
2859	52 6
2860	55 3
2861	55 2
2862	55 4
2863	58 2
2864	58 2
2865	58 3
2866	59 7
2867	59 6
2868	59 2
2869	59 0
2870	58 4
2871	57 4
2872	58 3
2873	55 6
2874	57 3
2875	57 3
2876	57 2
2877	57 1
2878	56 3
2879	58 2
2880	56 3
2881	57 1
2882	57 3
2883	56 3
2884	57 5
2885	58 0
2886	58 0
2887	57 2
2888	58 3
2889	57 3
2890	59 0
2891	58 1
2892	58 3
2893	59 2
2894	57 2
2895	59 2
2896	61 2
2897	62 1
2898	61 3
2899	60 6
2900	62 1
2901	61 1
2902	61 4
2903	61 5
2904	62 1
2905	62 1
2906	63 3
2907	63 3
2908	62 5
2909	62 4
2910	62 5
2911	63 1
2912	63 1
2913	63 1
2914	62 1
2915	62 2
2916	63 0
2917	63 0
2918	62 2
2919	62 1
2920	62 4
2921	63 1
2922	62 3
2923	63 0
2924	63 2
2925	62 2
2926	62 2
2927	63 0
2928	61 4
2929	63 3
2930	63 3
2931	63 1
2932	63 3
2933	64 3
2934	63 2
2935	63 0
2936	61 4
2937	63 3
2938	63 3
2939	64 0
2940	65 1
2941	64 1
2942	65 1
2943	65 2
2944	65 1
2945	66 2
2946	65 4
2947	66 0
2948	66 0
2949	65 1
2950	65 7
2951	65 2
2952	66 4
2953	66 1
2954	65 4
2955	67 0
2956	67 2
2957	67 4
2958	66 0
2959	65 1
2960	66 2
2961	67 2
2962	67 3
2963	67 2
2964	67 3
2965	69 3
2966	68 1
2967	69 2
2968	69 3
2969	71 2
2970	70 2
2971	70 5
2972	71 1
2973	72 3
2974	71 2
2975	71 2
2976	72 2
2977	72 4
2978	73 1
2979	72 5
2980	73 2
2981	72 1
2982	73 3
2983	73 2
2984	74 3
2985	75 4
2986	75 0
2987	75 1
2988	74 3
2989	75 1
2990	75 6
2991	75 2
2992	75 4
2993	74 4
2994	75 3
2995	74 2
2996	73 7
2997	75 3
2998	74 5
2999	76 2
3000	76 1
3001	76 3
3002	74 4
3003	74 5
3004	72 6
3005	75 3
3006	75 3
3007	74 2
3008	75 2
3009	75 3
3010	75 3
3011	77 3
3012	78 0
3013	77 3
3014	78 2
3015	79 3
3016	80 1
3017	79 7
3018	81 1
3019	79 4
3020	79 5
3021	80 1
3022	80 2
3023	79 1
3024	80 2
3025	80 2
3026	80 2
3027	79 3
3028	80 6
3029	79 5
3030	79 3
3031	79 3
3032	78 4
3033	79 2
3034	76 6
3035	75 4
3036	76 5
3037	77 2
3038	77 3
3039	76 7
3040	75 2
3041	77 2
3042	78 2
3043	76 8
3044	73 7
3045	73 2
3046	70 9
3047	71 3
3048	70 5
3049	71 10
3050	71 5
3051	71 6
3052	71 4
3053	69 3
3054	67 5
3055	68 5
3056	68 7
3057	67 4
3058	68 2
3059	67 5
3060	67 5
3061	66 5
3062	66 1
3063	64 5
3064	64 7
3065	65 4
3066	66 3
3067	67 4
3068	67 5
3069	67 3
3070	64 8
3071	67 6
3072	64 5
3073	64 8
3074	63 4
3075	65 3
3076	65 6
3077	63 5
3078	63 4
3079	64 2
3080	61 4
3081	61 7
3082	61 3
3083	60 6
3084	60 5
3085	61 3
3086	60 1
3087	59 7
3088	59 4
3089	60 8
3090	59 2
3091	56 9
3092	58 6
3093	57 5
3094	57 10
3095	58 2
3096	57 5
3097	58 13
3098	57 7
3099	57 13
3100	57 10
3101	56 11
3102	58 12
3103	56 14
3104	58 8
3105	58 8
3106	57 13
3107	56 14
3108	54 9
3109	54 16
3110	55 7
3111	54 11
3112	53 5
3113	53 9
3114	53 9
3115	50 17
3116	52 9
3117	53 7
3118	52 10
3119	52 10
3120	52 19
3121	51 16
3122	52 14
3123	52 14
3124	49 24
3125	51 17
3126	47 20
3127	49 15
3128	49 9
3129	49 20
3130	48 11
3131	49 14
3132	49 17
3133	47 22
3134	46 21
3135	46 13
3136	45 16
3137	45 23
3138	46 23
3139	45 23
3140	46 15
3141	46 20
3142	46 20
3143	46 33
3144	43 30
3145	43 31
3146	44 17
3147	43 19
3148	43 21
3149	41 35
3150	40 29
3151	40 15
3152	41 24
3153	42 18
3154	41 26
3155	41 27
3156	41 22
3157	42 14
3158	41 14
3159	41 24
3160	41 20
3161	40 16
3162	40 30
3163	40 12
3164	40 22
3165	38 17
3166	41 23
3167	41 19
3168	41 14
3169	40 18
3170	39 20
3171	38 26
3172	38 22
3173	40 12
3174	40 11
3175	39 20
3176	39 13
3177	39 20
3178	40 13
3179	39 27
3180	40 18
3181	42 16
3182	39 16
3183	41 20
3184	42 22
3185	42 19
3186	40 30
3187	40 23
3188	40 17
3189	41 25
3190	40 26
3191	39 22
3192	41 21
3193	39 21
3194	39 21
3195	38 12
3196	39 19
3197	39 27
3198	41 18
3199	40 17
3200	37 28
3201	38 15
3202	39 25
3203	39 42
3204	36 24
3205	37 31
3206	37 30
3207	34 21
3208	36 23
3209	37 23
3210	34 26
3211	36 37
3212	35 22
3213	34 32
3214	35 35
3215	36 28
3216	35 38
3217	34 35
3218	34 29
3219	35 29
3220	34 26
3221	35 39
3222	32 36
3223	35 34
3224	34 16
3225	32 46
3226	33 18
3227	32 26
3228	31 32
3229	32 23
3230	32 31
3231	31 17
3232	32 33
3233	31 21
3234	31 20
3235	29 27
3236	30 27
3237	30 18
3238	31 29
3239	30 24
3240	30 22
3241	31 16
3242	31 23
3243	32 26
3244	32 35
3245	32 15
3246	32 22
3247	32 24
3248	32 17
3249	32 22
3250	32 23
3251	32 29
3252	34 18
3253	34 27
3254	33 28
3255	35 10
3256	34 25
3257	35 18
3258	34 22
3259	34 21
3260	34 23
3261	34 27
3262	33 32
3263	33 19
3264	32 28
3265	33 14
3266	33 31
3267	33 27
3268	33 17
3269	32 22
3270	33 37
3271	33 40
3272	33 28
3273	33 31
3274	34 48
3275	34 31
3276	34 38
3277	34 34
3278	33 43
3279	34 26
3280	34 33
3281	34 35
3282	34 27
3283	34 40
3284	34 39
3285	34 21
3286	34 24
3287	34 33
3288	34 22
3289	34 17
3290	34 21
3291	34 29
3292	34 31
3293	33 21
3294	34 27
3295	34 19
3296	34 20
3297	34 20
3298	34 17
3299	34 25
3300	35 23
3301	35 17
3302	35 17
3303	34 20
3304	34 8
3305	35 10
3306	35 20
3307	35 17
3308	35 14
3309	35 12
3310	35 19
3311	35 9
3312	35 7
3313	36 15
3314	36 18
3315	35 14
3316	36 6
3317	36 13
3318	36 8
3319	37 11
3320	37 15
3321	37 13
3322	37 4
3323	37 7
3324	37 13
3325	37 10
3326	37 9
3327	37 9
3328	37 14
3329	39 12
3330	39 12
3331	38 10
3332	38 13
3333	39 11
3334	39 15
3335	38 5
3336	39 14
3337	40 6
3338	40 15
3339	40 12
3340	40 10
3341	39 12
3342	40 5
3343	40 7
3344	40 8
3345	40 8
3346	41 11
3347	41 5
3348	41 3
3349	40 2
3350	41 4
3351	41 2
3352	41 6
3353	41 3
3354	41 8
3355	41 9
3356	41 5
3357	41 4
3358	41 4
3359	42 1
3360	41 6
3361	42 12
3362	42 12
3363	42 6
3364	42 7
3365	42 11
3366	42 17
3367	42 7
3368	43 6
3369	43 12
3370	43 5
3371	44 7
3372	44 2
3373	44 4
3374	45 8
3375	45 5
3376	44 12
3377	45 2
3378	44 5
3379	45 3
3380	45 3
3381	45 10
3382	46 3
3383	46 4
3384	46 4
3385	46 2
3386	45 7
3387	46 3
3388	47 1
3389	46 5
3390	47 3
3391	47 4
3392	48 0
3393	47 2
3394	48 3
3395	47 3
3396	48 0
3397	47 3
3398	47 2
3399	49 0
3400	50 3
3401	50 1
3402	50 0
3403	50 4
3404	51 1
3405	51 3
3406	51 0
3407	51 2
3408	51 0
3409	52 1
3410	52 1
3411	52 0
3412	52 1
3413	52 0
3414	53 0
3415	53 1
3416	53 0
3417	54 0
3418	54 0
3419	54 0
3420	54 1
3421	54 0
3422	54 0
3423	54 0
3424	55 0
3425	55 0
3426	55 1
3427	55 0
3428	56 0
3429	57 0
3430	58 1
