11	100 1
12	100 0
13	100 0
14	100 0
15	100 0
16	100 0
17	100 0
18	100 0
19	100 0
20	100 0
21	100 0
22	100 0
23	100 0
24	100 0
25	100 0
26	100 0
27	100 0
28	100 0
29	100 0
30	100 0
31	100 0
32	100 0
33	100 0
34	100 0
35	100 0
36	100 0
37	100 0
38	100 0
39	100 0
40	100 0
41	100 0
42	100 0
43	100 0
44	100 0
45	100 0
46	100 0
47	100 0
48	100 0
49	100 0
50	100 0
51	100 0
52	100 0
53	100 0
54	100 0
55	100 1
56	100 0
57	100 1
58	100 0
59	100 1
60	100 1
61	100 2
62	100 0
63	100 0
64	100 0
65	100 0
66	100 1
67	100 1
68	100 0
69	100 5
70	100 2
71	100 7
72	96 11
73	93 89
74	80 517
75	77 91
76	54 555
77	52 436
78	42 514
79	37 395
80	36 340
81	39 216
82	46 178
83	40 224
84	39 205
85	42 204
86	43 206
87	43 180
88	57 123
89	60 210
90	60 168
91	70 267
92	77 215
93	71 273
94	66 213
95	66 254
96	69 152
97	67 243
98	56 279
99	63 306
100	60 350
101	59 238
102	66 187
103	59 281
104	53 290
105	50 294
106	59 324
107	62 161
108	61 181
109	62 202
110	56 289
111	58 237
112	60 285
113	58 265
114	60 170
115	57 229
116	62 294
117	60 231
118	61 305
119	61 255
120	64 220
121	67 179
122	68 176
123	67 261
124	67 255
125	75 251
126	71 179
127	68 185
128	70 207
129	72 168
130	75 256
131	76 272
132	69 253
133	76 219
134	77 270
135	69 279
136	80 178
137	77 259
138	74 292
139	75 273
140	73 301
141	69 201
142	77 121
143	75 141
144	77 228
145	69 313
146	71 300
147	70 227
148	67 188
149	66 228
150	67 230
151	69 162
152	67 213
153	66 144
154	65 82
155	66 130
156	64 177
157	62 144
158	58 129
159	60 197
160	60 96
161	65 85
162	64 145
163	66 92
164	63 86
165	63 127
166	65 105
167	67 93
168	62 77
169	63 81
170	61 74
171	60 124
172	62 84
173	63 59
174	62 60
175	62 42
176	60 40
177	63 49
178	63 46
179	65 35
180	67 36
181	69 17
182	71 30
183	69 34
184	74 21
185	72 22
186	78 28
187	79 15
188	75 21
189	74 21
190	77 31
191	80 18
192	80 23
193	80 26
194	79 20
195	80 10
196	79 23
197	79 16
198	80 18
199	80 12
200	81 22
201	77 20
202	80 15
203	82 16
204	79 15
205	80 27
206	81 14
207	76 26
208	80 12
209	80 13
210	80 32
211	74 30
212	80 21
213	83 16
214	79 24
215	80 13
216	78 31
217	82 12
218	79 35
219	77 16
220	81 13
221	81 14
222	83 31
223	80 33
224	80 31
225	81 53
226	79 19
227	82 18
228	77 43
229	76 19
230	74 16
231	75 27
232	77 26
233	75 21
234	74 34
235	75 29
236	81 34
237	78 14
238	80 22
239	83 21
240	84 19
241	84 22
242	86 22
243	88 22
244	85 21
245	86 20
246	86 35
247	87 24
248	88 26
249	91 16
250	88 40
251	87 28
252	87 21
253	86 7
254	87 17
255	86 14
256	83 42
257	85 12
258	85 19
259	84 24
260	83 27
261	82 34
262	82 17
263	82 25
264	82 17
265	85 10
266	79 21
267	82 24
268	83 10
269	82 16
270	82 15
271	83 11
272	82 16
273	80 10
274	78 20
275	79 10
276	78 15
277	81 16
278	82 9
279	83 13
280	82 13
281	84 11
282	80 18
283	79 16
284	81 17
285	80 10
286	83 2
287	81 14
288	83 11
289	85 10
290	85 6
291	83 12
292	81 17
293	80 14
294	82 14
295	81 10
296	84 7
297	82 12
298	81 11
299	77 27
300	79 14
301	79 7
302	82 6
303	80 20
304	78 32
305	67 9
306	65 22
307	66 10
308	65 8
309	66 4
310	65 8
311	64 5
312	65 10
313	64 7
314	65 6
315	67 9
316	70 3
317	75 3
318	79 8
319	79 3
320	79 6
321	82 6
322	85 8
323	86 4
324	88 2
325	88 6
326	91 4
327	88 7
328	89 4
329	89 8
330	87 15
331	85 7
332	80 11
333	83 6
334	83 6
335	79 15
336	79 13
337	80 6
338	78 13
339	79 1
340	78 7
341	79 5
342	75 13
343	76 15
344	76 4
345	77 6
346	79 3
347	84 5
348	87 6
349	88 8
350	86 2
351	85 4
352	88 2
353	88 9
354	87 6
355	89 6
356	90 4
357	88 8
358	87 11
359	88 5
360	86 5
361	90 4
362	89 8
363	87 3
364	89 2
365	89 3
366	89 13
367	89 8
368	88 4
369	87 8
370	89 4
371	88 3
372	89 13
373	89 3
374	90 1
375	87 13
376	90 7
377	88 6
378	89 3
379	89 5
380	88 9
381	88 4
382	88 4
383	87 2
384	87 7
385	90 6
386	91 6
387	90 5
388	90 2
389	90 3
390	89 3
391	89 10
392	90 5
393	90 3
394	90 7
395	92 4
396	92 2
397	93 0
398	91 10
399	91 9
400	90 8
401	90 9
402	90 10
403	87 9
404	88 5
405	87 14
406	89 4
407	87 7
408	91 4
409	90 5
410	87 6
411	86 8
412	89 6
413	88 3
414	86 9
415	89 1
416	91 4
417	89 10
418	88 8
419	89 4
420	90 1
421	89 6
422	89 7
423	89 11
424	89 6
425	89 1
426	89 13
427	90 7
428	89 7
429	88 8
430	90 1
431	90 0
432	90 4
433	91 1
434	89 3
435	89 4
436	88 2
437	87 4
438	91 1
439	89 4
440	90 1
441	89 3
442	88 4
443	90 1
444	89 2
445	91 4
446	92 3
447	94 2
448	95 0
449	96 0
450	95 4
451	97 1
452	94 2
453	94 2
454	93 4
455	92 3
456	92 4
457	92 2
458	90 4
459	93 1
460	93 1
461	92 6
462	92 3
463	90 6
464	93 4
465	94 5
466	94 1
467	94 1
468	93 2
469	93 2
470	94 2
471	94 3
472	95 1
473	91 3
474	92 5
475	93 3
476	93 1
477	94 3
478	93 2
479	92 4
480	92 1
481	88 5
482	86 4
483	89 5
484	89 4
485	90 2
486	90 3
487	90 5
488	89 6
489	89 4
490	90 4
491	88 6
492	91 9
493	89 11
494	91 9
495	92 6
496	94 0
497	90 15
498	90 6
499	91 16
500	92 5
501	90 19
502	91 12
503	87 6
504	87 8
505	87 20
506	88 18
507	89 10
508	88 12
509	87 10
510	88 7
511	88 6
512	88 7
513	86 9
514	86 7
515	84 12
516	86 10
517	88 9
518	87 5
519	85 11
520	88 11
521	90 7
522	88 9
523	89 20
524	86 253
525	69 214
526	69 38
527	56 224
528	50 199
529	47 348
530	57 175
531	48 271
532	46 222
533	61 60
534	46 258
535	47 309
536	49 228
537	45 277
538	52 398
539	65 96
540	64 469
541	65 456
542	64 392
543	71 345
544	71 275
545	64 233
546	71 188
547	69 204
548	75 162
549	70 236
550	81 237
551	82 222
552	79 284
553	75 254
554	81 135
555	79 223
556	71 296
557	72 326
558	78 354
559	77 439
560	75 484
561	82 178
562	82 616
563	76 560
564	73 627
565	74 505
566	78 360
567	73 336
568	70 257
569	61 342
570	67 281
571	63 208
572	63 244
573	75 170
574	68 153
575	67 247
576	66 188
577	63 165
578	63 243
579	68 192
580	71 194
581	73 197
582	74 203
583	66 223
584	67 223
585	65 228
586	65 189
587	70 112
588	57 197
589	65 278
590	65 275
591	55 218
592	60 204
593	71 86
594	72 181
595	71 184
596	62 170
597	57 213
598	67 148
599	63 129
600	60 163
601	60 213
602	64 192
603	58 185
604	56 197
605	60 150
606	63 119
607	64 206
608	56 181
609	57 122
610	61 162
611	66 132
612	59 136
613	52 157
614	56 136
615	56 126
616	57 152
617	56 140
618	55 137
619	57 176
620	63 127
621	64 183
622	59 146
623	60 183
624	59 201
625	65 160
626	70 164
627	60 178
628	56 173
629	64 165
630	63 169
631	71 120
632	70 139
633	73 145
634	64 134
635	74 201
636	67 197
637	66 157
638	66 144
639	71 160
640	69 193
641	69 214
642	61 205
643	66 200
644	52 223
645	50 233
646	54 182
647	58 184
648	60 167
649	65 163
650	55 196
651	61 185
652	59 176
653	64 167
654	63 162
655	64 181
656	63 165
657	72 156
658	60 224
659	68 172
660	67 157
661	66 162
662	61 154
663	80 167
664	75 176
665	72 180
666	77 160
667	74 127
668	75 143
669	69 157
670	76 109
671	70 159
672	71 169
673	72 138
674	67 154
675	71 216
676	66 171
677	68 188
678	62 152
679	70 174
680	61 161
681	56 145
682	62 133
683	66 140
684	62 205
685	64 169
686	64 145
687	63 169
688	65 193
689	69 173
690	59 160
691	66 172
692	62 158
693	63 181
694	66 197
695	68 121
696	66 150
697	69 197
698	71 149
699	65 160
700	60 177
701	71 183
702	78 153
703	70 184
704	79 180
705	71 184
706	66 265
707	59 227
708	69 201
709	69 227
710	62 162
711	74 142
712	62 224
713	62 212
714	65 145
715	68 208
716	68 195
717	73 134
718	72 186
719	55 131
720	71 121
721	63 164
722	66 133
723	65 160
724	68 195
725	70 189
726	75 175
727	77 124
728	72 132
729	73 120
730	70 116
731	71 105
732	71 109
733	72 109
734	68 136
735	64 163
736	70 134
737	72 152
738	68 121
739	74 154
740	72 127
741	73 120
742	64 176
743	71 144
744	74 148
745	77 163
746	76 120
747	69 160
748	76 176
749	72 164
750	75 102
751	68 122
752	67 132
753	70 107
754	70 126
755	70 124
756	66 116
757	66 151
758	66 108
759	67 118
760	68 81
761	63 100
762	68 93
763	68 113
764	68 72
765	72 110
766	80 104
767	83 88
768	81 97
769	80 96
770	81 105
771	79 103
772	71 135
773	74 157
774	75 116
775	75 111
776	75 93
777	69 110
778	73 135
779	66 102
780	75 122
781	77 120
782	67 137
783	75 122
784	70 115
785	66 117
786	73 138
787	65 128
788	66 158
789	71 97
790	72 132
791	68 162
792	73 119
793	69 149
794	76 122
795	74 171
796	73 125
797	77 113
798	75 108
799	72 125
800	78 115
801	71 115
802	76 113
803	77 114
804	76 143
805	76 144
806	76 139
807	73 133
808	71 162
809	75 106
810	74 119
811	76 128
812	75 124
813	71 130
814	75 136
815	78 107
816	69 130
817	74 119
818	70 153
819	70 119
820	67 130
821	71 127
822	73 140
823	73 126
824	70 119
825	69 139
826	63 139
827	65 168
828	72 114
829	61 119
830	68 155
831	68 157
832	73 162
833	68 150
834	71 113
835	73 138
836	75 114
837	75 113
838	77 90
839	83 128
840	80 115
841	83 122
842	80 121
843	81 83
844	77 143
845	86 93
846	86 103
847	81 153
848	80 129
849	78 178
850	78 149
851	76 122
852	69 127
853	73 159
854	75 176
855	79 101
856	71 115
857	77 129
858	73 134
859	76 128
860	76 127
861	77 123
862	73 152
863	74 106
864	73 120
865	68 107
866	80 126
867	73 120
868	82 150
869	75 113
870	77 128
871	81 137
872	78 171
873	84 125
874	80 137
875	80 140
876	75 174
877	81 128
878	81 131
879	78 142
880	81 141
881	78 143
882	76 173
883	75 136
884	75 138
885	82 137
886	75 159
887	80 154
888	83 188
889	84 134
890	82 159
891	75 134
892	79 168
893	79 133
894	84 185
895	80 154
896	88 191
897	78 141
898	80 156
899	66 148
900	77 178
901	73 152
902	75 176
903	80 169
904	77 192
905	76 198
906	70 171
907	78 196
908	69 239
909	71 191
910	74 173
911	77 128
912	74 186
913	72 127
914	77 130
915	67 153
916	77 162
917	74 112
918	80 124
919	76 124
920	76 108
921	74 133
922	73 88
923	78 69
924	72 71
925	72 77
926	77 103
927	70 74
928	76 62
929	73 51
930	76 35
931	75 65
932	75 50
933	76 47
934	74 39
935	71 43
936	66 49
937	68 30
938	66 36
939	60 24
940	61 27
941	66 26
942	62 30
943	64 16
944	69 14
945	70 25
946	70 15
947	64 17
948	68 20
949	68 22
950	67 15
951	68 22
952	65 12
953	63 15
954	64 16
955	63 16
956	64 15
957	63 11
958	62 12
959	62 12
960	61 16
961	60 15
962	62 20
963	63 12
964	60 28
965	64 14
966	63 13
967	69 17
968	63 19
969	61 15
970	57 16
971	59 21
972	54 20
973	57 18
974	55 15
975	57 10
976	57 12
977	54 14
978	53 11
979	56 14
980	55 20
981	57 11
982	56 11
983	57 18
984	61 9
985	53 17
986	62 13
987	63 8
988	65 16
989	63 14
990	69 14
991	67 15
992	71 10
993	73 14
994	75 12
995	73 11
996	73 13
997	72 24
998	75 16
999	72 12
1000	70 16
1001	72 17
1002	73 12
1003	70 12
1004	75 15
1005	71 17
1006	73 17
1007	72 9
1008	71 20
1009	70 10
1010	71 15
1011	70 10
1012	61 19
1013	61 17
1014	60 17
1015	63 16
1016	60 11
1017	59 21
1018	58 17
1019	61 10
1020	56 17
1021	53 18
1022	58 17
1023	55 20
1024	53 15
1025	57 11
1026	57 26
1027	55 15
1028	61 11
1029	57 11
1030	59 14
1031	60 15
1032	66 8
1033	63 14
1034	61 11
1035	62 15
1036	61 14
1037	66 4
1038	62 18
1039	69 12
1040	66 15
1041	70 13
1042	70 8
1043	72 7
1044	71 11
1045	72 14
1046	72 11
1047	69 19
1048	75 17
1049	71 16
1050	76 10
1051	75 11
1052	78 14
1053	76 12
1054	75 7
1055	76 8
1056	81 8
1057	80 13
1058	75 22
1059	76 10
1060	78 8
1061	77 12
1062	76 6
1063	76 19
1064	76 15
1065	74 14
1066	75 9
1067	73 13
1068	71 22
1069	68 19
1070	70 17
1071	67 9
1072	66 12
1073	67 11
1074	62 20
1075	61 19
1076	67 13
1077	59 14
1078	59 21
1079	60 14
1080	60 15
1081	62 22
1082	62 13
1083	61 18
1084	61 12
1085	59 15
1086	60 8
1087	63 10
1088	65 16
1089	64 12
1090	64 12
1091	64 13
1092	60 12
1093	62 3
1094	61 13
1095	61 14
1096	63 15
1097	65 14
1098	68 10
1099	64 16
1100	71 5
1101	69 12
1102	65 11
1103	67 8
1104	66 14
1105	66 12
1106	68 2
1107	69 3
1108	66 10
1109	72 7
1110	73 7
1111	73 15
1112	75 12
1113	77 11
1114	81 12
1115	77 11
1116	78 9
1117	75 15
1118	75 10
1119	78 6
1120	79 10
1121	83 3
1122	75 13
1123	80 3
1124	82 7
1125	77 5
1126	74 10
1127	79 9
1128	74 10
1129	76 12
1130	76 16
1131	78 8
1132	77 8
1133	69 10
1134	69 15
1135	71 14
1136	70 9
1137	74 9
1138	72 16
1139	74 7
1140	69 14
1141	73 8
1142	75 8
1143	72 4
1144	71 13
1145	70 12
1146	62 11
1147	60 17
1148	63 12
1149	65 8
1150	62 21
1151	62 18
1152	60 8
1153	63 24
1154	54 21
1155	55 10
1156	54 19
1157	54 16
1158	53 15
1159	54 15
1160	56 20
1161	58 22
1162	55 17
1163	52 19
1164	53 16
1165	51 13
1166	49 17
1167	54 5
1168	53 11
1169	50 12
1170	58 9
1171	53 12
1172	53 14
1173	51 9
1174	51 14
1175	49 10
1176	51 13
1177	52 8
1178	49 15
1179	51 17
1180	52 14
1181	53 13
1182	54 12
1183	54 19
1184	54 7
1185	55 11
1186	55 17
1187	59 6
1188	63 12
1189	63 19
1190	62 10
1191	66 10
1192	65 7
1193	68 6
1194	65 17
1195	68 15
1196	66 12
1197	66 15
1198	65 12
1199	65 19
1200	65 8
1201	62 10
1202	65 8
1203	65 5
1204	58 14
1205	59 11
1206	61 7
1207	63 13
1208	65 10
1209	60 11
1210	65 3
1211	64 10
1212	63 10
1213	65 11
1214	69 9
1215	73 6
1216	72 12
1217	71 16
1218	73 10
1219	71 13
1220	71 12
1221	71 14
1222	71 5
1223	71 7
1224	67 12
1225	64 2
1226	63 11
1227	63 22
1228	63 9
1229	63 11
1230	62 11
1231	62 17
1232	62 8
1233	62 11
1234	62 7
1235	61 10
1236	64 6
1237	62 8
1238	64 7
1239	59 9
1240	61 9
1241	64 8
1242	63 9
1243	66 15
1244	65 11
1245	63 18
1246	64 8
1247	68 4
1248	66 6
1249	69 9
1250	65 11
1251	60 17
1252	63 8
1253	61 8
1254	61 8
1255	62 8
1256	57 22
1257	59 18
1258	54 12
1259	54 9
1260	52 19
1261	54 16
1262	57 10
1263	59 17
1264	59 18
1265	60 18
1266	58 9
1267	53 30
1268	53 19
1269	50 13
1270	54 14
1271	52 18
1272	50 8
1273	51 16
1274	54 10
1275	56 17
1276	55 17
1277	54 17
1278	54 15
1279	55 11
1280	57 5
1281	55 21
1282	50 18
1283	59 15
1284	61 14
1285	59 23
1286	64 7
1287	67 9
1288	61 16
1289	60 13
1290	60 12
1291	59 11
1292	64 11
1293	61 8
1294	62 14
1295	59 6
1296	54 17
1297	58 15
1298	58 7
1299	60 9
1300	58 14
1301	56 15
1302	57 14
1303	54 8
1304	56 13
1305	50 18
1306	53 5
1307	54 12
1308	55 12
1309	52 16
1310	51 12
1311	54 10
1312	53 13
1313	55 8
1314	59 9
1315	57 10
1316	59 15
1317	58 20
1318	58 5
1319	54 14
1320	53 10
1321	52 12
1322	56 16
1323	53 12
1324	52 10
1325	53 9
1326	53 7
1327	54 15
1328	53 13
1329	55 9
1330	55 10
1331	56 12
1332	55 13
1333	57 13
1334	56 10
1335	59 16
1336	57 6
1337	58 17
1338	57 13
1339	59 5
1340	61 15
1341	60 7
1342	60 11
1343	60 5
1344	60 7
1345	59 9
1346	65 13
1347	66 10
1348	68 6
1349	67 9
1350	65 8
1351	69 9
1352	66 15
1353	67 10
1354	62 9
1355	67 8
1356	69 7
1357	67 7
1358	66 14
1359	70 9
1360	72 5
1361	74 4
1362	73 6
1363	73 4
1364	73 6
1365	76 7
1366	76 8
1367	73 9
1368	78 7
1369	76 7
1370	74 7
1371	75 14
1372	75 9
1373	75 12
1374	73 11
1375	73 11
1376	71 14
1377	69 14
1378	62 13
1379	62 9
1380	62 8
1381	59 11
1382	57 14
1383	62 11
1384	60 14
1385	59 14
1386	61 14
1387	60 13
1388	60 12
1389	62 9
1390	65 20
1391	66 14
1392	64 38
1393	65 12
1394	58 22
1395	64 27
1396	61 16
1397	62 20
1398	59 25
1399	60 22
1400	62 15
1401	62 27
1402	64 11
1403	66 9
1404	66 21
1405	62 19
1406	61 21
1407	58 23
1408	59 25
1409	64 40
1410	58 27
1411	64 17
1412	64 40
1413	56 46
1414	56 47
1415	58 45
1416	54 37
1417	56 49
1418	53 58
1419	49 63
1420	57 60
1421	53 50
1422	54 91
1423	53 103
1424	49 101
1425	45 102
1426	45 65
1427	48 86
1428	47 111
1429	43 165
1430	52 121
1431	56 79
1432	52 129
1433	55 100
1434	60 99
1435	55 137
1436	50 111
1437	65 131
1438	58 104
1439	59 125
1440	57 125
1441	70 134
1442	68 117
1443	68 139
1444	67 122
1445	66 116
1446	66 118
1447	70 114
1448	72 116
1449	63 116
1450	68 132
1451	65 111
1452	65 134
1453	68 108
1454	65 118
1455	67 128
1456	63 122
1457	55 127
1458	59 140
1459	61 104
1460	63 138
1461	64 146
1462	59 150
1463	62 156
1464	63 132
1465	61 144
1466	59 124
1467	54 160
1468	56 138
1469	66 135
1470	66 139
1471	52 167
1472	65 126
1473	55 140
1474	60 165
1475	61 150
1476	56 162
1477	52 185
1478	62 133
1479	60 170
1480	60 141
1481	61 124
1482	66 147
1483	63 166
1484	56 185
1485	58 126
1486	61 139
1487	63 139
1488	63 181
1489	62 173
1490	58 159
1491	70 125
1492	71 158
1493	69 148
1494	72 160
1495	56 182
1496	63 177
1497	68 152
1498	63 174
1499	65 148
1500	57 161
1501	65 186
1502	55 195
1503	63 194
1504	64 179
1505	61 183
1506	57 157
1507	67 174
1508	63 171
1509	67 180
1510	69 212
1511	65 163
1512	68 177
1513	68 156
1514	66 164
1515	70 161
1516	70 139
1517	77 147
1518	68 137
1519	67 124
1520	68 141
1521	74 135
1522	69 131
1523	82 121
1524	78 118
1525	78 116
1526	70 143
1527	82 168
1528	66 117
1529	75 103
1530	71 94
1531	75 104
1532	63 122
1533	71 136
1534	75 118
1535	76 115
1536	73 101
1537	80 130
1538	79 115
1539	74 116
1540	73 111
1541	69 121
1542	71 101
1543	68 116
1544	74 136
1545	65 139
1546	74 123
1547	62 123
1548	77 123
1549	78 124
1550	69 128
1551	75 128
1552	68 134
1553	71 131
1554	71 127
1555	77 137
1556	68 141
1557	65 147
1558	65 107
1559	75 128
1560	61 118
1561	78 135
1562	75 149
1563	72 114
1564	81 130
1565	86 115
1566	84 172
1567	74 148
1568	77 132
1569	70 159
1570	74 152
1571	69 137
1572	74 156
1573	68 147
1574	71 135
1575	73 140
1576	65 171
1577	72 155
1578	64 123
1579	68 142
1580	73 140
1581	68 143
1582	76 122
1583	70 156
1584	63 116
1585	77 122
1586	74 98
1587	71 163
1588	77 108
1589	74 131
1590	77 149
1591	72 100
1592	74 136
1593	73 146
1594	70 165
1595	75 145
1596	58 125
1597	65 122
1598	68 133
1599	69 133
1600	61 101
1601	70 119
1602	73 95
1603	69 118
1604	71 103
1605	69 96
1606	68 115
1607	68 103
1608	71 123
1609	75 85
1610	75 132
1611	63 124
1612	74 120
1613	68 123
1614	63 104
1615	69 112
1616	61 131
1617	60 135
1618	67 113
1619	60 135
1620	64 128
1621	73 114
1622	63 138
1623	63 130
1624	67 121
1625	72 112
1626	72 132
1627	63 105
1628	61 121
1629	63 120
1630	64 109
1631	68 122
1632	60 84
1633	60 115
1634	57 101
1635	68 130
1636	65 97
1637	53 103
1638	65 85
1639	62 103
1640	57 84
1641	67 118
1642	65 90
1643	63 100
1644	71 112
1645	62 101
1646	62 78
1647	66 107
1648	69 97
1649	62 106
1650	73 109
1651	61 91
1652	67 89
1653	65 85
1654	64 99
1655	71 97
1656	57 76
1657	63 81
1658	63 101
1659	58 99
1660	64 85
1661	53 120
1662	60 97
1663	58 101
1664	57 118
1665	59 130
1666	63 79
1667	58 117
1668	57 102
1669	56 103
1670	55 102
1671	54 98
1672	64 117
1673	56 116
1674	63 114
1675	74 94
1676	69 90
1677	73 95
1678	67 109
1679	63 117
1680	59 122
1681	69 115
1682	63 117
1683	66 107
1684	66 94
1685	73 78
1686	59 83
1687	63 88
1688	61 86
1689	58 118
1690	50 92
1691	67 98
1692	56 84
1693	63 67
1694	63 60
1695	56 68
1696	60 79
1697	58 87
1698	63 52
1699	67 75
1700	67 54
1701	58 71
1702	60 62
1703	58 69
1704	62 70
1705	64 69
1706	53 59
1707	56 70
1708	56 63
1709	57 60
1710	58 36
1711	59 59
1712	60 61
1713	58 62
1714	55 61
1715	62 57
1716	60 58
1717	57 64
1718	59 60
1719	58 76
1720	58 68
1721	54 58
1722	59 65
1723	54 62
1724	57 52
1725	54 59
1726	58 59
1727	53 61
1728	62 63
1729	57 63
1730	61 53
1731	58 50
1732	60 49
1733	50 63
1734	52 79
1735	54 66
1736	51 62
1737	52 69
1738	53 63
1739	52 57
1740	49 81
1741	44 76
1742	51 90
1743	50 77
1744	48 65
1745	46 86
1746	45 80
1747	41 101
1748	42 117
1749	49 93
1750	48 82
1751	50 90
1752	53 72
1753	57 77
1754	56 67
1755	61 76
1756	62 76
1757	60 62
1758	67 70
1759	67 81
1760	72 81
1761	67 70
1762	71 61
1763	69 60
1764	65 58
1765	66 78
1766	66 70
1767	63 95
1768	69 59
1769	59 50
1770	65 47
1771	63 65
1772	70 49
1773	65 70
1774	59 46
1775	65 62
1776	59 51
1777	63 38
1778	65 40
1779	55 60
1780	58 57
1781	63 65
1782	63 52
1783	67 57
1784	64 64
1785	65 47
1786	66 41
1787	66 43
1788	63 55
1789	68 48
1790	67 59
1791	68 37
1792	65 45
1793	63 47
1794	71 39
1795	73 35
1796	68 46
1797	71 45
1798	73 34
1799	70 29
1800	71 34
1801	72 31
1802	73 35
1803	62 57
1804	65 48
1805	63 42
1806	58 36
1807	62 41
1808	52 41
1809	61 61
1810	60 38
1811	56 45
1812	59 49
1813	61 57
1814	55 72
1815	63 37
1816	59 70
1817	59 56
1818	65 45
1819	61 45
1820	62 91
1821	67 55
1822	64 75
1823	66 81
1824	59 88
1825	63 65
1826	61 73
1827	64 92
1828	60 57
1829	57 113
1830	60 98
1831	62 73
1832	54 85
1833	60 80
1834	54 92
1835	53 94
1836	55 77
1837	58 87
1838	60 83
1839	70 69
1840	67 82
1841	66 84
1842	71 65
1843	71 77
1844	79 44
1845	75 68
1846	75 63
1847	76 64
1848	77 87
1849	75 45
1850	75 73
1851	76 50
1852	74 58
1853	70 69
1854	70 55
1855	64 60
1856	72 33
1857	75 62
1858	74 64
1859	71 52
1860	71 45
1861	68 42
1862	72 48
1863	70 28
1864	66 34
1865	69 33
1866	73 35
1867	71 43
1868	69 46
1869	71 39
1870	71 34
1871	68 36
1872	65 39
1873	66 23
1874	65 39
1875	62 26
1876	64 15
1877	67 31
1878	64 32
1879	63 22
1880	64 18
1881	66 25
1882	65 31
1883	63 26
1884	65 30
1885	65 18
1886	66 16
1887	67 16
1888	66 26
1889	66 15
1890	67 20
1891	69 16
1892	70 14
1893	65 18
1894	68 28
1895	65 18
1896	67 11
1897	66 10
1898	69 13
1899	72 8
1900	68 11
1901	70 11
1902	70 15
1903	71 12
1904	70 7
1905	69 7
1906	69 11
1907	74 9
1908	72 9
1909	72 10
1910	72 8
1911	73 11
1912	75 8
1913	77 6
1914	76 10
1915	76 13
1916	77 12
1917	78 7
1918	78 12
1919	77 9
1920	77 11
1921	79 4
1922	73 17
1923	74 11
1924	71 8
1925	69 9
1926	73 17
1927	74 6
1928	72 13
1929	73 8
1930	69 12
1931	68 9
1932	69 9
1933	71 9
1934	65 16
1935	66 6
1936	66 5
1937	62 7
1938	69 5
1939	67 5
1940	59 11
1941	62 13
1942	67 7
1943	66 7
1944	63 16
1945	65 6
1946	64 9
1947	67 14
1948	69 6
1949	67 7
1950	71 4
1951	68 8
1952	67 6
1953	68 6
1954	68 7
1955	65 12
1956	72 5
1957	72 6
1958	69 8
1959	72 9
1960	73 2
1961	74 5
1962	74 5
1963	76 2
1964	76 9
1965	79 6
1966	74 10
1967	74 6
1968	76 10
1969	76 8
1970	77 10
1971	80 6
1972	80 12
1973	80 8
1974	78 7
1975	78 7
1976	79 12
1977	78 11
1978	80 5
1979	77 2
1980	75 9
1981	76 8
1982	78 6
1983	73 13
1984	70 9
1985	71 6
1986	67 9
1987	73 11
1988	70 8
1989	69 6
1990	71 9
1991	69 7
1992	69 5
1993	71 5
1994	73 8
1995	70 7
1996	71 8
1997	70 10
1998	71 5
1999	69 5
2000	71 9
2001	71 10
2002	72 9
2003	68 10
2004	72 9
2005	72 9
2006	73 8
2007	72 8
2008	71 9
2009	72 7
2010	72 11
2011	68 8
2012	72 4
2013	69 11
2014	68 11
2015	71 8
2016	68 11
2017	68 11
2018	70 6
2019	69 9
2020	70 4
2021	71 10
2022	70 7
2023	72 9
2024	73 7
2025	74 7
2026	73 4
2027	72 11
2028	71 10
2029	66 12
2030	67 5
2031	64 8
2032	67 9
2033	72 4
2034	70 8
2035	71 9
2036	74 6
2037	74 11
2038	76 4
2039	75 8
2040	74 12
2041	76 5
2042	71 10
2043	72 3
2044	73 2
2045	71 3
2046	67 14
2047	69 8
2048	68 7
2049	66 13
2050	64 16
2051	65 7
2052	64 8
2053	69 5
2054	68 11
2055	70 3
2056	73 4
2057	72 4
2058	69 12
2059	72 5
2060	71 5
2061	76 7
2062	76 8
2063	77 7
2064	76 6
2065	79 5
2066	81 7
2067	81 4
2068	84 5
2069	82 11
2070	82 9
2071	82 2
2072	81 6
2073	80 4
2074	80 8
2075	84 7
2076	80 6
2077	79 11
2078	80 4
2079	80 10
2080	82 5
2081	79 6
2082	75 15
2083	74 9
2084	77 6
2085	79 8
2086	79 6
2087	77 11
2088	76 13
2089	74 5
2090	75 12
2091	69 7
2092	70 6
2093	73 9
2094	72 5
2095	73 10
2096	70 6
2097	70 14
2098	71 3
2099	70 5
2100	70 6
2101	69 5
2102	69 10
2103	71 7
2104	73 8
2105	75 3
2106	78 4
2107	78 6
2108	75 11
2109	78 5
2110	77 3
2111	78 3
2112	81 5
2113	80 6
2114	80 4
2115	81 7
2116	80 2
2117	82 8
2118	81 5
2119	80 11
2120	78 7
2121	79 6
2122	77 5
2123	80 4
2124	77 6
2125	78 7
2126	78 4
2127	80 4
2128	78 4
2129	77 3
2130	78 6
2131	79 3
2132	77 6
2133	76 4
2134	74 10
2135	80 4
2136	80 5
2137	80 6
2138	80 5
2139	78 5
2140	81 5
2141	81 5
2142	82 8
2143	83 4
2144	82 5
2145	82 5
2146	77 10
2147	76 8
2148	77 4
2149	77 3
2150	78 2
2151	75 11
2152	75 4
2153	73 8
2154	71 10
2155	77 1
2156	78 1
2157	77 2
2158	75 8
2159	74 6
2160	75 9
2161	78 3
2162	77 7
2163	78 8
2164	77 6
2165	80 14
2166	77 10
2167	81 2
2168	78 8
2169	79 6
2170	80 3
2171	79 5
2172	76 7
2173	78 6
2174	80 3
2175	79 4
2176	75 8
2177	79 3
2178	77 4
2179	78 9
2180	77 8
2181	79 7
2182	79 4
2183	77 6
2184	81 5
2185	83 5
2186	80 7
2187	82 6
2188	82 6
2189	84 3
2190	83 2
2191	85 2
2192	87 8
2193	88 4
2194	88 2
2195	89 4
2196	87 7
2197	87 4
2198	85 5
2199	87 6
2200	87 7
2201	89 3
2202	89 1
2203	86 8
2204	87 4
2205	83 6
2206	84 2
2207	84 8
2208	86 6
2209	85 4
2210	87 5
2211	86 7
2212	84 7
2213	85 3
2214	87 2
2215	85 10
2216	87 6
2217	88 5
2218	88 9
2219	84 9
2220	84 6
2221	80 6
2222	76 9
2223	79 8
2224	79 6
2225	77 10
2226	74 9
2227	73 8
2228	78 7
2229	79 11
2230	77 7
2231	74 9
2232	75 9
2233	73 11
2234	77 12
2235	75 5
2236	75 10
2237	76 14
2238	78 10
2239	78 17
2240	73 18
2241	75 9
2242	75 11
2243	74 12
2244	75 17
2245	74 17
2246	74 11
2247	70 12
2248	72 17
2249	69 13
2250	69 19
2251	69 14
2252	67 23
2253	68 21
2254	68 17
2255	69 17
2256	64 30
2257	70 20
2258	68 19
2259	64 31
2260	61 26
2261	64 25
2262	62 30
2263	61 43
2264	63 38
2265	59 26
2266	58 31
2267	60 29
2268	56 30
2269	59 25
2270	57 32
2271	69 38
2272	59 57
2273	65 51
2274	67 42
2275	64 52
2276	73 29
2277	63 40
2278	65 37
2279	61 61
2280	60 36
2281	61 54
2282	53 64
2283	60 42
2284	56 64
2285	53 51
2286	57 78
2287	57 66
2288	60 52
2289	60 62
2290	56 39
2291	58 49
2292	58 59
2293	59 45
2294	56 47
2295	58 48
2296	57 60
2297	61 49
2298	63 53
2299	61 69
2300	62 47
2301	58 50
2302	62 51
2303	64 45
2304	57 53
2305	65 79
2306	62 81
2307	60 51
2308	69 46
2309	57 46
2310	67 45
2311	64 51
2312	61 48
2313	68 54
2314	57 55
2315	61 41
2316	59 49
2317	66 48
2318	64 51
2319	61 49
2320	53 57
2321	54 40
2322	51 56
2323	59 53
2324	55 48
2325	62 32
2326	63 48
2327	67 62
2328	64 55
2329	66 57
2330	68 51
2331	67 53
2332	64 51
2333	66 58
2334	67 47
2335	69 53
2336	69 52
2337	63 67
2338	67 61
2339	69 69
2340	70 53
2341	66 59
2342	63 78
2343	63 48
2344	59 97
2345	62 57
2346	68 50
2347	67 63
2348	60 60
2349	60 62
2350	66 40
2351	61 45
2352	58 50
2353	58 63
2354	59 42
2355	63 50
2356	66 54
2357	60 58
2358	58 53
2359	61 58
2360	60 53
2361	62 72
2362	63 78
2363	62 51
2364	62 65
2365	60 66
2366	61 67
2367	55 65
2368	61 58
2369	59 43
2370	63 38
2371	64 56
2372	57 62
2373	64 62
2374	67 58
2375	68 46
2376	75 33
2377	76 44
2378	69 49
2379	66 70
2380	68 55
2381	71 65
2382	75 51
2383	74 55
2384	70 58
2385	75 56
2386	68 64
2387	71 40
2388	69 43
2389	69 45
2390	75 52
2391	69 65
2392	71 38
2393	69 50
2394	69 50
2395	72 47
2396	69 42
2397	66 53
2398	68 50
2399	65 51
2400	75 50
2401	70 75
2402	69 54
2403	62 54
2404	60 70
2405	69 61
2406	63 51
2407	71 60
2408	72 43
2409	69 54
2410	64 43
2411	66 85
2412	71 41
2413	67 54
2414	67 75
2415	64 60
2416	67 40
2417	70 75
2418	67 52
2419	63 68
2420	70 61
2421	72 62
2422	64 54
2423	63 44
2424	67 63
2425	64 70
2426	64 57
2427	63 56
2428	66 69
2429	66 43
2430	65 71
2431	66 75
2432	65 85
2433	67 45
2434	71 70
2435	71 55
2436	67 49
2437	73 78
2438	65 60
2439	67 64
2440	70 47
2441	72 60
2442	71 57
2443	73 53
2444	72 50
2445	71 44
2446	75 58
2447	71 62
2448	69 58
2449	68 64
2450	72 41
2451	66 47
2452	61 65
2453	67 53
2454	70 47
2455	68 28
2456	74 48
2457	75 42
2458	68 40
2459	75 42
2460	73 58
2461	72 43
2462	66 58
2463	63 64
2464	68 48
2465	67 50
2466	63 53
2467	65 51
2468	61 38
2469	68 45
2470	65 42
2471	67 43
2472	62 38
2473	60 47
2474	62 38
2475	62 40
2476	63 51
2477	64 50
2478	61 39
2479	63 43
2480	64 42
2481	66 37
2482	58 54
2483	61 53
2484	62 52
2485	63 41
2486	65 35
2487	65 42
2488	66 52
2489	65 37
2490	61 49
2491	65 41
2492	61 37
2493	64 34
2494	63 37
2495	62 32
2496	62 52
2497	62 40
2498	60 40
2499	62 46
2500	62 49
2501	64 50
2502	60 37
2503	61 32
2504	63 53
2505	70 32
2506	68 33
2507	64 38
2508	64 55
2509	59 44
2510	66 32
2511	56 44
2512	58 53
2513	60 36
2514	60 39
2515	59 46
2516	58 38
2517	58 38
2518	59 39
2519	60 36
2520	54 55
2521	55 30
2522	53 40
2523	59 34
2524	58 37
2525	59 30
2526	59 42
2527	59 50
2528	55 59
2529	59 51
2530	59 54
2531	57 40
2532	56 45
2533	59 43
2534	63 51
2535	58 38
2536	64 43
2537	63 40
2538	65 49
2539	62 45
2540	68 47
2541	63 41
2542	58 54
2543	59 42
2544	61 30
2545	63 40
2546	62 57
2547	54 39
2548	62 44
2549	59 32
2550	60 42
2551	58 42
2552	62 50
2553	62 44
2554	65 40
2555	66 31
2556	66 41
2557	71 42
2558	63 39
2559	65 48
2560	67 31
2561	68 35
2562	64 35
2563	63 26
2564	62 38
2565	58 27
2566	62 38
2567	58 25
2568	58 30
2569	57 38
2570	58 35
2571	64 31
2572	61 30
2573	63 26
2574	63 35
2575	61 21
2576	60 31
2577	62 32
2578	62 39
2579	57 40
2580	54 28
2581	55 39
2582	53 31
2583	55 30
2584	54 51
2585	56 29
2586	58 17
2587	56 32
2588	58 37
2589	55 31
2590	55 24
2591	57 25
2592	57 25
2593	58 27
2594	60 32
2595	60 30
2596	57 33
2597	55 18
2598	56 16
2599	59 23
2600	58 19
2601	60 15
2602	58 26
2603	61 25
2604	62 13
2605	64 19
2606	62 18
2607	60 16
2608	61 16
2609	63 13
2610	63 21
2611	64 7
2612	66 18
2613	65 12
2614	67 10
2615	66 18
2616	71 10
2617	70 13
2618	72 11
2619	72 14
2620	73 11
2621	76 15
2622	74 15
2623	76 10
2624	81 14
2625	81 8
2626	82 8
2627	79 7
2628	79 4
2629	80 11
2630	77 8
2631	81 8
2632	78 8
2633	78 4
2634	75 12
2635	79 4
2636	78 4
2637	76 8
2638	78 2
2639	79 10
2640	78 11
2641	75 12
2642	78 5
2643	75 8
2644	78 3
2645	79 3
2646	78 6
2647	78 2
2648	75 7
2649	77 6
2650	76 6
2651	78 6
2652	78 6
2653	78 3
2654	79 2
2655	79 2
2656	80 5
2657	77 3
2658	80 4
2659	80 5
2660	82 4
2661	82 3
2662	83 1
2663	84 6
2664	84 6
2665	81 6
2666	85 3
2667	86 2
2668	84 6
2669	85 1
2670	84 9
2671	86 3
2672	79 9
2673	82 4
2674	81 3
2675	81 4
2676	77 10
2677	79 3
2678	81 3
2679	80 3
2680	76 11
2681	76 5
2682	77 8
2683	77 5
2684	78 3
2685	79 6
2686	80 4
2687	78 3
2688	79 7
2689	80 3
2690	78 3
2691	78 5
2692	76 5
2693	74 9
2694	73 7
2695	76 2
2696	77 3
2697	75 5
2698	77 4
2699	76 6
2700	77 4
2701	77 4
2702	78 3
2703	78 5
2704	79 5
2705	83 2
2706	81 5
2707	82 6
2708	83 16
2709	82 6
2710	83 5
2711	82 4
2712	83 1
2713	82 8
2714	81 5
2715	80 6
2716	78 8
2717	77 6
2718	80 3
2719	79 8
2720	79 4
2721	80 6
2722	81 1
2723	81 4
2724	79 4
2725	81 7
2726	80 11
2727	81 5
2728	78 4
2729	76 4
2730	73 13
2731	69 4
2732	67 9
2733	70 4
2734	71 5
2735	75 9
2736	72 8
2737	73 9
2738	76 5
2739	73 7
2740	76 2
2741	74 4
2742	73 6
2743	75 4
2744	75 8
2745	76 5
2746	76 6
2747	74 6
2748	77 4
2749	78 3
2750	74 15
2751	76 5
2752	76 1
2753	74 5
2754	74 3
2755	74 4
2756	69 12
2757	71 8
2758	71 7
2759	70 5
2760	72 2
2761	73 5
2762	74 2
2763	74 1
2764	73 5
2765	76 4
2766	77 6
2767	73 13
2768	76 2
2769	76 3
2770	76 4
2771	76 3
2772	78 2
2773	79 4
2774	80 5
2775	81 7
2776	86 6
2777	86 0
2778	84 7
2779	83 2
2780	80 7
2781	82 4
2782	83 5
2783	84 4
2784	85 5
2785	86 3
2786	85 3
2787	85 4
2788	83 6
2789	83 4
2790	82 3
2791	80 3
2792	82 2
2793	80 3
2794	82 0
2795	81 1
2796	83 2
2797	84 2
2798	85 2
2799	85 2
2800	86 2
2801	85 3
2802	88 2
2803	87 3
2804	84 6
2805	87 1
2806	87 3
2807	91 1
2808	89 1
2809	88 2
2810	87 4
2811	84 6
2812	84 3
2813	83 3
2814	84 4
2815	86 2
2816	87 0
2817	86 5
2818	85 5
2819	86 4
2820	88 2
2821	89 2
2822	88 4
2823	90 2
2824	87 2
2825	89 6
2826	89 0
2827	89 1
2828	88 4
2829	88 3
2830	88 1
2831	88 2
2832	85 2
2833	87 2
2834	86 2
2835	87 2
2836	89 2
2837	89 2
2838	82 8
2839	83 1
2840	84 3
2841	84 1
2842	81 4
2843	83 2
2844	80 8
2845	81 2
2846	83 1
2847	82 3
2848	84 0
2849	83 3
2850	83 4
2851	85 3
2852	83 8
2853	82 3
2854	82 4
2855	83 4
2856	81 4
2857	84 1
2858	83 2
2859	81 6
2860	82 3
2861	80 2
2862	80 4
2863	81 2
2864	82 2
2865	80 3
2866	79 7
2867	79 6
2868	80 2
2869	81 0
2870	81 4
2871	79 4
2872	79 3
2873	77 6
2874	78 3
2875	80 3
2876	80 2
2877	80 1
2878	80 3
2879	83 2
2880	81 3
2881	83 1
2882	82 3
2883	82 3
2884	84 5
2885	84 0
2886	84 0
2887	84 2
2888	83 3
2889	81 3
2890	83 0
2891	85 1
2892	85 3
2893	89 2
2894	88 2
2895	89 2
2896	90 2
2897	91 1
2898	91 3
2899	88 6
2900	90 1
2901	90 1
2902	88 4
2903	86 5
2904	89 1
2905	87 1
2906	87 3
2907	85 3
2908	86 5
2909	86 4
2910	85 5
2911	88 1
2912	89 1
2913	90 1
2914	89 1
2915	88 2
2916	89 0
2917	89 0
2918	88 2
2919	89 1
2920	85 4
2921	88 1
2922	89 3
2923	91 0
2924	92 2
2925	92 2
2926	92 2
2927	94 0
2928	90 4
2929	90 3
2930	91 3
2931	94 1
2932	93 3
2933	94 3
2934	92 2
2935	93 0
2936	91 4
2937	92 3
2938	91 3
2939	93 0
2940	92 1
2941	92 1
2942	93 1
2943	92 2
2944	93 1
2945	93 2
2946	92 4
2947	94 0
2948	94 0
2949	94 1
2950	92 7
2951	94 2
2952	93 4
2953	91 1
2954	92 4
2955	93 0
2956	92 2
2957	92 4
2958	90 0
2959	89 1
2960	88 2
2961	89 2
2962	87 3
2963	87 2
2964	87 3
2965	88 3
2966	89 1
2967	90 2
2968	91 3
2969	90 2
2970	90 2
2971	88 5
2972	90 1
2973	91 3
2974	89 2
2975	91 2
2976	90 2
2977	89 4
2978	91 1
2979	89 5
2980	91 2
2981	90 1
2982	88 3
2983	90 2
2984	89 3
2985	89 4
2986	91 0
2987	91 1
2988	89 3
2989	91 1
2990	89 6
2991	88 2
2992	88 4
2993	89 4
2994	89 3
2995	90 2
2996	89 7
2997	91 3
2998	91 5
2999	91 2
3000	91 1
3001	92 3
3002	93 4
3003	94 5
3004	91 6
3005	93 3
3006	91 3
3007	93 2
3008	92 2
3009	92 3
3010	91 3
3011	90 3
3012	91 0
3013	90 3
3014	91 2
3015	89 3
3016	90 1
3017	87 7
3018	92 1
3019	91 4
3020	90 5
3021	91 1
3022	92 2
3023	93 1
3024	91 2
3025	91 2
3026	90 2
3027	89 3
3028	90 6
3029	88 5
3030	88 3
3031	89 3
3032	88 4
3033	89 2
3034	84 6
3035	84 4
3036	85 5
3037	85 2
3038	86 3
3039	85 7
3040	85 2
3041	85 2
3042	85 2
3043	83 8
3044	82 7
3045	82 2
3046	79 9
3047	80 3
3048	79 5
3049	81 10
3050	80 5
3051	80 6
3052	80 4
3053	79 3
3054	78 5
3055	79 5
3056	77 7
3057	77 4
3058	79 2
3059	78 5
3060	77 5
3061	76 5
3062	80 1
3063	79 5
3064	78 7
3065	80 4
3066	79 3
3067	81 4
3068	81 5
3069	79 3
3070	78 8
3071	80 6
3072	80 5
3073	79 8
3074	82 4
3075	81 3
3076	78 6
3077	77 5
3078	77 4
3079	79 2
3080	79 4
3081	77 7
3082	78 3
3083	76 6
3084	77 5
3085	79 3
3086	82 1
3087	81 7
3088	80 4
3089	82 8
3090	82 2
3091	81 9
3092	77 6
3093	76 5
3094	74 10
3095	77 2
3096	76 5
3097	72 13
3098	73 7
3099	74 13
3100	75 10
3101	72 11
3102	75 12
3103	75 14
3104	77 8
3105	77 8
3106	74 13
3107	72 14
3108	71 9
3109	73 16
3110	74 7
3111	75 11
3112	72 5
3113	72 9
3114	71 9
3115	67 17
3116	74 9
3117	72 7
3118	71 10
3119	75 10
3120	75 19
3121	72 16
3122	74 14
3123	73 14
3124	72 24
3125	70 17
3126	68 20
3127	67 15
3128	69 9
3129	68 20
3130	67 11
3131	72 14
3132	69 17
3133	71 22
3134	71 21
3135	70 13
3136	69 16
3137	67 23
3138	70 23
3139	64 23
3140	64 15
3141	63 20
3142	62 20
3143	62 33
3144	60 30
3145	56 31
3146	62 17
3147	61 19
3148	61 21
3149	59 35
3150	56 29
3151	57 15
3152	60 24
3153	61 18
3154	61 26
3155	66 27
3156	62 22
3157	65 14
3158	64 14
3159	66 24
3160	65 20
3161	64 16
3162	68 30
3163	70 12
3164	70 22
3165	68 17
3166	67 23
3167	73 19
3168	73 14
3169	70 18
3170	71 20
3171	70 26
3172	73 22
3173	72 12
3174	74 11
3175	71 20
3176	70 13
3177	70 20
3178	70 13
3179	70 27
3180	72 18
3181	71 16
3182	68 16
3183	70 20
3184	67 22
3185	64 19
3186	66 30
3187	67 23
3188	65 17
3189	68 25
3190	64 26
3191	63 22
3192	62 21
3193	61 21
3194	63 21
3195	62 12
3196	61 19
3197	63 27
3198	64 18
3199	63 17
3200	63 28
3201	66 15
3202	64 25
3203	65 42
3204	61 24
3205	58 31
3206	59 30
3207	58 21
3208	63 23
3209	65 23
3210	65 26
3211	65 37
3212	62 22
3213	68 32
3214	66 35
3215	64 28
3216	66 38
3217	66 35
3218	65 29
3219	67 29
3220	68 26
3221	68 39
3222	66 36
3223	67 34
3224	68 16
3225	66 46
3226	64 18
3227	63 26
3228	64 32
3229	66 23
3230	66 31
3231	62 17
3232	63 33
3233	63 21
3234	65 20
3235	63 27
3236	62 27
3237	68 18
3238	67 29
3239	69 24
3240	69 22
3241	70 16
3242	67 23
3243	63 26
3244	65 35
3245	68 15
3246	67 22
3247	65 24
3248	67 17
3249	66 22
3250	67 23
3251	64 29
3252	67 18
3253	66 27
3254	66 28
3255	65 10
3256	66 25
3257	71 18
3258	70 22
3259	66 21
3260	71 23
3261	70 27
3262	67 32
3263	68 19
3264	64 28
3265	66 14
3266	67 31
3267	63 27
3268	66 17
3269	63 22
3270	59 37
3271	58 40
3272	58 28
3273	58 31
3274	59 48
3275	61 31
3276	60 38
3277	60 34
3278	60 43
3279	64 26
3280	63 33
3281	65 35
3282	64 27
3283	66 40
3284	67 39
3285	71 21
3286	69 24
3287	69 33
3288	75 22
3289	74 17
3290	74 21
3291	72 29
3292	69 31
3293	73 21
3294	70 27
3295	69 19
3296	70 20
3297	69 20
3298	71 17
3299	65 25
3300	64 23
3301	64 17
3302	60 17
3303	60 20
3304	63 8
3305	61 10
3306	62 20
3307	65 17
3308	60 14
3309	65 12
3310	61 19
3311	66 9
3312	67 7
3313	67 15
3314	67 18
3315	66 14
3316	68 6
3317	71 13
3318	72 8
3319	72 11
3320	72 15
3321	68 13
3322	71 4
3323	71 7
3324	68 13
3325	69 10
3326	70 9
3327	67 9
3328	67 14
3329	68 12
3330	69 12
3331	70 10
3332	69 13
3333	70 11
3334	72 15
3335	75 5
3336	76 14
3337	73 6
3338	71 15
3339	72 12
3340	73 10
3341	74 12
3342	74 5
3343	78 7
3344	77 8
3345	79 8
3346	78 11
3347	78 5
3348	79 3
3349	81 2
3350	78 4
3351	79 2
3352	75 6
3353	77 3
3354	76 8
3355	78 9
3356	78 5
3357	81 4
3358	79 4
3359	81 1
3360	76 6
3361	76 12
3362	74 12
3363	74 6
3364	72 7
3365	74 11
3366	74 17
3367	74 7
3368	77 6
3369	74 12
3370	75 5
3371	77 7
3372	76 2
3373	75 4
3374	75 8
3375	74 5
3376	73 12
3377	74 2
3378	74 5
3379	76 3
3380	80 3
3381	77 10
3382	79 3
3383	80 4
3384	80 4
3385	79 2
3386	79 7
3387	80 3
3388	80 1
3389	79 5
3390	78 3
3391	80 4
3392	79 0
3393	77 2
3394	76 3
3395	79 3
3396	79 0
3397	77 3
3398	81 2
3399	83 0
3400	83 3
3401	84 1
3402	87 0
3403	87 4
3404	89 1
3405	90 3
3406	91 0
3407	92 2
3408	92 0
3409	91 1
3410	92 1
3411	92 0
3412	91 1
3413	92 0
3414	93 0
3415	93 1
3416	95 0
3417	95 0
3418	95 0
3419	96 0
3420	95 1
3421	96 0
3422	96 0
3423	96 0
3424	96 0
3425	97 0
3426	97 1
3427	98 0
3428	98 0
3429	98 0
3430	98 1
