11	100 1
12	100 0
13	100 0
14	100 0
15	100 0
16	100 0
17	100 0
18	100 0
19	100 0
20	100 0
21	100 0
22	100 0
23	100 0
24	100 0
25	100 0
26	100 0
27	100 0
28	100 0
29	100 0
30	100 0
31	100 0
32	100 0
33	100 0
34	100 0
35	100 0
36	100 0
37	100 0
38	100 0
39	100 0
40	100 0
41	100 0
42	100 0
43	100 0
44	100 0
45	100 0
46	100 0
47	100 0
48	100 0
49	100 0
50	100 0
51	100 0
52	100 0
53	100 0
54	100 0
55	100 1
56	100 0
57	100 1
58	100 0
59	100 1
60	100 1
61	100 2
62	100 0
63	100 0
64	100 0
65	100 0
66	100 1
67	100 1
68	100 0
69	100 5
70	100 2
71	100 7
72	95 11
73	83 89
74	69 517
75	58 91
76	32 555
77	31 436
78	27 514
79	25 395
80	26 340
81	24 216
82	22 178
83	23 224
84	22 205
85	19 204
86	19 206
87	23 180
88	29 123
89	29 210
90	27 168
91	32 267
92	38 215
93	36 273
94	37 213
95	42 254
96	46 152
97	41 243
98	38 279
99	40 306
100	41 350
101	41 238
102	37 187
103	37 281
104	32 290
105	33 294
106	34 324
107	34 161
108	36 181
109	34 202
110	35 289
111	34 237
112	36 285
113	33 265
114	39 170
115	32 229
116	35 294
117	35 231
118	33 305
119	34 255
120	33 220
121	33 179
122	34 176
123	34 261
124	31 255
125	34 251
126	32 179
127	34 185
128	34 207
129	38 168
130	32 256
131	31 272
132	31 253
133	32 219
134	34 270
135	33 279
136	41 178
137	38 259
138	37 292
139	39 273
140	40 301
141	45 201
142	48 121
143	51 141
144	50 228
145	47 313
146	50 300
147	49 227
148	48 188
149	46 228
150	47 230
151	49 162
152	48 213
153	49 144
154	48 82
155	44 130
156	37 177
157	38 144
158	35 129
159	35 197
160	36 96
161	37 85
162	38 145
163	38 92
164	36 86
165	38 127
166	39 105
167	44 93
168	42 77
169	41 81
170	41 74
171	40 124
172	40 84
173	43 59
174	42 60
175	40 42
176	38 40
177	36 49
178	39 46
179	38 35
180	40 36
181	42 17
182	42 30
183	44 34
184	47 21
185	45 22
186	55 28
187	62 15
188	62 21
189	69 21
190	68 31
191	73 18
192	73 23
193	74 26
194	74 20
195	74 10
196	75 23
197	77 16
198	77 18
199	77 12
200	77 22
201	77 20
202	80 15
203	80 16
204	78 15
205	80 27
206	78 14
207	77 26
208	79 12
209	82 13
210	78 32
211	73 30
212	79 21
213	82 16
214	78 24
215	78 13
216	74 31
217	77 12
218	77 35
219	73 16
220	75 13
221	75 14
222	78 31
223	74 33
224	78 31
225	77 53
226	77 19
227	79 18
228	70 43
229	74 19
230	70 16
231	69 27
232	71 26
233	67 21
234	66 34
235	69 29
236	71 34
237	71 14
238	72 22
239	74 21
240	75 19
241	74 22
242	73 22
243	82 22
244	81 21
245	84 20
246	83 35
247	82 24
248	83 26
249	85 16
250	85 40
251	83 28
252	85 21
253	84 7
254	86 17
255	84 14
256	81 42
257	83 12
258	84 19
259	82 24
260	81 27
261	81 34
262	80 17
263	81 25
264	82 17
265	85 10
266	78 21
267	81 24
268	83 10
269	81 16
270	82 15
271	83 11
272	82 16
273	82 10
274	80 20
275	80 10
276	79 15
277	82 16
278	82 9
279	81 13
280	80 13
281	83 11
282	80 18
283	81 16
284	81 17
285	80 10
286	80 2
287	79 14
288	79 11
289	78 10
290	79 6
291	78 12
292	78 17
293	77 14
294	79 14
295	77 10
296	79 7
297	78 12
298	78 11
299	75 27
300	73 14
301	75 7
302	77 6
303	78 20
304	74 32
305	63 9
306	61 22
307	61 10
308	64 8
309	65 4
310	64 8
311	61 5
312	63 10
313	61 7
314	63 6
315	66 9
316	65 3
317	71 3
318	76 8
319	78 3
320	78 6
321	80 6
322	84 8
323	83 4
324	84 2
325	86 6
326	87 4
327	85 7
328	87 4
329	85 8
330	86 15
331	85 7
332	81 11
333	83 6
334	82 6
335	80 15
336	78 13
337	77 6
338	76 13
339	77 1
340	75 7
341	76 5
342	73 13
343	75 15
344	77 4
345	77 6
346	78 3
347	80 5
348	82 6
349	85 8
350	85 2
351	84 4
352	83 2
353	83 9
354	83 6
355	84 6
356	86 4
357	82 8
358	83 11
359	84 5
360	83 5
361	86 4
362	86 8
363	86 3
364	89 2
365	86 3
366	86 13
367	86 8
368	86 4
369	86 8
370	87 4
371	86 3
372	87 13
373	87 3
374	88 1
375	85 13
376	89 7
377	88 6
378	91 3
379	91 5
380	89 9
381	91 4
382	90 4
383	89 2
384	88 7
385	90 6
386	88 6
387	89 5
388	90 2
389	90 3
390	89 3
391	88 10
392	91 5
393	89 3
394	89 7
395	90 4
396	91 2
397	92 0
398	90 10
399	90 9
400	89 8
401	89 9
402	89 10
403	88 9
404	88 5
405	87 14
406	89 4
407	87 7
408	91 4
409	90 5
410	87 6
411	86 8
412	88 6
413	87 3
414	84 9
415	87 1
416	88 4
417	86 10
418	87 8
419	88 4
420	89 1
421	88 6
422	88 7
423	89 11
424	89 6
425	89 1
426	88 13
427	89 7
428	88 7
429	86 8
430	89 1
431	88 0
432	86 4
433	88 1
434	87 3
435	86 4
436	85 2
437	85 4
438	87 1
439	88 4
440	88 1
441	88 3
442	87 4
443	89 1
444	88 2
445	89 4
446	92 3
447	93 2
448	95 0
449	96 0
450	93 4
451	96 1
452	95 2
453	93 2
454	93 4
455	93 3
456	93 4
457	93 2
458	91 4
459	93 1
460	94 1
461	93 6
462	93 3
463	91 6
464	92 4
465	93 5
466	93 1
467	93 1
468	92 2
469	92 2
470	93 2
471	93 3
472	95 1
473	91 3
474	93 5
475	93 3
476	93 1
477	92 3
478	92 2
479	90 4
480	92 1
481	88 5
482	86 4
483	88 5
484	88 4
485	89 2
486	89 3
487	88 5
488	87 6
489	88 4
490	89 4
491	85 6
492	88 9
493	86 11
494	90 9
495	89 6
496	92 0
497	89 15
498	89 6
499	92 16
500	92 5
501	91 19
502	89 12
503	86 6
504	88 8
505	87 20
506	88 18
507	89 10
508	87 12
509	86 10
510	87 7
511	87 6
512	87 7
513	85 9
514	85 7
515	83 12
516	85 10
517	87 9
518	86 5
519	85 11
520	87 11
521	90 7
522	88 9
523	89 20
524	79 253
525	59 214
526	60 38
527	45 224
528	44 199
529	40 348
530	45 175
531	43 271
532	42 222
533	46 60
534	45 258
535	45 309
536	41 228
537	43 277
538	45 398
539	50 96
540	49 469
541	50 456
542	52 392
543	52 345
544	43 275
545	43 233
546	43 188
547	41 204
548	45 162
549	41 236
550	39 237
551	40 222
552	39 284
553	44 254
554	48 135
555	41 223
556	46 296
557	48 326
558	49 354
559	49 439
560	57 484
561	63 178
562	54 616
563	51 560
564	48 627
565	56 505
566	63 360
567	64 336
568	61 257
569	50 342
570	57 281
571	49 208
572	39 244
573	46 170
574	42 153
575	33 247
576	41 188
577	42 165
578	38 243
579	40 192
580	44 194
581	39 197
582	44 203
583	41 223
584	42 223
585	37 228
586	41 189
587	46 112
588	39 197
589	39 278
590	43 275
591	38 218
592	40 204
593	46 86
594	43 181
595	45 184
596	41 170
597	38 213
598	45 148
599	43 129
600	46 163
601	45 213
602	40 192
603	42 185
604	41 197
605	43 150
606	43 119
607	38 206
608	37 181
609	41 122
610	38 162
611	40 132
612	45 136
613	36 157
614	40 136
615	39 126
616	37 152
617	40 140
618	40 137
619	39 176
620	39 127
621	44 183
622	48 146
623	36 183
624	41 201
625	49 160
626	45 164
627	46 178
628	39 173
629	41 165
630	44 169
631	48 120
632	49 139
633	45 145
634	46 134
635	48 201
636	55 197
637	43 157
638	47 144
639	37 160
640	42 193
641	46 214
642	42 205
643	44 200
644	41 223
645	37 233
646	45 182
647	40 184
648	45 167
649	48 163
650	42 196
651	38 185
652	43 176
653	44 167
654	39 162
655	38 181
656	42 165
657	40 156
658	44 224
659	42 172
660	35 157
661	39 162
662	37 154
663	39 167
664	38 176
665	38 180
666	38 160
667	36 127
668	37 143
669	34 157
670	38 109
671	38 159
672	39 169
673	41 138
674	42 154
675	37 216
676	42 171
677	37 188
678	36 152
679	40 174
680	38 161
681	37 145
682	32 133
683	37 140
684	39 205
685	41 169
686	38 145
687	40 169
688	35 193
689	36 173
690	29 160
691	45 172
692	35 158
693	40 181
694	38 197
695	40 121
696	43 150
697	40 197
698	47 149
699	41 160
700	41 177
701	42 183
702	50 153
703	40 184
704	40 180
705	44 184
706	40 265
707	42 227
708	44 201
709	46 227
710	44 162
711	45 142
712	41 224
713	43 212
714	41 145
715	37 208
716	38 195
717	43 134
718	39 186
719	35 131
720	40 121
721	40 164
722	43 133
723	37 160
724	42 195
725	38 189
726	39 175
727	46 124
728	43 132
729	44 120
730	47 116
731	44 105
732	51 109
733	51 109
734	53 136
735	48 163
736	49 134
737	52 152
738	44 121
739	42 154
740	40 127
741	43 120
742	46 176
743	44 144
744	45 148
745	46 163
746	50 120
747	42 160
748	46 176
749	46 164
750	45 102
751	42 122
752	49 132
753	49 107
754	45 126
755	43 124
756	42 116
757	41 151
758	42 108
759	45 118
760	45 81
761	40 100
762	41 93
763	41 113
764	43 72
765	45 110
766	48 104
767	48 88
768	48 97
769	49 96
770	40 105
771	42 103
772	43 135
773	43 157
774	39 116
775	49 111
776	46 93
777	47 110
778	57 135
779	53 102
780	54 122
781	63 120
782	47 137
783	54 122
784	46 115
785	51 117
786	52 138
787	53 128
788	53 158
789	56 97
790	45 132
791	45 162
792	51 119
793	43 149
794	44 122
795	45 171
796	49 125
797	48 113
798	55 108
799	50 125
800	55 115
801	57 115
802	50 113
803	57 114
804	67 143
805	68 144
806	60 139
807	66 133
808	66 162
809	70 106
810	70 119
811	67 128
812	68 124
813	67 130
814	67 136
815	73 107
816	65 130
817	59 119
818	51 153
819	62 119
820	58 130
821	65 127
822	63 140
823	62 126
824	61 119
825	62 139
826	54 139
827	60 168
828	57 114
829	54 119
830	56 155
831	52 157
832	63 162
833	59 150
834	56 113
835	64 138
836	59 114
837	58 113
838	63 90
839	69 128
840	66 115
841	68 122
842	65 121
843	68 83
844	55 143
845	58 93
846	62 103
847	62 153
848	58 129
849	56 178
850	56 149
851	50 122
852	50 127
853	52 159
854	44 176
855	50 101
856	54 115
857	54 129
858	53 134
859	52 128
860	58 127
861	55 123
862	51 152
863	60 106
864	61 120
865	59 107
866	60 126
867	58 120
868	63 150
869	61 113
870	63 128
871	62 137
872	54 171
873	65 125
874	59 137
875	71 140
876	55 174
877	60 128
878	65 131
879	58 142
880	63 141
881	59 143
882	56 173
883	54 136
884	63 138
885	66 137
886	61 159
887	56 154
888	58 188
889	57 134
890	58 159
891	52 134
892	57 168
893	58 133
894	53 185
895	66 154
896	68 191
897	70 141
898	72 156
899	64 148
900	67 178
901	72 152
902	70 176
903	68 169
904	76 192
905	75 198
906	68 171
907	69 196
908	58 239
909	65 191
910	59 173
911	63 128
912	58 186
913	53 127
914	54 130
915	51 153
916	62 162
917	53 112
918	50 124
919	47 124
920	46 108
921	49 133
922	49 88
923	47 69
924	46 71
925	44 77
926	45 103
927	43 74
928	49 62
929	46 51
930	46 35
931	42 65
932	47 50
933	51 47
934	45 39
935	45 43
936	46 49
937	46 30
938	44 36
939	44 24
940	48 27
941	50 26
942	46 30
943	49 16
944	53 14
945	55 25
946	58 15
947	58 17
948	60 20
949	61 22
950	65 15
951	64 22
952	64 12
953	60 15
954	60 16
955	59 16
956	63 15
957	63 11
958	65 12
959	63 12
960	62 16
961	62 15
962	64 20
963	62 12
964	60 28
965	63 14
966	63 13
967	68 17
968	63 19
969	63 15
970	60 16
971	60 21
972	56 20
973	56 18
974	52 15
975	57 10
976	58 12
977	57 14
978	57 11
979	59 14
980	55 20
981	60 11
982	59 11
983	56 18
984	60 9
985	54 17
986	63 13
987	63 8
988	66 16
989	64 14
990	70 14
991	70 15
992	74 10
993	73 14
994	75 12
995	75 11
996	72 13
997	71 24
998	74 16
999	71 12
1000	69 16
1001	69 17
1002	72 12
1003	68 12
1004	72 15
1005	70 17
1006	71 17
1007	70 9
1008	71 20
1009	68 10
1010	71 15
1011	71 10
1012	62 19
1013	62 17
1014	63 17
1015	63 16
1016	59 11
1017	60 21
1018	57 17
1019	62 10
1020	57 17
1021	56 18
1022	58 17
1023	53 20
1024	53 15
1025	56 11
1026	58 26
1027	55 15
1028	58 11
1029	56 11
1030	57 14
1031	61 15
1032	64 8
1033	62 14
1034	61 11
1035	60 15
1036	64 14
1037	65 4
1038	62 18
1039	69 12
1040	66 15
1041	70 13
1042	69 8
1043	73 7
1044	70 11
1045	73 14
1046	75 11
1047	70 19
1048	74 17
1049	71 16
1050	77 10
1051	74 11
1052	77 14
1053	76 12
1054	76 7
1055	76 8
1056	80 8
1057	79 13
1058	71 22
1059	73 10
1060	73 8
1061	72 12
1062	72 6
1063	73 19
1064	75 15
1065	70 14
1066	73 9
1067	72 13
1068	68 22
1069	66 19
1070	69 17
1071	67 9
1072	66 12
1073	67 11
1074	60 20
1075	60 19
1076	64 13
1077	59 14
1078	60 21
1079	59 14
1080	61 15
1081	60 22
1082	60 13
1083	59 18
1084	61 12
1085	59 15
1086	58 8
1087	61 10
1088	63 16
1089	62 12
1090	60 12
1091	60 13
1092	57 12
1093	61 3
1094	62 13
1095	58 14
1096	61 15
1097	62 14
1098	61 10
1099	61 16
1100	66 5
1101	66 12
1102	64 11
1103	67 8
1104	68 14
1105	69 12
1106	70 2
1107	70 3
1108	68 10
1109	72 7
1110	73 7
1111	73 15
1112	75 12
1113	78 11
1114	81 12
1115	79 11
1116	79 9
1117	74 15
1118	76 10
1119	77 6
1120	76 10
1121	78 3
1122	73 13
1123	80 3
1124	81 7
1125	78 5
1126	74 10
1127	75 9
1128	74 10
1129	73 12
1130	75 16
1131	75 8
1132	73 8
1133	69 10
1134	68 15
1135	69 14
1136	69 9
1137	69 9
1138	69 16
1139	69 7
1140	64 14
1141	65 8
1142	65 8
1143	69 4
1144	67 13
1145	65 12
1146	59 11
1147	52 17
1148	56 12
1149	59 8
1150	57 21
1151	56 18
1152	52 8
1153	54 24
1154	51 21
1155	53 10
1156	52 19
1157	52 16
1158	51 15
1159	51 15
1160	52 20
1161	52 22
1162	49 17
1163	49 19
1164	48 16
1165	49 13
1166	48 17
1167	51 5
1168	52 11
1169	50 12
1170	56 9
1171	53 12
1172	53 14
1173	51 9
1174	48 14
1175	46 10
1176	46 13
1177	46 8
1178	46 15
1179	50 17
1180	49 14
1181	54 13
1182	52 12
1183	52 19
1184	54 7
1185	54 11
1186	53 17
1187	56 6
1188	58 12
1189	57 19
1190	60 10
1191	63 10
1192	61 7
1193	63 6
1194	60 17
1195	60 15
1196	58 12
1197	60 15
1198	59 12
1199	58 19
1200	57 8
1201	56 10
1202	60 8
1203	63 5
1204	57 14
1205	61 11
1206	60 7
1207	59 13
1208	64 10
1209	59 11
1210	63 3
1211	61 10
1212	59 10
1213	60 11
1214	65 9
1215	62 6
1216	65 12
1217	69 16
1218	71 10
1219	68 13
1220	69 12
1221	70 14
1222	70 5
1223	69 7
1224	65 12
1225	63 2
1226	63 11
1227	66 22
1228	63 9
1229	63 11
1230	61 11
1231	62 17
1232	61 8
1233	62 11
1234	63 7
1235	61 10
1236	64 6
1237	63 8
1238	62 7
1239	60 9
1240	62 9
1241	65 8
1242	63 9
1243	67 15
1244	64 11
1245	61 18
1246	62 8
1247	65 4
1248	65 6
1249	66 9
1250	67 11
1251	65 17
1252	70 8
1253	68 8
1254	67 8
1255	68 8
1256	64 22
1257	62 18
1258	59 12
1259	56 9
1260	52 19
1261	52 16
1262	57 10
1263	54 17
1264	56 18
1265	58 18
1266	55 9
1267	50 30
1268	49 19
1269	45 13
1270	47 14
1271	46 18
1272	45 8
1273	47 16
1274	47 10
1275	48 17
1276	46 17
1277	47 17
1278	47 15
1279	50 11
1280	50 5
1281	50 21
1282	47 18
1283	54 15
1284	55 14
1285	55 23
1286	62 7
1287	63 9
1288	58 16
1289	53 13
1290	56 12
1291	55 11
1292	58 11
1293	57 8
1294	57 14
1295	58 6
1296	53 17
1297	55 15
1298	55 7
1299	55 9
1300	55 14
1301	53 15
1302	53 14
1303	53 8
1304	56 13
1305	53 18
1306	55 5
1307	54 12
1308	56 12
1309	53 16
1310	50 12
1311	54 10
1312	52 13
1313	58 8
1314	59 9
1315	58 10
1316	60 15
1317	57 20
1318	56 5
1319	52 14
1320	52 10
1321	54 12
1322	56 16
1323	57 12
1324	58 10
1325	56 9
1326	58 7
1327	56 15
1328	57 13
1329	58 9
1330	56 10
1331	57 12
1332	57 13
1333	56 13
1334	59 10
1335	61 16
1336	62 6
1337	61 17
1338	60 13
1339	65 5
1340	61 15
1341	61 7
1342	57 11
1343	57 5
1344	59 7
1345	57 9
1346	59 13
1347	60 10
1348	61 6
1349	61 9
1350	59 8
1351	64 9
1352	64 15
1353	66 10
1354	66 9
1355	67 8
1356	67 7
1357	69 7
1358	68 14
1359	70 9
1360	71 5
1361	70 4
1362	68 6
1363	69 4
1364	69 6
1365	72 7
1366	71 8
1367	70 9
1368	72 7
1369	69 7
1370	72 7
1371	71 14
1372	71 9
1373	69 12
1374	70 11
1375	72 11
1376	71 14
1377	64 14
1378	62 13
1379	62 9
1380	61 8
1381	57 11
1382	56 14
1383	58 11
1384	58 14
1385	57 14
1386	58 14
1387	57 13
1388	57 12
1389	57 9
1390	61 20
1391	62 14
1392	59 38
1393	63 12
1394	59 22
1395	58 27
1396	61 16
1397	60 20
1398	57 25
1399	58 22
1400	60 15
1401	61 27
1402	62 11
1403	60 9
1404	61 21
1405	54 19
1406	51 21
1407	56 23
1408	58 25
1409	59 40
1410	58 27
1411	64 17
1412	61 40
1413	52 46
1414	54 47
1415	51 45
1416	47 37
1417	46 49
1418	48 58
1419	47 63
1420	51 60
1421	46 50
1422	47 91
1423	42 103
1424	42 101
1425	38 102
1426	34 65
1427	40 86
1428	41 111
1429	37 165
1430	39 121
1431	36 79
1432	37 129
1433	43 100
1434	41 99
1435	40 137
1436	35 111
1437	41 131
1438	44 104
1439	43 125
1440	38 125
1441	48 134
1442	42 117
1443	44 139
1444	46 122
1445	45 116
1446	44 118
1447	42 114
1448	48 116
1449	39 116
1450	43 132
1451	38 111
1452	47 134
1453	48 108
1454	49 118
1455	41 128
1456	44 122
1457	41 127
1458	45 140
1459	43 104
1460	42 138
1461	36 146
1462	41 150
1463	51 156
1464	39 132
1465	49 144
1466	49 124
1467	42 160
1468	42 138
1469	49 135
1470	46 139
1471	39 167
1472	39 126
1473	33 140
1474	42 165
1475	42 150
1476	42 162
1477	42 185
1478	47 133
1479	46 170
1480	48 141
1481	42 124
1482	44 147
1483	44 166
1484	42 185
1485	45 126
1486	41 139
1487	44 139
1488	45 181
1489	49 173
1490	40 159
1491	40 125
1492	38 158
1493	45 148
1494	44 160
1495	40 182
1496	35 177
1497	44 152
1498	44 174
1499	46 148
1500	39 161
1501	43 186
1502	45 195
1503	44 194
1504	43 179
1505	44 183
1506	43 157
1507	42 174
1508	41 171
1509	44 180
1510	50 212
1511	49 163
1512	44 177
1513	42 156
1514	50 164
1515	46 161
1516	39 139
1517	49 147
1518	46 137
1519	45 124
1520	42 141
1521	44 135
1522	42 131
1523	45 121
1524	42 118
1525	44 116
1526	41 143
1527	47 168
1528	39 117
1529	54 103
1530	45 94
1531	50 104
1532	47 122
1533	44 136
1534	40 118
1535	56 115
1536	50 101
1537	53 130
1538	50 115
1539	53 116
1540	49 111
1541	42 121
1542	53 101
1543	48 116
1544	47 136
1545	43 139
1546	43 123
1547	44 123
1548	52 123
1549	41 124
1550	41 128
1551	48 128
1552	45 134
1553	45 131
1554	46 127
1555	49 137
1556	42 141
1557	47 147
1558	38 107
1559	45 128
1560	45 118
1561	45 135
1562	40 149
1563	48 114
1564	52 130
1565	52 115
1566	40 172
1567	38 148
1568	41 132
1569	36 159
1570	41 152
1571	46 137
1572	43 156
1573	37 147
1574	47 135
1575	43 140
1576	43 171
1577	47 155
1578	44 123
1579	44 142
1580	48 140
1581	44 143
1582	46 122
1583	34 156
1584	41 116
1585	40 122
1586	47 98
1587	40 163
1588	48 108
1589	55 131
1590	40 149
1591	54 100
1592	50 136
1593	52 146
1594	55 165
1595	47 145
1596	39 125
1597	42 122
1598	37 133
1599	45 133
1600	39 101
1601	37 119
1602	41 95
1603	40 118
1604	37 103
1605	38 96
1606	36 115
1607	33 103
1608	37 123
1609	40 85
1610	41 132
1611	38 124
1612	38 120
1613	39 123
1614	40 104
1615	34 112
1616	34 131
1617	40 135
1618	40 113
1619	34 135
1620	32 128
1621	40 114
1622	34 138
1623	38 130
1624	37 121
1625	40 112
1626	43 132
1627	42 105
1628	47 121
1629	48 120
1630	48 109
1631	48 122
1632	46 84
1633	41 115
1634	40 101
1635	40 130
1636	41 97
1637	34 103
1638	42 85
1639	39 103
1640	38 84
1641	41 118
1642	41 90
1643	37 100
1644	41 112
1645	42 101
1646	39 78
1647	43 107
1648	36 97
1649	39 106
1650	41 109
1651	36 91
1652	37 89
1653	42 85
1654	39 99
1655	44 97
1656	37 76
1657	39 81
1658	37 101
1659	37 99
1660	39 85
1661	36 120
1662	40 97
1663	42 101
1664	36 118
1665	36 130
1666	37 79
1667	36 117
1668	36 102
1669	34 103
1670	42 102
1671	34 98
1672	35 117
1673	32 116
1674	35 114
1675	37 94
1676	40 90
1677	44 95
1678	42 109
1679	37 117
1680	38 122
1681	42 115
1682	36 117
1683	37 107
1684	35 94
1685	38 78
1686	41 83
1687	40 88
1688	38 86
1689	37 118
1690	35 92
1691	41 98
1692	38 84
1693	41 67
1694	37 60
1695	36 68
1696	36 79
1697	37 87
1698	43 52
1699	41 75
1700	39 54
1701	32 71
1702	38 62
1703	34 69
1704	38 70
1705	43 69
1706	40 59
1707	39 70
1708	42 63
1709	42 60
1710	36 36
1711	35 59
1712	41 61
1713	40 62
1714	38 61
1715	39 57
1716	42 58
1717	41 64
1718	43 60
1719	44 76
1720	40 68
1721	42 58
1722	46 65
1723	46 62
1724	44 52
1725	43 59
1726	45 59
1727	33 61
1728	39 63
1729	36 63
1730	40 53
1731	43 50
1732	45 49
1733	42 63
1734	39 79
1735	40 66
1736	42 62
1737	39 69
1738	38 63
1739	45 57
1740	44 81
1741	39 76
1742	39 90
1743	35 77
1744	37 65
1745	42 86
1746	36 80
1747	36 101
1748	36 117
1749	34 93
1750	33 82
1751	34 90
1752	35 72
1753	35 77
1754	37 67
1755	36 76
1756	40 76
1757	41 62
1758	46 70
1759	41 81
1760	43 81
1761	44 70
1762	48 61
1763	47 60
1764	42 58
1765	41 78
1766	44 70
1767	42 95
1768	45 59
1769	48 50
1770	51 47
1771	45 65
1772	48 49
1773	46 70
1774	44 46
1775	46 62
1776	41 51
1777	46 38
1778	47 40
1779	45 60
1780	46 57
1781	42 65
1782	42 52
1783	47 57
1784	43 64
1785	47 47
1786	48 41
1787	47 43
1788	47 55
1789	47 48
1790	46 59
1791	48 37
1792	41 45
1793	44 47
1794	49 39
1795	51 35
1796	52 46
1797	56 45
1798	56 34
1799	53 29
1800	53 34
1801	59 31
1802	60 35
1803	50 57
1804	55 48
1805	52 42
1806	49 36
1807	51 41
1808	47 41
1809	48 61
1810	52 38
1811	45 45
1812	50 49
1813	51 57
1814	47 72
1815	55 37
1816	56 70
1817	52 56
1818	53 45
1819	48 45
1820	47 91
1821	49 55
1822	48 75
1823	45 81
1824	49 88
1825	52 65
1826	46 73
1827	47 92
1828	46 57
1829	44 113
1830	44 98
1831	50 73
1832	40 85
1833	44 80
1834	43 92
1835	43 94
1836	43 77
1837	45 87
1838	43 83
1839	50 69
1840	46 82
1841	48 84
1842	50 65
1843	46 77
1844	59 44
1845	55 68
1846	57 63
1847	57 64
1848	54 87
1849	56 45
1850	54 73
1851	65 50
1852	60 58
1853	63 69
1854	63 55
1855	55 60
1856	57 33
1857	58 62
1858	53 64
1859	53 52
1860	55 45
1861	55 42
1862	59 48
1863	61 28
1864	58 34
1865	60 33
1866	64 35
1867	57 43
1868	56 46
1869	59 39
1870	58 34
1871	56 36
1872	49 39
1873	54 23
1874	52 39
1875	52 26
1876	54 15
1877	55 31
1878	57 32
1879	57 22
1880	57 18
1881	60 25
1882	61 31
1883	59 26
1884	59 30
1885	61 18
1886	62 16
1887	61 16
1888	60 26
1889	64 15
1890	63 20
1891	61 16
1892	60 14
1893	61 18
1894	61 28
1895	62 18
1896	62 11
1897	63 10
1898	64 13
1899	66 8
1900	65 11
1901	66 11
1902	68 15
1903	67 12
1904	67 7
1905	67 7
1906	67 11
1907	67 9
1908	69 9
1909	67 10
1910	69 8
1911	69 11
1912	73 8
1913	76 6
1914	76 10
1915	75 13
1916	75 12
1917	75 7
1918	75 12
1919	75 9
1920	75 11
1921	77 4
1922	74 17
1923	76 11
1924	71 8
1925	68 9
1926	70 17
1927	71 6
1928	70 13
1929	72 8
1930	65 12
1931	65 9
1932	66 9
1933	67 9
1934	61 16
1935	62 6
1936	63 5
1937	60 7
1938	66 5
1939	65 5
1940	58 11
1941	60 13
1942	66 7
1943	65 7
1944	59 16
1945	63 6
1946	64 9
1947	68 14
1948	66 6
1949	67 7
1950	71 4
1951	68 8
1952	65 6
1953	66 6
1954	71 7
1955	66 12
1956	71 5
1957	71 6
1958	70 8
1959	70 9
1960	74 2
1961	73 5
1962	73 5
1963	75 2
1964	74 9
1965	76 6
1966	72 10
1967	72 6
1968	75 10
1969	74 8
1970	74 10
1971	79 6
1972	76 12
1973	77 8
1974	74 7
1975	72 7
1976	74 12
1977	73 11
1978	75 5
1979	73 2
1980	71 9
1981	72 8
1982	75 6
1983	69 13
1984	69 9
1985	68 6
1986	63 9
1987	69 11
1988	69 8
1989	67 6
1990	70 9
1991	68 7
1992	68 5
1993	70 5
1994	71 8
1995	67 7
1996	67 8
1997	65 10
1998	67 5
1999	66 5
2000	69 9
2001	64 10
2002	64 9
2003	62 10
2004	64 9
2005	66 9
2006	65 8
2007	64 8
2008	64 9
2009	64 7
2010	65 11
2011	64 8
2012	68 4
2013	66 11
2014	67 11
2015	69 8
2016	69 11
2017	70 11
2018	72 6
2019	70 9
2020	70 4
2021	73 10
2022	70 7
2023	73 9
2024	74 7
2025	73 7
2026	73 4
2027	72 11
2028	71 10
2029	67 12
2030	67 5
2031	66 8
2032	69 9
2033	68 4
2034	65 8
2035	68 9
2036	71 6
2037	71 11
2038	75 4
2039	74 8
2040	74 12
2041	77 5
2042	71 10
2043	71 3
2044	70 2
2045	71 3
2046	67 14
2047	68 8
2048	67 7
2049	67 13
2050	62 16
2051	64 7
2052	63 8
2053	65 5
2054	66 11
2055	67 3
2056	70 4
2057	69 4
2058	67 12
2059	70 5
2060	72 5
2061	76 7
2062	74 8
2063	75 7
2064	75 6
2065	78 5
2066	78 7
2067	80 4
2068	82 5
2069	80 11
2070	80 9
2071	81 2
2072	82 6
2073	82 4
2074	83 8
2075	83 7
2076	77 6
2077	79 11
2078	79 4
2079	75 10
2080	78 5
2081	79 6
2082	74 15
2083	72 9
2084	76 6
2085	76 8
2086	78 6
2087	76 11
2088	75 13
2089	74 5
2090	77 12
2091	73 7
2092	74 6
2093	73 9
2094	72 5
2095	73 10
2096	71 6
2097	69 14
2098	72 3
2099	70 5
2100	68 6
2101	69 5
2102	67 10
2103	70 7
2104	70 8
2105	70 3
2106	74 4
2107	78 6
2108	76 11
2109	77 5
2110	76 3
2111	76 3
2112	79 5
2113	78 6
2114	80 4
2115	80 7
2116	80 2
2117	81 8
2118	81 5
2119	80 11
2120	77 7
2121	78 6
2122	76 5
2123	77 4
2124	76 6
2125	78 7
2126	79 4
2127	79 4
2128	80 4
2129	80 3
2130	77 6
2131	78 3
2132	77 6
2133	77 4
2134	74 10
2135	79 4
2136	79 5
2137	78 6
2138	79 5
2139	77 5
2140	78 5
2141	79 5
2142	80 8
2143	80 4
2144	79 5
2145	79 5
2146	75 10
2147	73 8
2148	76 4
2149	75 3
2150	77 2
2151	75 11
2152	77 4
2153	72 8
2154	71 10
2155	76 1
2156	79 1
2157	77 2
2158	75 8
2159	73 6
2160	74 9
2161	78 3
2162	75 7
2163	78 8
2164	77 6
2165	76 14
2166	77 10
2167	79 2
2168	77 8
2169	74 6
2170	75 3
2171	79 5
2172	77 7
2173	78 6
2174	78 3
2175	78 4
2176	73 8
2177	76 3
2178	74 4
2179	73 9
2180	73 8
2181	76 7
2182	76 4
2183	75 6
2184	79 5
2185	82 5
2186	80 7
2187	82 6
2188	82 6
2189	85 3
2190	84 2
2191	85 2
2192	87 8
2193	88 4
2194	87 2
2195	89 4
2196	88 7
2197	87 4
2198	85 5
2199	87 6
2200	87 7
2201	88 3
2202	87 1
2203	86 8
2204	86 4
2205	81 6
2206	81 2
2207	82 8
2208	84 6
2209	82 4
2210	82 5
2211	83 7
2212	82 7
2213	84 3
2214	87 2
2215	85 10
2216	87 6
2217	87 5
2218	87 9
2219	85 9
2220	85 6
2221	83 6
2222	81 9
2223	82 8
2224	81 6
2225	79 10
2226	77 9
2227	74 8
2228	80 7
2229	81 11
2230	80 7
2231	78 9
2232	76 9
2233	73 11
2234	77 12
2235	74 5
2236	75 10
2237	74 14
2238	73 10
2239	76 17
2240	71 18
2241	72 9
2242	72 11
2243	68 12
2244	71 17
2245	71 17
2246	69 11
2247	66 12
2248	67 17
2249	67 13
2250	60 19
2251	63 14
2252	62 23
2253	62 21
2254	63 17
2255	62 17
2256	58 30
2257	65 20
2258	63 19
2259	64 31
2260	60 26
2261	65 25
2262	59 30
2263	59 43
2264	62 38
2265	61 26
2266	61 31
2267	62 29
2268	58 30
2269	60 25
2270	61 32
2271	57 38
2272	57 57
2273	61 51
2274	61 42
2275	58 52
2276	62 29
2277	61 40
2278	56 37
2279	50 61
2280	51 36
2281	53 54
2282	49 64
2283	50 42
2284	50 64
2285	52 51
2286	53 78
2287	47 66
2288	50 52
2289	47 62
2290	49 39
2291	46 49
2292	49 59
2293	49 45
2294	45 47
2295	50 48
2296	50 60
2297	48 49
2298	50 53
2299	47 69
2300	52 47
2301	51 50
2302	48 51
2303	52 45
2304	53 53
2305	55 79
2306	51 81
2307	52 51
2308	50 46
2309	49 46
2310	47 45
2311	50 51
2312	48 48
2313	50 54
2314	47 55
2315	48 41
2316	47 49
2317	45 48
2318	47 51
2319	45 49
2320	43 57
2321	41 40
2322	44 56
2323	48 53
2324	46 48
2325	51 32
2326	48 48
2327	45 62
2328	48 55
2329	44 57
2330	51 51
2331	45 53
2332	48 51
2333	52 58
2334	50 47
2335	51 53
2336	51 52
2337	48 67
2338	51 61
2339	52 69
2340	58 53
2341	50 59
2342	54 78
2343	51 48
2344	48 97
2345	49 57
2346	53 50
2347	50 63
2348	49 60
2349	49 62
2350	46 40
2351	46 45
2352	47 50
2353	51 63
2354	47 42
2355	51 50
2356	52 54
2357	48 58
2358	45 53
2359	45 58
2360	42 53
2361	45 72
2362	42 78
2363	45 51
2364	44 65
2365	37 66
2366	45 67
2367	40 65
2368	44 58
2369	46 43
2370	47 38
2371	47 56
2372	44 62
2373	45 62
2374	46 58
2375	50 46
2376	56 33
2377	58 44
2378	53 49
2379	53 70
2380	54 55
2381	58 65
2382	57 51
2383	59 55
2384	56 58
2385	59 56
2386	59 64
2387	56 40
2388	59 43
2389	56 45
2390	60 52
2391	56 65
2392	58 38
2393	58 50
2394	56 50
2395	56 47
2396	57 42
2397	53 53
2398	52 50
2399	53 51
2400	57 50
2401	57 75
2402	56 54
2403	52 54
2404	48 70
2405	54 61
2406	53 51
2407	53 60
2408	53 43
2409	52 54
2410	51 43
2411	48 85
2412	51 41
2413	48 54
2414	44 75
2415	49 60
2416	51 40
2417	51 75
2418	49 52
2419	48 68
2420	55 61
2421	51 62
2422	52 54
2423	51 44
2424	56 63
2425	55 70
2426	55 57
2427	54 56
2428	50 69
2429	46 43
2430	50 71
2431	50 75
2432	50 85
2433	49 45
2434	47 70
2435	50 55
2436	47 49
2437	50 78
2438	50 60
2439	46 64
2440	52 47
2441	50 60
2442	50 57
2443	54 53
2444	55 50
2445	53 44
2446	58 58
2447	53 62
2448	52 58
2449	59 64
2450	59 41
2451	55 47
2452	48 65
2453	51 53
2454	56 47
2455	51 28
2456	55 48
2457	58 42
2458	53 40
2459	57 42
2460	56 58
2461	55 43
2462	51 58
2463	47 64
2464	52 48
2465	51 50
2466	46 53
2467	53 51
2468	49 38
2469	50 45
2470	51 42
2471	55 43
2472	48 38
2473	44 47
2474	48 38
2475	47 40
2476	48 51
2477	47 50
2478	49 39
2479	44 43
2480	47 42
2481	47 37
2482	49 54
2483	51 53
2484	54 52
2485	50 41
2486	51 35
2487	48 42
2488	50 52
2489	50 37
2490	52 49
2491	52 41
2492	49 37
2493	48 34
2494	47 37
2495	49 32
2496	46 52
2497	48 40
2498	52 40
2499	51 46
2500	51 49
2501	48 50
2502	48 37
2503	51 32
2504	50 53
2505	57 32
2506	52 33
2507	53 38
2508	51 55
2509	50 44
2510	54 32
2511	50 44
2512	47 53
2513	54 36
2514	53 39
2515	53 46
2516	49 38
2517	52 38
2518	50 39
2519	49 36
2520	44 55
2521	47 30
2522	48 40
2523	53 34
2524	52 37
2525	50 30
2526	54 42
2527	52 50
2528	51 59
2529	54 51
2530	57 54
2531	54 40
2532	54 45
2533	54 43
2534	56 51
2535	50 38
2536	55 43
2537	56 40
2538	53 49
2539	49 45
2540	49 47
2541	50 41
2542	46 54
2543	44 42
2544	47 30
2545	46 40
2546	45 57
2547	45 39
2548	48 44
2549	52 32
2550	55 42
2551	54 42
2552	55 50
2553	52 44
2554	51 40
2555	56 31
2556	54 41
2557	57 42
2558	51 39
2559	52 48
2560	50 31
2561	55 35
2562	47 35
2563	48 26
2564	47 38
2565	48 27
2566	47 38
2567	49 25
2568	50 30
2569	47 38
2570	47 35
2571	53 31
2572	51 30
2573	55 26
2574	54 35
2575	54 21
2576	54 31
2577	57 32
2578	54 39
2579	54 40
2580	51 28
2581	51 39
2582	50 31
2583	48 30
2584	48 51
2585	49 29
2586	52 17
2587	51 32
2588	53 37
2589	51 31
2590	50 24
2591	49 25
2592	51 25
2593	51 27
2594	54 32
2595	53 30
2596	54 33
2597	55 18
2598	51 16
2599	51 23
2600	52 19
2601	55 15
2602	52 26
2603	54 25
2604	57 13
2605	58 19
2606	56 18
2607	59 16
2608	57 16
2609	60 13
2610	59 21
2611	60 7
2612	60 18
2613	60 12
2614	59 10
2615	59 18
2616	62 10
2617	63 13
2618	63 11
2619	65 14
2620	64 11
2621	64 15
2622	68 15
2623	68 10
2624	76 14
2625	77 8
2626	79 8
2627	80 7
2628	79 4
2629	78 11
2630	76 8
2631	77 8
2632	77 8
2633	77 4
2634	74 12
2635	76 4
2636	74 4
2637	70 8
2638	72 2
2639	71 10
2640	70 11
2641	69 12
2642	72 5
2643	72 8
2644	74 3
2645	74 3
2646	72 6
2647	76 2
2648	75 7
2649	75 6
2650	76 6
2651	80 6
2652	78 6
2653	80 3
2654	81 2
2655	79 2
2656	81 5
2657	79 3
2658	82 4
2659	80 5
2660	82 4
2661	84 3
2662	86 1
2663	84 6
2664	86 6
2665	85 6
2666	88 3
2667	86 2
2668	85 6
2669	85 1
2670	84 9
2671	87 3
2672	80 9
2673	83 4
2674	82 3
2675	82 4
2676	78 10
2677	80 3
2678	82 3
2679	82 3
2680	79 11
2681	79 5
2682	80 8
2683	78 5
2684	79 3
2685	79 6
2686	79 4
2687	79 3
2688	80 7
2689	81 3
2690	79 3
2691	78 5
2692	78 5
2693	75 9
2694	74 7
2695	75 2
2696	76 3
2697	75 5
2698	77 4
2699	75 6
2700	77 4
2701	77 4
2702	76 3
2703	76 5
2704	77 5
2705	81 2
2706	81 5
2707	81 6
2708	81 16
2709	79 6
2710	81 5
2711	80 4
2712	80 1
2713	81 8
2714	80 5
2715	79 6
2716	79 8
2717	76 6
2718	77 3
2719	78 8
2720	78 4
2721	78 6
2722	80 1
2723	79 4
2724	78 4
2725	80 7
2726	78 11
2727	78 5
2728	75 4
2729	74 4
2730	70 13
2731	66 4
2732	66 9
2733	68 4
2734	69 5
2735	73 9
2736	70 8
2737	70 9
2738	72 5
2739	70 7
2740	73 2
2741	70 4
2742	70 6
2743	72 4
2744	71 8
2745	76 5
2746	77 6
2747	73 6
2748	76 4
2749	78 3
2750	75 15
2751	77 5
2752	77 1
2753	76 5
2754	75 3
2755	74 4
2756	71 12
2757	72 8
2758	72 7
2759	72 5
2760	73 2
2761	74 5
2762	75 2
2763	74 1
2764	73 5
2765	75 4
2766	76 6
2767	73 13
2768	76 2
2769	76 3
2770	76 4
2771	76 3
2772	78 2
2773	77 4
2774	78 5
2775	81 7
2776	83 6
2777	86 0
2778	83 7
2779	82 2
2780	78 7
2781	79 4
2782	81 5
2783	80 4
2784	79 5
2785	83 3
2786	82 3
2787	83 4
2788	80 6
2789	81 4
2790	80 3
2791	78 3
2792	80 2
2793	78 3
2794	79 0
2795	79 1
2796	79 2
2797	82 2
2798	82 2
2799	81 2
2800	82 2
2801	82 3
2802	85 2
2803	84 3
2804	81 6
2805	84 1
2806	87 3
2807	90 1
2808	90 1
2809	88 2
2810	87 4
2811	84 6
2812	83 3
2813	83 3
2814	84 4
2815	85 2
2816	85 0
2817	85 5
2818	83 5
2819	84 4
2820	85 2
2821	87 2
2822	87 4
2823	89 2
2824	87 2
2825	88 6
2826	89 0
2827	89 1
2828	88 4
2829	89 3
2830	89 1
2831	89 2
2832	85 2
2833	87 2
2834	86 2
2835	87 2
2836	88 2
2837	88 2
2838	81 8
2839	83 1
2840	82 3
2841	83 1
2842	81 4
2843	83 2
2844	84 8
2845	82 2
2846	82 1
2847	82 3
2848	84 0
2849	83 3
2850	83 4
2851	85 3
2852	83 8
2853	82 3
2854	81 4
2855	82 4
2856	80 4
2857	83 1
2858	82 2
2859	81 6
2860	81 3
2861	79 2
2862	79 4
2863	80 2
2864	81 2
2865	79 3
2866	77 7
2867	76 6
2868	76 2
2869	77 0
2870	78 4
2871	79 4
2872	79 3
2873	77 6
2874	78 3
2875	80 3
2876	80 2
2877	82 1
2878	81 3
2879	82 2
2880	79 3
2881	81 1
2882	80 3
2883	81 3
2884	85 5
2885	85 0
2886	85 0
2887	85 2
2888	84 3
2889	83 3
2890	85 0
2891	85 1
2892	87 3
2893	89 2
2894	87 2
2895	88 2
2896	89 2
2897	89 1
2898	89 3
2899	86 6
2900	88 1
2901	88 1
2902	86 4
2903	85 5
2904	88 1
2905	86 1
2906	86 3
2907	84 3
2908	86 5
2909	86 4
2910	85 5
2911	87 1
2912	88 1
2913	89 1
2914	88 1
2915	88 2
2916	89 0
2917	90 0
2918	88 2
2919	90 1
2920	85 4
2921	87 1
2922	88 3
2923	90 0
2924	91 2
2925	91 2
2926	91 2
2927	92 0
2928	90 4
2929	90 3
2930	91 3
2931	93 1
2932	93 3
2933	94 3
2934	93 2
2935	93 0
2936	91 4
2937	90 3
2938	89 3
2939	91 0
2940	90 1
2941	90 1
2942	91 1
2943	90 2
2944	91 1
2945	90 2
2946	90 4
2947	92 0
2948	93 0
2949	93 1
2950	90 7
2951	92 2
2952	92 4
2953	90 1
2954	90 4
2955	92 0
2956	92 2
2957	93 4
2958	91 0
2959	90 1
2960	89 2
2961	90 2
2962	88 3
2963	86 2
2964	86 3
2965	88 3
2966	88 1
2967	89 2
2968	89 3
2969	88 2
2970	88 2
2971	88 5
2972	88 1
2973	90 3
2974	89 2
2975	88 2
2976	89 2
2977	89 4
2978	91 1
2979	89 5
2980	91 2
2981	90 1
2982	89 3
2983	90 2
2984	90 3
2985	90 4
2986	91 0
2987	91 1
2988	90 3
2989	92 1
2990	91 6
2991	89 2
2992	90 4
2993	91 4
2994	91 3
2995	90 2
2996	90 7
2997	90 3
2998	89 5
2999	90 2
3000	90 1
3001	91 3
3002	90 4
3003	92 5
3004	91 6
3005	92 3
3006	91 3
3007	93 2
3008	93 2
3009	93 3
3010	92 3
3011	91 3
3012	92 0
3013	91 3
3014	92 2
3015	91 3
3016	92 1
3017	89 7
3018	93 1
3019	92 4
3020	91 5
3021	92 1
3022	92 2
3023	93 1
3024	93 2
3025	91 2
3026	92 2
3027	90 3
3028	89 6
3029	91 5
3030	91 3
3031	91 3
3032	90 4
3033	90 2
3034	85 6
3035	85 4
3036	85 5
3037	85 2
3038	87 3
3039	86 7
3040	86 2
3041	86 2
3042	86 2
3043	83 8
3044	81 7
3045	82 2
3046	77 9
3047	79 3
3048	80 5
3049	82 10
3050	79 5
3051	81 6
3052	80 4
3053	79 3
3054	78 5
3055	79 5
3056	78 7
3057	76 4
3058	79 2
3059	79 5
3060	74 5
3061	74 5
3062	77 1
3063	75 5
3064	72 7
3065	74 4
3066	76 3
3067	78 4
3068	78 5
3069	77 3
3070	74 8
3071	78 6
3072	78 5
3073	75 8
3074	79 4
3075	80 3
3076	81 6
3077	79 5
3078	76 4
3079	82 2
3080	78 4
3081	78 7
3082	77 3
3083	76 6
3084	75 5
3085	76 3
3086	78 1
3087	75 7
3088	75 4
3089	75 8
3090	76 2
3091	75 9
3092	78 6
3093	76 5
3094	77 10
3095	78 2
3096	77 5
3097	72 13
3098	73 7
3099	73 13
3100	72 10
3101	73 11
3102	72 12
3103	70 14
3104	72 8
3105	73 8
3106	72 13
3107	72 14
3108	73 9
3109	72 16
3110	76 7
3111	76 11
3112	74 5
3113	74 9
3114	75 9
3115	71 17
3116	75 9
3117	75 7
3118	72 10
3119	75 10
3120	72 19
3121	70 16
3122	72 14
3123	71 14
3124	67 24
3125	65 17
3126	63 20
3127	63 15
3128	65 9
3129	63 20
3130	64 11
3131	70 14
3132	69 17
3133	64 22
3134	69 21
3135	70 13
3136	69 16
3137	66 23
3138	67 23
3139	57 23
3140	62 15
3141	59 20
3142	59 20
3143	59 33
3144	57 30
3145	55 31
3146	58 17
3147	57 19
3148	57 21
3149	49 35
3150	51 29
3151	51 15
3152	52 24
3153	54 18
3154	52 26
3155	54 27
3156	55 22
3157	58 14
3158	59 14
3159	58 24
3160	57 20
3161	57 16
3162	59 30
3163	63 12
3164	63 22
3165	62 17
3166	60 23
3167	63 19
3168	63 14
3169	62 18
3170	60 20
3171	60 26
3172	60 22
3173	62 12
3174	65 11
3175	60 20
3176	62 13
3177	64 20
3178	65 13
3179	64 27
3180	66 18
3181	64 16
3182	61 16
3183	61 20
3184	60 22
3185	59 19
3186	58 30
3187	59 23
3188	60 17
3189	64 25
3190	63 26
3191	58 22
3192	60 21
3193	60 21
3194	61 21
3195	56 12
3196	56 19
3197	55 27
3198	57 18
3199	56 17
3200	57 28
3201	61 15
3202	59 25
3203	56 42
3204	58 24
3205	60 31
3206	58 30
3207	61 21
3208	61 23
3209	58 23
3210	53 26
3211	57 37
3212	53 22
3213	56 32
3214	57 35
3215	59 28
3216	58 38
3217	61 35
3218	64 29
3219	64 29
3220	62 26
3221	64 39
3222	64 36
3223	64 34
3224	63 16
3225	61 46
3226	60 18
3227	57 26
3228	61 32
3229	63 23
3230	61 31
3231	60 17
3232	57 33
3233	58 21
3234	57 20
3235	56 27
3236	56 27
3237	56 18
3238	55 29
3239	61 24
3240	58 22
3241	60 16
3242	57 23
3243	58 26
3244	57 35
3245	61 15
3246	60 22
3247	61 24
3248	62 17
3249	59 22
3250	62 23
3251	60 29
3252	60 18
3253	58 27
3254	61 28
3255	59 10
3256	57 25
3257	60 18
3258	58 22
3259	55 21
3260	57 23
3261	57 27
3262	56 32
3263	55 19
3264	55 28
3265	53 14
3266	56 31
3267	56 27
3268	56 17
3269	56 22
3270	53 37
3271	53 40
3272	52 28
3273	51 31
3274	51 48
3275	53 31
3276	53 38
3277	54 34
3278	54 43
3279	56 26
3280	54 33
3281	57 35
3282	57 27
3283	56 40
3284	59 39
3285	60 21
3286	59 24
3287	59 33
3288	63 22
3289	62 17
3290	60 21
3291	61 29
3292	60 31
3293	59 21
3294	56 27
3295	58 19
3296	57 20
3297	56 20
3298	55 17
3299	54 25
3300	56 23
3301	57 17
3302	55 17
3303	54 20
3304	57 8
3305	56 10
3306	57 20
3307	59 17
3308	56 14
3309	61 12
3310	58 19
3311	60 9
3312	58 7
3313	60 15
3314	60 18
3315	58 14
3316	62 6
3317	59 13
3318	62 8
3319	63 11
3320	64 15
3321	63 13
3322	64 4
3323	65 7
3324	63 13
3325	61 10
3326	65 9
3327	62 9
3328	63 14
3329	66 12
3330	65 12
3331	64 10
3332	64 13
3333	64 11
3334	62 15
3335	65 5
3336	66 14
3337	68 6
3338	65 15
3339	68 12
3340	69 10
3341	70 12
3342	68 5
3343	70 7
3344	70 8
3345	72 8
3346	74 11
3347	74 5
3348	74 3
3349	75 2
3350	73 4
3351	75 2
3352	73 6
3353	74 3
3354	74 8
3355	75 9
3356	76 5
3357	79 4
3358	79 4
3359	81 1
3360	76 6
3361	75 12
3362	73 12
3363	76 6
3364	77 7
3365	75 11
3366	73 17
3367	73 7
3368	74 6
3369	72 12
3370	71 5
3371	74 7
3372	74 2
3373	73 4
3374	72 8
3375	74 5
3376	74 12
3377	76 2
3378	74 5
3379	74 3
3380	77 3
3381	78 10
3382	81 3
3383	81 4
3384	80 4
3385	81 2
3386	80 7
3387	82 3
3388	81 1
3389	78 5
3390	80 3
3391	80 4
3392	81 0
3393	82 2
3394	78 3
3395	81 3
3396	81 0
3397	81 3
3398	81 2
3399	83 0
3400	82 3
3401	83 1
3402	86 0
3403	84 4
3404	84 1
3405	87 3
3406	90 0
3407	91 2
3408	92 0
3409	92 1
3410	92 1
3411	93 0
3412	92 1
3413	93 0
3414	94 0
3415	92 1
3416	95 0
3417	95 0
3418	95 0
3419	95 0
3420	94 1
3421	95 0
3422	95 0
3423	95 0
3424	96 0
3425	96 0
3426	97 1
3427	98 0
3428	98 0
3429	98 0
3430	98 1
