11	100 1
12	100 0
13	100 0
14	100 0
15	100 0
16	100 0
17	100 0
18	100 0
19	100 0
20	100 0
21	100 0
22	100 0
23	100 0
24	100 0
25	100 0
26	100 0
27	100 0
28	100 0
29	100 0
30	100 0
31	100 0
32	100 0
33	100 0
34	100 0
35	100 0
36	100 0
37	100 0
38	100 0
39	100 0
40	100 0
41	100 0
42	100 0
43	100 0
44	100 0
45	100 0
46	100 0
47	100 0
48	100 0
49	100 0
50	100 0
51	100 0
52	100 0
53	100 0
54	100 0
55	100 1
56	100 0
57	100 1
58	100 0
59	100 1
60	100 1
61	100 2
62	100 0
63	100 0
64	100 0
65	100 0
66	100 1
67	100 1
68	100 0
69	100 5
70	100 2
71	100 7
72	95 11
73	88 89
74	64 517
75	51 91
76	34 555
77	28 436
78	26 514
79	25 395
80	25 340
81	26 216
82	26 178
83	25 224
84	21 205
85	20 204
86	22 206
87	26 180
88	33 123
89	35 210
90	36 168
91	35 267
92	47 215
93	41 273
94	39 213
95	41 254
96	51 152
97	49 243
98	42 279
99	44 306
100	44 350
101	41 238
102	45 187
103	46 281
104	42 290
105	44 294
106	43 324
107	48 161
108	51 181
109	43 202
110	45 289
111	38 237
112	46 285
113	41 265
114	47 170
115	42 229
116	50 294
117	42 231
118	44 305
119	45 255
120	51 220
121	55 179
122	47 176
123	43 261
124	37 255
125	44 251
126	43 179
127	44 185
128	45 207
129	47 168
130	46 256
131	41 272
132	37 253
133	47 219
134	43 270
135	47 279
136	52 178
137	50 259
138	53 292
139	56 273
140	53 301
141	57 201
142	65 121
143	63 141
144	64 228
145	57 313
146	60 300
147	61 227
148	55 188
149	54 228
150	53 230
151	53 162
152	58 213
153	53 144
154	55 82
155	54 130
156	56 177
157	50 144
158	46 129
159	51 197
160	48 96
161	45 85
162	46 145
163	44 92
164	45 86
165	46 127
166	44 105
167	46 93
168	44 77
169	46 81
170	46 74
171	47 124
172	48 84
173	49 59
174	54 60
175	49 42
176	50 40
177	51 49
178	52 46
179	50 35
180	49 36
181	50 17
182	50 30
183	52 34
184	55 21
185	55 22
186	59 28
187	59 15
188	57 21
189	59 21
190	67 31
191	73 18
192	74 23
193	78 26
194	78 20
195	78 10
196	77 23
197	77 16
198	78 18
199	78 12
200	78 22
201	75 20
202	80 15
203	80 16
204	79 15
205	78 27
206	77 14
207	76 26
208	79 12
209	82 13
210	81 32
211	75 30
212	79 21
213	83 16
214	80 24
215	76 13
216	73 31
217	76 12
218	74 35
219	70 16
220	69 13
221	69 14
222	72 31
223	68 33
224	71 31
225	71 53
226	70 19
227	75 18
228	73 43
229	75 19
230	74 16
231	75 27
232	76 26
233	74 21
234	76 34
235	76 29
236	80 34
237	76 14
238	77 22
239	80 21
240	79 19
241	79 22
242	78 22
243	79 22
244	79 21
245	79 20
246	78 35
247	77 24
248	78 26
249	80 16
250	80 40
251	82 28
252	81 21
253	81 7
254	80 17
255	82 14
256	80 42
257	84 12
258	82 19
259	82 24
260	82 27
261	80 34
262	80 17
263	75 25
264	76 17
265	79 10
266	73 21
267	74 24
268	74 10
269	70 16
270	71 15
271	72 11
272	69 16
273	70 10
274	68 20
275	71 10
276	71 15
277	74 16
278	75 9
279	77 13
280	77 13
281	82 11
282	78 18
283	78 16
284	78 17
285	78 10
286	80 2
287	79 14
288	78 11
289	78 10
290	80 6
291	79 12
292	76 17
293	79 14
294	80 14
295	78 10
296	80 7
297	80 12
298	79 11
299	75 27
300	73 14
301	75 7
302	76 6
303	77 20
304	74 32
305	63 9
306	62 22
307	62 10
308	64 8
309	65 4
310	64 8
311	62 5
312	62 10
313	60 7
314	63 6
315	65 9
316	65 3
317	70 3
318	73 8
319	74 3
320	76 6
321	79 6
322	81 8
323	82 4
324	83 2
325	85 6
326	88 4
327	86 7
328	87 4
329	87 8
330	86 15
331	85 7
332	81 11
333	82 6
334	84 6
335	83 15
336	80 13
337	79 6
338	78 13
339	80 1
340	80 7
341	80 5
342	76 13
343	80 15
344	80 4
345	80 6
346	79 3
347	80 5
348	80 6
349	81 8
350	82 2
351	81 4
352	83 2
353	83 9
354	84 6
355	85 6
356	88 4
357	87 8
358	86 11
359	86 5
360	84 5
361	88 4
362	85 8
363	87 3
364	90 2
365	87 3
366	87 13
367	87 8
368	87 4
369	87 8
370	88 4
371	87 3
372	88 13
373	87 3
374	87 1
375	86 13
376	90 7
377	88 6
378	91 3
379	90 5
380	87 9
381	91 4
382	89 4
383	89 2
384	89 7
385	91 6
386	92 6
387	92 5
388	93 2
389	93 3
390	91 3
391	90 10
392	91 5
393	92 3
394	90 7
395	91 4
396	92 2
397	93 0
398	90 10
399	90 9
400	89 8
401	89 9
402	88 10
403	86 9
404	88 5
405	87 14
406	89 4
407	87 7
408	90 4
409	89 5
410	87 6
411	85 8
412	88 6
413	87 3
414	85 9
415	88 1
416	89 4
417	87 10
418	88 8
419	89 4
420	89 1
421	88 6
422	88 7
423	88 11
424	88 6
425	88 1
426	88 13
427	89 7
428	88 7
429	87 8
430	90 1
431	90 0
432	88 4
433	90 1
434	88 3
435	88 4
436	87 2
437	87 4
438	88 1
439	88 4
440	89 1
441	88 3
442	88 4
443	89 1
444	88 2
445	89 4
446	91 3
447	91 2
448	94 0
449	95 0
450	94 4
451	95 1
452	94 2
453	93 2
454	93 4
455	93 3
456	93 4
457	93 2
458	90 4
459	93 1
460	93 1
461	92 6
462	92 3
463	91 6
464	93 4
465	93 5
466	92 1
467	92 1
468	90 2
469	91 2
470	91 2
471	91 3
472	93 1
473	89 3
474	92 5
475	93 3
476	93 1
477	94 3
478	92 2
479	92 4
480	92 1
481	88 5
482	87 4
483	89 5
484	88 4
485	90 2
486	90 3
487	90 5
488	88 6
489	89 4
490	89 4
491	87 6
492	91 9
493	88 11
494	91 9
495	91 6
496	95 0
497	92 15
498	95 6
499	93 16
500	93 5
501	92 19
502	92 12
503	87 6
504	89 8
505	88 20
506	89 18
507	90 10
508	89 12
509	88 10
510	89 7
511	89 6
512	88 7
513	86 9
514	86 7
515	84 12
516	87 10
517	87 9
518	86 5
519	83 11
520	86 11
521	88 7
522	87 9
523	88 20
524	82 253
525	65 214
526	64 38
527	45 224
528	47 199
529	44 348
530	45 175
531	42 271
532	41 222
533	47 60
534	43 258
535	41 309
536	42 228
537	44 277
538	45 398
539	48 96
540	48 469
541	42 456
542	45 392
543	48 345
544	43 275
545	40 233
546	46 188
547	46 204
548	47 162
549	40 236
550	44 237
551	42 222
552	47 284
553	47 254
554	49 135
555	45 223
556	47 296
557	52 326
558	66 354
559	56 439
560	61 484
561	69 178
562	64 616
563	66 560
564	66 627
565	69 505
566	70 360
567	69 336
568	58 257
569	49 342
570	61 281
571	47 208
572	42 244
573	56 170
574	45 153
575	43 247
576	55 188
577	50 165
578	52 243
579	52 192
580	59 194
581	52 197
582	53 203
583	52 223
584	54 223
585	50 228
586	51 189
587	54 112
588	48 197
589	45 278
590	50 275
591	39 218
592	45 204
593	54 86
594	52 181
595	54 184
596	47 170
597	44 213
598	53 148
599	50 129
600	45 163
601	39 213
602	39 192
603	38 185
604	38 197
605	42 150
606	48 119
607	44 206
608	39 181
609	46 122
610	44 162
611	47 132
612	47 136
613	40 157
614	45 136
615	45 126
616	37 152
617	43 140
618	48 137
619	41 176
620	44 127
621	46 183
622	53 146
623	40 183
624	45 201
625	53 160
626	54 164
627	56 178
628	47 173
629	46 165
630	43 169
631	48 120
632	49 139
633	51 145
634	54 134
635	51 201
636	53 197
637	47 157
638	50 144
639	46 160
640	46 193
641	47 214
642	47 205
643	59 200
644	48 223
645	40 233
646	49 182
647	49 184
648	56 167
649	48 163
650	50 196
651	45 185
652	55 176
653	50 167
654	50 162
655	50 181
656	50 165
657	46 156
658	46 224
659	45 172
660	44 157
661	41 162
662	40 154
663	40 167
664	38 176
665	42 180
666	45 160
667	41 127
668	45 143
669	43 157
670	47 109
671	40 159
672	47 169
673	46 138
674	40 154
675	49 216
676	51 171
677	42 188
678	47 152
679	45 174
680	49 161
681	43 145
682	51 133
683	46 140
684	42 205
685	51 169
686	54 145
687	54 169
688	54 193
689	48 173
690	46 160
691	53 172
692	50 158
693	45 181
694	43 197
695	49 121
696	54 150
697	59 197
698	58 149
699	54 160
700	54 177
701	58 183
702	60 153
703	55 184
704	62 180
705	53 184
706	56 265
707	59 227
708	60 201
709	53 227
710	59 162
711	50 142
712	51 224
713	51 212
714	51 145
715	46 208
716	54 195
717	50 134
718	61 186
719	44 131
720	53 121
721	55 164
722	53 133
723	43 160
724	51 195
725	46 189
726	47 175
727	53 124
728	49 132
729	48 120
730	53 116
731	53 105
732	52 109
733	45 109
734	46 136
735	46 163
736	49 134
737	52 152
738	44 121
739	49 154
740	43 127
741	42 120
742	42 176
743	46 144
744	43 148
745	50 163
746	45 120
747	52 160
748	44 176
749	48 164
750	46 102
751	51 122
752	54 132
753	50 107
754	52 126
755	45 124
756	44 116
757	46 151
758	48 108
759	52 118
760	49 81
761	43 100
762	49 93
763	46 113
764	49 72
765	46 110
766	49 104
767	49 88
768	52 97
769	54 96
770	53 105
771	51 103
772	49 135
773	49 157
774	43 116
775	50 111
776	49 93
777	44 110
778	44 135
779	42 102
780	45 122
781	46 120
782	42 137
783	50 122
784	43 115
785	48 117
786	44 138
787	45 128
788	47 158
789	51 97
790	54 132
791	49 162
792	50 119
793	51 149
794	56 122
795	61 171
796	64 125
797	61 113
798	58 108
799	56 125
800	54 115
801	61 115
802	64 113
803	65 114
804	58 143
805	69 144
806	61 139
807	65 133
808	65 162
809	71 106
810	66 119
811	58 128
812	61 124
813	54 130
814	61 136
815	64 107
816	56 130
817	50 119
818	49 153
819	55 119
820	54 130
821	62 127
822	65 140
823	61 126
824	61 119
825	55 139
826	51 139
827	56 168
828	54 114
829	51 119
830	50 155
831	49 157
832	56 162
833	55 150
834	51 113
835	50 138
836	43 114
837	46 113
838	48 90
839	49 128
840	57 115
841	52 122
842	53 121
843	57 83
844	43 143
845	44 93
846	47 103
847	48 153
848	48 129
849	42 178
850	53 149
851	49 122
852	47 127
853	43 159
854	44 176
855	53 101
856	56 115
857	63 129
858	53 134
859	60 128
860	59 127
861	51 123
862	48 152
863	50 106
864	49 120
865	51 107
866	49 126
867	52 120
868	50 150
869	50 113
870	54 128
871	57 137
872	48 171
873	61 125
874	53 137
875	58 140
876	60 174
877	61 128
878	67 131
879	70 142
880	61 141
881	58 143
882	58 173
883	57 136
884	58 138
885	62 137
886	67 159
887	57 154
888	60 188
889	64 134
890	60 159
891	53 134
892	59 168
893	64 133
894	66 185
895	65 154
896	71 191
897	66 141
898	61 156
899	61 148
900	62 178
901	67 152
902	55 176
903	65 169
904	65 192
905	66 198
906	60 171
907	62 196
908	56 239
909	62 191
910	58 173
911	62 128
912	55 186
913	56 127
914	53 130
915	52 153
916	65 162
917	57 112
918	56 124
919	50 124
920	48 108
921	50 133
922	53 88
923	50 69
924	48 71
925	44 77
926	44 103
927	44 74
928	48 62
929	45 51
930	49 35
931	45 65
932	49 50
933	48 47
934	47 39
935	47 43
936	48 49
937	48 30
938	47 36
939	46 24
940	48 27
941	48 26
942	47 30
943	48 16
944	53 14
945	57 25
946	58 15
947	55 17
948	60 20
949	59 22
950	64 15
951	61 22
952	63 12
953	62 15
954	60 16
955	58 16
956	64 15
957	62 11
958	63 12
959	61 12
960	62 16
961	65 15
962	64 20
963	66 12
964	63 28
965	63 14
966	63 13
967	66 17
968	61 19
969	60 15
970	54 16
971	55 21
972	51 20
973	53 18
974	52 15
975	56 10
976	55 12
977	53 14
978	53 11
979	56 14
980	54 20
981	60 11
982	59 11
983	56 18
984	60 9
985	51 17
986	59 13
987	60 8
988	64 16
989	61 14
990	68 14
991	69 15
992	71 10
993	73 14
994	73 12
995	72 11
996	72 13
997	71 24
998	71 16
999	70 12
1000	68 16
1001	67 17
1002	69 12
1003	67 12
1004	70 15
1005	68 17
1006	69 17
1007	70 9
1008	71 20
1009	68 10
1010	70 15
1011	71 10
1012	63 19
1013	61 17
1014	63 17
1015	61 16
1016	60 11
1017	59 21
1018	58 17
1019	62 10
1020	58 17
1021	56 18
1022	59 17
1023	54 20
1024	51 15
1025	54 11
1026	56 26
1027	55 15
1028	55 11
1029	54 11
1030	54 14
1031	57 15
1032	59 8
1033	58 14
1034	59 11
1035	57 15
1036	58 14
1037	63 4
1038	61 18
1039	66 12
1040	65 15
1041	68 13
1042	69 8
1043	71 7
1044	68 11
1045	68 14
1046	71 11
1047	66 19
1048	71 17
1049	68 16
1050	74 10
1051	73 11
1052	72 14
1053	74 12
1054	74 7
1055	76 8
1056	79 8
1057	78 13
1058	73 22
1059	72 10
1060	73 8
1061	74 12
1062	72 6
1063	73 19
1064	73 15
1065	71 14
1066	73 9
1067	71 13
1068	70 22
1069	67 19
1070	66 17
1071	66 9
1072	67 12
1073	67 11
1074	62 20
1075	60 19
1076	62 13
1077	57 14
1078	56 21
1079	59 14
1080	59 15
1081	58 22
1082	59 13
1083	56 18
1084	57 12
1085	55 15
1086	56 8
1087	59 10
1088	60 16
1089	60 12
1090	57 12
1091	56 13
1092	55 12
1093	58 3
1094	58 13
1095	56 14
1096	59 15
1097	61 14
1098	61 10
1099	61 16
1100	68 5
1101	66 12
1102	63 11
1103	65 8
1104	67 14
1105	66 12
1106	69 2
1107	70 3
1108	67 10
1109	70 7
1110	72 7
1111	72 15
1112	75 12
1113	77 11
1114	78 12
1115	77 11
1116	76 9
1117	73 15
1118	75 10
1119	78 6
1120	77 10
1121	79 3
1122	72 13
1123	80 3
1124	78 7
1125	76 5
1126	74 10
1127	75 9
1128	73 10
1129	76 12
1130	75 16
1131	76 8
1132	73 8
1133	68 10
1134	66 15
1135	69 14
1136	67 9
1137	70 9
1138	69 16
1139	70 7
1140	66 14
1141	69 8
1142	68 8
1143	71 4
1144	69 13
1145	64 12
1146	60 11
1147	57 17
1148	59 12
1149	62 8
1150	58 21
1151	62 18
1152	57 8
1153	57 24
1154	54 21
1155	50 10
1156	53 19
1157	49 16
1158	48 15
1159	49 15
1160	49 20
1161	51 22
1162	46 17
1163	44 19
1164	46 16
1165	46 13
1166	46 17
1167	48 5
1168	48 11
1169	47 12
1170	51 9
1171	46 12
1172	50 14
1173	50 9
1174	49 14
1175	47 10
1176	48 13
1177	48 8
1178	47 15
1179	49 17
1180	49 14
1181	51 13
1182	50 12
1183	53 19
1184	54 7
1185	55 11
1186	54 17
1187	57 6
1188	58 12
1189	54 19
1190	59 10
1191	63 10
1192	61 7
1193	65 6
1194	63 17
1195	63 15
1196	61 12
1197	62 15
1198	60 12
1199	61 19
1200	59 8
1201	58 10
1202	58 8
1203	61 5
1204	56 14
1205	61 11
1206	59 7
1207	60 13
1208	60 10
1209	57 11
1210	63 3
1211	62 10
1212	61 10
1213	61 11
1214	66 9
1215	66 6
1216	67 12
1217	69 16
1218	74 10
1219	69 13
1220	68 12
1221	68 14
1222	68 5
1223	68 7
1224	65 12
1225	61 2
1226	60 11
1227	62 22
1228	61 9
1229	61 11
1230	58 11
1231	58 17
1232	59 8
1233	60 11
1234	60 7
1235	58 10
1236	61 6
1237	59 8
1238	59 7
1239	57 9
1240	59 9
1241	62 8
1242	59 9
1243	62 15
1244	60 11
1245	58 18
1246	59 8
1247	63 4
1248	61 6
1249	65 9
1250	61 11
1251	56 17
1252	60 8
1253	57 8
1254	58 8
1255	57 8
1256	54 22
1257	51 18
1258	50 12
1259	48 9
1260	47 19
1261	47 16
1262	52 10
1263	53 17
1264	54 18
1265	54 18
1266	50 9
1267	47 30
1268	49 19
1269	46 13
1270	51 14
1271	50 18
1272	48 8
1273	47 16
1274	50 10
1275	49 17
1276	46 17
1277	47 17
1278	48 15
1279	50 11
1280	55 5
1281	53 21
1282	47 18
1283	58 15
1284	60 14
1285	57 23
1286	62 7
1287	65 9
1288	62 16
1289	57 13
1290	59 12
1291	59 11
1292	58 11
1293	53 8
1294	51 14
1295	53 6
1296	51 17
1297	51 15
1298	52 7
1299	53 9
1300	52 14
1301	50 15
1302	50 14
1303	52 8
1304	54 13
1305	51 18
1306	55 5
1307	53 12
1308	54 12
1309	52 16
1310	51 12
1311	52 10
1312	52 13
1313	55 8
1314	58 9
1315	56 10
1316	57 15
1317	55 20
1318	55 5
1319	50 14
1320	50 10
1321	51 12
1322	52 16
1323	55 12
1324	53 10
1325	55 9
1326	58 7
1327	57 15
1328	55 13
1329	55 9
1330	56 10
1331	57 12
1332	58 13
1333	58 13
1334	59 10
1335	58 16
1336	56 6
1337	56 17
1338	57 13
1339	61 5
1340	60 15
1341	59 7
1342	57 11
1343	54 5
1344	56 7
1345	54 9
1346	59 13
1347	60 10
1348	62 6
1349	64 9
1350	62 8
1351	66 9
1352	65 15
1353	68 10
1354	65 9
1355	68 8
1356	65 7
1357	67 7
1358	64 14
1359	66 9
1360	69 5
1361	70 4
1362	69 6
1363	68 4
1364	71 6
1365	72 7
1366	70 8
1367	72 9
1368	73 7
1369	70 7
1370	70 7
1371	70 14
1372	74 9
1373	73 12
1374	73 11
1375	73 11
1376	72 14
1377	69 14
1378	67 13
1379	62 9
1380	63 8
1381	62 11
1382	59 14
1383	61 11
1384	60 14
1385	59 14
1386	64 14
1387	62 13
1388	60 12
1389	63 9
1390	61 20
1391	63 14
1392	58 38
1393	63 12
1394	59 22
1395	60 27
1396	60 16
1397	63 20
1398	58 25
1399	61 22
1400	66 15
1401	65 27
1402	64 11
1403	66 9
1404	66 21
1405	62 19
1406	59 21
1407	61 23
1408	59 25
1409	62 40
1410	57 27
1411	64 17
1412	61 40
1413	51 46
1414	49 47
1415	43 45
1416	44 37
1417	43 49
1418	44 58
1419	46 63
1420	48 60
1421	45 50
1422	48 91
1423	40 103
1424	42 101
1425	36 102
1426	35 65
1427	38 86
1428	40 111
1429	34 165
1430	37 121
1431	37 79
1432	35 129
1433	38 100
1434	38 99
1435	34 137
1436	34 111
1437	39 131
1438	43 104
1439	38 125
1440	36 125
1441	48 134
1442	38 117
1443	34 139
1444	43 122
1445	40 116
1446	42 118
1447	43 114
1448	54 116
1449	35 116
1450	44 132
1451	42 111
1452	47 134
1453	44 108
1454	40 118
1455	33 128
1456	38 122
1457	36 127
1458	39 140
1459	40 104
1460	39 138
1461	38 146
1462	32 150
1463	40 156
1464	35 132
1465	41 144
1466	39 124
1467	35 160
1468	41 138
1469	38 135
1470	41 139
1471	38 167
1472	43 126
1473	39 140
1474	42 165
1475	48 150
1476	39 162
1477	37 185
1478	47 133
1479	44 170
1480	49 141
1481	49 124
1482	50 147
1483	43 166
1484	46 185
1485	44 126
1486	46 139
1487	45 139
1488	38 181
1489	40 173
1490	40 159
1491	46 125
1492	42 158
1493	40 148
1494	43 160
1495	46 182
1496	39 177
1497	42 152
1498	38 174
1499	46 148
1500	38 161
1501	40 186
1502	40 195
1503	37 194
1504	38 179
1505	40 183
1506	37 157
1507	37 174
1508	43 171
1509	47 180
1510	44 212
1511	41 163
1512	45 177
1513	37 156
1514	42 164
1515	42 161
1516	43 139
1517	55 147
1518	51 137
1519	42 124
1520	45 141
1521	52 135
1522	47 131
1523	53 121
1524	40 118
1525	47 116
1526	44 143
1527	42 168
1528	49 117
1529	51 103
1530	49 94
1531	45 104
1532	46 122
1533	39 136
1534	51 118
1535	55 115
1536	47 101
1537	53 130
1538	45 115
1539	48 116
1540	44 111
1541	41 121
1542	49 101
1543	50 116
1544	47 136
1545	47 139
1546	47 123
1547	44 123
1548	50 123
1549	44 124
1550	40 128
1551	48 128
1552	47 134
1553	44 131
1554	40 127
1555	42 137
1556	37 141
1557	37 147
1558	33 107
1559	31 128
1560	37 118
1561	36 135
1562	32 149
1563	33 114
1564	39 130
1565	42 115
1566	35 172
1567	35 148
1568	38 132
1569	41 159
1570	43 152
1571	43 137
1572	42 156
1573	42 147
1574	46 135
1575	43 140
1576	49 171
1577	49 155
1578	47 123
1579	49 142
1580	54 140
1581	47 143
1582	55 122
1583	44 156
1584	46 116
1585	47 122
1586	50 98
1587	48 163
1588	53 108
1589	56 131
1590	45 149
1591	52 100
1592	53 136
1593	45 146
1594	51 165
1595	48 145
1596	43 125
1597	41 122
1598	43 133
1599	50 133
1600	42 101
1601	44 119
1602	51 95
1603	45 118
1604	41 103
1605	43 96
1606	47 115
1607	41 103
1608	45 123
1609	47 85
1610	45 132
1611	44 124
1612	44 120
1613	48 123
1614	46 104
1615	43 112
1616	36 131
1617	45 135
1618	46 113
1619	34 135
1620	36 128
1621	46 114
1622	40 138
1623	36 130
1624	44 121
1625	49 112
1626	48 132
1627	45 105
1628	39 121
1629	43 120
1630	46 109
1631	53 122
1632	44 84
1633	44 115
1634	43 101
1635	41 130
1636	43 97
1637	37 103
1638	48 85
1639	48 103
1640	44 84
1641	50 118
1642	52 90
1643	45 100
1644	44 112
1645	43 101
1646	46 78
1647	49 107
1648	45 97
1649	46 106
1650	46 109
1651	41 91
1652	44 89
1653	44 85
1654	40 99
1655	49 97
1656	37 76
1657	44 81
1658	44 101
1659	39 99
1660	47 85
1661	35 120
1662	45 97
1663	42 101
1664	40 118
1665	41 130
1666	45 79
1667	47 117
1668	41 102
1669	42 103
1670	39 102
1671	42 98
1672	41 117
1673	37 116
1674	50 114
1675	53 94
1676	45 90
1677	50 95
1678	44 109
1679	44 117
1680	47 122
1681	52 115
1682	42 117
1683	46 107
1684	43 94
1685	48 78
1686	46 83
1687	49 88
1688	44 86
1689	37 118
1690	37 92
1691	49 98
1692	43 84
1693	43 67
1694	44 60
1695	41 68
1696	43 79
1697	39 87
1698	47 52
1699	50 75
1700	43 54
1701	36 71
1702	43 62
1703	41 69
1704	46 70
1705	45 69
1706	40 59
1707	39 70
1708	41 63
1709	46 60
1710	40 36
1711	37 59
1712	45 61
1713	43 62
1714	38 61
1715	43 57
1716	47 58
1717	45 64
1718	46 60
1719	47 76
1720	43 68
1721	43 58
1722	42 65
1723	46 62
1724	45 52
1725	43 59
1726	46 59
1727	37 61
1728	41 63
1729	45 63
1730	48 53
1731	49 50
1732	50 49
1733	41 63
1734	39 79
1735	42 66
1736	43 62
1737	43 69
1738	45 63
1739	45 57
1740	41 81
1741	38 76
1742	38 90
1743	33 77
1744	38 65
1745	38 86
1746	34 80
1747	32 101
1748	31 117
1749	34 93
1750	34 82
1751	34 90
1752	32 72
1753	38 77
1754	39 67
1755	38 76
1756	41 76
1757	44 62
1758	46 70
1759	39 81
1760	41 81
1761	39 70
1762	43 61
1763	43 60
1764	38 58
1765	39 78
1766	42 70
1767	38 95
1768	42 59
1769	43 50
1770	46 47
1771	39 65
1772	47 49
1773	48 70
1774	44 46
1775	47 62
1776	50 51
1777	54 38
1778	53 40
1779	45 60
1780	44 57
1781	44 65
1782	47 52
1783	47 57
1784	46 64
1785	43 47
1786	48 41
1787	44 43
1788	43 55
1789	43 48
1790	45 59
1791	45 37
1792	41 45
1793	42 47
1794	46 39
1795	47 35
1796	46 46
1797	49 45
1798	48 34
1799	47 29
1800	49 34
1801	51 31
1802	53 35
1803	45 57
1804	51 48
1805	49 42
1806	48 36
1807	48 41
1808	46 41
1809	49 61
1810	54 38
1811	46 45
1812	52 49
1813	51 57
1814	52 72
1815	56 37
1816	52 70
1817	54 56
1818	54 45
1819	51 45
1820	47 91
1821	50 55
1822	52 75
1823	47 81
1824	49 88
1825	53 65
1826	49 73
1827	47 92
1828	46 57
1829	42 113
1830	47 98
1831	52 73
1832	42 85
1833	47 80
1834	44 92
1835	39 94
1836	46 77
1837	44 87
1838	43 83
1839	43 69
1840	44 82
1841	46 84
1842	49 65
1843	49 77
1844	59 44
1845	53 68
1846	54 63
1847	54 64
1848	51 87
1849	54 45
1850	53 73
1851	61 50
1852	55 58
1853	59 69
1854	58 55
1855	56 60
1856	59 33
1857	57 62
1858	57 64
1859	53 52
1860	57 45
1861	53 42
1862	56 48
1863	57 28
1864	57 34
1865	57 33
1866	61 35
1867	56 43
1868	54 46
1869	52 39
1870	53 34
1871	52 36
1872	47 39
1873	52 23
1874	50 39
1875	49 26
1876	53 15
1877	54 31
1878	58 32
1879	57 22
1880	59 18
1881	62 25
1882	65 31
1883	59 26
1884	59 30
1885	59 18
1886	58 16
1887	59 16
1888	55 26
1889	58 15
1890	60 20
1891	57 16
1892	57 14
1893	57 18
1894	57 28
1895	58 18
1896	58 11
1897	58 10
1898	59 13
1899	62 8
1900	60 11
1901	65 11
1902	66 15
1903	65 12
1904	64 7
1905	65 7
1906	65 11
1907	66 9
1908	68 9
1909	67 10
1910	70 8
1911	70 11
1912	74 8
1913	77 6
1914	79 10
1915	75 13
1916	75 12
1917	77 7
1918	75 12
1919	76 9
1920	75 11
1921	79 4
1922	74 17
1923	74 11
1924	69 8
1925	67 9
1926	70 17
1927	70 6
1928	69 13
1929	67 8
1930	60 12
1931	64 9
1932	61 9
1933	65 9
1934	59 16
1935	61 6
1936	62 5
1937	59 7
1938	65 5
1939	63 5
1940	56 11
1941	60 13
1942	66 7
1943	63 7
1944	59 16
1945	64 6
1946	63 9
1947	67 14
1948	68 6
1949	67 7
1950	70 4
1951	67 8
1952	64 6
1953	65 6
1954	69 7
1955	66 12
1956	72 5
1957	72 6
1958	69 8
1959	70 9
1960	75 2
1961	76 5
1962	74 5
1963	76 2
1964	75 9
1965	77 6
1966	74 10
1967	74 6
1968	76 10
1969	75 8
1970	74 10
1971	78 6
1972	77 12
1973	80 8
1974	77 7
1975	75 7
1976	78 12
1977	78 11
1978	79 5
1979	79 2
1980	77 9
1981	77 8
1982	79 6
1983	74 13
1984	73 9
1985	73 6
1986	68 9
1987	74 11
1988	74 8
1989	69 6
1990	71 9
1991	69 7
1992	68 5
1993	68 5
1994	69 8
1995	66 7
1996	66 8
1997	63 10
1998	65 5
1999	64 5
2000	67 9
2001	64 10
2002	64 9
2003	63 10
2004	66 9
2005	67 9
2006	67 8
2007	66 8
2008	63 9
2009	65 7
2010	66 11
2011	63 8
2012	67 4
2013	67 11
2014	66 11
2015	70 8
2016	67 11
2017	67 11
2018	67 6
2019	67 9
2020	68 4
2021	68 10
2022	67 7
2023	69 9
2024	69 7
2025	67 7
2026	67 4
2027	68 11
2028	68 10
2029	64 12
2030	64 5
2031	62 8
2032	65 9
2033	69 4
2034	65 8
2035	66 9
2036	70 6
2037	67 11
2038	69 4
2039	69 8
2040	71 12
2041	71 5
2042	67 10
2043	68 3
2044	68 2
2045	69 3
2046	62 14
2047	64 8
2048	66 7
2049	65 13
2050	64 16
2051	65 7
2052	63 8
2053	65 5
2054	66 11
2055	67 3
2056	69 4
2057	68 4
2058	66 12
2059	68 5
2060	70 5
2061	73 7
2062	72 8
2063	73 7
2064	73 6
2065	76 5
2066	76 7
2067	76 4
2068	80 5
2069	76 11
2070	79 9
2071	79 2
2072	81 6
2073	80 4
2074	81 8
2075	83 7
2076	78 6
2077	79 11
2078	81 4
2079	78 10
2080	78 5
2081	79 6
2082	75 15
2083	74 9
2084	77 6
2085	79 8
2086	80 6
2087	78 11
2088	75 13
2089	77 5
2090	75 12
2091	72 7
2092	72 6
2093	72 9
2094	73 5
2095	71 10
2096	70 6
2097	67 14
2098	70 3
2099	68 5
2100	66 6
2101	69 5
2102	68 10
2103	70 7
2104	69 8
2105	69 3
2106	72 4
2107	74 6
2108	72 11
2109	76 5
2110	74 3
2111	74 3
2112	77 5
2113	78 6
2114	79 4
2115	80 7
2116	79 2
2117	81 8
2118	80 5
2119	79 11
2120	76 7
2121	77 6
2122	75 5
2123	77 4
2124	75 6
2125	77 7
2126	75 4
2127	78 4
2128	79 4
2129	76 3
2130	77 6
2131	77 3
2132	76 6
2133	76 4
2134	73 10
2135	77 4
2136	77 5
2137	77 6
2138	79 5
2139	78 5
2140	79 5
2141	81 5
2142	81 8
2143	83 4
2144	82 5
2145	82 5
2146	76 10
2147	76 8
2148	77 4
2149	77 3
2150	77 2
2151	77 11
2152	78 4
2153	73 8
2154	73 10
2155	78 1
2156	79 1
2157	78 2
2158	77 8
2159	74 6
2160	78 9
2161	79 3
2162	77 7
2163	80 8
2164	78 6
2165	81 14
2166	79 10
2167	81 2
2168	78 8
2169	78 6
2170	79 3
2171	81 5
2172	80 7
2173	82 6
2174	82 3
2175	81 4
2176	77 8
2177	81 3
2178	80 4
2179	80 9
2180	78 8
2181	80 7
2182	79 4
2183	79 6
2184	82 5
2185	84 5
2186	81 7
2187	84 6
2188	82 6
2189	85 3
2190	83 2
2191	85 2
2192	86 8
2193	87 4
2194	87 2
2195	88 4
2196	86 7
2197	88 4
2198	86 5
2199	88 6
2200	87 7
2201	89 3
2202	89 1
2203	86 8
2204	85 4
2205	83 6
2206	84 2
2207	85 8
2208	87 6
2209	84 4
2210	84 5
2211	86 7
2212	82 7
2213	85 3
2214	88 2
2215	86 10
2216	87 6
2217	87 5
2218	87 9
2219	85 9
2220	84 6
2221	84 6
2222	79 9
2223	81 8
2224	81 6
2225	78 10
2226	76 9
2227	76 8
2228	80 7
2229	80 11
2230	80 7
2231	78 9
2232	77 9
2233	73 11
2234	76 12
2235	75 5
2236	75 10
2237	75 14
2238	74 10
2239	77 17
2240	71 18
2241	69 9
2242	71 11
2243	67 12
2244	67 17
2245	69 17
2246	69 11
2247	69 12
2248	69 17
2249	67 13
2250	64 19
2251	68 14
2252	65 23
2253	66 21
2254	64 17
2255	67 17
2256	63 30
2257	63 20
2258	64 19
2259	64 31
2260	60 26
2261	63 25
2262	60 30
2263	57 43
2264	55 38
2265	56 26
2266	53 31
2267	54 29
2268	51 30
2269	55 25
2270	56 32
2271	60 38
2272	54 57
2273	60 51
2274	60 42
2275	56 52
2276	61 29
2277	56 40
2278	54 37
2279	45 61
2280	49 36
2281	51 54
2282	45 64
2283	48 42
2284	49 64
2285	48 51
2286	50 78
2287	49 66
2288	46 52
2289	43 62
2290	44 39
2291	45 49
2292	45 59
2293	46 45
2294	42 47
2295	44 48
2296	43 60
2297	42 49
2298	48 53
2299	45 69
2300	47 47
2301	48 50
2302	50 51
2303	52 45
2304	53 53
2305	56 79
2306	56 81
2307	50 51
2308	52 46
2309	49 46
2310	49 45
2311	51 51
2312	49 48
2313	49 54
2314	50 55
2315	45 41
2316	45 49
2317	42 48
2318	47 51
2319	43 49
2320	42 57
2321	39 40
2322	43 56
2323	43 53
2324	40 48
2325	45 32
2326	43 48
2327	48 62
2328	48 55
2329	45 57
2330	46 51
2331	44 53
2332	45 51
2333	48 58
2334	46 47
2335	47 53
2336	50 52
2337	45 67
2338	50 61
2339	52 69
2340	54 53
2341	49 59
2342	55 78
2343	54 48
2344	49 97
2345	48 57
2346	54 50
2347	51 63
2348	48 60
2349	46 62
2350	54 40
2351	50 45
2352	50 50
2353	50 63
2354	52 42
2355	54 50
2356	56 54
2357	51 58
2358	52 53
2359	53 58
2360	49 53
2361	50 72
2362	51 78
2363	54 51
2364	48 65
2365	50 66
2366	52 67
2367	48 65
2368	51 58
2369	47 43
2370	49 38
2371	50 56
2372	49 62
2373	49 62
2374	49 58
2375	52 46
2376	57 33
2377	60 44
2378	57 49
2379	55 70
2380	56 55
2381	61 65
2382	57 51
2383	60 55
2384	55 58
2385	59 56
2386	59 64
2387	60 40
2388	62 43
2389	57 45
2390	61 52
2391	56 65
2392	59 38
2393	61 50
2394	60 50
2395	56 47
2396	56 42
2397	55 53
2398	55 50
2399	54 51
2400	57 50
2401	54 75
2402	57 54
2403	50 54
2404	46 70
2405	55 61
2406	50 51
2407	53 60
2408	50 43
2409	48 54
2410	49 43
2411	48 85
2412	55 41
2413	51 54
2414	51 75
2415	50 60
2416	53 40
2417	56 75
2418	53 52
2419	51 68
2420	64 61
2421	57 62
2422	61 54
2423	57 44
2424	59 63
2425	59 70
2426	51 57
2427	50 56
2428	53 69
2429	51 43
2430	52 71
2431	47 75
2432	49 85
2433	50 45
2434	47 70
2435	52 55
2436	51 49
2437	51 78
2438	51 60
2439	47 64
2440	51 47
2441	50 60
2442	51 57
2443	56 53
2444	54 50
2445	54 44
2446	56 58
2447	55 62
2448	54 58
2449	55 64
2450	59 41
2451	53 47
2452	47 65
2453	50 53
2454	54 47
2455	49 28
2456	52 48
2457	54 42
2458	50 40
2459	55 42
2460	55 58
2461	51 43
2462	50 58
2463	46 64
2464	52 48
2465	55 50
2466	47 53
2467	50 51
2468	47 38
2469	49 45
2470	53 42
2471	53 43
2472	51 38
2473	46 47
2474	52 38
2475	52 40
2476	50 51
2477	50 50
2478	52 39
2479	50 43
2480	49 42
2481	46 37
2482	49 54
2483	48 53
2484	53 52
2485	50 41
2486	52 35
2487	48 42
2488	49 52
2489	49 37
2490	49 49
2491	50 41
2492	50 37
2493	52 34
2494	48 37
2495	49 32
2496	49 52
2497	50 40
2498	54 40
2499	50 46
2500	52 49
2501	50 50
2502	51 37
2503	54 32
2504	52 53
2505	58 32
2506	54 33
2507	52 38
2508	51 55
2509	52 44
2510	57 32
2511	49 44
2512	50 53
2513	53 36
2514	51 39
2515	51 46
2516	47 38
2517	49 38
2518	48 39
2519	52 36
2520	47 55
2521	47 30
2522	49 40
2523	54 34
2524	58 37
2525	54 30
2526	55 42
2527	53 50
2528	56 59
2529	55 51
2530	60 54
2531	58 40
2532	57 45
2533	59 43
2534	60 51
2535	54 38
2536	56 43
2537	55 40
2538	54 49
2539	51 45
2540	51 47
2541	53 41
2542	48 54
2543	49 42
2544	52 30
2545	49 40
2546	46 57
2547	47 39
2548	48 44
2549	50 32
2550	52 42
2551	52 42
2552	55 50
2553	54 44
2554	51 40
2555	54 31
2556	53 41
2557	57 42
2558	51 39
2559	51 48
2560	50 31
2561	53 35
2562	50 35
2563	50 26
2564	50 38
2565	48 27
2566	48 38
2567	47 25
2568	49 30
2569	46 38
2570	46 35
2571	53 31
2572	50 30
2573	54 26
2574	54 35
2575	53 21
2576	51 31
2577	51 32
2578	51 39
2579	51 40
2580	46 28
2581	49 39
2582	46 31
2583	48 30
2584	50 51
2585	50 29
2586	54 17
2587	53 32
2588	53 37
2589	52 31
2590	54 24
2591	51 25
2592	52 25
2593	54 27
2594	53 32
2595	53 30
2596	53 33
2597	52 18
2598	50 16
2599	50 23
2600	49 19
2601	55 15
2602	49 26
2603	52 25
2604	54 13
2605	56 19
2606	55 18
2607	57 16
2608	58 16
2609	61 13
2610	57 21
2611	58 7
2612	60 18
2613	60 12
2614	59 10
2615	58 18
2616	61 10
2617	61 13
2618	60 11
2619	61 14
2620	59 11
2621	63 15
2622	67 15
2623	68 10
2624	75 14
2625	76 8
2626	73 8
2627	77 7
2628	74 4
2629	74 11
2630	73 8
2631	74 8
2632	72 8
2633	75 4
2634	74 12
2635	77 4
2636	76 4
2637	72 8
2638	73 2
2639	70 10
2640	70 11
2641	69 12
2642	72 5
2643	72 8
2644	76 3
2645	75 3
2646	72 6
2647	74 2
2648	72 7
2649	74 6
2650	74 6
2651	76 6
2652	75 6
2653	78 3
2654	80 2
2655	79 2
2656	80 5
2657	78 3
2658	80 4
2659	79 5
2660	81 4
2661	85 3
2662	84 1
2663	82 6
2664	84 6
2665	82 6
2666	85 3
2667	84 2
2668	83 6
2669	83 1
2670	81 9
2671	85 3
2672	78 9
2673	80 4
2674	79 3
2675	78 4
2676	76 10
2677	77 3
2678	79 3
2679	80 3
2680	76 11
2681	77 5
2682	79 8
2683	78 5
2684	79 3
2685	79 6
2686	78 4
2687	79 3
2688	79 7
2689	80 3
2690	77 3
2691	78 5
2692	76 5
2693	75 9
2694	73 7
2695	76 2
2696	77 3
2697	74 5
2698	77 4
2699	75 6
2700	77 4
2701	78 4
2702	77 3
2703	77 5
2704	78 5
2705	81 2
2706	81 5
2707	81 6
2708	82 16
2709	81 6
2710	83 5
2711	82 4
2712	83 1
2713	84 8
2714	83 5
2715	82 6
2716	81 8
2717	79 6
2718	81 3
2719	80 8
2720	79 4
2721	79 6
2722	81 1
2723	80 4
2724	80 4
2725	81 7
2726	82 11
2727	77 5
2728	75 4
2729	73 4
2730	71 13
2731	68 4
2732	66 9
2733	70 4
2734	70 5
2735	73 9
2736	71 8
2737	73 9
2738	73 5
2739	70 7
2740	73 2
2741	70 4
2742	70 6
2743	73 4
2744	71 8
2745	74 5
2746	76 6
2747	72 6
2748	75 4
2749	77 3
2750	74 15
2751	76 5
2752	75 1
2753	75 5
2754	75 3
2755	76 4
2756	72 12
2757	73 8
2758	71 7
2759	71 5
2760	73 2
2761	73 5
2762	74 2
2763	73 1
2764	71 5
2765	73 4
2766	74 6
2767	71 13
2768	74 2
2769	73 3
2770	74 4
2771	73 3
2772	75 2
2773	75 4
2774	76 5
2775	79 7
2776	84 6
2777	84 0
2778	81 7
2779	81 2
2780	77 7
2781	79 4
2782	81 5
2783	81 4
2784	78 5
2785	81 3
2786	80 3
2787	81 4
2788	79 6
2789	80 4
2790	78 3
2791	76 3
2792	77 2
2793	76 3
2794	78 0
2795	78 1
2796	79 2
2797	81 2
2798	82 2
2799	82 2
2800	83 2
2801	83 3
2802	86 2
2803	85 3
2804	81 6
2805	85 1
2806	87 3
2807	91 1
2808	91 1
2809	90 2
2810	89 4
2811	86 6
2812	87 3
2813	84 3
2814	85 4
2815	86 2
2816	86 0
2817	86 5
2818	85 5
2819	86 4
2820	87 2
2821	88 2
2822	88 4
2823	90 2
2824	88 2
2825	90 6
2826	90 0
2827	90 1
2828	88 4
2829	89 3
2830	87 1
2831	87 2
2832	84 2
2833	86 2
2834	85 2
2835	86 2
2836	88 2
2837	88 2
2838	81 8
2839	82 1
2840	82 3
2841	82 1
2842	81 4
2843	81 2
2844	79 8
2845	80 2
2846	82 1
2847	82 3
2848	83 0
2849	82 3
2850	82 4
2851	84 3
2852	82 8
2853	82 3
2854	84 4
2855	84 4
2856	83 4
2857	85 1
2858	83 2
2859	82 6
2860	82 3
2861	80 2
2862	80 4
2863	81 2
2864	82 2
2865	80 3
2866	79 7
2867	76 6
2868	78 2
2869	79 0
2870	80 4
2871	81 4
2872	81 3
2873	80 6
2874	80 3
2875	81 3
2876	81 2
2877	82 1
2878	81 3
2879	83 2
2880	81 3
2881	83 1
2882	81 3
2883	80 3
2884	83 5
2885	83 0
2886	84 0
2887	84 2
2888	83 3
2889	80 3
2890	82 0
2891	83 1
2892	84 3
2893	88 2
2894	86 2
2895	88 2
2896	89 2
2897	90 1
2898	90 3
2899	87 6
2900	89 1
2901	89 1
2902	87 4
2903	86 5
2904	89 1
2905	87 1
2906	87 3
2907	85 3
2908	85 5
2909	85 4
2910	84 5
2911	86 1
2912	87 1
2913	88 1
2914	87 1
2915	87 2
2916	87 0
2917	87 0
2918	86 2
2919	88 1
2920	85 4
2921	85 1
2922	87 3
2923	88 0
2924	88 2
2925	89 2
2926	90 2
2927	91 0
2928	90 4
2929	90 3
2930	91 3
2931	93 1
2932	93 3
2933	94 3
2934	92 2
2935	93 0
2936	91 4
2937	92 3
2938	91 3
2939	93 0
2940	92 1
2941	92 1
2942	93 1
2943	92 2
2944	93 1
2945	93 2
2946	92 4
2947	93 0
2948	93 0
2949	93 1
2950	90 7
2951	92 2
2952	92 4
2953	91 1
2954	91 4
2955	92 0
2956	91 2
2957	92 4
2958	91 0
2959	90 1
2960	89 2
2961	90 2
2962	88 3
2963	88 2
2964	88 3
2965	89 3
2966	89 1
2967	90 2
2968	90 3
2969	89 2
2970	89 2
2971	89 5
2972	89 1
2973	91 3
2974	91 2
2975	90 2
2976	92 2
2977	90 4
2978	91 1
2979	89 5
2980	91 2
2981	90 1
2982	89 3
2983	91 2
2984	90 3
2985	91 4
2986	91 0
2987	91 1
2988	90 3
2989	91 1
2990	91 6
2991	89 2
2992	90 4
2993	89 4
2994	91 3
2995	91 2
2996	90 7
2997	92 3
2998	89 5
2999	91 2
3000	91 1
3001	92 3
3002	92 4
3003	94 5
3004	91 6
3005	92 3
3006	90 3
3007	92 2
3008	91 2
3009	91 3
3010	90 3
3011	89 3
3012	90 0
3013	89 3
3014	90 2
3015	88 3
3016	89 1
3017	87 7
3018	91 1
3019	90 4
3020	88 5
3021	91 1
3022	91 2
3023	92 1
3024	92 2
3025	91 2
3026	91 2
3027	90 3
3028	89 6
3029	89 5
3030	90 3
3031	89 3
3032	88 4
3033	88 2
3034	85 6
3035	83 4
3036	84 5
3037	85 2
3038	85 3
3039	85 7
3040	85 2
3041	85 2
3042	84 2
3043	81 8
3044	80 7
3045	82 2
3046	79 9
3047	78 3
3048	80 5
3049	81 10
3050	79 5
3051	81 6
3052	81 4
3053	78 3
3054	77 5
3055	78 5
3056	77 7
3057	76 4
3058	79 2
3059	78 5
3060	74 5
3061	72 5
3062	77 1
3063	75 5
3064	72 7
3065	72 4
3066	74 3
3067	75 4
3068	75 5
3069	75 3
3070	74 8
3071	76 6
3072	75 5
3073	73 8
3074	76 4
3075	79 3
3076	81 6
3077	79 5
3078	75 4
3079	79 2
3080	78 4
3081	77 7
3082	75 3
3083	73 6
3084	74 5
3085	75 3
3086	78 1
3087	76 7
3088	76 4
3089	77 8
3090	79 2
3091	75 9
3092	79 6
3093	75 5
3094	77 10
3095	78 2
3096	75 5
3097	70 13
3098	71 7
3099	72 13
3100	73 10
3101	73 11
3102	71 12
3103	69 14
3104	72 8
3105	74 8
3106	70 13
3107	70 14
3108	71 9
3109	72 16
3110	72 7
3111	72 11
3112	70 5
3113	71 9
3114	71 9
3115	67 17
3116	73 9
3117	73 7
3118	73 10
3119	72 10
3120	76 19
3121	73 16
3122	74 14
3123	72 14
3124	73 24
3125	69 17
3126	67 20
3127	69 15
3128	68 9
3129	64 20
3130	66 11
3131	66 14
3132	66 17
3133	61 22
3134	62 21
3135	61 13
3136	62 16
3137	61 23
3138	62 23
3139	52 23
3140	58 15
3141	57 20
3142	57 20
3143	57 33
3144	58 30
3145	58 31
3146	60 17
3147	59 19
3148	61 21
3149	57 35
3150	57 29
3151	57 15
3152	58 24
3153	58 18
3154	56 26
3155	60 27
3156	58 22
3157	62 14
3158	62 14
3159	60 24
3160	56 20
3161	58 16
3162	60 30
3163	63 12
3164	63 22
3165	64 17
3166	68 23
3167	66 19
3168	66 14
3169	63 18
3170	61 20
3171	61 26
3172	59 22
3173	60 12
3174	63 11
3175	59 20
3176	64 13
3177	62 20
3178	64 13
3179	61 27
3180	64 18
3181	63 16
3182	61 16
3183	63 20
3184	61 22
3185	60 19
3186	59 30
3187	60 23
3188	60 17
3189	64 25
3190	59 26
3191	57 22
3192	59 21
3193	59 21
3194	60 21
3195	59 12
3196	57 19
3197	53 27
3198	55 18
3199	53 17
3200	56 28
3201	59 15
3202	56 25
3203	49 42
3204	51 24
3205	52 31
3206	53 30
3207	56 21
3208	58 23
3209	56 23
3210	53 26
3211	53 37
3212	51 22
3213	54 32
3214	56 35
3215	56 28
3216	56 38
3217	60 35
3218	63 29
3219	63 29
3220	61 26
3221	62 39
3222	62 36
3223	65 34
3224	63 16
3225	61 46
3226	60 18
3227	55 26
3228	56 32
3229	59 23
3230	55 31
3231	56 17
3232	54 33
3233	54 21
3234	57 20
3235	56 27
3236	57 27
3237	59 18
3238	57 29
3239	57 24
3240	58 22
3241	58 16
3242	54 23
3243	54 26
3244	57 35
3245	59 15
3246	59 22
3247	59 24
3248	63 17
3249	60 22
3250	59 23
3251	58 29
3252	60 18
3253	57 27
3254	57 28
3255	57 10
3256	55 25
3257	56 18
3258	56 22
3259	55 21
3260	56 23
3261	57 27
3262	58 32
3263	57 19
3264	53 28
3265	54 14
3266	54 31
3267	53 27
3268	56 17
3269	53 22
3270	53 37
3271	55 40
3272	54 28
3273	54 31
3274	56 48
3275	54 31
3276	53 38
3277	54 34
3278	57 43
3279	61 26
3280	61 33
3281	64 35
3282	61 27
3283	60 40
3284	61 39
3285	67 21
3286	63 24
3287	64 33
3288	66 22
3289	67 17
3290	65 21
3291	66 29
3292	65 31
3293	68 21
3294	60 27
3295	61 19
3296	58 20
3297	56 20
3298	57 17
3299	55 25
3300	56 23
3301	56 17
3302	55 17
3303	55 20
3304	56 8
3305	54 10
3306	54 20
3307	56 17
3308	54 14
3309	60 12
3310	58 19
3311	59 9
3312	58 7
3313	56 15
3314	58 18
3315	56 14
3316	62 6
3317	58 13
3318	60 8
3319	64 11
3320	63 15
3321	60 13
3322	63 4
3323	62 7
3324	60 13
3325	60 10
3326	62 9
3327	60 9
3328	61 14
3329	62 12
3330	61 12
3331	62 10
3332	60 13
3333	61 11
3334	62 15
3335	67 5
3336	67 14
3337	68 6
3338	66 15
3339	66 12
3340	65 10
3341	68 12
3342	67 5
3343	66 7
3344	68 8
3345	70 8
3346	71 11
3347	73 5
3348	73 3
3349	74 2
3350	73 4
3351	75 2
3352	73 6
3353	74 3
3354	74 8
3355	76 9
3356	77 5
3357	80 4
3358	80 4
3359	83 1
3360	78 6
3361	77 12
3362	74 12
3363	76 6
3364	75 7
3365	75 11
3366	73 17
3367	74 7
3368	76 6
3369	71 12
3370	73 5
3371	74 7
3372	73 2
3373	73 4
3374	72 8
3375	76 5
3376	73 12
3377	75 2
3378	73 5
3379	73 3
3380	76 3
3381	77 10
3382	79 3
3383	78 4
3384	77 4
3385	79 2
3386	78 7
3387	80 3
3388	80 1
3389	75 5
3390	77 3
3391	78 4
3392	78 0
3393	78 2
3394	77 3
3395	80 3
3396	82 0
3397	79 3
3398	82 2
3399	84 0
3400	83 3
3401	83 1
3402	86 0
3403	84 4
3404	86 1
3405	87 3
3406	88 0
3407	89 2
3408	90 0
3409	90 1
3410	90 1
3411	92 0
3412	91 1
3413	93 0
3414	94 0
3415	94 1
3416	96 0
3417	96 0
3418	96 0
3419	96 0
3420	95 1
3421	96 0
3422	96 0
3423	96 0
3424	97 0
3425	97 0
3426	98 1
3427	99 0
3428	98 0
3429	98 0
3430	98 1
