11	100 1
12	100 0
13	100 0
14	100 0
15	100 0
16	100 0
17	100 0
18	100 0
19	100 0
20	100 0
21	100 0
22	100 0
23	100 0
24	100 0
25	100 0
26	100 0
27	100 0
28	100 0
29	100 0
30	100 0
31	100 0
32	100 0
33	100 0
34	100 0
35	100 0
36	100 0
37	100 0
38	100 0
39	100 0
40	100 0
41	100 0
42	100 0
43	100 0
44	100 0
45	100 0
46	100 0
47	100 0
48	100 0
49	100 0
50	100 0
51	100 0
52	100 0
53	100 0
54	100 0
55	100 1
56	100 0
57	100 1
58	100 0
59	100 1
60	100 1
61	100 2
62	100 0
63	100 0
64	100 0
65	100 0
66	100 1
67	100 1
68	100 0
69	100 5
70	100 2
71	100 7
72	95 11
73	87 89
74	68 517
75	53 91
76	36 555
77	33 436
78	26 514
79	24 395
80	25 340
81	27 216
82	26 178
83	25 224
84	24 205
85	23 204
86	23 206
87	25 180
88	39 123
89	42 210
90	39 168
91	42 267
92	49 215
93	45 273
94	49 213
95	46 254
96	53 152
97	55 243
98	49 279
99	48 306
100	54 350
101	53 238
102	58 187
103	55 281
104	51 290
105	48 294
106	52 324
107	53 161
108	57 181
109	48 202
110	47 289
111	48 237
112	46 285
113	42 265
114	48 170
115	39 229
116	41 294
117	41 231
118	38 305
119	39 255
120	41 220
121	39 179
122	39 176
123	38 261
124	34 255
125	36 251
126	37 179
127	38 185
128	42 207
129	42 168
130	41 256
131	43 272
132	38 253
133	41 219
134	41 270
135	42 279
136	51 178
137	52 259
138	48 292
139	52 273
140	52 301
141	57 201
142	65 121
143	70 141
144	70 228
145	66 313
146	66 300
147	64 227
148	59 188
149	62 228
150	64 230
151	61 162
152	57 213
153	56 144
154	53 82
155	54 130
156	51 177
157	50 144
158	49 129
159	47 197
160	44 96
161	45 85
162	48 145
163	43 92
164	42 86
165	42 127
166	42 105
167	42 93
168	40 77
169	44 81
170	45 74
171	47 124
172	48 84
173	50 59
174	53 60
175	50 42
176	51 40
177	57 49
178	56 46
179	59 35
180	61 36
181	65 17
182	64 30
183	65 34
184	67 21
185	66 22
186	72 28
187	72 15
188	66 21
189	67 21
190	71 31
191	76 18
192	75 23
193	75 26
194	77 20
195	75 10
196	76 23
197	77 16
198	77 18
199	78 12
200	77 22
201	76 20
202	80 15
203	79 16
204	78 15
205	79 27
206	78 14
207	76 26
208	81 12
209	81 13
210	78 32
211	72 30
212	77 21
213	80 16
214	77 24
215	77 13
216	73 31
217	77 12
218	74 35
219	70 16
220	71 13
221	72 14
222	74 31
223	71 33
224	74 31
225	75 53
226	73 19
227	77 18
228	72 43
229	74 19
230	76 16
231	77 27
232	80 26
233	78 21
234	80 34
235	79 29
236	82 34
237	77 14
238	79 22
239	81 21
240	81 19
241	80 22
242	79 22
243	81 22
244	80 21
245	79 20
246	78 35
247	79 24
248	78 26
249	81 16
250	78 40
251	82 28
252	79 21
253	80 7
254	78 17
255	81 14
256	80 42
257	81 12
258	83 19
259	79 24
260	82 27
261	82 34
262	81 17
263	81 25
264	82 17
265	83 10
266	79 21
267	79 24
268	82 10
269	79 16
270	80 15
271	82 11
272	80 16
273	81 10
274	77 20
275	78 10
276	77 15
277	81 16
278	81 9
279	83 13
280	83 13
281	84 11
282	80 18
283	82 16
284	81 17
285	83 10
286	84 2
287	82 14
288	83 11
289	82 10
290	82 6
291	84 12
292	78 17
293	77 14
294	79 14
295	77 10
296	78 7
297	79 12
298	78 11
299	75 27
300	74 14
301	76 7
302	77 6
303	78 20
304	74 32
305	62 9
306	60 22
307	61 10
308	61 8
309	62 4
310	59 8
311	59 5
312	60 10
313	61 7
314	62 6
315	63 9
316	65 3
317	72 3
318	77 8
319	78 3
320	78 6
321	82 6
322	82 8
323	84 4
324	84 2
325	85 6
326	86 4
327	84 7
328	87 4
329	85 8
330	85 15
331	85 7
332	79 11
333	80 6
334	81 6
335	81 15
336	78 13
337	78 6
338	76 13
339	79 1
340	76 7
341	77 5
342	74 13
343	77 15
344	78 4
345	78 6
346	80 3
347	82 5
348	87 6
349	88 8
350	88 2
351	87 4
352	88 2
353	86 9
354	86 6
355	87 6
356	90 4
357	87 8
358	86 11
359	88 5
360	86 5
361	89 4
362	86 8
363	88 3
364	89 2
365	88 3
366	88 13
367	88 8
368	87 4
369	87 8
370	88 4
371	87 3
372	88 13
373	88 3
374	89 1
375	86 13
376	91 7
377	89 6
378	91 3
379	91 5
380	89 9
381	91 4
382	90 4
383	90 2
384	90 7
385	91 6
386	91 6
387	94 5
388	93 2
389	93 3
390	91 3
391	91 10
392	91 5
393	92 3
394	90 7
395	91 4
396	92 2
397	93 0
398	90 10
399	90 9
400	89 8
401	89 9
402	89 10
403	87 9
404	89 5
405	87 14
406	89 4
407	88 7
408	91 4
409	90 5
410	88 6
411	86 8
412	89 6
413	88 3
414	86 9
415	88 1
416	89 4
417	88 10
418	88 8
419	90 4
420	90 1
421	90 6
422	89 7
423	88 11
424	89 6
425	89 1
426	89 13
427	90 7
428	90 7
429	85 8
430	91 1
431	91 0
432	90 4
433	92 1
434	90 3
435	89 4
436	88 2
437	87 4
438	89 1
439	89 4
440	90 1
441	89 3
442	88 4
443	90 1
444	89 2
445	90 4
446	92 3
447	93 2
448	95 0
449	96 0
450	95 4
451	97 1
452	95 2
453	93 2
454	93 4
455	95 3
456	94 4
457	93 2
458	91 4
459	92 1
460	93 1
461	92 6
462	92 3
463	91 6
464	92 4
465	92 5
466	92 1
467	92 1
468	90 2
469	91 2
470	91 2
471	91 3
472	93 1
473	90 3
474	91 5
475	90 3
476	90 1
477	91 3
478	90 2
479	89 4
480	91 1
481	86 5
482	85 4
483	87 5
484	86 4
485	87 2
486	87 3
487	87 5
488	87 6
489	87 4
490	88 4
491	85 6
492	89 9
493	88 11
494	91 9
495	91 6
496	93 0
497	91 15
498	92 6
499	91 16
500	93 5
501	91 19
502	90 12
503	86 6
504	88 8
505	87 20
506	88 18
507	88 10
508	87 12
509	87 10
510	88 7
511	87 6
512	88 7
513	86 9
514	88 7
515	84 12
516	87 10
517	87 9
518	88 5
519	83 11
520	88 11
521	89 7
522	89 9
523	88 20
524	83 253
525	66 214
526	65 38
527	43 224
528	48 199
529	39 348
530	47 175
531	42 271
532	42 222
533	51 60
534	44 258
535	42 309
536	46 228
537	46 277
538	48 398
539	53 96
540	54 469
541	51 456
542	52 392
543	55 345
544	47 275
545	42 233
546	48 188
547	52 204
548	53 162
549	47 236
550	53 237
551	60 222
552	54 284
553	51 254
554	53 135
555	51 223
556	48 296
557	50 326
558	68 354
559	59 439
560	58 484
561	75 178
562	72 616
563	68 560
564	69 627
565	70 505
566	73 360
567	71 336
568	65 257
569	55 342
570	70 281
571	52 208
572	59 244
573	60 170
574	56 153
575	58 247
576	59 188
577	56 165
578	53 243
579	55 192
580	56 194
581	60 197
582	54 203
583	53 223
584	45 223
585	56 228
586	53 189
587	56 112
588	44 197
589	51 278
590	48 275
591	41 218
592	44 204
593	50 86
594	46 181
595	50 184
596	39 170
597	37 213
598	51 148
599	46 129
600	48 163
601	38 213
602	38 192
603	46 185
604	41 197
605	44 150
606	46 119
607	39 206
608	37 181
609	48 122
610	44 162
611	47 132
612	49 136
613	43 157
614	46 136
615	43 126
616	44 152
617	46 140
618	46 137
619	50 176
620	52 127
621	51 183
622	53 146
623	43 183
624	49 201
625	56 160
626	55 164
627	53 178
628	55 173
629	54 165
630	48 169
631	57 120
632	52 139
633	55 145
634	51 134
635	54 201
636	57 197
637	45 157
638	48 144
639	46 160
640	46 193
641	47 214
642	47 205
643	56 200
644	46 223
645	41 233
646	56 182
647	58 184
648	51 167
649	50 163
650	52 196
651	39 185
652	48 176
653	39 167
654	47 162
655	50 181
656	53 165
657	49 156
658	50 224
659	47 172
660	45 157
661	49 162
662	49 154
663	50 167
664	39 176
665	41 180
666	47 160
667	50 127
668	49 143
669	45 157
670	52 109
671	45 159
672	45 169
673	47 138
674	44 154
675	46 216
676	48 171
677	48 188
678	49 152
679	54 174
680	45 161
681	44 145
682	48 133
683	48 140
684	42 205
685	48 169
686	54 145
687	50 169
688	49 193
689	60 173
690	41 160
691	51 172
692	42 158
693	49 181
694	46 197
695	54 121
696	53 150
697	54 197
698	60 149
699	58 160
700	54 177
701	54 183
702	67 153
703	57 184
704	67 180
705	59 184
706	57 265
707	51 227
708	58 201
709	52 227
710	63 162
711	55 142
712	56 224
713	62 212
714	54 145
715	46 208
716	46 195
717	54 134
718	59 186
719	48 131
720	47 121
721	52 164
722	50 133
723	43 160
724	42 195
725	44 189
726	45 175
727	47 124
728	47 132
729	49 120
730	40 116
731	48 105
732	47 109
733	49 109
734	45 136
735	44 163
736	52 134
737	54 152
738	49 121
739	49 154
740	52 127
741	51 120
742	55 176
743	58 144
744	55 148
745	56 163
746	60 120
747	58 160
748	52 176
749	58 164
750	58 102
751	56 122
752	57 132
753	57 107
754	59 126
755	54 124
756	48 116
757	53 151
758	55 108
759	56 118
760	56 81
761	44 100
762	56 93
763	55 113
764	51 72
765	60 110
766	64 104
767	64 88
768	61 97
769	62 96
770	60 105
771	65 103
772	61 135
773	59 157
774	61 116
775	67 111
776	65 93
777	59 110
778	66 135
779	56 102
780	61 122
781	63 120
782	51 137
783	64 122
784	57 115
785	57 117
786	63 138
787	60 128
788	59 158
789	65 97
790	65 132
791	64 162
792	64 119
793	62 149
794	66 122
795	66 171
796	69 125
797	67 113
798	66 108
799	62 125
800	67 115
801	70 115
802	71 113
803	68 114
804	67 143
805	70 144
806	66 139
807	70 133
808	70 162
809	70 106
810	70 119
811	70 128
812	70 124
813	69 130
814	71 136
815	74 107
816	65 130
817	64 119
818	60 153
819	66 119
820	65 130
821	69 127
822	70 140
823	70 126
824	64 119
825	65 139
826	54 139
827	63 168
828	63 114
829	54 119
830	57 155
831	62 157
832	66 162
833	68 150
834	59 113
835	59 138
836	60 114
837	71 113
838	63 90
839	67 128
840	65 115
841	69 122
842	63 121
843	71 83
844	60 143
845	64 93
846	63 103
847	61 153
848	60 129
849	58 178
850	61 149
851	55 122
852	51 127
853	52 159
854	47 176
855	56 101
856	52 115
857	62 129
858	53 134
859	67 128
860	63 127
861	61 123
862	61 152
863	59 106
864	59 120
865	62 107
866	69 126
867	67 120
868	68 150
869	68 113
870	64 128
871	68 137
872	61 171
873	73 125
874	61 137
875	65 140
876	68 174
877	73 128
878	71 131
879	74 142
880	70 141
881	73 143
882	63 173
883	67 136
884	73 138
885	69 137
886	71 159
887	67 154
888	70 188
889	69 134
890	70 159
891	57 134
892	66 168
893	68 133
894	71 185
895	70 154
896	77 191
897	73 141
898	73 156
899	63 148
900	69 178
901	70 152
902	64 176
903	69 169
904	76 192
905	73 198
906	64 171
907	70 196
908	62 239
909	72 191
910	73 173
911	81 128
912	72 186
913	79 127
914	78 130
915	68 153
916	76 162
917	69 112
918	63 124
919	58 124
920	55 108
921	49 133
922	55 88
923	56 69
924	52 71
925	49 77
926	52 103
927	50 74
928	56 62
929	52 51
930	50 35
931	45 65
932	52 50
933	52 47
934	48 39
935	54 43
936	47 49
937	48 30
938	50 36
939	49 24
940	50 27
941	51 26
942	50 30
943	51 16
944	59 14
945	60 25
946	61 15
947	57 17
948	61 20
949	61 22
950	64 15
951	63 22
952	63 12
953	62 15
954	61 16
955	59 16
956	61 15
957	61 11
958	60 12
959	60 12
960	61 16
961	63 15
962	64 20
963	64 12
964	63 28
965	63 14
966	63 13
967	69 17
968	64 19
969	62 15
970	59 16
971	56 21
972	52 20
973	52 18
974	53 15
975	56 10
976	55 12
977	54 14
978	52 11
979	54 14
980	53 20
981	57 11
982	55 11
983	55 18
984	58 9
985	50 17
986	59 13
987	59 8
988	63 16
989	62 14
990	66 14
991	67 15
992	71 10
993	72 14
994	76 12
995	73 11
996	72 13
997	69 24
998	73 16
999	70 12
1000	68 16
1001	67 17
1002	70 12
1003	67 12
1004	72 15
1005	66 17
1006	68 17
1007	69 9
1008	70 20
1009	67 10
1010	69 15
1011	69 10
1012	61 19
1013	60 17
1014	61 17
1015	60 16
1016	57 11
1017	58 21
1018	56 17
1019	61 10
1020	57 17
1021	56 18
1022	57 17
1023	52 20
1024	49 15
1025	54 11
1026	53 26
1027	52 15
1028	56 11
1029	56 11
1030	55 14
1031	59 15
1032	61 8
1033	58 14
1034	58 11
1035	58 15
1036	59 14
1037	61 4
1038	59 18
1039	65 12
1040	63 15
1041	68 13
1042	67 8
1043	70 7
1044	67 11
1045	69 14
1046	72 11
1047	67 19
1048	71 17
1049	69 16
1050	74 10
1051	73 11
1052	73 14
1053	75 12
1054	75 7
1055	76 8
1056	79 8
1057	78 13
1058	73 22
1059	75 10
1060	74 8
1061	72 12
1062	72 6
1063	74 19
1064	75 15
1065	72 14
1066	74 9
1067	73 13
1068	71 22
1069	68 19
1070	67 17
1071	67 9
1072	68 12
1073	68 11
1074	64 20
1075	63 19
1076	65 13
1077	59 14
1078	58 21
1079	58 14
1080	60 15
1081	60 22
1082	61 13
1083	58 18
1084	59 12
1085	56 15
1086	57 8
1087	59 10
1088	63 16
1089	63 12
1090	60 12
1091	59 13
1092	57 12
1093	60 3
1094	61 13
1095	59 14
1096	61 15
1097	62 14
1098	63 10
1099	61 16
1100	69 5
1101	67 12
1102	64 11
1103	66 8
1104	67 14
1105	67 12
1106	69 2
1107	69 3
1108	66 10
1109	71 7
1110	72 7
1111	74 15
1112	74 12
1113	77 11
1114	78 12
1115	77 11
1116	77 9
1117	73 15
1118	73 10
1119	77 6
1120	76 10
1121	78 3
1122	70 13
1123	80 3
1124	80 7
1125	77 5
1126	74 10
1127	75 9
1128	72 10
1129	75 12
1130	74 16
1131	75 8
1132	75 8
1133	70 10
1134	69 15
1135	71 14
1136	71 9
1137	74 9
1138	74 16
1139	74 7
1140	69 14
1141	72 8
1142	71 8
1143	73 4
1144	72 13
1145	68 12
1146	59 11
1147	56 17
1148	59 12
1149	62 8
1150	59 21
1151	62 18
1152	56 8
1153	56 24
1154	55 21
1155	54 10
1156	56 19
1157	54 16
1158	51 15
1159	53 15
1160	51 20
1161	53 22
1162	48 17
1163	47 19
1164	49 16
1165	48 13
1166	49 17
1167	51 5
1168	51 11
1169	49 12
1170	55 9
1171	53 12
1172	50 14
1173	51 9
1174	50 14
1175	45 10
1176	46 13
1177	47 8
1178	46 15
1179	48 17
1180	48 14
1181	51 13
1182	51 12
1183	52 19
1184	56 7
1185	55 11
1186	55 17
1187	58 6
1188	59 12
1189	56 19
1190	56 10
1191	61 10
1192	61 7
1193	65 6
1194	60 17
1195	61 15
1196	60 12
1197	61 15
1198	61 12
1199	61 19
1200	61 8
1201	59 10
1202	60 8
1203	62 5
1204	56 14
1205	59 11
1206	61 7
1207	59 13
1208	59 10
1209	59 11
1210	61 3
1211	59 10
1212	57 10
1213	57 11
1214	61 9
1215	59 6
1216	59 12
1217	64 16
1218	68 10
1219	68 13
1220	67 12
1221	66 14
1222	65 5
1223	65 7
1224	63 12
1225	62 2
1226	61 11
1227	62 22
1228	59 9
1229	58 11
1230	56 11
1231	57 17
1232	58 8
1233	58 11
1234	59 7
1235	57 10
1236	60 6
1237	61 8
1238	60 7
1239	58 9
1240	60 9
1241	63 8
1242	60 9
1243	63 15
1244	61 11
1245	56 18
1246	59 8
1247	61 4
1248	61 6
1249	66 9
1250	62 11
1251	57 17
1252	58 8
1253	59 8
1254	57 8
1255	59 8
1256	57 22
1257	56 18
1258	51 12
1259	50 9
1260	48 19
1261	49 16
1262	55 10
1263	56 17
1264	56 18
1265	57 18
1266	52 9
1267	49 30
1268	52 19
1269	50 13
1270	52 14
1271	51 18
1272	48 8
1273	49 16
1274	51 10
1275	51 17
1276	51 17
1277	49 17
1278	50 15
1279	51 11
1280	56 5
1281	55 21
1282	49 18
1283	58 15
1284	60 14
1285	58 23
1286	64 7
1287	66 9
1288	63 16
1289	57 13
1290	59 12
1291	59 11
1292	62 11
1293	54 8
1294	57 14
1295	58 6
1296	54 17
1297	57 15
1298	57 7
1299	58 9
1300	56 14
1301	54 15
1302	53 14
1303	53 8
1304	57 13
1305	53 18
1306	57 5
1307	55 12
1308	57 12
1309	55 16
1310	53 12
1311	56 10
1312	56 13
1313	56 8
1314	57 9
1315	56 10
1316	57 15
1317	57 20
1318	58 5
1319	54 14
1320	54 10
1321	55 12
1322	52 16
1323	52 12
1324	52 10
1325	55 9
1326	57 7
1327	56 15
1328	55 13
1329	58 9
1330	55 10
1331	57 12
1332	58 13
1333	57 13
1334	62 10
1335	61 16
1336	61 6
1337	60 17
1338	62 13
1339	64 5
1340	64 15
1341	63 7
1342	59 11
1343	58 5
1344	57 7
1345	55 9
1346	59 13
1347	60 10
1348	60 6
1349	61 9
1350	61 8
1351	64 9
1352	64 15
1353	67 10
1354	65 9
1355	68 8
1356	67 7
1357	68 7
1358	65 14
1359	71 9
1360	73 5
1361	74 4
1362	73 6
1363	73 4
1364	73 6
1365	75 7
1366	73 8
1367	71 9
1368	73 7
1369	70 7
1370	68 7
1371	71 14
1372	73 9
1373	71 12
1374	72 11
1375	73 11
1376	72 14
1377	68 14
1378	65 13
1379	64 9
1380	64 8
1381	60 11
1382	59 14
1383	61 11
1384	62 14
1385	61 14
1386	65 14
1387	62 13
1388	63 12
1389	64 9
1390	64 20
1391	67 14
1392	66 38
1393	67 12
1394	65 22
1395	63 27
1396	64 16
1397	64 20
1398	60 25
1399	62 22
1400	64 15
1401	64 27
1402	64 11
1403	63 9
1404	64 21
1405	54 19
1406	59 21
1407	55 23
1408	57 25
1409	59 40
1410	60 27
1411	64 17
1412	62 40
1413	57 46
1414	54 47
1415	51 45
1416	49 37
1417	45 49
1418	46 58
1419	52 63
1420	51 60
1421	48 50
1422	49 91
1423	42 103
1424	44 101
1425	41 102
1426	37 65
1427	40 86
1428	40 111
1429	34 165
1430	38 121
1431	36 79
1432	38 129
1433	42 100
1434	45 99
1435	38 137
1436	37 111
1437	48 131
1438	49 104
1439	41 125
1440	42 125
1441	48 134
1442	44 117
1443	40 139
1444	41 122
1445	39 116
1446	47 118
1447	38 114
1448	50 116
1449	44 116
1450	48 132
1451	46 111
1452	55 134
1453	53 108
1454	46 118
1455	51 128
1456	53 122
1457	52 127
1458	46 140
1459	46 104
1460	52 138
1461	40 146
1462	43 150
1463	47 156
1464	47 132
1465	44 144
1466	44 124
1467	41 160
1468	38 138
1469	50 135
1470	47 139
1471	43 167
1472	52 126
1473	41 140
1474	44 165
1475	44 150
1476	41 162
1477	40 185
1478	49 133
1479	48 170
1480	48 141
1481	46 124
1482	50 147
1483	51 166
1484	52 185
1485	44 126
1486	48 139
1487	42 139
1488	38 181
1489	43 173
1490	42 159
1491	46 125
1492	37 158
1493	43 148
1494	45 160
1495	45 182
1496	40 177
1497	45 152
1498	47 174
1499	45 148
1500	40 161
1501	47 186
1502	43 195
1503	47 194
1504	44 179
1505	46 183
1506	40 157
1507	39 174
1508	42 171
1509	49 180
1510	51 212
1511	47 163
1512	47 177
1513	42 156
1514	47 164
1515	46 161
1516	45 139
1517	57 147
1518	54 137
1519	42 124
1520	44 141
1521	44 135
1522	50 131
1523	52 121
1524	46 118
1525	52 116
1526	46 143
1527	47 168
1528	46 117
1529	55 103
1530	49 94
1531	43 104
1532	46 122
1533	37 136
1534	44 118
1535	50 115
1536	54 101
1537	54 130
1538	59 115
1539	56 116
1540	47 111
1541	49 121
1542	50 101
1543	51 116
1544	53 136
1545	43 139
1546	50 123
1547	50 123
1548	59 123
1549	52 124
1550	49 128
1551	52 128
1552	58 134
1553	61 131
1554	59 127
1555	60 137
1556	49 141
1557	52 147
1558	41 107
1559	39 128
1560	48 118
1561	46 135
1562	46 149
1563	46 114
1564	43 130
1565	47 115
1566	40 172
1567	37 148
1568	43 132
1569	42 159
1570	50 152
1571	43 137
1572	42 156
1573	40 147
1574	43 135
1575	49 140
1576	48 171
1577	50 155
1578	48 123
1579	53 142
1580	49 140
1581	49 143
1582	55 122
1583	45 156
1584	48 116
1585	46 122
1586	50 98
1587	48 163
1588	52 108
1589	53 131
1590	44 149
1591	48 100
1592	50 136
1593	49 146
1594	53 165
1595	53 145
1596	40 125
1597	47 122
1598	43 133
1599	51 133
1600	46 101
1601	50 119
1602	55 95
1603	50 118
1604	51 103
1605	48 96
1606	48 115
1607	45 103
1608	49 123
1609	49 85
1610	50 132
1611	44 124
1612	48 120
1613	46 123
1614	44 104
1615	40 112
1616	36 131
1617	44 135
1618	44 113
1619	38 135
1620	38 128
1621	46 114
1622	44 138
1623	39 130
1624	49 121
1625	52 112
1626	51 132
1627	44 105
1628	46 121
1629	43 120
1630	49 109
1631	51 122
1632	41 84
1633	39 115
1634	42 101
1635	48 130
1636	44 97
1637	40 103
1638	49 85
1639	49 103
1640	45 84
1641	53 118
1642	50 90
1643	46 100
1644	46 112
1645	45 101
1646	49 78
1647	48 107
1648	45 97
1649	45 106
1650	46 109
1651	42 91
1652	43 89
1653	43 85
1654	44 99
1655	50 97
1656	40 76
1657	44 81
1658	46 101
1659	43 99
1660	46 85
1661	36 120
1662	44 97
1663	43 101
1664	39 118
1665	38 130
1666	43 79
1667	41 117
1668	37 102
1669	41 103
1670	41 102
1671	43 98
1672	37 117
1673	41 116
1674	41 114
1675	43 94
1676	42 90
1677	48 95
1678	41 109
1679	40 117
1680	41 122
1681	46 115
1682	40 117
1683	41 107
1684	39 94
1685	44 78
1686	42 83
1687	47 88
1688	46 86
1689	42 118
1690	42 92
1691	53 98
1692	46 84
1693	46 67
1694	46 60
1695	46 68
1696	45 79
1697	42 87
1698	46 52
1699	50 75
1700	47 54
1701	39 71
1702	45 62
1703	40 69
1704	47 70
1705	45 69
1706	44 59
1707	40 70
1708	46 63
1709	41 60
1710	38 36
1711	38 59
1712	48 61
1713	44 62
1714	41 61
1715	41 57
1716	44 58
1717	40 64
1718	45 60
1719	46 76
1720	43 68
1721	45 58
1722	42 65
1723	46 62
1724	45 52
1725	46 59
1726	48 59
1727	41 61
1728	45 63
1729	44 63
1730	47 53
1731	43 50
1732	47 49
1733	40 63
1734	38 79
1735	37 66
1736	39 62
1737	41 69
1738	37 63
1739	42 57
1740	39 81
1741	42 76
1742	44 90
1743	40 77
1744	40 65
1745	43 86
1746	42 80
1747	34 101
1748	36 117
1749	32 93
1750	38 82
1751	33 90
1752	32 72
1753	35 77
1754	36 67
1755	36 76
1756	36 76
1757	43 62
1758	46 70
1759	37 81
1760	39 81
1761	38 70
1762	40 61
1763	41 60
1764	39 58
1765	43 78
1766	42 70
1767	37 95
1768	42 59
1769	40 50
1770	45 47
1771	37 65
1772	49 49
1773	47 70
1774	46 46
1775	48 62
1776	44 51
1777	47 38
1778	48 40
1779	43 60
1780	42 57
1781	42 65
1782	46 52
1783	44 57
1784	47 64
1785	46 47
1786	47 41
1787	51 43
1788	49 55
1789	50 48
1790	50 59
1791	52 37
1792	48 45
1793	46 47
1794	52 39
1795	52 35
1796	55 46
1797	58 45
1798	58 34
1799	54 29
1800	55 34
1801	55 31
1802	58 35
1803	51 57
1804	55 48
1805	53 42
1806	46 36
1807	52 41
1808	51 41
1809	50 61
1810	54 38
1811	49 45
1812	54 49
1813	55 57
1814	54 72
1815	60 37
1816	57 70
1817	58 56
1818	56 45
1819	52 45
1820	47 91
1821	48 55
1822	50 75
1823	45 81
1824	50 88
1825	52 65
1826	49 73
1827	47 92
1828	45 57
1829	43 113
1830	42 98
1831	49 73
1832	41 85
1833	45 80
1834	45 92
1835	41 94
1836	47 77
1837	48 87
1838	46 83
1839	48 69
1840	46 82
1841	51 84
1842	52 65
1843	55 77
1844	64 44
1845	59 68
1846	62 63
1847	62 64
1848	54 87
1849	61 45
1850	56 73
1851	64 50
1852	59 58
1853	58 69
1854	61 55
1855	58 60
1856	58 33
1857	60 62
1858	56 64
1859	53 52
1860	54 45
1861	51 42
1862	52 48
1863	56 28
1864	55 34
1865	54 33
1866	59 35
1867	54 43
1868	57 46
1869	56 39
1870	58 34
1871	54 36
1872	52 39
1873	56 23
1874	55 39
1875	51 26
1876	55 15
1877	55 31
1878	57 32
1879	54 22
1880	57 18
1881	59 25
1882	60 31
1883	61 26
1884	59 30
1885	61 18
1886	60 16
1887	60 16
1888	60 26
1889	65 15
1890	64 20
1891	60 16
1892	60 14
1893	60 18
1894	60 28
1895	63 18
1896	63 11
1897	64 10
1898	65 13
1899	66 8
1900	66 11
1901	67 11
1902	68 15
1903	66 12
1904	63 7
1905	64 7
1906	64 11
1907	67 9
1908	68 9
1909	69 10
1910	69 8
1911	69 11
1912	71 8
1913	76 6
1914	77 10
1915	75 13
1916	75 12
1917	77 7
1918	76 12
1919	77 9
1920	78 11
1921	78 4
1922	73 17
1923	73 11
1924	68 8
1925	66 9
1926	68 17
1927	69 6
1928	68 13
1929	69 8
1930	64 12
1931	64 9
1932	64 9
1933	66 9
1934	60 16
1935	63 6
1936	64 5
1937	61 7
1938	67 5
1939	65 5
1940	58 11
1941	60 13
1942	66 7
1943	63 7
1944	60 16
1945	64 6
1946	64 9
1947	68 14
1948	67 6
1949	67 7
1950	70 4
1951	67 8
1952	64 6
1953	66 6
1954	68 7
1955	63 12
1956	69 5
1957	68 6
1958	67 8
1959	69 9
1960	72 2
1961	72 5
1962	71 5
1963	75 2
1964	74 9
1965	77 6
1966	73 10
1967	74 6
1968	77 10
1969	78 8
1970	77 10
1971	80 6
1972	78 12
1973	80 8
1974	76 7
1975	74 7
1976	77 12
1977	76 11
1978	78 5
1979	76 2
1980	73 9
1981	73 8
1982	77 6
1983	70 13
1984	70 9
1985	71 6
1986	67 9
1987	73 11
1988	71 8
1989	69 6
1990	71 9
1991	69 7
1992	68 5
1993	70 5
1994	71 8
1995	67 7
1996	68 8
1997	68 10
1998	67 5
1999	66 5
2000	67 9
2001	64 10
2002	63 9
2003	62 10
2004	65 9
2005	66 9
2006	66 8
2007	66 8
2008	64 9
2009	63 7
2010	64 11
2011	61 8
2012	67 4
2013	64 11
2014	66 11
2015	70 8
2016	67 11
2017	67 11
2018	68 6
2019	66 9
2020	67 4
2021	66 10
2022	65 7
2023	70 9
2024	71 7
2025	70 7
2026	69 4
2027	70 11
2028	70 10
2029	66 12
2030	66 5
2031	64 8
2032	67 9
2033	68 4
2034	67 8
2035	64 9
2036	68 6
2037	64 11
2038	67 4
2039	67 8
2040	68 12
2041	70 5
2042	66 10
2043	67 3
2044	66 2
2045	67 3
2046	63 14
2047	66 8
2048	66 7
2049	64 13
2050	62 16
2051	65 7
2052	64 8
2053	68 5
2054	69 11
2055	69 3
2056	71 4
2057	71 4
2058	69 12
2059	73 5
2060	71 5
2061	77 7
2062	75 8
2063	76 7
2064	74 6
2065	78 5
2066	78 7
2067	80 4
2068	81 5
2069	80 11
2070	80 9
2071	79 2
2072	80 6
2073	79 4
2074	80 8
2075	82 7
2076	81 6
2077	78 11
2078	79 4
2079	78 10
2080	78 5
2081	80 6
2082	77 15
2083	74 9
2084	75 6
2085	77 8
2086	76 6
2087	73 11
2088	71 13
2089	72 5
2090	73 12
2091	68 7
2092	69 6
2093	69 9
2094	70 5
2095	71 10
2096	66 6
2097	63 14
2098	68 3
2099	66 5
2100	65 6
2101	66 5
2102	64 10
2103	67 7
2104	66 8
2105	67 3
2106	71 4
2107	73 6
2108	71 11
2109	72 5
2110	71 3
2111	73 3
2112	76 5
2113	77 6
2114	79 4
2115	79 7
2116	80 2
2117	81 8
2118	81 5
2119	78 11
2120	75 7
2121	78 6
2122	75 5
2123	77 4
2124	75 6
2125	76 7
2126	76 4
2127	81 4
2128	81 4
2129	78 3
2130	78 6
2131	78 3
2132	77 6
2133	76 4
2134	78 10
2135	81 4
2136	79 5
2137	78 6
2138	79 5
2139	78 5
2140	80 5
2141	80 5
2142	79 8
2143	79 4
2144	78 5
2145	78 5
2146	75 10
2147	75 8
2148	78 4
2149	78 3
2150	79 2
2151	71 11
2152	75 4
2153	72 8
2154	72 10
2155	77 1
2156	78 1
2157	78 2
2158	75 8
2159	76 6
2160	77 9
2161	81 3
2162	79 7
2163	81 8
2164	81 6
2165	83 14
2166	81 10
2167	83 2
2168	82 8
2169	80 6
2170	81 3
2171	82 5
2172	82 7
2173	81 6
2174	81 3
2175	80 4
2176	75 8
2177	78 3
2178	78 4
2179	77 9
2180	76 8
2181	78 7
2182	75 4
2183	74 6
2184	78 5
2185	82 5
2186	80 7
2187	82 6
2188	82 6
2189	84 3
2190	83 2
2191	85 2
2192	87 8
2193	87 4
2194	87 2
2195	87 4
2196	86 7
2197	85 4
2198	84 5
2199	85 6
2200	85 7
2201	86 3
2202	87 1
2203	84 8
2204	85 4
2205	82 6
2206	83 2
2207	86 8
2208	87 6
2209	84 4
2210	86 5
2211	86 7
2212	83 7
2213	85 3
2214	88 2
2215	86 10
2216	87 6
2217	88 5
2218	88 9
2219	84 9
2220	85 6
2221	81 6
2222	79 9
2223	80 8
2224	81 6
2225	79 10
2226	77 9
2227	75 8
2228	79 7
2229	80 11
2230	80 7
2231	77 9
2232	79 9
2233	75 11
2234	77 12
2235	75 5
2236	75 10
2237	76 14
2238	75 10
2239	79 17
2240	71 18
2241	70 9
2242	71 11
2243	67 12
2244	68 17
2245	65 17
2246	68 11
2247	67 12
2248	67 17
2249	67 13
2250	62 19
2251	65 14
2252	65 23
2253	66 21
2254	66 17
2255	64 17
2256	58 30
2257	63 20
2258	63 19
2259	64 31
2260	62 26
2261	63 25
2262	58 30
2263	59 43
2264	57 38
2265	56 26
2266	52 31
2267	54 29
2268	52 30
2269	56 25
2270	60 32
2271	57 38
2272	51 57
2273	55 51
2274	58 42
2275	55 52
2276	64 29
2277	56 40
2278	54 37
2279	47 61
2280	51 36
2281	52 54
2282	47 64
2283	48 42
2284	48 64
2285	47 51
2286	48 78
2287	47 66
2288	48 52
2289	44 62
2290	47 39
2291	43 49
2292	47 59
2293	46 45
2294	43 47
2295	46 48
2296	46 60
2297	45 49
2298	51 53
2299	49 69
2300	48 47
2301	50 50
2302	56 51
2303	56 45
2304	54 53
2305	54 79
2306	50 81
2307	53 51
2308	51 46
2309	49 46
2310	49 45
2311	49 51
2312	45 48
2313	48 54
2314	47 55
2315	48 41
2316	50 49
2317	47 48
2318	51 51
2319	48 49
2320	45 57
2321	43 40
2322	48 56
2323	45 53
2324	39 48
2325	45 32
2326	44 48
2327	47 62
2328	47 55
2329	44 57
2330	47 51
2331	42 53
2332	41 51
2333	48 58
2334	43 47
2335	44 53
2336	52 52
2337	48 67
2338	51 61
2339	57 69
2340	58 53
2341	52 59
2342	57 78
2343	57 48
2344	51 97
2345	53 57
2346	55 50
2347	51 63
2348	50 60
2349	51 62
2350	55 40
2351	48 45
2352	52 50
2353	54 63
2354	57 42
2355	57 50
2356	59 54
2357	55 58
2358	52 53
2359	50 58
2360	49 53
2361	51 72
2362	51 78
2363	55 51
2364	49 65
2365	54 66
2366	56 67
2367	49 65
2368	50 58
2369	52 43
2370	53 38
2371	54 56
2372	52 62
2373	56 62
2374	53 58
2375	52 46
2376	58 33
2377	62 44
2378	57 49
2379	55 70
2380	59 55
2381	60 65
2382	57 51
2383	60 55
2384	55 58
2385	57 56
2386	54 64
2387	57 40
2388	60 43
2389	51 45
2390	58 52
2391	56 65
2392	61 38
2393	54 50
2394	53 50
2395	52 47
2396	55 42
2397	56 53
2398	56 50
2399	61 51
2400	59 50
2401	56 75
2402	54 54
2403	52 54
2404	48 70
2405	53 61
2406	45 51
2407	48 60
2408	50 43
2409	48 54
2410	49 43
2411	45 85
2412	52 41
2413	50 54
2414	49 75
2415	49 60
2416	53 40
2417	55 75
2418	54 52
2419	48 68
2420	53 61
2421	54 62
2422	55 54
2423	50 44
2424	54 63
2425	55 70
2426	51 57
2427	50 56
2428	50 69
2429	49 43
2430	52 71
2431	52 75
2432	60 85
2433	51 45
2434	51 70
2435	56 55
2436	60 49
2437	61 78
2438	57 60
2439	51 64
2440	55 47
2441	57 60
2442	58 57
2443	59 53
2444	60 50
2445	56 44
2446	56 58
2447	60 62
2448	56 58
2449	59 64
2450	59 41
2451	56 47
2452	50 65
2453	53 53
2454	59 47
2455	57 28
2456	58 48
2457	60 42
2458	51 40
2459	60 42
2460	58 58
2461	56 43
2462	50 58
2463	50 64
2464	53 48
2465	55 50
2466	48 53
2467	54 51
2468	50 38
2469	50 45
2470	52 42
2471	56 43
2472	47 38
2473	46 47
2474	48 38
2475	44 40
2476	47 51
2477	46 50
2478	47 39
2479	41 43
2480	44 42
2481	41 37
2482	44 54
2483	45 53
2484	50 52
2485	47 41
2486	49 35
2487	50 42
2488	48 52
2489	46 37
2490	48 49
2491	49 41
2492	50 37
2493	51 34
2494	49 37
2495	50 32
2496	52 52
2497	53 40
2498	56 40
2499	52 46
2500	54 49
2501	54 50
2502	54 37
2503	54 32
2504	54 53
2505	57 32
2506	55 33
2507	52 38
2508	52 55
2509	52 44
2510	54 32
2511	48 44
2512	47 53
2513	53 36
2514	49 39
2515	51 46
2516	44 38
2517	49 38
2518	47 39
2519	51 36
2520	45 55
2521	46 30
2522	48 40
2523	53 34
2524	53 37
2525	50 30
2526	52 42
2527	49 50
2528	52 59
2529	52 51
2530	55 54
2531	55 40
2532	56 45
2533	53 43
2534	56 51
2535	54 38
2536	55 43
2537	53 40
2538	55 49
2539	50 45
2540	52 47
2541	49 41
2542	49 54
2543	47 42
2544	50 30
2545	49 40
2546	45 57
2547	45 39
2548	48 44
2549	51 32
2550	52 42
2551	52 42
2552	55 50
2553	54 44
2554	51 40
2555	54 31
2556	53 41
2557	57 42
2558	55 39
2559	51 48
2560	52 31
2561	55 35
2562	52 35
2563	51 26
2564	50 38
2565	48 27
2566	48 38
2567	47 25
2568	46 30
2569	46 38
2570	47 35
2571	53 31
2572	51 30
2573	54 26
2574	55 35
2575	55 21
2576	53 31
2577	53 32
2578	55 39
2579	50 40
2580	48 28
2581	49 39
2582	46 31
2583	50 30
2584	47 51
2585	48 29
2586	49 17
2587	48 32
2588	49 37
2589	48 31
2590	52 24
2591	49 25
2592	50 25
2593	52 27
2594	55 32
2595	54 30
2596	55 33
2597	56 18
2598	54 16
2599	53 23
2600	51 19
2601	55 15
2602	53 26
2603	54 25
2604	58 13
2605	56 19
2606	55 18
2607	60 16
2608	60 16
2609	60 13
2610	61 21
2611	62 7
2612	64 18
2613	63 12
2614	60 10
2615	58 18
2616	61 10
2617	61 13
2618	61 11
2619	62 14
2620	62 11
2621	64 15
2622	67 15
2623	68 10
2624	72 14
2625	76 8
2626	74 8
2627	77 7
2628	77 4
2629	77 11
2630	75 8
2631	76 8
2632	77 8
2633	79 4
2634	73 12
2635	79 4
2636	76 4
2637	76 8
2638	77 2
2639	73 10
2640	73 11
2641	72 12
2642	76 5
2643	74 8
2644	76 3
2645	77 3
2646	74 6
2647	77 2
2648	76 7
2649	75 6
2650	73 6
2651	74 6
2652	75 6
2653	77 3
2654	79 2
2655	78 2
2656	80 5
2657	79 3
2658	80 4
2659	79 5
2660	80 4
2661	84 3
2662	83 1
2663	81 6
2664	81 6
2665	80 6
2666	84 3
2667	84 2
2668	82 6
2669	82 1
2670	83 9
2671	83 3
2672	78 9
2673	80 4
2674	79 3
2675	78 4
2676	76 10
2677	77 3
2678	79 3
2679	79 3
2680	75 11
2681	77 5
2682	78 8
2683	77 5
2684	78 3
2685	78 6
2686	80 4
2687	81 3
2688	80 7
2689	81 3
2690	79 3
2691	80 5
2692	78 5
2693	76 9
2694	75 7
2695	75 2
2696	75 3
2697	73 5
2698	76 4
2699	74 6
2700	76 4
2701	77 4
2702	77 3
2703	76 5
2704	78 5
2705	81 2
2706	80 5
2707	81 6
2708	82 16
2709	81 6
2710	82 5
2711	80 4
2712	81 1
2713	82 8
2714	81 5
2715	80 6
2716	80 8
2717	78 6
2718	80 3
2719	79 8
2720	78 4
2721	79 6
2722	80 1
2723	80 4
2724	77 4
2725	79 7
2726	78 11
2727	78 5
2728	77 4
2729	76 4
2730	72 13
2731	68 4
2732	68 9
2733	69 4
2734	70 5
2735	74 9
2736	71 8
2737	71 9
2738	72 5
2739	69 7
2740	72 2
2741	68 4
2742	69 6
2743	71 4
2744	71 8
2745	74 5
2746	75 6
2747	72 6
2748	74 4
2749	77 3
2750	75 15
2751	76 5
2752	76 1
2753	76 5
2754	76 3
2755	76 4
2756	71 12
2757	72 8
2758	69 7
2759	70 5
2760	72 2
2761	73 5
2762	73 2
2763	72 1
2764	71 5
2765	73 4
2766	74 6
2767	71 13
2768	74 2
2769	74 3
2770	75 4
2771	74 3
2772	76 2
2773	77 4
2774	76 5
2775	80 7
2776	81 6
2777	84 0
2778	80 7
2779	80 2
2780	76 7
2781	77 4
2782	79 5
2783	78 4
2784	77 5
2785	80 3
2786	79 3
2787	81 4
2788	77 6
2789	80 4
2790	80 3
2791	79 3
2792	80 2
2793	80 3
2794	81 0
2795	80 1
2796	82 2
2797	84 2
2798	84 2
2799	85 2
2800	83 2
2801	82 3
2802	85 2
2803	84 3
2804	81 6
2805	85 1
2806	86 3
2807	90 1
2808	90 1
2809	89 2
2810	88 4
2811	85 6
2812	86 3
2813	84 3
2814	85 4
2815	86 2
2816	86 0
2817	86 5
2818	84 5
2819	85 4
2820	86 2
2821	87 2
2822	87 4
2823	89 2
2824	87 2
2825	88 6
2826	89 0
2827	89 1
2828	88 4
2829	87 3
2830	88 1
2831	88 2
2832	85 2
2833	87 2
2834	86 2
2835	87 2
2836	89 2
2837	89 2
2838	82 8
2839	83 1
2840	83 3
2841	83 1
2842	81 4
2843	82 2
2844	80 8
2845	81 2
2846	83 1
2847	83 3
2848	84 0
2849	83 3
2850	83 4
2851	85 3
2852	83 8
2853	83 3
2854	82 4
2855	82 4
2856	82 4
2857	85 1
2858	83 2
2859	81 6
2860	81 3
2861	79 2
2862	79 4
2863	80 2
2864	81 2
2865	79 3
2866	77 7
2867	76 6
2868	77 2
2869	78 0
2870	79 4
2871	80 4
2872	80 3
2873	79 6
2874	79 3
2875	81 3
2876	82 2
2877	82 1
2878	81 3
2879	82 2
2880	78 3
2881	80 1
2882	81 3
2883	81 3
2884	83 5
2885	83 0
2886	84 0
2887	84 2
2888	84 3
2889	82 3
2890	84 0
2891	84 1
2892	86 3
2893	89 2
2894	87 2
2895	88 2
2896	89 2
2897	90 1
2898	90 3
2899	87 6
2900	89 1
2901	89 1
2902	88 4
2903	86 5
2904	89 1
2905	87 1
2906	87 3
2907	85 3
2908	86 5
2909	86 4
2910	85 5
2911	87 1
2912	88 1
2913	89 1
2914	88 1
2915	88 2
2916	88 0
2917	89 0
2918	87 2
2919	89 1
2920	85 4
2921	86 1
2922	88 3
2923	89 0
2924	90 2
2925	90 2
2926	91 2
2927	92 0
2928	90 4
2929	90 3
2930	91 3
2931	92 1
2932	92 3
2933	93 3
2934	92 2
2935	92 0
2936	90 4
2937	91 3
2938	90 3
2939	91 0
2940	90 1
2941	90 1
2942	91 1
2943	90 2
2944	90 1
2945	90 2
2946	90 4
2947	92 0
2948	93 0
2949	93 1
2950	91 7
2951	93 2
2952	93 4
2953	91 1
2954	91 4
2955	92 0
2956	92 2
2957	93 4
2958	93 0
2959	91 1
2960	90 2
2961	91 2
2962	89 3
2963	87 2
2964	88 3
2965	89 3
2966	89 1
2967	90 2
2968	90 3
2969	89 2
2970	89 2
2971	88 5
2972	88 1
2973	90 3
2974	91 2
2975	91 2
2976	91 2
2977	89 4
2978	92 1
2979	89 5
2980	92 2
2981	91 1
2982	89 3
2983	91 2
2984	90 3
2985	90 4
2986	92 0
2987	92 1
2988	91 3
2989	93 1
2990	91 6
2991	90 2
2992	90 4
2993	91 4
2994	91 3
2995	91 2
2996	90 7
2997	92 3
2998	91 5
2999	92 2
3000	92 1
3001	93 3
3002	94 4
3003	93 5
3004	91 6
3005	93 3
3006	91 3
3007	93 2
3008	93 2
3009	92 3
3010	93 3
3011	90 3
3012	91 0
3013	90 3
3014	91 2
3015	89 3
3016	91 1
3017	88 7
3018	92 1
3019	91 4
3020	89 5
3021	91 1
3022	91 2
3023	92 1
3024	92 2
3025	92 2
3026	92 2
3027	92 3
3028	91 6
3029	93 5
3030	92 3
3031	93 3
3032	92 4
3033	93 2
3034	87 6
3035	87 4
3036	88 5
3037	86 2
3038	87 3
3039	86 7
3040	86 2
3041	86 2
3042	85 2
3043	82 8
3044	82 7
3045	82 2
3046	78 9
3047	79 3
3048	79 5
3049	81 10
3050	79 5
3051	80 6
3052	80 4
3053	79 3
3054	77 5
3055	77 5
3056	77 7
3057	76 4
3058	78 2
3059	78 5
3060	78 5
3061	76 5
3062	80 1
3063	80 5
3064	76 7
3065	79 4
3066	79 3
3067	81 4
3068	82 5
3069	78 3
3070	76 8
3071	80 6
3072	80 5
3073	79 8
3074	81 4
3075	82 3
3076	81 6
3077	78 5
3078	75 4
3079	80 2
3080	79 4
3081	79 7
3082	79 3
3083	77 6
3084	77 5
3085	78 3
3086	81 1
3087	79 7
3088	79 4
3089	77 8
3090	78 2
3091	76 9
3092	81 6
3093	78 5
3094	80 10
3095	78 2
3096	77 5
3097	72 13
3098	73 7
3099	73 13
3100	76 10
3101	77 11
3102	76 12
3103	74 14
3104	77 8
3105	76 8
3106	73 13
3107	73 14
3108	76 9
3109	76 16
3110	75 7
3111	73 11
3112	72 5
3113	73 9
3114	73 9
3115	68 17
3116	75 9
3117	71 7
3118	69 10
3119	67 10
3120	69 19
3121	67 16
3122	67 14
3123	69 14
3124	65 24
3125	63 17
3126	64 20
3127	62 15
3128	67 9
3129	63 20
3130	65 11
3131	68 14
3132	69 17
3133	68 22
3134	69 21
3135	69 13
3136	69 16
3137	63 23
3138	69 23
3139	58 23
3140	63 15
3141	62 20
3142	62 20
3143	63 33
3144	63 30
3145	61 31
3146	64 17
3147	62 19
3148	62 21
3149	59 35
3150	57 29
3151	57 15
3152	57 24
3153	62 18
3154	59 26
3155	61 27
3156	60 22
3157	64 14
3158	64 14
3159	61 24
3160	58 20
3161	58 16
3162	58 30
3163	61 12
3164	61 22
3165	60 17
3166	63 23
3167	63 19
3168	63 14
3169	62 18
3170	61 20
3171	61 26
3172	63 22
3173	65 12
3174	68 11
3175	62 20
3176	66 13
3177	65 20
3178	67 13
3179	65 27
3180	66 18
3181	67 16
3182	63 16
3183	66 20
3184	62 22
3185	60 19
3186	59 30
3187	63 23
3188	63 17
3189	65 25
3190	59 26
3191	57 22
3192	59 21
3193	58 21
3194	59 21
3195	59 12
3196	59 19
3197	58 27
3198	56 18
3199	56 17
3200	59 28
3201	62 15
3202	61 25
3203	54 42
3204	53 24
3205	53 31
3206	53 30
3207	54 21
3208	57 23
3209	59 23
3210	56 26
3211	56 37
3212	55 22
3213	58 32
3214	57 35
3215	59 28
3216	57 38
3217	63 35
3218	64 29
3219	64 29
3220	61 26
3221	63 39
3222	65 36
3223	66 34
3224	63 16
3225	63 46
3226	59 18
3227	56 26
3228	59 32
3229	62 23
3230	59 31
3231	61 17
3232	56 33
3233	56 21
3234	59 20
3235	58 27
3236	60 27
3237	63 18
3238	59 29
3239	62 24
3240	60 22
3241	60 16
3242	57 23
3243	57 26
3244	55 35
3245	58 15
3246	57 22
3247	59 24
3248	61 17
3249	57 22
3250	59 23
3251	61 29
3252	61 18
3253	59 27
3254	59 28
3255	59 10
3256	55 25
3257	58 18
3258	59 22
3259	58 21
3260	60 23
3261	60 27
3262	58 32
3263	57 19
3264	53 28
3265	55 14
3266	53 31
3267	55 27
3268	58 17
3269	52 22
3270	51 37
3271	54 40
3272	53 28
3273	53 31
3274	54 48
3275	53 31
3276	55 38
3277	53 34
3278	56 43
3279	62 26
3280	59 33
3281	60 35
3282	60 27
3283	59 40
3284	58 39
3285	59 21
3286	58 24
3287	57 33
3288	61 22
3289	60 17
3290	61 21
3291	62 29
3292	58 31
3293	64 21
3294	58 27
3295	61 19
3296	60 20
3297	58 20
3298	60 17
3299	58 25
3300	56 23
3301	57 17
3302	54 17
3303	54 20
3304	60 8
3305	56 10
3306	57 20
3307	59 17
3308	58 14
3309	62 12
3310	60 19
3311	58 9
3312	58 7
3313	57 15
3314	58 18
3315	55 14
3316	58 6
3317	57 13
3318	63 8
3319	62 11
3320	61 15
3321	60 13
3322	61 4
3323	62 7
3324	61 13
3325	59 10
3326	61 9
3327	58 9
3328	59 14
3329	61 12
3330	61 12
3331	62 10
3332	62 13
3333	58 11
3334	62 15
3335	64 5
3336	65 14
3337	67 6
3338	64 15
3339	65 12
3340	66 10
3341	68 12
3342	66 5
3343	67 7
3344	69 8
3345	72 8
3346	73 11
3347	74 5
3348	75 3
3349	76 2
3350	74 4
3351	76 2
3352	74 6
3353	75 3
3354	76 8
3355	77 9
3356	75 5
3357	78 4
3358	78 4
3359	80 1
3360	76 6
3361	76 12
3362	73 12
3363	73 6
3364	76 7
3365	77 11
3366	76 17
3367	75 7
3368	77 6
3369	74 12
3370	75 5
3371	76 7
3372	76 2
3373	77 4
3374	77 8
3375	76 5
3376	75 12
3377	77 2
3378	75 5
3379	75 3
3380	77 3
3381	77 10
3382	80 3
3383	79 4
3384	79 4
3385	81 2
3386	80 7
3387	82 3
3388	82 1
3389	80 5
3390	80 3
3391	81 4
3392	81 0
3393	80 2
3394	80 3
3395	81 3
3396	82 0
3397	82 3
3398	83 2
3399	84 0
3400	85 3
3401	85 1
3402	88 0
3403	88 4
3404	88 1
3405	89 3
3406	89 0
3407	90 2
3408	91 0
3409	91 1
3410	90 1
3411	91 0
3412	90 1
3413	92 0
3414	93 0
3415	93 1
3416	95 0
3417	96 0
3418	96 0
3419	96 0
3420	95 1
3421	96 0
3422	96 0
3423	95 0
3424	96 0
3425	96 0
3426	97 1
3427	98 0
3428	98 0
3429	98 0
3430	98 1
