30000 0.9
301	9 24673
302	9 24679
303	9 24699
304	9 24731
305	9 24740
306	9 24762
307	9 24772
308	9 24780
309	9 24784
310	9 24792
311	9 24797
312	9 24807
313	9 24814
314	9 24820
315	10 24829
316	10 24832
317	10 24835
318	9 24843
319	9 24846
320	9 24852
321	9 24858
322	9 24866
323	9 24870
324	9 24872
325	9 24878
326	9 24882
327	9 24889
328	9 24893
329	9 24901
330	9 24916
331	9 24923
332	8 24934
333	8 24940
334	8 24946
335	8 24961
336	8 24974
337	8 24980
338	8 24993
339	8 24994
340	8 25001
341	8 25006
342	8 25019
343	8 25034
344	8 25038
345	8 25044
346	8 25047
347	8 25052
348	8 25058
349	8 25066
350	8 25068
351	8 25072
352	8 25074
353	8 25083
354	8 25089
355	8 25095
356	8 25099
357	8 25106
358	8 25117
359	8 25121
360	8 25126
361	8 25129
362	8 25136
363	8 25137
364	8 25139
365	8 25141
366	8 25154
367	8 25162
368	8 25166
369	8 25173
370	8 25177
371	8 25177
372	8 25186
373	8 25182
374	8 25172
375	8 25095
376	8 24591
377	9 24512
378	9 23949
379	9 23518
380	9 23013
381	9 22621
382	10 22304
383	10 22088
384	11 21901
385	12 21684
386	12 21488
387	12 21285
388	12 21081
389	12 20914
390	12 20793
391	12 20584
392	12 20421
393	12 20157
394	12 19949
395	12 19683
396	12 19469
397	12 19215
398	12 19073
399	12 18839
400	12 18567
401	12 18270
402	12 17931
403	12 17719
404	12 17528
405	12 17256
406	12 16967
407	12 16680
408	12 16360
409	12 16210
410	12 16029
411	13 15835
412	14 15552
413	14 15318
414	14 15041
415	14 14778
416	14 14630
417	14 14398
418	14 14111
419	14 13880
420	14 13576
421	14 13327
422	15 13135
423	16 12951
424	16 12781
425	16 12516
426	16 12274
427	17 12030
428	17 11862
429	17 11681
430	17 11475
431	17 11313
432	17 11055
433	17 10784
434	17 10540
435	17 10319
436	17 10051
437	17 9776
438	17 9614
439	17 9344
440	17 9053
441	17 8783
442	17 8493
443	17 8291
444	17 8174
445	17 8030
446	17 7805
447	17 7494
448	17 7193
449	17 6970
450	17 6785
451	17 6559
452	17 6327
453	17 6167
454	17 5965
455	17 5817
456	17 5744
457	17 5615
458	17 5439
459	17 5296
460	17 5167
461	17 4977
462	17 4884
463	18 4805
464	19 4664
465	19 4577
466	19 4492
467	19 4366
468	19 4262
469	20 4172
470	20 4097
471	20 4019
472	20 3945
473	20 3824
474	20 3746
475	20 3696
476	20 3631
477	21 3591
478	21 3553
479	21 3509
480	21 3464
481	22 3434
482	22 3401
483	22 3390
484	22 3364
485	24 3331
486	24 3313
487	24 3297
488	25 3274
489	25 3264
490	25 3247
491	25 3232
492	25 3210
493	25 3202
494	25 3189
495	25 3169
496	25 3150
497	26 3154
498	25 3136
499	25 3137
500	25 3123
501	25 3131
502	25 3123
503	24 3106
504	24 3104
505	24 3103
506	24 3109
507	24 3090
508	24 3087
509	24 3072
510	24 3067
511	26 3059
512	26 3034
513	26 3014
514	25 3000
515	25 2996
516	25 2982
517	25 2978
518	25 2952
519	26 2951
520	26 2926
521	26 2918
522	26 2914
523	26 2920
524	19 3142
525	18 3323
526	18 3334
527	18 3501
528	17 3681
529	19 4011
530	18 4143
531	17 4395
532	17 4601
533	18 4634
534	17 4866
535	17 5155
536	17 5348
537	17 5596
538	18 5959
539	19 6042
540	15 6493
541	15 6924
542	15 7297
543	15 7619
544	16 7873
545	15 8084
546	15 8250
547	15 8435
548	15 8561
549	15 8774
550	15 8985
551	14 9191
552	14 9435
553	14 9660
554	14 9775
555	16 9990
556	16 10270
557	16 10582
558	16 10893
559	16 11321
560	16 11786
561	16 11939
562	16 12529
563	16 13054
564	16 13665
565	16 14145
566	16 14488
567	16 14813
568	16 15050
569	16 15367
570	16 15638
571	16 15831
572	16 16060
573	16 16218
574	16 16356
575	15 16592
576	15 16760
577	15 16916
578	15 17143
579	18 17320
580	18 17505
581	18 17689
582	18 17879
583	20 18091
584	20 18295
585	18 18508
586	18 18680
587	18 18782
588	18 18977
589	18 19241
590	18 19504
591	18 19713
592	20 19911
593	20 19985
594	18 20148
595	18 20319
596	18 20474
597	18 20677
598	18 20819
599	18 20936
600	18 21088
601	16 21274
602	16 21452
603	16 21632
604	16 21821
605	16 21951
606	16 22037
607	16 22235
608	16 22394
609	16 22505
610	16 22659
611	16 22787
612	16 22916
613	16 23068
614	16 23194
615	16 23313
616	16 23459
617	16 23590
618	16 23724
619	16 23896
620	16 24016
621	16 24196
622	16 24336
623	16 24512
624	16 24706
625	16 24862
626	16 25024
627	16 25195
628	16 25365
629	16 25524
630	16 25688
631	16 25800
632	16 25923
633	16 26062
634	16 26185
635	17 26380
636	17 26572
637	17 26712
638	17 26844
639	15 26998
640	15 27178
641	15 27391
642	15 27588
643	15 27784
644	15 27994
645	15 28211
646	15 28390
647	14 28567
648	14 28732
649	14 28889
650	13 29079
651	13 29256
652	13 29431
653	13 29594
654	13 29754
655	13 29926
656	13 30084
657	13 30235
658	13 30454
659	13 30618
660	13 30764
661	13 30922
662	13 31072
663	13 31234
664	13 31402
665	13 31579
666	13 31736
667	13 31861
668	13 31990
669	13 32140
670	13 32244
671	13 32396
672	13 32560
673	13 32696
674	13 32838
675	13 33050
676	13 33219
677	11 33395
678	11 33539
679	11 33708
680	11 33866
681	10 34005
682	10 34130
683	10 34266
684	10 34467
685	10 34634
686	10 34772
687	10 34935
688	10 35122
689	10 35290
690	10 35447
691	10 35617
692	10 35772
693	10 35943
694	10 36135
695	10 36253
696	10 36396
697	10 36589
698	10 36736
699	10 36896
700	10 37063
701	10 37237
702	10 37382
703	10 37557
704	9 37726
705	9 37902
706	9 38162
707	9 38375
708	9 38571
709	9 38792
710	9 38950
711	9 39087
712	9 39304
713	9 39509
714	9 39648
715	8 39853
716	8 40039
717	8 40172
718	8 40354
719	8 40475
720	8 40588
721	8 40748
722	8 40880
723	8 41034
724	9 41222
725	9 41400
726	7 41569
727	7 41692
728	7 41811
729	7 41924
730	7 42033
731	7 42130
732	7 42238
733	7 42346
734	7 42479
735	7 42640
736	7 42772
737	7 42920
738	7 43038
739	7 43189
740	7 43315
741	7 43430
742	7 43606
743	5 43747
744	5 43891
745	5 44053
746	5 44171
747	5 44326
748	5 44500
749	5 44661
750	5 44763
751	5 44885
752	5 45014
753	5 45120
754	5 45244
755	5 45366
756	5 45478
757	5 45626
758	5 45730
759	5 45845
760	5 45923
761	5 46021
762	5 46114
763	5 46221
764	5 46289
765	5 46394
766	5 46493
767	5 46576
768	5 46673
769	5 46768
770	4 46871
771	4 46972
772	4 47105
773	4 47259
774	4 47374
775	2 47482
776	2 47570
777	2 47677
778	2 47811
779	2 47910
780	2 48029
781	2 48146
782	2 48282
783	2 48399
784	2 48510
785	2 48622
786	2 48756
787	2 48882
788	2 49037
789	2 49129
790	2 49255
791	2 49412
792	2 49528
793	2 49671
794	2 49784
795	2 49944
796	2 50060
797	2 50167
798	2 50274
799	2 50385
800	2 50494
801	2 50593
802	2 50700
803	2 50796
804	2 50927
805	2 51065
806	2 51196
807	2 51309
808	2 51453
809	2 51549
810	2 51656
811	2 51774
812	2 51891
813	2 52015
814	2 52144
815	2 52241
816	2 52364
817	2 52471
818	2 52615
819	2 52725
820	2 52850
821	2 52966
822	2 53094
823	2 53215
824	2 53324
825	2 53442
826	2 53328
827	2 53283
828	2 53359
829	2 53256
830	2 53210
831	2 53023
832	2 53006
833	2 52885
834	2 52802
835	2 52854
836	2 52710
837	2 52514
838	2 52375
839	2 52226
840	2 51962
841	2 51973
842	2 51622
843	2 51250
844	2 51000
845	2 50747
846	2 50576
847	2 50499
848	2 50436
849	2 50431
850	2 50398
851	2 50284
852	2 50174
853	2 50111
854	2 50002
855	2 49857
856	2 49839
857	2 49736
858	2 49573
859	2 49376
860	2 49149
861	2 48839
862	2 48549
863	2 48429
864	2 47933
865	2 47480
866	2 46978
867	2 46593
868	2 46399
869	2 46166
870	2 46032
871	2 45831
872	2 45725
873	2 45634
874	2 45527
875	2 45497
876	3 45522
877	3 45398
878	3 45342
879	3 45322
880	3 45217
881	3 45168
882	3 45147
883	3 45094
884	3 45023
885	3 44935
886	3 44871
887	3 44802
888	3 44803
889	3 44822
890	3 44780
891	3 44643
892	3 44529
893	3 44444
894	3 44425
895	3 44493
896	3 44503
897	3 44459
898	3 44446
899	3 44381
900	3 44414
901	3 44434
902	3 44452
903	3 44403
904	5 44407
905	4 44416
906	4 44389
907	4 44443
908	4 44557
909	3 44541
910	3 44537
911	3 44539
912	3 44563
913	1 44558
914	1 44553
915	1 44548
916	1 44577
917	1 44560
918	1 44536
919	1 44521
920	1 44487
921	1 44446
922	1 44411
923	1 44291
924	1 44216
925	1 44110
926	1 44012
927	1 43926
928	1 43824
929	1 43703
930	1 43559
931	1 43462
932	1 43340
933	1 43269
934	1 43167
935	1 43069
936	1 42983
937	1 42812
938	1 42662
939	1 42517
940	1 42398
941	1 42264
942	1 42101
943	1 41903
944	1 41712
945	1 41537
946	1 41329
947	1 41116
948	1 40951
949	1 40789
950	1 40637
951	1 40501
952	1 40315
953	1 40145
954	1 39993
955	1 39832
956	1 39684
957	1 39514
958	1 39361
959	1 39217
960	1 39008
961	1 38851
962	1 38715
963	1 38565
964	1 38443
965	1 38288
966	1 38123
967	1 37960
968	1 37827
969	1 37717
970	1 37581
971	1 37445
972	1 37355
973	1 37216
974	1 37061
975	1 36932
976	1 36790
977	1 36593
978	1 36428
979	1 36254
980	1 36122
981	1 35959
982	1 35809
983	1 35686
984	1 35557
985	1 35435
986	1 35243
987	1 35084
988	1 34952
989	1 34803
990	1 34619
991	1 34465
992	1 34316
993	1 34153
994	1 34009
995	1 33839
996	1 33653
997	1 33558
998	1 33422
999	1 33237
1000	2 33106
1001	2 32962
1002	2 32796
1003	2 32634
1004	2 32487
1005	2 32320
1006	2 32160
1007	2 31987
1008	2 31737
1009	2 31525
1010	2 31334
1011	2 31117
1012	2 30975
1013	2 30849
1014	2 30642
1015	2 30455
1016	2 30323
1017	2 30129
1018	2 29947
1019	2 29826
1020	2 29658
1021	2 29541
1022	2 29437
1023	2 29294
1024	2 29175
1025	2 29026
1026	2 28865
1027	2 28686
1028	3 28519
1029	3 28410
1030	3 28289
1031	3 28183
1032	3 28075
1033	3 27984
1034	3 27886
1035	3 27792
1036	3 27672
1037	3 27514
1038	3 27395
1039	3 27255
1040	3 27151
1041	3 27017
1042	3 26889
1043	3 26776
1044	3 26623
1045	3 26481
1046	3 26344
1047	3 26204
1048	3 26097
1049	3 25952
1050	3 25786
1051	3 25636
1052	3 25546
1053	3 25436
1054	3 25311
1055	3 25212
1056	3 25094
1057	3 24983
1058	3 24891
1059	3 24747
1060	3 24649
1061	3 24542
1062	3 24466
1063	3 24386
1064	3 24307
1065	3 24215
1066	3 24146
1067	3 24049
1068	3 23967
1069	3 23898
1070	3 23818
1071	3 23731
1072	3 23638
1073	3 23545
1074	3 23432
1075	3 23293
1076	3 23193
1077	3 23096
1078	3 23021
1079	3 22924
1080	3 22805
1081	3 22725
1082	3 22616
1083	3 22513
1084	3 22390
1085	3 22285
1086	3 22181
1087	3 22075
1088	3 21945
1089	3 21831
1090	4 21684
1091	4 21606
1092	4 21480
1093	4 21320
1094	4 21215
1095	4 21079
1096	4 20973
1097	4 20816
1098	4 20701
1099	4 20605
1100	4 20501
1101	4 20389
1102	4 20283
1103	4 20176
1104	4 20078
1105	4 19976
1106	4 19841
1107	4 19696
1108	4 19565
1109	4 19442
1110	4 19284
1111	4 19193
1112	4 19086
1113	4 18969
1114	4 18861
1115	4 18739
1116	4 18612
1117	4 18522
1118	4 18400
1119	4 18288
1120	4 18145
1121	4 18031
1122	3 17909
1123	3 17786
1124	3 17653
1125	3 17532
1126	3 17428
1127	3 17293
1128	3 17164
1129	3 17011
1130	3 16910
1131	3 16800
1132	3 16652
1133	3 16509
1134	3 16358
1135	3 16222
1136	3 16118
1137	3 15989
1138	3 15893
1139	3 15785
1140	3 15708
1141	3 15590
1142	3 15482
1143	3 15363
1144	3 15256
1145	3 15185
1146	3 15053
1147	3 14977
1148	3 14886
1149	4 14741
1150	4 14633
1151	4 14473
1152	4 14332
1153	4 14235
1154	5 14129
1155	5 13979
1156	5 13824
1157	5 13736
1158	5 13637
1159	5 13523
1160	5 13409
1161	5 13308
1162	5 13194
1163	5 13088
1164	5 12953
1165	5 12864
1166	5 12757
1167	5 12668
1168	5 12540
1169	5 12432
1170	5 12293
1171	6 12190
1172	6 12076
1173	6 11948
1174	6 11791
1175	6 11676
1176	6 11553
1177	6 11422
1178	6 11261
1179	6 11154
1180	6 11038
1181	6 10906
1182	6 10775
1183	6 10651
1184	6 10485
1185	6 10360
1186	6 10243
1187	6 10111
1188	6 9961
1189	6 9826
1190	6 9650
1191	6 9524
1192	6 9372
1193	6 9244
1194	6 9100
1195	6 8987
1196	6 8801
1197	7 8669
1198	7 8484
1199	7 8363
1200	7 8220
1201	7 8076
1202	7 7906
1203	7 7759
1204	7 7598
1205	7 7439
1206	7 7264
1207	7 7069
1208	7 6912
1209	7 6723
1210	7 6487
1211	7 6306
1212	7 6149
1213	7 6027
1214	7 5849
1215	7 5728
1216	7 5609
1217	7 5473
1218	7 5321
1219	7 5222
1220	7 5109
1221	7 5000
1222	8 4896
1223	8 4771
1224	9 4699
1225	9 4628
1226	10 4570
1227	10 4513
1228	9 4421
1229	10 4356
1230	10 4305
1231	10 4272
1232	10 4244
1233	10 4190
1234	10 4148
1235	10 4109
1236	10 4076
1237	11 4042
1238	11 4000
1239	11 3978
1240	11 3952
1241	11 3936
1242	11 3917
1243	11 3907
1244	11 3887
1245	11 3889
1246	11 3883
1247	11 3863
1248	11 3854
1249	11 3846
1250	11 3837
1251	11 3832
1252	11 3825
1253	11 3810
1254	11 3807
1255	11 3799
1256	11 3807
1257	12 3810
1258	13 3804
1259	13 3802
1260	13 3811
1261	13 3814
1262	13 3808
1263	12 3810
1264	12 3807
1265	12 3813
1266	12 3794
1267	12 3811
1268	12 3817
1269	13 3813
1270	13 3807
1271	12 3811
1272	12 3803
1273	12 3797
1274	12 3789
1275	12 3786
1276	13 3788
1277	13 3795
1278	13 3798
1279	13 3795
1280	13 3790
1281	13 3796
1282	14 3794
1283	16 3798
1284	16 3803
1285	16 3807
1286	16 3805
1287	16 3796
1288	15 3799
1289	15 3805
1290	15 3800
1291	15 3797
1292	16 3795
1293	16 3789
1294	16 3791
1295	16 3784
1296	16 3788
1297	16 3793
1298	16 3786
1299	17 3772
1300	16 3769
1301	17 3773
1302	18 3770
1303	18 3762
1304	18 3762
1305	18 3769
1306	18 3759
1307	18 3755
1308	18 3750
1309	18 3755
1310	18 3747
1311	18 3747
1312	18 3745
1313	17 3744
1314	17 3733
1315	17 3727
1316	18 3725
1317	17 3729
1318	17 3722
1319	17 3717
1320	18 3709
1321	19 3710
1322	20 3709
1323	20 3705
1324	21 3697
1325	21 3686
1326	21 3677
1327	21 3681
1328	21 3673
1329	21 3662
1330	21 3662
1331	22 3662
1332	22 3662
1333	22 3660
1334	22 3661
1335	22 3663
1336	22 3660
1337	21 3663
1338	22 3659
1339	22 3660
1340	22 3658
1341	22 3653
1342	22 3649
1343	22 3640
1344	22 3639
1345	22 3642
1346	22 3644
1347	22 3639
1348	22 3635
1349	22 3624
1350	22 3616
1351	22 3609
1352	22 3615
1353	22 3613
1354	22 3608
1355	23 3603
1356	23 3603
1357	23 3603
1358	23 3608
1359	23 3605
1360	22 3587
1361	22 3582
1362	22 3580
1363	22 3572
1364	22 3571
1365	22 3560
1366	22 3553
1367	22 3548
1368	22 3545
1369	22 3539
1370	22 3524
1371	22 3520
1372	22 3512
1373	22 3515
1374	22 3513
1375	22 3514
1376	23 3508
1377	23 3503
1378	23 3502
1379	24 3497
1380	24 3485
1381	24 3481
1382	24 3480
1383	23 3470
1384	23 3471
1385	23 3466
1386	23 3468
1387	23 3467
1388	23 3470
1389	23 3469
1390	23 3473
1391	24 3477
1392	24 3502
1393	24 3501
1394	23 3511
1395	19 3534
1396	19 3538
1397	19 3544
1398	17 3553
1399	17 3562
1400	16 3566
1401	16 3577
1402	16 3584
1403	16 3581
1404	16 3591
1405	16 3602
1406	16 3609
1407	16 3619
1408	17 3643
1409	17 3680
1410	17 3697
1411	17 3707
1412	17 3740
1413	18 3771
1414	18 3806
1415	18 3839
1416	21 3865
1417	21 3904
1418	19 3952
1419	21 3999
1420	20 4049
1421	20 4094
1422	17 4174
1423	17 4275
1424	17 4362
1425	17 4462
1426	17 4519
1427	17 4600
1428	17 4702
1429	16 4858
1430	16 4969
1431	16 5036
1432	16 5149
1433	16 5241
1434	16 5332
1435	16 5458
1436	16 5555
1437	16 5673
1438	16 5767
1439	17 5882
1440	18 5992
1441	18 6119
1442	18 6222
1443	17 6352
1444	18 6467
1445	18 6579
1446	19 6684
1447	19 6785
1448	19 6890
1449	19 6990
1450	19 7110
1451	18 7213
1452	18 7326
1453	19 7416
1454	19 7526
1455	18 7629
1456	18 7732
1457	18 7848
1458	18 7969
1459	18 8057
1460	18 8179
1461	18 8310
1462	18 8441
1463	18 8575
1464	17 8690
1465	17 8815
1466	16 8923
1467	18 9070
1468	18 9191
1469	18 9321
1470	18 9449
1471	19 9603
1472	18 9721
1473	18 9849
1474	18 10000
1475	18 10141
1476	18 10289
1477	17 10464
1478	17 10584
1479	16 10746
1480	16 10871
1481	16 10979
1482	16 11112
1483	16 11265
1484	17 11438
1485	18 11544
1486	18 11677
1487	18 11805
1488	17 11969
1489	16 12136
1490	17 12282
1491	17 12389
1492	16 12537
1493	16 12675
1494	16 12828
1495	16 13003
1496	16 13164
1497	16 13302
1498	16 13464
1499	16 13596
1500	16 13744
1501	17 13912
1502	16 14099
1503	16 14283
1504	16 14454
1505	16 14632
1506	17 14775
1507	16 14938
1508	15 15101
1509	15 15269
1510	15 15471
1511	16 15622
1512	15 15796
1513	15 15943
1514	15 16096
1515	15 16247
1516	15 16377
1517	15 16517
1518	15 16643
1519	15 16751
1520	15 16881
1521	15 17004
1522	15 17123
1523	15 17230
1524	15 17343
1525	14 17452
1526	14 17583
1527	14 17749
1528	14 17855
1529	14 17936
1530	13 18021
1531	13 18114
1532	13 18224
1533	13 18344
1534	11 18454
1535	11 18558
1536	11 18652
1537	11 18772
1538	11 18881
1539	11 18988
1540	11 19093
1541	11 19206
1542	11 19297
1543	11 19405
1544	11 19532
1545	10 19656
1546	10 19769
1547	10 19873
1548	10 19987
1549	10 20108
1550	10 20230
1551	10 20349
1552	10 20471
1553	10 20586
1554	10 20704
1555	10 20834
1556	10 20967
1557	8 21106
1558	8 21191
1559	8 21300
1560	8 21407
1561	7 21533
1562	7 21663
1563	7 21761
1564	7 21881
1565	7 21978
1566	7 22137
1567	7 22262
1568	7 22386
1569	7 22515
1570	7 22647
1571	7 22772
1572	7 22914
1573	7 23043
1574	7 23170
1575	7 23294
1576	7 23454
1577	7 23593
1578	8 23699
1579	8 23823
1580	8 23949
1581	7 24080
1582	7 24198
1583	7 24332
1584	7 24431
1585	7 24538
1586	7 24622
1587	7 24762
1588	8 24865
1589	8 24984
1590	6 25118
1591	6 25206
1592	6 25328
1593	6 25464
1594	6 25619
1595	7 25755
1596	6 25866
1597	6 25981
1598	5 26097
1599	5 26216
1600	5 26310
1601	5 26420
1602	5 26501
1603	4 26604
1604	4 26693
1605	4 26780
1606	4 26883
1607	4 26968
1608	4 27086
1609	4 27158
1610	4 27280
1611	4 27387
1612	4 27495
1613	4 27608
1614	4 27699
1615	4 27803
1616	4 27925
1617	4 28050
1618	4 28147
1619	4 28263
1620	4 28386
1621	4 28486
1622	4 28613
1623	4 28732
1624	4 28837
1625	4 28938
1626	4 29059
1627	4 29155
1628	4 29269
1629	4 29374
1630	4 29470
1631	4 29583
1632	4 29657
1633	4 29760
1634	4 29848
1635	4 29965
1636	4 30051
1637	4 30139
1638	4 30218
1639	4 30303
1640	4 30375
1641	4 30488
1642	4 30563
1643	4 30655
1644	4 30756
1645	4 30853
1646	4 30924
1647	4 31022
1648	4 31105
1649	4 31202
1650	4 31304
1651	4 31389
1652	4 31467
1653	4 31544
1654	4 31627
1655	4 31714
1656	4 31782
1657	4 31854
1658	4 31949
1659	4 32042
1660	4 32112
1661	4 32223
1662	4 32314
1663	4 32412
1664	4 32524
1665	4 32650
1666	4 32722
1667	4 32833
1668	4 32927
1669	3 33020
1670	3 33116
1671	3 33207
1672	3 33317
1673	3 33419
1674	3 33524
1675	3 33606
1676	3 33685
1677	3 33769
1678	3 33863
1679	3 33969
1680	3 34076
1681	3 34181
1682	3 34291
1683	3 34387
1684	3 34466
1685	3 34534
1686	3 34603
1687	3 34677
1688	3 34748
1689	3 34854
1690	3 34934
1691	3 35022
1692	3 35089
1693	3 35140
1694	3 35162
1695	3 35218
1696	3 35276
1697	3 35334
1698	3 35371
1699	3 35426
1700	3 35455
1701	3 35504
1702	3 35550
1703	3 35593
1704	3 35652
1705	3 35712
1706	3 35750
1707	3 35800
1708	3 35843
1709	3 35883
1710	3 35891
1711	3 35909
1712	3 35943
1713	3 35989
1714	3 36010
1715	3 36022
1716	3 36032
1717	3 36051
1718	3 36074
1719	3 36101
1720	3 36111
1721	3 36106
1722	3 36110
1723	3 36122
1724	3 36087
1725	3 36040
1726	3 35998
1727	3 35959
1728	3 35955
1729	3 35932
1730	3 35880
1731	3 35763
1732	3 35687
1733	2 35671
1734	2 35621
1735	2 35591
1736	2 35550
1737	2 35482
1738	2 35434
1739	2 35362
1740	2 35337
1741	2 35288
1742	2 35257
1743	2 35196
1744	2 35144
1745	2 35090
1746	2 35051
1747	2 35034
1748	2 35037
1749	2 35011
1750	2 34977
1751	2 34952
1752	2 34892
1753	2 34860
1754	2 34792
1755	2 34760
1756	2 34723
1757	2 34657
1758	2 34599
1759	2 34553
1760	2 34497
1761	2 34460
1762	2 34383
1763	2 34298
1764	2 34205
1765	2 34126
1766	2 34065
1767	2 34020
1768	2 33953
1769	2 33844
1770	2 33755
1771	2 33680
1772	2 33590
1773	2 33492
1774	2 33413
1775	2 33336
1776	2 33223
1777	2 33114
1778	2 32987
1779	2 32862
1780	2 32786
1781	2 32684
1782	2 32595
1783	2 32529
1784	2 32442
1785	2 32325
1786	2 32184
1787	2 32096
1788	2 32013
1789	2 31923
1790	2 31799
1791	2 31666
1792	2 31550
1793	2 31471
1794	2 31353
1795	2 31239
1796	2 31126
1797	2 30988
1798	2 30850
1799	2 30727
1800	2 30582
1801	2 30464
1802	2 30341
1803	2 30210
1804	2 30076
1805	2 29915
1806	2 29772
1807	2 29625
1808	2 29509
1809	2 29397
1810	2 29271
1811	2 29129
1812	2 28966
1813	2 28860
1814	2 28755
1815	2 28635
1816	2 28546
1817	3 28443
1818	3 28343
1819	3 28240
1820	3 28195
1821	3 28131
1822	3 28061
1823	3 28006
1824	3 27966
1825	3 27908
1826	3 27862
1827	3 27841
1828	3 27752
1829	3 27700
1830	3 27677
1831	3 27648
1832	3 27640
1833	3 27615
1834	4 27585
1835	4 27543
1836	4 27503
1837	4 27476
1838	4 27456
1839	4 27395
1840	4 27361
1841	4 27330
1842	4 27284
1843	4 27240
1844	4 27184
1845	4 27134
1846	4 27062
1847	4 26987
1848	4 26952
1849	4 26876
1850	4 26823
1851	4 26749
1852	3 26679
1853	3 26620
1854	3 26544
1855	3 26470
1856	3 26379
1857	3 26301
1858	3 26224
1859	3 26132
1860	3 26072
1861	3 25981
1862	3 25910
1863	3 25803
1864	3 25693
1865	3 25610
1866	3 25513
1867	3 25441
1868	3 25316
1869	3 25206
1870	3 25109
1871	3 24985
1872	4 24872
1873	4 24758
1874	4 24640
1875	4 24523
1876	4 24400
1877	4 24293
1878	4 24152
1879	4 24021
1880	4 23913
1881	4 23797
1882	4 23688
1883	4 23571
1884	4 23479
1885	4 23342
1886	4 23245
1887	4 23136
1888	4 23063
1889	4 22920
1890	4 22826
1891	4 22715
1892	4 22582
1893	4 22495
1894	4 22387
1895	4 22262
1896	4 22105
1897	4 21970
1898	4 21859
1899	4 21744
1900	4 21623
1901	4 21502
1902	4 21418
1903	4 21306
1904	4 21219
1905	4 21109
1906	4 21016
1907	4 20928
1908	4 20824
1909	4 20730
1910	4 20616
1911	4 20541
1912	4 20417
1913	4 20302
1914	4 20189
1915	4 20079
1916	4 19990
1917	4 19883
1918	4 19763
1919	4 19637
1920	4 19534
1921	4 19405
1922	4 19293
1923	4 19193
1924	4 19060
1925	5 18940
1926	5 18835
1927	5 18729
1928	5 18610
1929	5 18514
1930	5 18404
1931	5 18293
1932	5 18192
1933	5 18081
1934	5 18012
1935	5 17906
1936	5 17810
1937	5 17684
1938	5 17594
1939	5 17494
1940	5 17420
1941	5 17331
1942	5 17253
1943	5 17142
1944	5 17068
1945	5 16974
1946	5 16871
1947	5 16785
1948	5 16715
1949	5 16614
1950	5 16521
1951	5 16421
1952	5 16318
1953	5 16233
1954	5 16151
1955	6 16081
1956	6 15984
1957	6 15895
1958	6 15827
1959	6 15753
1960	6 15654
1961	6 15562
1962	6 15480
1963	6 15362
1964	6 15274
1965	6 15179
1966	6 15071
1967	7 14948
1968	7 14878
1969	7 14768
1970	7 14676
1971	7 14580
1972	7 14490
1973	8 14401
1974	8 14292
1975	8 14181
1976	8 14080
1977	8 13996
1978	8 13912
1979	8 13818
1980	8 13719
1981	8 13611
1982	8 13493
1983	8 13391
1984	8 13282
1985	8 13182
1986	8 13098
1987	8 13030
1988	8 12955
1989	8 12874
1990	8 12796
1991	8 12685
1992	8 12598
1993	8 12505
1994	8 12431
1995	8 12368
1996	8 12319
1997	8 12259
1998	8 12185
1999	8 12103
2000	8 12061
2001	8 11994
2002	8 11951
2003	8 11889
2004	8 11838
2005	8 11776
2006	8 11716
2007	8 11653
2008	8 11604
2009	8 11540
2010	9 11489
2011	9 11435
2012	9 11407
2013	9 11356
2014	10 11305
2015	10 11251
2016	10 11202
2017	10 11161
2018	10 11104
2019	10 11049
2020	10 10993
2021	10 10931
2022	10 10868
2023	10 10817
2024	10 10759
2025	10 10703
2026	10 10657
2027	10 10608
2028	10 10559
2029	10 10512
2030	10 10452
2031	10 10397
2032	10 10353
2033	10 10307
2034	10 10266
2035	10 10215
2036	10 10139
2037	10 10083
2038	10 10026
2039	11 9966
2040	11 9913
2041	11 9862
2042	11 9792
2043	11 9718
2044	11 9635
2045	12 9556
2046	14 9505
2047	14 9427
2048	14 9354
2049	14 9266
2050	14 9173
2051	14 9079
2052	14 9005
2053	14 8922
2054	14 8858
2055	14 8785
2056	14 8724
2057	14 8650
2058	14 8586
2059	14 8528
2060	14 8463
2061	14 8391
2062	14 8319
2063	14 8264
2064	14 8198
2065	14 8144
2066	14 8093
2067	14 8019
2068	14 7954
2069	14 7870
2070	14 7820
2071	14 7772
2072	14 7732
2073	14 7670
2074	14 7629
2075	14 7566
2076	14 7526
2077	14 7475
2078	15 7427
2079	15 7400
2080	15 7365
2081	15 7311
2082	15 7274
2083	15 7213
2084	15 7167
2085	15 7118
2086	15 7059
2087	15 7024
2088	15 6995
2089	15 6957
2090	15 6915
2091	15 6874
2092	15 6821
2093	15 6793
2094	15 6753
2095	15 6717
2096	15 6682
2097	15 6662
2098	15 6619
2099	15 6578
2100	15 6554
2101	15 6528
2102	15 6505
2103	15 6479
2104	15 6452
2105	15 6398
2106	15 6354
2107	15 6317
2108	15 6298
2109	15 6257
2110	15 6219
2111	15 6162
2112	15 6131
2113	15 6089
2114	15 6044
2115	15 5993
2116	15 5926
2117	15 5895
2118	15 5829
2119	15 5785
2120	15 5747
2121	15 5708
2122	15 5622
2123	15 5570
2124	15 5502
2125	15 5427
2126	15 5344
2127	15 5282
2128	15 5214
2129	15 5124
2130	16 5073
2131	16 4963
2132	16 4879
2133	16 4803
2134	16 4728
2135	16 4651
2136	16 4564
2137	16 4477
2138	16 4404
2139	16 4323
2140	16 4251
2141	16 4184
2142	16 4107
2143	16 4026
2144	16 3966
2145	16 3895
2146	16 3861
2147	16 3804
2148	17 3742
2149	17 3682
2150	17 3596
2151	18 3561
2152	20 3493
2153	20 3450
2154	20 3402
2155	20 3340
2156	20 3281
2157	21 3224
2158	21 3198
2159	21 3141
2160	22 3087
2161	22 3038
2162	23 2999
2163	23 2966
2164	24 2925
2165	24 2910
2166	25 2886
2167	23 2856
2168	23 2827
2169	23 2791
2170	23 2748
2171	23 2713
2172	26 2687
2173	26 2656
2174	26 2621
2175	26 2601
2176	26 2571
2177	26 2547
2178	26 2537
2179	26 2517
2180	26 2493
2181	26 2478
2182	26 2462
2183	26 2443
2184	26 2419
2185	26 2396
2186	26 2373
2187	26 2360
2188	26 2351
2189	26 2338
2190	26 2313
2191	26 2301
2192	25 2289
2193	25 2277
2194	25 2265
2195	25 2251
2196	25 2231
2197	25 2216
2198	25 2210
2199	26 2205
2200	28 2200
2201	28 2195
2202	28 2185
2203	28 2182
2204	28 2170
2205	28 2164
2206	28 2159
2207	28 2160
2208	28 2155
2209	28 2150
2210	28 2146
2211	28 2143
2212	28 2143
2213	28 2135
2214	28 2129
2215	28 2132
2216	29 2128
2217	29 2120
2218	29 2117
2219	29 2119
2220	29 2114
2221	29 2111
2222	29 2109
2223	29 2112
2224	28 2102
2225	29 2101
2226	30 2101
2227	29 2101
2228	29 2090
2229	29 2098
2230	29 2090
2231	29 2091
2232	29 2087
2233	31 2089
2234	30 2093
2235	28 2089
2236	30 2082
2237	30 2090
2238	30 2095
2239	28 2106
2240	30 2119
2241	30 2123
2242	30 2123
2243	30 2122
2244	29 2131
2245	29 2142
2246	27 2137
2247	28 2143
2248	28 2150
2249	28 2149
2250	29 2163
2251	29 2169
2252	29 2188
2253	27 2201
2254	27 2213
2255	26 2224
2256	27 2247
2257	27 2255
2258	27 2268
2259	27 2293
2260	27 2313
2261	26 2327
2262	27 2355
2263	25 2394
2264	24 2427
2265	24 2450
2266	24 2473
2267	24 2496
2268	24 2516
2269	24 2535
2270	24 2557
2271	24 2586
2272	25 2635
2273	25 2678
2274	26 2708
2275	27 2752
2276	26 2775
2277	26 2808
2278	25 2833
2279	24 2883
2280	24 2914
2281	24 2965
2282	22 3021
2283	22 3054
2284	22 3113
2285	22 3151
2286	20 3220
2287	20 3280
2288	20 3323
2289	20 3374
2290	20 3405
2291	20 3448
2292	20 3497
2293	20 3535
2294	20 3578
2295	21 3620
2296	20 3672
2297	20 3714
2298	21 3760
2299	21 3819
2300	21 3860
2301	21 3906
2302	21 3948
2303	22 3983
2304	22 4027
2305	22 4096
2306	22 4168
2307	22 4210
2308	21 4248
2309	21 4286
2310	21 4322
2311	21 4366
2312	21 4403
2313	21 4448
2314	21 4499
2315	21 4530
2316	21 4568
2317	21 4608
2318	21 4648
2319	21 4686
2320	21 4737
2321	21 4768
2322	21 4820
2323	21 4863
2324	21 4904
2325	21 4927
2326	20 4968
2327	20 5023
2328	20 5074
2329	19 5119
2330	18 5161
2331	18 5202
2332	18 5247
2333	18 5297
2334	18 5336
2335	18 5385
2336	18 5428
2337	18 5486
2338	18 5542
2339	18 5600
2340	18 5649
2341	18 5700
2342	18 5766
2343	18 5808
2344	18 5896
2345	18 5949
2346	18 5997
2347	18 6057
2348	18 6104
2349	18 6158
2350	18 6191
2351	18 6222
2352	18 6257
2353	18 6313
2354	18 6347
2355	18 6392
2356	18 6435
2357	18 6489
2358	18 6538
2359	18 6593
2360	18 6640
2361	18 6701
2362	18 6774
2363	18 6818
2364	18 6875
2365	17 6934
2366	17 6996
2367	17 7055
2368	17 7107
2369	17 7144
2370	17 7178
2371	17 7223
2372	17 7279
2373	17 7335
2374	17 7388
2375	17 7429
2376	17 7454
2377	17 7492
2378	17 7535
2379	17 7594
2380	17 7645
2381	17 7701
2382	17 7745
2383	16 7795
2384	16 7838
2385	16 7885
2386	16 7943
2387	16 7974
2388	16 8011
2389	16 8045
2390	16 8085
2391	16 8146
2392	16 8170
2393	16 8214
2394	16 8257
2395	16 8296
2396	16 8332
2397	15 8376
2398	15 8420
2399	15 8456
2400	15 8503
2401	15 8574
2402	14 8622
2403	15 8671
2404	15 8731
2405	15 8785
2406	15 8828
2407	15 8885
2408	15 8923
2409	14 8972
2410	14 9003
2411	14 9083
2412	14 9122
2413	14 9173
2414	14 9243
2415	14 9297
2416	14 9332
2417	14 9401
2418	14 9451
2419	14 9511
2420	14 9567
2421	14 9618
2422	14 9665
2423	14 9704
2424	14 9761
2425	14 9827
2426	14 9878
2427	14 9926
2428	14 9991
2429	14 10031
2430	14 10098
2431	14 10170
2432	14 10249
2433	14 10291
2434	14 10355
2435	14 10406
2436	14 10445
2437	14 10519
2438	14 10574
2439	14 10631
2440	14 10674
2441	14 10729
2442	14 10780
2443	14 10828
2444	14 10870
2445	14 10911
2446	14 10964
2447	14 11021
2448	14 11069
2449	14 11124
2450	14 11161
2451	14 11206
2452	14 11269
2453	14 11311
2454	14 11354
2455	14 11373
2456	14 11412
2457	14 11453
2458	14 11492
2459	14 11531
2460	13 11581
2461	13 11619
2462	13 11669
2463	13 11729
2464	13 11770
2465	13 11812
2466	13 11859
2467	13 11896
2468	13 11924
2469	13 11967
2470	13 12001
2471	13 12037
2472	13 12073
2473	13 12114
2474	13 12145
2475	13 12179
2476	13 12228
2477	13 12274
2478	13 12304
2479	13 12344
2480	13 12383
2481	13 12411
2482	13 12457
2483	13 12502
2484	13 12551
2485	13 12585
2486	13 12616
2487	13 12653
2488	13 12698
2489	13 12729
2490	13 12773
2491	12 12810
2492	12 12845
2493	12 12876
2494	12 12905
2495	12 12933
2496	12 12983
2497	12 13019
2498	12 13053
2499	12 13095
2500	12 13139
2501	12 13184
2502	12 13212
2503	12 13241
2504	12 13294
2505	12 13318
2506	12 13347
2507	12 13378
2508	12 13431
2509	12 13468
2510	12 13494
2511	12 13534
2512	12 13584
2513	12 13611
2514	12 13643
2515	12 13685
2516	12 13722
2517	12 13749
2518	12 13782
2519	12 13814
2520	12 13859
2521	12 13881
2522	12 13915
2523	12 13942
2524	12 13971
2525	12 13993
2526	12 14029
2527	12 14068
2528	12 14119
2529	12 14162
2530	12 14209
2531	12 14238
2532	12 14276
2533	12 14310
2534	12 14351
2535	12 14379
2536	12 14410
2537	12 14445
2538	12 14486
2539	12 14515
2540	12 14551
2541	12 14576
2542	12 14611
2543	12 14645
2544	12 14663
2545	12 14691
2546	12 14732
2547	12 14753
2548	12 14788
2549	12 14807
2550	12 14831
2551	12 14861
2552	12 14892
2553	12 14922
2554	12 14938
2555	12 14949
2556	12 14972
2557	12 14997
2558	12 15007
2559	12 15035
2560	12 15046
2561	12 15051
2562	12 15060
2563	12 15061
2564	12 15069
2565	12 15053
2566	12 15053
2567	12 15052
2568	12 15050
2569	12 15064
2570	12 15064
2571	12 15072
2572	12 15069
2573	12 15056
2574	12 15035
2575	12 15007
2576	12 14994
2577	12 14974
2578	12 14984
2579	12 14984
2580	12 14975
2581	12 14954
2582	12 14948
2583	12 14924
2584	12 14912
2585	12 14898
2586	12 14852
2587	12 14831
2588	12 14791
2589	12 14756
2590	12 14727
2591	12 14691
2592	12 14676
2593	12 14654
2594	12 14627
2595	12 14613
2596	12 14599
2597	12 14568
2598	12 14526
2599	12 14499
2600	12 14465
2601	12 14411
2602	12 14395
2603	12 14365
2604	12 14328
2605	12 14300
2606	12 14265
2607	12 14203
2608	12 14138
2609	12 14101
2610	12 14075
2611	12 14036
2612	12 14008
2613	12 13970
2614	12 13935
2615	12 13896
2616	12 13850
2617	12 13823
2618	12 13785
2619	12 13751
2620	12 13711
2621	12 13679
2622	12 13637
2623	12 13605
2624	12 13563
2625	12 13517
2626	12 13478
2627	12 13453
2628	12 13409
2629	12 13358
2630	12 13311
2631	12 13261
2632	12 13218
2633	12 13170
2634	12 13131
2635	12 13077
2636	12 13033
2637	12 12994
2638	12 12939
2639	12 12883
2640	12 12831
2641	12 12775
2642	12 12730
2643	12 12677
2644	12 12601
2645	12 12557
2646	12 12465
2647	12 12414
2648	12 12367
2649	12 12309
2650	12 12256
2651	12 12200
2652	12 12166
2653	12 12123
2654	12 12076
2655	13 12015
2656	13 11978
2657	13 11931
2658	13 11880
2659	13 11829
2660	13 11780
2661	13 11723
2662	13 11672
2663	13 11606
2664	14 11534
2665	14 11492
2666	14 11427
2667	15 11362
2668	15 11302
2669	15 11238
2670	15 11190
2671	15 11149
2672	15 11120
2673	15 11068
2674	15 11009
2675	15 10951
2676	15 10902
2677	15 10860
2678	15 10829
2679	15 10792
2680	15 10751
2681	15 10690
2682	15 10639
2683	15 10580
2684	15 10533
2685	15 10484
2686	15 10428
2687	15 10375
2688	15 10319
2689	15 10280
2690	15 10241
2691	15 10201
2692	15 10154
2693	15 10101
2694	15 10069
2695	15 10018
2696	15 9972
2697	15 9930
2698	15 9892
2699	15 9844
2700	15 9801
2701	15 9751
2702	15 9706
2703	15 9637
2704	15 9585
2705	15 9534
2706	15 9470
2707	15 9413
2708	15 9379
2709	15 9324
2710	15 9286
2711	15 9237
2712	15 9194
2713	15 9118
2714	15 9082
2715	15 9034
2716	15 8967
2717	16 8918
2718	16 8876
2719	16 8809
2720	16 8760
2721	16 8699
2722	16 8638
2723	16 8582
2724	16 8534
2725	16 8494
2726	16 8442
2727	16 8377
2728	16 8324
2729	16 8272
2730	16 8216
2731	16 8177
2732	16 8114
2733	15 8043
2734	15 7963
2735	15 7928
2736	15 7866
2737	15 7819
2738	15 7776
2739	15 7704
2740	15 7649
2741	15 7587
2742	15 7546
2743	15 7491
2744	15 7441
2745	15 7392
2746	15 7349
2747	17 7310
2748	18 7257
2749	18 7198
2750	18 7155
2751	18 7096
2752	18 7056
2753	18 7014
2754	18 6952
2755	18 6904
2756	18 6868
2757	18 6848
2758	18 6807
2759	18 6770
2760	18 6731
2761	18 6694
2762	18 6639
2763	18 6596
2764	18 6544
2765	18 6484
2766	18 6441
2767	18 6405
2768	18 6354
2769	18 6308
2770	18 6271
2771	18 6230
2772	18 6190
2773	18 6151
2774	18 6120
2775	18 6078
2776	18 6046
2777	18 6006
2778	18 5961
2779	18 5913
2780	18 5884
2781	18 5842
2782	18 5809
2783	18 5773
2784	18 5726
2785	18 5674
2786	18 5624
2787	18 5587
2788	20 5560
2789	20 5521
2790	18 5471
2791	18 5440
2792	18 5391
2793	18 5353
2794	18 5316
2795	18 5283
2796	18 5248
2797	18 5217
2798	18 5168
2799	18 5130
2800	18 5091
2801	18 5049
2802	18 5002
2803	18 4954
2804	18 4923
2805	18 4893
2806	18 4843
2807	18 4811
2808	18 4779
2809	18 4744
2810	18 4693
2811	18 4655
2812	19 4626
2813	19 4585
2814	19 4536
2815	19 4501
2816	19 4463
2817	20 4421
2818	20 4390
2819	20 4355
2820	20 4317
2821	20 4284
2822	20 4233
2823	21 4204
2824	22 4167
2825	22 4143
2826	22 4102
2827	22 4073
2828	22 4036
2829	22 3989
2830	22 3930
2831	23 3880
2832	23 3829
2833	23 3791
2834	23 3748
2835	23 3709
2836	23 3657
2837	23 3622
2838	23 3587
2839	23 3548
2840	23 3501
2841	23 3458
2842	23 3415
2843	23 3376
2844	23 3330
2845	23 3290
2846	23 3261
2847	23 3223
2848	23 3170
2849	23 3132
2850	23 3092
2851	23 3061
2852	23 3028
2853	23 2989
2854	23 2943
2855	23 2905
2856	23 2873
2857	23 2837
2858	23 2797
2859	24 2761
2860	24 2726
2861	25 2679
2862	25 2653
2863	25 2620
2864	25 2589
2865	25 2563
2866	25 2533
2867	25 2512
2868	25 2476
2869	25 2451
2870	25 2424
2871	25 2391
2872	25 2359
2873	25 2333
2874	25 2308
2875	26 2284
2876	26 2251
2877	26 2230
2878	26 2202
2879	26 2173
2880	26 2137
2881	26 2098
2882	27 2075
2883	27 2037
2884	27 2011
2885	27 1981
2886	27 1929
2887	28 1902
2888	28 1889
2889	28 1860
2890	29 1823
2891	29 1793
2892	29 1772
2893	31 1749
2894	31 1726
2895	33 1700
2896	33 1670
2897	34 1642
2898	34 1611
2899	34 1599
2900	34 1584
2901	34 1562
2902	34 1547
2903	34 1539
2904	35 1512
2905	35 1490
2906	35 1482
2907	35 1463
2908	35 1451
2909	36 1437
2910	36 1426
2911	37 1414
2912	37 1395
2913	37 1388
2914	37 1371
2915	38 1361
2916	38 1351
2917	39 1334
2918	39 1325
2919	40 1314
2920	40 1306
2921	41 1294
2922	41 1285
2923	41 1271
2924	42 1258
2925	42 1249
2926	42 1238
2927	42 1230
2928	42 1226
2929	43 1222
2930	43 1220
2931	43 1211
2932	43 1205
2933	44 1201
2934	45 1194
2935	45 1192
2936	46 1183
2937	48 1182
2938	48 1180
2939	48 1172
2940	49 1172
2941	49 1162
2942	49 1152
2943	49 1142
2944	49 1138
2945	49 1133
2946	49 1133
2947	49 1130
2948	49 1124
2949	50 1123
2950	52 1123
2951	53 1120
2952	53 1118
2953	53 1112
2954	53 1111
2955	55 1107
2956	56 1108
2957	57 1110
2958	58 1105
2959	59 1102
2960	59 1100
2961	59 1098
2962	59 1097
2963	60 1096
2964	60 1098
2965	60 1094
2966	60 1090
2967	60 1085
2968	60 1085
2969	60 1085
2970	60 1081
2971	60 1085
2972	60 1078
2973	60 1078
2974	60 1070
2975	60 1069
2976	60 1067
2977	60 1068
2978	60 1059
2979	61 1061
2980	61 1059
2981	61 1058
2982	61 1051
2983	61 1046
2984	61 1042
2985	61 1041
2986	61 1037
2987	61 1033
2988	61 1032
2989	61 1030
2990	61 1029
2991	60 1028
2992	60 1029
2993	60 1028
2994	60 1026
2995	60 1019
2996	61 1019
2997	61 1020
2998	61 1022
2999	61 1018
3000	61 1016
3001	61 1012
3002	61 1012
3003	61 1014
3004	61 1017
3005	61 1014
3006	61 1013
3007	60 1012
3008	60 1010
3009	60 1007
3010	60 993
3011	60 990
3012	60 986
3013	60 986
3014	60 985
3015	60 981
3016	60 977
3017	60 977
3018	59 971
3019	59 969
3020	59 970
3021	59 963
3022	59 962
3023	59 956
3024	59 957
3025	59 956
3026	59 954
3027	59 950
3028	59 945
3029	59 945
3030	58 944
3031	58 942
3032	58 933
3033	57 931
3034	57 929
3035	58 929
3036	56 930
3037	53 922
3038	53 917
3039	53 916
3040	54 912
3041	53 907
3042	53 906
3043	53 911
3044	53 911
3045	53 910
3046	52 910
3047	52 909
3048	52 908
3049	52 912
3050	51 912
3051	52 916
3052	52 904
3053	51 902
3054	52 906
3055	51 907
3056	49 910
3057	49 911
3058	49 901
3059	49 897
3060	50 896
3061	50 895
3062	50 895
3063	52 895
3064	53 899
3065	55 902
3066	55 900
3067	54 901
3068	54 899
3069	54 890
3070	56 895
3071	56 898
3072	56 899
3073	56 904
3074	57 906
3075	57 905
3076	58 906
3077	58 905
3078	57 905
3079	57 904
3080	56 901
3081	57 906
3082	57 902
3083	57 904
3084	57 904
3085	56 903
3086	56 899
3087	55 904
3088	56 905
3089	55 908
3090	55 904
3091	55 909
3092	53 912
3093	53 914
3094	53 922
3095	53 922
3096	53 926
3097	52 938
3098	52 943
3099	52 954
3100	52 962
3101	52 971
3102	51 982
3103	51 992
3104	51 998
3105	51 1003
3106	48 1011
3107	47 1023
3108	48 1029
3109	48 1044
3110	48 1051
3111	48 1059
3112	48 1061
3113	48 1065
3114	48 1069
3115	47 1083
3116	47 1089
3117	47 1093
3118	47 1103
3119	48 1109
3120	48 1123
3121	47 1135
3122	47 1146
3123	47 1158
3124	48 1179
3125	48 1193
3126	47 1212
3127	46 1221
3128	46 1229
3129	46 1248
3130	46 1255
3131	46 1266
3132	46 1282
3133	46 1303
3134	47 1322
3135	50 1333
3136	50 1346
3137	50 1368
3138	48 1388
3139	45 1409
3140	45 1417
3141	45 1436
3142	44 1453
3143	43 1485
3144	43 1510
3145	42 1540
3146	43 1549
3147	45 1565
3148	42 1585
3149	42 1618
3150	41 1646
3151	42 1659
3152	40 1679
3153	40 1694
3154	42 1712
3155	41 1735
3156	43 1754
3157	39 1763
3158	39 1774
3159	39 1796
3160	39 1815
3161	39 1825
3162	40 1852
3163	40 1861
3164	38 1880
3165	38 1895
3166	38 1916
3167	38 1932
3168	38 1939
3169	37 1950
3170	37 1968
3171	37 1994
3172	36 2013
3173	36 2021
3174	36 2028
3175	36 2043
3176	36 2052
3177	36 2070
3178	36 2081
3179	36 2107
3180	36 2121
3181	36 2136
3182	36 2149
3183	36 2168
3184	37 2187
3185	37 2203
3186	36 2227
3187	36 2250
3188	35 2267
3189	35 2291
3190	35 2314
3191	35 2333
3192	35 2353
3193	34 2373
3194	33 2392
3195	33 2402
3196	33 2418
3197	33 2443
3198	33 2459
3199	33 2475
3200	33 2501
3201	33 2510
3202	31 2534
3203	31 2574
3204	30 2594
3205	30 2621
3206	30 2650
3207	30 2670
3208	30 2690
3209	30 2710
3210	30 2731
3211	30 2763
3212	30 2781
3213	30 2812
3214	30 2846
3215	30 2873
3216	30 2909
3217	30 2942
3218	30 2971
3219	29 3000
3220	29 3025
3221	29 3062
3222	29 3095
3223	29 3128
3224	29 3140
3225	29 3186
3226	29 3203
3227	29 3227
3228	29 3257
3229	27 3279
3230	27 3307
3231	27 3320
3232	27 3351
3233	27 3370
3234	27 3388
3235	27 3411
3236	27 3437
3237	26 3455
3238	26 3479
3239	26 3501
3240	26 3520
3241	26 3535
3242	26 3558
3243	26 3583
3244	26 3617
3245	26 3629
3246	26 3650
3247	26 3673
3248	26 3686
3249	26 3707
3250	26 3730
3251	26 3758
3252	26 3770
3253	26 3795
3254	26 3819
3255	25 3828
3256	25 3848
3257	25 3866
3258	25 3887
3259	25 3904
3260	25 3926
3261	25 3953
3262	25 3982
3263	25 4000
3264	25 4024
3265	25 4037
3266	25 4066
3267	25 4089
3268	25 4105
3269	25 4124
3270	25 4158
3271	25 4196
3272	25 4223
3273	25 4248
3274	25 4295
3275	25 4323
3276	25 4359
3277	25 4392
3278	25 4432
3279	25 4455
3280	25 4486
3281	25 4517
3282	25 4542
3283	25 4581
3284	25 4617
3285	25 4636
3286	25 4657
3287	25 4685
3288	25 4707
3289	25 4723
3290	25 4742
3291	25 4769
3292	25 4795
3293	24 4814
3294	24 4836
3295	24 4851
3296	23 4869
3297	23 4886
3298	23 4897
3299	23 4919
3300	23 4937
3301	23 4952
3302	23 4968
3303	23 4985
3304	23 4989
3305	23 4993
3306	23 5008
3307	23 5022
3308	23 5033
3309	23 5043
3310	23 5059
3311	23 5066
3312	23 5069
3313	23 5082
3314	23 5099
3315	23 5110
3316	23 5115
3317	23 5125
3318	23 5131
3319	23 5136
3320	23 5149
3321	23 5159
3322	23 5157
3323	23 5163
3324	23 5175
3325	23 5184
3326	23 5191
3327	23 5198
3328	23 5210
3329	23 5219
3330	23 5225
3331	23 5230
3332	23 5240
3333	23 5248
3334	23 5259
3335	23 5262
3336	23 5270
3337	23 5271
3338	23 5282
3339	23 5292
3340	23 5299
3341	23 5304
3342	23 5306
3343	23 5311
3344	23 5317
3345	23 5318
3346	23 5327
3347	23 5325
3348	23 5319
3349	23 5318
3350	23 5317
3351	23 5309
3352	23 5309
3353	23 5306
3354	23 5311
3355	23 5317
3356	23 5317
3357	23 5316
3358	23 5313
3359	23 5309
3360	23 5314
3361	23 5321
3362	23 5328
3363	23 5328
3364	23 5334
3365	23 5340
3366	23 5351
3367	23 5353
3368	23 5357
3369	23 5365
3370	23 5364
3371	23 5369
3372	23 5363
3373	23 5360
3374	23 5363
3375	23 5361
3376	23 5369
3377	23 5367
3378	23 5367
3379	23 5364
3380	23 5363
3381	23 5373
3382	23 5371
3383	23 5368
3384	23 5369
3385	23 5365
3386	23 5367
3387	23 5366
3388	23 5366
3389	23 5365
3390	23 5363
3391	24 5360
3392	24 5357
3393	24 5351
3394	24 5348
3395	24 5345
3396	24 5335
3397	24 5336
3398	24 5334
3399	24 5321
3400	24 5316
3401	24 5305
3402	24 5294
3403	24 5288
3404	24 5276
3405	24 5265
3406	24 5257
3407	24 5251
3408	24 5238
3409	24 5226
3410	24 5217
3411	24 5201
3412	24 5195
3413	24 5184
3414	24 5180
3415	24 5172
3416	24 5162
3417	25 5146
3418	25 5137
3419	25 5129
3420	25 5120
3421	25 5111
3422	25 5091
3423	25 5076
3424	25 5062
3425	25 5047
3426	25 5027
3427	25 5007
3428	25 4988
3429	26 4973
3430	26 4965
