50000 0.9
501	9 25815
502	9 25827
503	9 25833
504	9 25841
505	8 25861
506	8 25879
507	8 25889
508	8 25901
509	8 25911
510	8 25918
511	8 25924
512	8 25931
513	8 25940
514	8 25947
515	8 25959
516	8 25969
517	8 25978
518	8 25983
519	8 25994
520	7 26005
521	7 26012
522	7 26021
523	7 26041
524	6 26294
525	6 26508
526	6 26546
527	6 26770
528	6 26969
529	6 27317
530	6 27492
531	6 27763
532	6 27985
533	6 28045
534	6 28303
535	6 28612
536	6 28840
537	6 29117
538	6 29515
539	6 29611
540	6 30080
541	6 30536
542	6 30928
543	6 31273
544	6 31548
545	6 31781
546	6 31969
547	6 32173
548	6 32335
549	6 32571
550	6 32808
551	6 33030
552	6 33314
553	6 33568
554	6 33703
555	6 33926
556	6 34222
557	6 34547
558	6 34901
559	6 35339
560	6 35823
561	6 36000
562	6 36615
563	6 37173
564	6 37800
565	6 38304
566	6 38664
567	6 39000
568	6 39257
569	6 39598
570	6 39879
571	6 40084
572	6 40324
573	6 40487
574	6 40629
575	6 40786
576	6 40463
577	6 40543
578	6 40220
579	6 39976
580	6 39656
581	6 39457
582	6 39339
583	6 39344
584	6 39373
585	6 39378
586	6 39365
587	6 39269
588	6 39260
589	6 39368
590	6 39519
591	6 39518
592	6 39554
593	6 39373
594	6 39339
595	6 39253
596	6 39207
597	6 39166
598	6 39162
599	6 39048
600	6 38931
601	6 38838
602	6 38681
603	6 38645
604	6 38646
605	6 38510
606	6 38336
607	6 38248
608	6 38105
609	6 38072
610	6 38047
611	6 37977
612	6 37824
613	6 37744
614	6 37594
615	6 37456
616	6 37456
617	6 37354
618	6 37196
619	6 37137
620	6 36959
621	6 36887
622	6 36834
623	6 36822
624	6 36847
625	6 36741
626	6 36650
627	6 36577
628	7 36575
629	7 36551
630	7 36513
631	7 36471
632	7 36348
633	7 36221
634	7 36108
635	7 36084
636	7 36011
637	7 35889
638	7 35870
639	7 35756
640	7 35657
641	7 35598
642	7 35509
643	7 35506
644	7 35610
645	7 35695
646	7 35649
647	6 35520
648	6 35386
649	6 35326
650	6 35333
651	6 35291
652	6 35233
653	6 35238
654	6 35194
655	6 35224
656	6 35312
657	6 35337
658	6 35381
659	6 35409
660	6 35436
661	6 35402
662	6 35460
663	6 35542
664	6 35573
665	6 35661
666	6 35735
667	6 35735
668	6 35772
669	6 35837
670	6 35869
671	6 35947
672	7 36041
673	7 36055
674	7 36126
675	7 36289
676	7 36394
677	5 36539
678	5 36651
679	5 36777
680	5 36892
681	6 37002
682	6 37098
683	6 37222
684	6 37397
685	6 37531
686	6 37655
687	6 37803
688	6 37967
689	6 38126
690	6 38265
691	6 38416
692	6 38543
693	6 38705
694	6 38880
695	6 38975
696	6 39106
697	6 39292
698	6 39417
699	6 39562
700	6 39720
701	6 39892
702	6 40025
703	6 40186
704	6 40356
705	6 40519
706	6 40772
707	6 40970
708	6 41156
709	6 41358
710	6 41508
711	6 41636
712	6 41828
713	6 42011
714	6 42135
715	5 42327
716	5 42498
717	5 42619
718	5 42774
719	5 42893
720	5 42978
721	5 43127
722	5 43247
723	5 43393
724	4 43557
725	4 43713
726	3 43861
727	3 43928
728	3 44041
729	3 44143
730	3 44216
731	3 44302
732	3 44395
733	3 44477
734	3 44587
735	3 44730
736	3 44829
737	3 44952
738	3 45038
739	3 45179
740	3 45288
741	3 45383
742	3 45540
743	3 45661
744	3 45788
745	3 45929
746	3 46027
747	3 46168
748	3 46308
749	3 46449
750	3 46525
751	3 46631
752	3 46723
753	3 46801
754	3 46907
755	3 47023
756	3 47123
757	3 47260
758	3 47325
759	3 47432
760	3 47494
761	3 47569
762	3 47636
763	3 47714
764	3 47770
765	3 47855
766	3 47942
767	3 48019
768	3 48096
769	3 48167
770	3 48262
771	3 48350
772	3 48470
773	3 48615
774	3 48716
775	3 48816
776	3 48889
777	3 48990
778	3 49109
779	3 49196
780	3 49309
781	3 49416
782	3 49540
783	3 49651
784	3 49747
785	3 49849
786	3 49970
787	3 50088
788	3 50244
789	3 50327
790	3 50447
791	3 50600
792	3 50713
793	3 50850
794	3 50954
795	3 51112
796	3 51222
797	3 51325
798	3 51427
799	3 51540
800	3 51644
801	3 51732
802	3 51831
803	3 51940
804	3 52075
805	3 52199
806	3 52305
807	3 52430
808	3 52570
809	3 52665
810	3 52776
811	3 52900
812	3 53017
813	3 53142
814	3 53268
815	3 53368
816	3 53492
817	3 53602
818	3 53752
819	3 53867
820	3 53990
821	3 54114
822	3 54248
823	3 54367
824	3 54479
825	3 54614
826	3 54751
827	3 54912
828	3 55023
829	3 55136
830	3 55286
831	3 55435
832	3 55581
833	3 55725
834	3 55827
835	3 55959
836	3 56068
837	3 56164
838	3 56242
839	3 56364
840	3 56466
841	3 56587
842	3 56700
843	3 56779
844	3 56909
845	3 56986
846	3 57086
847	3 57232
848	3 57359
849	3 57531
850	3 57674
851	3 57788
852	3 57914
853	3 58069
854	3 58243
855	3 58335
856	3 58443
857	3 58567
858	3 58696
859	3 58816
860	3 58932
861	3 59051
862	3 59199
863	3 59300
864	3 59412
865	3 59516
866	3 59639
867	3 59757
868	3 59893
869	3 59999
870	3 60122
871	3 60252
872	3 60418
873	3 60541
874	3 60666
875	3 60802
876	3 60974
877	3 61090
878	3 61213
879	3 61350
880	3 61488
881	3 61625
882	3 61790
883	3 61922
884	3 62056
885	3 62191
886	3 62343
887	3 62491
888	3 62673
889	3 62802
890	3 62958
891	3 63090
892	3 63255
893	3 63378
894	3 63558
895	3 63709
896	3 63893
897	3 64030
898	3 64184
899	3 64332
900	3 64500
901	3 64643
902	3 64811
903	3 64971
904	3 65152
905	3 65342
906	3 65508
907	3 65690
908	3 65924
909	3 66109
910	3 66278
911	3 66401
912	3 66580
913	3 66700
914	3 66824
915	3 66974
916	3 67127
917	3 67238
918	3 67358
919	3 67472
920	3 67572
921	3 67701
922	3 67788
923	3 67851
924	3 67915
925	3 67981
926	3 68078
927	3 68151
928	3 68200
929	3 68244
930	3 68272
931	3 68329
932	3 68378
933	3 68424
934	3 68460
935	3 68501
936	3 68548
937	3 68574
938	3 68607
939	3 68628
940	3 68654
941	3 68675
942	3 68705
943	3 68718
944	3 68728
945	3 68752
946	3 68765
947	3 68777
948	3 68795
949	3 68814
950	3 68829
951	3 68851
952	3 68860
953	3 68874
954	3 68888
955	3 68902
956	3 68913
957	3 68921
958	3 68929
959	3 68938
960	3 68951
961	3 68964
962	3 68984
963	3 68990
964	3 69014
965	3 69023
966	3 69031
967	3 69043
968	3 69062
969	3 69076
970	3 69090
971	3 69109
972	3 69127
973	3 69142
974	3 69156
975	3 69163
976	3 69170
977	3 69181
978	3 69191
979	3 69202
980	3 69219
981	3 69227
982	3 69237
983	3 69250
984	3 69255
985	3 69267
986	3 69276
987	3 69282
988	3 69295
989	3 69304
990	3 69312
991	3 69322
992	3 69329
993	3 69337
994	3 69340
995	3 69340
996	3 69344
997	3 69362
998	3 69377
999	3 69375
1000	3 69385
1001	3 69386
1002	3 69392
1003	3 69386
1004	3 69389
1005	3 69400
1006	3 69409
1007	3 69398
1008	3 69400
1009	3 69400
1010	3 69403
1011	3 69403
1012	3 69415
1013	3 69426
1014	3 69436
1015	3 69442
1016	3 69446
1017	3 69455
1018	3 69463
1019	3 69464
1020	3 69476
1021	3 69483
1022	3 69488
1023	3 69503
1024	3 69508
1025	3 69498
1026	3 69271
1027	3 69073
1028	3 69046
1029	3 68835
1030	3 68648
1031	3 68319
1032	3 68148
1033	3 67891
1034	3 67706
1035	3 67635
1036	3 67391
1037	3 67086
1038	3 66875
1039	3 66610
1040	3 66246
1041	3 66148
1042	3 65684
1043	3 65236
1044	3 64854
1045	3 64522
1046	3 64259
1047	3 64048
1048	3 63873
1049	3 63706
1050	3 63534
1051	3 63309
1052	3 63086
1053	3 62876
1054	3 62598
1055	3 62360
1056	3 62235
1057	3 62016
1058	3 61741
1059	3 61426
1060	3 61080
1061	3 60659
1062	3 60223
1063	3 60016
1064	3 59415
1065	3 58869
1066	3 58250
1067	3 57758
1068	3 57436
1069	3 57109
1070	3 56864
1071	3 56535
1072	3 56270
1073	3 56065
1074	3 55841
1075	3 55690
1076	3 55554
1077	3 55316
1078	3 55150
1079	3 55002
1080	3 54771
1081	3 54601
1082	3 54420
1083	3 54249
1084	3 54052
1085	3 53842
1086	3 53627
1087	3 53414
1088	3 53243
1089	3 53140
1090	3 52951
1091	3 52693
1092	3 52423
1093	3 52208
1094	3 52017
1095	2 51945
1096	2 51779
1097	2 51608
1098	2 51449
1099	2 51252
1100	2 51112
1101	2 50992
1102	2 50845
1103	2 50635
1104	2 50461
1105	2 50284
1106	2 50088
1107	2 49949
1108	2 49834
1109	2 49634
1110	2 49464
1111	2 49353
1112	2 49203
1113	2 49082
1114	2 48959
1115	2 48812
1116	2 48688
1117	2 48574
1118	2 48436
1119	2 48303
1120	2 48171
1121	2 48000
1122	2 47890
1123	2 47704
1124	2 47565
1125	2 47387
1126	2 47196
1127	2 47045
1128	2 46891
1129	2 46731
1130	2 46568
1131	2 46414
1132	2 46250
1133	1 46142
1134	1 46016
1135	1 45889
1136	1 45763
1137	1 45571
1138	1 45401
1139	1 45239
1140	1 45107
1141	1 44955
1142	1 44770
1143	1 44560
1144	1 44368
1145	1 44180
1146	1 43968
1147	1 43755
1148	1 43582
1149	1 43406
1150	1 43260
1151	1 43120
1152	1 42930
1153	1 42769
1154	1 42622
1155	1 42455
1156	1 42311
1157	1 42146
1158	1 41996
1159	1 41855
1160	1 41650
1161	1 41500
1162	1 41361
1163	1 41218
1164	1 41084
1165	1 40928
1166	1 40767
1167	1 40592
1168	1 40451
1169	1 40338
1170	1 40195
1171	1 40050
1172	1 39954
1173	1 39806
1174	1 39650
1175	1 39521
1176	1 39380
1177	1 39177
1178	1 39016
1179	1 38845
1180	1 38707
1181	1 38546
1182	1 38397
1183	1 38275
1184	1 38144
1185	1 38016
1186	1 37828
1187	1 37667
1188	1 37531
1189	1 37387
1190	1 37199
1191	1 37040
1192	1 36888
1193	1 36717
1194	1 36578
1195	1 36412
1196	1 36225
1197	1 36121
1198	1 35981
1199	1 35803
1200	1 35664
1201	1 35513
1202	1 35343
1203	1 35174
1204	1 35026
1205	1 34853
1206	1 34683
1207	1 34514
1208	1 34254
1209	1 34043
1210	1 33840
1211	1 33623
1212	1 33472
1213	1 33340
1214	1 33125
1215	1 32928
1216	1 32797
1217	1 32598
1218	1 32409
1219	1 32291
1220	1 32118
1221	1 31997
1222	1 31881
1223	1 31725
1224	1 31603
1225	1 31445
1226	1 31269
1227	1 31097
1228	1 30928
1229	1 30819
1230	1 30695
1231	1 30591
1232	1 30483
1233	1 30389
1234	1 30287
1235	1 30188
1236	1 30060
1237	1 29906
1238	1 29776
1239	1 29633
1240	1 29523
1241	1 29384
1242	1 29257
1243	1 29152
1244	1 28999
1245	1 28861
1246	1 28721
1247	1 28566
1248	1 28448
1249	1 28296
1250	1 28131
1251	1 27987
1252	1 27891
1253	1 27777
1254	3 27653
1255	3 27554
1256	3 27450
1257	3 27344
1258	3 27242
1259	3 27097
1260	3 27010
1261	3 26907
1262	3 26835
1263	3 26753
1264	3 26677
1265	3 26589
1266	3 26520
1267	3 26440
1268	3 26355
1269	3 26280
1270	3 26197
1271	3 26119
1272	3 26022
1273	3 25934
1274	3 25811
1275	3 25670
1276	3 25574
1277	3 25480
1278	3 25399
1279	4 25299
1280	4 25170
1281	4 25089
1282	4 24985
1283	4 24879
1284	4 24758
1285	4 24661
1286	4 24556
1287	4 24449
1288	4 24319
1289	5 24206
1290	4 24059
1291	4 23979
1292	4 23852
1293	4 23697
1294	4 23593
1295	4 23449
1296	4 23345
1297	4 23189
1298	4 23071
1299	4 22968
1300	4 22873
1301	4 22764
1302	4 22661
1303	4 22554
1304	4 22455
1305	4 22359
1306	4 22227
1307	4 22091
1308	4 21962
1309	4 21848
1310	4 21695
1311	5 21599
1312	5 21493
1313	5 21373
1314	5 21262
1315	4 21139
1316	4 21018
1317	4 20933
1318	4 20806
1319	4 20702
1320	4 20559
1321	4 20454
1322	4 20335
1323	4 20221
1324	4 20091
1325	4 19974
1326	4 19867
1327	4 19738
1328	4 19612
1329	4 19456
1330	4 19349
1331	4 19243
1332	4 19100
1333	4 18960
1334	4 18804
1335	4 18670
1336	4 18563
1337	4 18442
1338	5 18343
1339	5 18233
1340	4 18157
1341	4 18038
1342	4 17933
1343	4 17815
1344	4 17702
1345	4 17628
1346	4 17498
1347	4 17415
1348	4 17318
1349	4 17174
1350	4 17053
1351	4 16884
1352	4 16750
1353	4 16639
1354	5 16521
1355	4 16369
1356	4 16202
1357	4 16105
1358	4 16005
1359	4 15885
1360	4 15756
1361	4 15637
1362	4 15512
1363	4 15391
1364	4 15246
1365	4 15151
1366	4 15035
1367	4 14950
1368	4 14818
1369	4 14705
1370	4 14564
1371	4 14463
1372	5 14344
1373	5 14219
1374	5 14059
1375	5 13945
1376	5 13823
1377	5 13698
1378	5 13535
1379	5 13420
1380	5 13298
1381	5 13164
1382	5 13035
1383	5 12903
1384	5 12744
1385	5 12622
1386	5 12502
1387	5 12377
1388	5 12227
1389	5 12082
1390	5 11916
1391	5 11794
1392	5 11673
1393	5 11551
1394	5 11412
1395	5 11311
1396	5 11129
1397	5 11002
1398	5 10830
1399	5 10712
1400	5 10576
1401	5 10449
1402	5 10282
1403	5 10139
1404	5 9985
1405	6 9834
1406	7 9673
1407	5 9488
1408	5 9346
1409	5 9186
1410	5 8974
1411	5 8800
1412	5 8673
1413	7 8586
1414	6 8446
1415	6 8364
1416	6 8270
1417	7 8167
1418	5 8063
1419	5 8014
1420	5 7949
1421	5 7876
1422	5 7858
1423	5 7829
1424	7 7846
1425	6 7875
1426	5 7871
1427	5 7878
1428	5 7888
1429	5 7977
1430	6 8036
1431	4 8065
1432	4 8158
1433	6 8193
1434	4 8243
1435	4 8331
1436	4 8403
1437	5 8492
1438	5 8547
1439	5 8641
1440	5 8731
1441	5 8841
1442	6 8930
1443	4 9044
1444	7 9135
1445	10 9235
1446	5 9339
1447	5 9429
1448	6 9530
1449	6 9629
1450	5 9741
1451	5 9830
1452	6 9949
1453	5 10034
1454	6 10141
1455	5 10253
1456	4 10361
1457	8 10473
1458	7 10595
1459	6 10688
1460	4 10816
1461	4 10949
1462	4 11083
1463	4 11224
1464	5 11335
1465	4 11467
1466	4 11563
1467	4 11710
1468	6 11835
1469	5 11953
1470	6 12072
1471	4 12225
1472	5 12335
1473	5 12453
1474	5 12600
1475	5 12730
1476	5 12877
1477	5 13052
1478	5 13173
1479	5 13329
1480	5 13460
1481	5 13569
1482	5 13696
1483	6 13851
1484	6 14027
1485	4 14134
1486	5 14264
1487	4 14385
1488	4 14553
1489	4 14719
1490	4 14861
1491	4 14972
1492	5 15117
1493	5 15251
1494	5 15399
1495	5 15568
1496	5 15732
1497	5 15874
1498	5 16034
1499	5 16159
1500	5 16303
1501	5 16478
1502	5 16656
1503	5 16834
1504	5 17000
1505	6 17172
1506	5 17314
1507	5 17472
1508	5 17626
1509	5 17795
1510	5 17987
1511	6 18140
1512	5 18302
1513	5 18449
1514	5 18593
1515	6 18738
1516	5 18860
1517	6 18991
1518	5 19116
1519	5 19221
1520	5 19344
1521	6 19468
1522	5 19582
1523	5 19687
1524	6 19787
1525	5 19883
1526	5 20010
1527	5 20167
1528	5 20263
1529	6 20346
1530	5 20430
1531	5 20522
1532	5 20631
1533	5 20752
1534	5 20861
1535	5 20962
1536	5 21054
1537	5 21170
1538	5 21268
1539	5 21380
1540	7 21474
1541	6 21583
1542	5 21669
1543	5 21771
1544	6 21899
1545	4 22032
1546	5 22144
1547	4 22252
1548	4 22365
1549	4 22469
1550	4 22581
1551	4 22693
1552	5 22818
1553	6 22937
1554	4 23050
1555	4 23174
1556	4 23308
1557	4 23448
1558	6 23546
1559	5 23662
1560	4 23757
1561	4 23883
1562	4 24024
1563	4 24126
1564	4 24249
1565	4 24346
1566	4 24503
1567	4 24637
1568	4 24759
1569	6 24905
1570	7 25035
1571	4 25154
1572	4 25293
1573	4 25431
1574	4 25553
1575	4 25683
1576	4 25834
1577	4 25970
1578	4 26079
1579	4 26207
1580	4 26327
1581	4 26455
1582	4 26562
1583	4 26697
1584	4 26800
1585	4 26903
1586	5 26989
1587	5 27138
1588	5 27237
1589	3 27358
1590	3 27491
1591	4 27581
1592	4 27704
1593	4 27837
1594	3 27990
1595	4 28131
1596	3 28244
1597	3 28352
1598	3 28469
1599	3 28589
1600	3 28679
1601	3 28782
1602	3 28873
1603	3 28979
1604	3 29071
1605	3 29159
1606	3 29260
1607	3 29350
1608	3 29472
1609	3 29554
1610	3 29676
1611	3 29793
1612	3 29906
1613	3 30014
1614	4 30106
1615	4 30206
1616	5 30326
1617	5 30451
1618	5 30554
1619	5 30673
1620	5 30791
1621	4 30900
1622	5 31027
1623	5 31155
1624	4 31262
1625	4 31372
1626	5 31496
1627	4 31596
1628	4 31708
1629	5 31819
1630	4 31918
1631	4 32028
1632	6 32096
1633	5 32203
1634	4 32296
1635	5 32415
1636	6 32498
1637	6 32588
1638	4 32663
1639	6 32756
1640	6 32825
1641	7 32936
1642	8 33012
1643	4 33103
1644	4 33208
1645	4 33305
1646	4 33370
1647	4 33464
1648	4 33550
1649	7 33640
1650	6 33737
1651	4 33820
1652	4 33888
1653	4 33955
1654	4 34046
1655	5 34118
1656	4 34175
1657	5 34245
1658	7 34327
1659	6 34410
1660	4 34479
1661	4 34584
1662	4 34662
1663	5 34741
1664	4 34842
1665	4 34953
1666	4 35016
1667	4 35120
1668	4 35205
1669	4 35303
1670	5 35394
1671	5 35479
1672	4 35588
1673	4 35692
1674	6 35792
1675	4 35877
1676	4 35953
1677	4 36038
1678	4 36134
1679	4 36243
1680	4 36349
1681	4 36448
1682	5 36551
1683	4 36645
1684	4 36727
1685	4 36785
1686	4 36862
1687	4 36939
1688	4 37008
1689	4 37120
1690	4 37199
1691	4 37279
1692	6 37353
1693	4 37410
1694	4 37463
1695	4 37524
1696	4 37587
1697	5 37660
1698	4 37700
1699	6 37759
1700	8 37800
1701	6 37853
1702	6 37907
1703	6 37966
1704	6 38028
1705	4 38092
1706	4 38137
1707	4 38196
1708	5 38251
1709	4 38299
1710	4 38325
1711	4 38372
1712	4 38430
1713	4 38483
1714	4 38533
1715	5 38580
1716	5 38629
1717	5 38686
1718	4 38735
1719	4 38795
1720	4 38852
1721	6 38898
1722	6 38951
1723	4 38999
1724	4 39046
1725	4 39098
1726	4 39145
1727	4 39204
1728	4 39256
1729	4 39297
1730	4 39341
1731	5 39380
1732	5 39417
1733	4 39464
1734	4 39535
1735	4 39590
1736	4 39645
1737	3 39704
1738	4 39761
1739	4 39809
1740	4 39884
1741	4 39952
1742	3 40032
1743	3 40101
1744	3 40157
1745	3 40228
1746	4 40298
1747	3 40380
1748	5 40488
1749	3 40578
1750	3 40654
1751	3 40735
1752	3 40795
1753	3 40856
1754	3 40914
1755	3 40983
1756	3 41051
1757	3 41105
1758	3 41153
1759	3 41215
1760	4 41285
1761	3 41346
1762	3 41388
1763	3 41432
1764	3 41480
1765	3 41540
1766	3 41597
1767	4 41669
1768	4 41720
1769	3 41740
1770	4 41767
1771	3 41820
1772	5 41855
1773	3 41907
1774	3 41945
1775	3 41991
1776	3 42031
1777	3 42053
1778	3 42076
1779	3 42118
1780	3 42161
1781	3 42214
1782	3 42262
1783	3 42297
1784	3 42344
1785	4 42376
1786	4 42403
1787	3 42423
1788	3 42473
1789	5 42509
1790	5 42553
1791	5 42578
1792	3 42609
1793	3 42646
1794	3 42675
1795	3 42701
1796	4 42733
1797	3 42771
1798	3 42788
1799	3 42803
1800	3 42830
1801	3 42852
1802	3 42873
1803	3 42915
1804	3 42949
1805	3 42982
1806	3 43006
1807	3 43029
1808	3 43065
1809	3 43113
1810	3 43141
1811	3 43169
1812	3 43206
1813	4 43253
1814	5 43312
1815	3 43341
1816	3 43402
1817	3 43448
1818	3 43477
1819	3 43503
1820	3 43589
1821	3 43630
1822	3 43694
1823	3 43764
1824	3 43836
1825	3 43890
1826	5 43952
1827	4 44035
1828	3 44085
1829	3 44183
1830	3 44268
1831	3 44332
1832	3 44407
1833	3 44475
1834	3 44554
1835	3 44635
1836	3 44701
1837	3 44773
1838	3 44850
1839	3 44901
1840	4 44971
1841	3 45050
1842	3 45100
1843	3 45169
1844	3 45202
1845	3 45266
1846	3 45322
1847	3 45377
1848	3 45450
1849	3 45486
1850	3 45552
1851	4 45596
1852	3 45643
1853	3 45704
1854	3 45743
1855	3 45793
1856	3 45818
1857	4 45871
1858	3 45929
1859	3 45975
1860	3 46005
1861	3 46038
1862	3 46080
1863	3 46105
1864	3 46133
1865	3 46162
1866	3 46190
1867	4 46227
1868	3 46265
1869	3 46294
1870	3 46322
1871	3 46351
1872	3 46383
1873	3 46392
1874	4 46422
1875	4 46436
1876	4 46440
1877	4 46460
1878	4 46477
1879	5 46488
1880	5 46491
1881	4 46506
1882	4 46530
1883	4 46545
1884	4 46560
1885	4 46568
1886	6 46570
1887	6 46572
1888	6 46583
1889	6 46586
1890	6 46594
1891	6 46600
1892	6 46597
1893	6 46599
1894	6 46589
1895	7 46595
1896	7 46585
1897	6 46566
1898	6 46564
1899	6 46552
1900	6 46538
1901	6 46527
1902	6 46526
1903	6 46512
1904	6 46508
1905	6 46506
1906	6 46496
1907	6 46485
1908	6 46474
1909	6 46464
1910	6 46444
1911	6 46414
1912	6 46395
1913	6 46385
1914	6 46355
1915	6 46323
1916	6 46287
1917	6 46249
1918	6 46224
1919	6 46184
1920	6 46137
1921	6 46078
1922	6 46034
1923	6 45995
1924	6 45916
1925	6 45819
1926	6 45735
1927	6 45641
1928	6 45587
1929	6 45509
1930	6 45416
1931	6 45258
1932	6 45142
1933	6 45072
1934	6 44959
1935	6 44869
1936	6 44771
1937	6 44641
1938	6 44535
1939	6 44411
1940	6 44316
1941	6 44204
1942	6 44090
1943	6 43959
1944	6 43858
1945	6 43724
1946	6 43614
1947	6 43510
1948	6 43402
1949	6 43290
1950	6 43178
1951	6 43071
1952	6 42945
1953	6 42842
1954	6 42714
1955	6 42618
1956	6 42510
1957	6 42388
1958	6 42268
1959	6 42150
1960	6 42015
1961	6 41913
1962	6 41780
1963	6 41637
1964	6 41495
1965	6 41344
1966	6 41223
1967	6 41089
1968	6 40973
1969	6 40822
1970	6 40696
1971	6 40562
1972	6 40435
1973	6 40275
1974	6 40157
1975	6 40025
1976	6 39873
1977	6 39737
1978	6 39575
1979	6 39392
1980	6 39268
1981	6 39109
1982	6 38974
1983	6 38864
1984	6 38722
1985	6 38564
1986	6 38391
1987	6 38271
1988	6 38141
1989	6 38009
1990	6 37835
1991	6 37672
1992	6 37516
1993	6 37395
1994	6 37246
1995	6 37104
1996	6 36953
1997	6 36780
1998	6 36613
1999	6 36466
2000	6 36296
2001	6 36157
2002	6 36008
2003	6 35830
2004	6 35657
2005	6 35463
2006	6 35292
2007	6 35112
2008	6 34964
2009	6 34798
2010	6 34645
2011	6 34466
2012	6 34258
2013	6 34106
2014	6 33940
2015	6 33791
2016	6 33643
2017	7 33495
2018	7 33356
2019	7 33217
2020	7 33085
2021	7 32976
2022	7 32838
2023	7 32711
2024	7 32590
2025	7 32474
2026	7 32359
2027	7 32257
2028	7 32121
2029	7 31968
2030	7 31852
2031	7 31758
2032	7 31674
2033	7 31573
2034	7 31459
2035	7 31332
2036	7 31221
2037	7 31118
2038	7 31019
2039	7 30897
2040	7 30793
2041	7 30683
2042	7 30582
2043	7 30464
2044	7 30366
2045	7 30251
2046	8 30130
2047	8 29999
2048	8 29884
2049	8 29776
2050	8 29666
2051	8 29549
2052	8 29429
2053	8 29306
2054	8 29186
2055	8 29055
2056	8 28935
2057	8 28799
2058	8 28670
2059	8 28531
2060	8 28431
2061	8 28305
2062	8 28194
2063	8 28066
2064	8 27928
2065	8 27817
2066	8 27692
2067	8 27581
2068	8 27415
2069	8 27277
2070	8 27155
2071	8 26997
2072	8 26851
2073	8 26718
2074	9 26569
2075	8 26433
2076	8 26301
2077	8 26174
2078	8 26005
2079	8 25862
2080	8 25741
2081	8 25606
2082	8 25481
2083	8 25347
2084	8 25231
2085	8 25084
2086	8 24977
2087	8 24863
2088	8 24777
2089	8 24624
2090	9 24522
2091	8 24402
2092	8 24261
2093	8 24165
2094	8 24034
2095	8 23901
2096	8 23739
2097	8 23608
2098	10 23487
2099	10 23369
2100	9 23243
2101	9 23116
2102	10 23027
2103	10 22910
2104	9 22824
2105	9 22710
2106	9 22610
2107	9 22519
2108	9 22417
2109	9 22318
2110	9 22199
2111	9 22116
2112	9 21989
2113	9 21874
2114	9 21755
2115	9 21639
2116	9 21540
2117	9 21434
2118	9 21307
2119	10 21183
2120	10 21076
2121	10 20949
2122	10 20825
2123	11 20718
2124	11 20583
2125	11 20461
2126	11 20343
2127	9 20235
2128	9 20107
2129	9 20006
2130	9 19890
2131	9 19773
2132	9 19669
2133	9 19553
2134	9 19478
2135	9 19370
2136	9 19274
2137	9 19147
2138	9 19057
2139	10 18957
2140	10 18877
2141	9 18780
2142	9 18703
2143	9 18589
2144	9 18504
2145	9 18409
2146	9 18307
2147	9 18215
2148	9 18143
2149	9 18038
2150	9 17943
2151	9 17846
2152	9 17741
2153	9 17658
2154	10 17579
2155	10 17498
2156	10 17397
2157	10 17304
2158	9 17236
2159	9 17159
2160	9 17067
2161	9 16973
2162	9 16893
2163	9 16781
2164	9 16690
2165	9 16603
2166	10 16495
2167	9 16368
2168	9 16296
2169	9 16184
2170	9 16085
2171	9 15988
2172	9 15893
2173	9 15802
2174	9 15689
2175	9 15575
2176	9 15470
2177	9 15378
2178	9 15293
2179	10 15206
2180	10 15106
2181	10 14997
2182	10 14877
2183	10 14768
2184	10 14655
2185	10 14554
2186	10 14468
2187	10 14395
2188	10 14318
2189	10 14234
2190	10 14149
2191	10 14033
2192	10 13949
2193	10 13855
2194	10 13775
2195	10 13709
2196	10 13659
2197	10 13593
2198	10 13519
2199	10 13438
2200	10 13394
2201	10 13320
2202	10 13269
2203	10 13205
2204	10 13149
2205	10 13084
2206	10 13018
2207	10 12955
2208	10 12903
2209	10 12836
2210	10 12779
2211	10 12724
2212	10 12699
2213	10 12640
2214	10 12580
2215	10 12528
2216	10 12474
2217	10 12427
2218	11 12373
2219	11 12318
2220	11 12264
2221	11 12198
2222	11 12137
2223	11 12085
2224	11 12026
2225	11 11973
2226	11 11932
2227	11 11880
2228	11 11828
2229	11 11780
2230	11 11722
2231	11 11668
2232	12 11624
2233	11 11585
2234	11 11548
2235	12 11493
2236	11 11421
2237	11 11368
2238	11 11317
2239	12 11266
2240	12 11219
2241	12 11172
2242	13 11103
2243	13 11038
2244	13 10970
2245	13 10905
2246	13 10851
2247	13 10777
2248	13 10714
2249	13 10626
2250	13 10536
2251	13 10449
2252	13 10390
2253	13 10323
2254	13 10265
2255	14 10206
2256	14 10171
2257	15 10113
2258	14 10056
2259	14 10024
2260	14 9980
2261	14 9926
2262	14 9876
2263	13 9857
2264	13 9823
2265	13 9790
2266	13 9763
2267	13 9714
2268	13 9674
2269	13 9604
2270	13 9577
2271	13 9565
2272	13 9576
2273	13 9561
2274	13 9554
2275	13 9536
2276	13 9519
2277	13 9497
2278	14 9482
2279	14 9506
2280	15 9502
2281	14 9496
2282	14 9508
2283	14 9480
2284	14 9492
2285	15 9486
2286	14 9499
2287	15 9519
2288	15 9529
2289	15 9548
2290	15 9533
2291	15 9534
2292	15 9534
2293	15 9542
2294	15 9544
2295	15 9546
2296	15 9565
2297	15 9580
2298	15 9587
2299	16 9610
2300	16 9627
2301	15 9646
2302	16 9664
2303	16 9676
2304	16 9694
2305	16 9716
2306	15 9749
2307	15 9757
2308	15 9773
2309	15 9773
2310	15 9777
2311	15 9768
2312	15 9780
2313	15 9786
2314	16 9792
2315	16 9775
2316	16 9755
2317	17 9764
2318	16 9744
2319	17 9738
2320	16 9750
2321	15 9745
2322	15 9710
2323	14 9707
2324	16 9681
2325	15 9631
2326	14 9592
2327	14 9588
2328	15 9571
2329	15 9535
2330	14 9529
2331	15 9469
2332	14 9430
2333	15 9408
2334	16 9370
2335	16 9342
2336	17 9302
2337	14 9276
2338	14 9259
2339	14 9242
2340	14 9218
2341	15 9205
2342	14 9198
2343	14 9161
2344	15 9193
2345	15 9174
2346	17 9180
2347	14 9178
2348	16 9172
2349	14 9171
2350	15 9123
2351	16 9122
2352	19 9100
2353	20 9112
2354	19 9096
2355	20 9083
2356	19 9077
2357	19 9076
2358	18 9095
2359	18 9090
2360	18 9080
2361	23 9100
2362	21 9132
2363	21 9142
2364	20 9160
2365	20 9197
2366	21 9230
2367	18 9263
2368	17 9284
2369	17 9285
2370	18 9277
2371	19 9293
2372	19 9322
2373	20 9347
2374	19 9367
2375	21 9389
2376	21 9384
2377	21 9401
2378	19 9436
2379	19 9477
2380	18 9500
2381	17 9543
2382	18 9574
2383	18 9604
2384	19 9633
2385	17 9661
2386	18 9695
2387	21 9716
2388	19 9744
2389	19 9773
2390	20 9798
2391	19 9849
2392	21 9867
2393	19 9901
2394	20 9937
2395	21 9966
2396	21 9981
2397	20 10015
2398	20 10054
2399	20 10094
2400	19 10132
2401	20 10199
2402	20 10242
2403	19 10285
2404	18 10339
2405	18 10388
2406	20 10432
2407	18 10485
2408	18 10517
2409	17 10562
2410	17 10596
2411	17 10671
2412	17 10705
2413	17 10748
2414	17 10815
2415	17 10868
2416	17 10898
2417	17 10960
2418	17 11000
2419	17 11061
2420	18 11111
2421	17 11164
2422	17 11207
2423	17 11246
2424	17 11293
2425	18 11352
2426	17 11400
2427	17 11448
2428	17 11499
2429	17 11539
2430	17 11595
2431	17 11662
2432	19 11734
2433	20 11770
2434	18 11832
2435	18 11878
2436	20 11910
2437	20 11982
2438	18 12037
2439	17 12095
2440	17 12137
2441	17 12192
2442	17 12238
2443	17 12278
2444	17 12320
2445	17 12358
2446	17 12400
2447	17 12456
2448	18 12504
2449	17 12554
2450	17 12590
2451	17 12629
2452	18 12690
2453	18 12735
2454	19 12777
2455	18 12799
2456	17 12840
2457	17 12870
2458	18 12904
2459	17 12940
2460	19 12992
2461	17 13024
2462	18 13080
2463	19 13140
2464	18 13183
2465	20 13230
2466	20 13275
2467	18 13320
2468	16 13348
2469	16 13387
2470	17 13419
2471	16 13453
2472	18 13483
2473	16 13522
2474	16 13548
2475	16 13580
2476	16 13625
2477	16 13668
2478	18 13695
2479	19 13727
2480	19 13764
2481	17 13798
2482	17 13844
2483	17 13888
2484	17 13935
2485	17 13963
2486	17 13989
2487	16 14025
2488	16 14068
2489	18 14094
2490	16 14135
2491	16 14170
2492	16 14197
2493	16 14224
2494	16 14257
2495	16 14283
2496	17 14327
2497	16 14360
2498	16 14393
2499	17 14429
2500	17 14472
2501	18 14518
2502	17 14546
2503	16 14568
2504	16 14612
2505	16 14634
2506	16 14658
2507	16 14687
2508	16 14734
2509	17 14770
2510	17 14793
2511	16 14830
2512	16 14872
2513	16 14899
2514	17 14934
2515	17 14970
2516	16 14997
2517	16 15027
2518	16 15055
2519	16 15080
2520	16 15129
2521	16 15150
2522	17 15186
2523	17 15210
2524	17 15240
2525	18 15261
2526	17 15296
2527	17 15339
2528	15 15394
2529	15 15433
2530	15 15478
2531	16 15506
2532	16 15545
2533	15 15580
2534	16 15623
2535	15 15657
2536	15 15691
2537	16 15722
2538	16 15766
2539	15 15800
2540	15 15843
2541	15 15876
2542	15 15918
2543	15 15954
2544	15 15975
2545	15 16011
2546	15 16066
2547	15 16102
2548	15 16133
2549	15 16157
2550	15 16192
2551	15 16220
2552	15 16255
2553	15 16292
2554	15 16324
2555	15 16350
2556	15 16380
2557	15 16418
2558	15 16453
2559	15 16498
2560	15 16523
2561	15 16547
2562	15 16577
2563	15 16596
2564	15 16626
2565	15 16646
2566	15 16679
2567	15 16698
2568	15 16722
2569	15 16754
2570	15 16785
2571	15 16805
2572	15 16829
2573	15 16849
2574	15 16879
2575	15 16895
2576	15 16918
2577	15 16944
2578	15 16977
2579	15 17006
2580	15 17030
2581	15 17060
2582	15 17084
2583	15 17109
2584	15 17145
2585	15 17165
2586	15 17176
2587	15 17199
2588	15 17230
2589	15 17250
2590	15 17262
2591	15 17283
2592	15 17294
2593	15 17315
2594	15 17340
2595	15 17362
2596	15 17389
2597	15 17398
2598	15 17408
2599	15 17416
2600	15 17432
2601	15 17443
2602	15 17463
2603	15 17483
2604	15 17486
2605	15 17498
2606	15 17508
2607	15 17521
2608	16 17532
2609	16 17540
2610	16 17549
2611	16 17551
2612	16 17567
2613	16 17576
2614	16 17581
2615	16 17593
2616	16 17598
2617	16 17605
2618	16 17614
2619	16 17620
2620	16 17626
2621	16 17630
2622	16 17638
2623	16 17643
2624	16 17651
2625	16 17655
2626	16 17657
2627	16 17656
2628	16 17656
2629	16 17664
2630	16 17668
2631	16 17673
2632	16 17675
2633	16 17676
2634	16 17682
2635	16 17682
2636	16 17676
2637	16 17680
2638	16 17677
2639	16 17680
2640	16 17687
2641	16 17694
2642	16 17693
2643	16 17696
2644	16 17691
2645	16 17691
2646	17 17692
2647	17 17689
2648	17 17686
2649	17 17683
2650	17 17685
2651	17 17689
2652	17 17693
2653	17 17685
2654	17 17683
2655	17 17676
2656	17 17672
2657	17 17674
2658	17 17677
2659	17 17679
2660	17 17675
2661	17 17673
2662	17 17666
2663	17 17668
2664	17 17667
2665	17 17665
2666	17 17662
2667	17 17650
2668	17 17646
2669	17 17645
2670	17 17646
2671	17 17642
2672	17 17649
2673	17 17647
2674	17 17643
2675	17 17641
2676	17 17649
2677	17 17648
2678	17 17642
2679	17 17642
2680	17 17650
2681	17 17646
2682	17 17646
2683	17 17643
2684	17 17643
2685	17 17642
2686	17 17642
2687	17 17640
2688	17 17640
2689	17 17637
2690	17 17635
2691	17 17636
2692	18 17639
2693	18 17645
2694	18 17644
2695	18 17642
2696	18 17643
2697	18 17644
2698	18 17642
2699	18 17644
2700	18 17643
2701	18 17642
2702	18 17636
2703	18 17638
2704	18 17643
2705	18 17637
2706	18 17638
2707	18 17637
2708	18 17651
2709	17 17650
2710	17 17649
2711	17 17649
2712	17 17647
2713	17 17646
2714	17 17644
2715	17 17646
2716	17 17653
2717	17 17648
2718	17 17645
2719	17 17649
2720	17 17643
2721	17 17641
2722	17 17636
2723	17 17633
2724	17 17629
2725	17 17628
2726	18 17633
2727	18 17627
2728	18 17623
2729	18 17619
2730	18 17625
2731	17 17618
2732	17 17620
2733	17 17615
2734	17 17610
2735	17 17609
2736	16 17605
2737	16 17609
2738	16 17606
2739	16 17597
2740	16 17588
2741	16 17576
2742	17 17563
2743	17 17559
2744	17 17555
2745	17 17548
2746	17 17538
2747	17 17526
2748	17 17521
2749	17 17511
2750	17 17508
2751	17 17501
2752	17 17483
2753	17 17474
2754	17 17453
2755	17 17437
2756	17 17431
2757	17 17422
2758	17 17400
2759	17 17385
2760	17 17367
2761	17 17342
2762	17 17318
2763	17 17294
2764	17 17269
2765	17 17230
2766	17 17198
2767	17 17185
2768	17 17155
2769	17 17134
2770	17 17103
2771	17 17083
2772	17 17052
2773	17 17017
2774	17 16966
2775	17 16924
2776	17 16886
2777	17 16834
2778	17 16812
2779	17 16774
2780	17 16744
2781	17 16688
2782	17 16656
2783	17 16606
2784	17 16548
2785	17 16508
2786	17 16448
2787	17 16399
2788	17 16328
2789	17 16266
2790	17 16216
2791	17 16158
2792	17 16120
2793	17 16074
2794	17 16015
2795	17 15972
2796	17 15927
2797	17 15880
2798	17 15824
2799	17 15776
2800	18 15725
2801	18 15659
2802	18 15619
2803	18 15567
2804	18 15523
2805	18 15477
2806	18 15427
2807	18 15350
2808	18 15270
2809	17 15222
2810	17 15179
2811	17 15139
2812	17 15096
2813	17 15049
2814	17 15008
2815	17 14953
2816	17 14897
2817	17 14862
2818	17 14818
2819	17 14774
2820	17 14725
2821	17 14680
2822	17 14627
2823	17 14587
2824	17 14533
2825	17 14485
2826	17 14438
2827	17 14407
2828	17 14363
2829	17 14304
2830	17 14250
2831	17 14194
2832	18 14145
2833	18 14095
2834	18 14046
2835	18 13990
2836	18 13944
2837	19 13899
2838	18 13850
2839	18 13785
2840	18 13725
2841	18 13658
2842	18 13612
2843	18 13553
2844	18 13482
2845	18 13437
2846	18 13340
2847	18 13290
2848	18 13236
2849	18 13175
2850	18 13120
2851	18 13061
2852	18 13029
2853	18 12986
2854	18 12941
2855	19 12882
2856	19 12844
2857	19 12795
2858	19 12742
2859	20 12692
2860	20 12642
2861	20 12584
2862	20 12536
2863	20 12466
2864	20 12390
2865	20 12345
2866	20 12284
2867	20 12223
2868	20 12159
2869	20 12094
2870	20 12041
2871	20 12001
2872	20 11966
2873	20 11916
2874	21 11857
2875	21 11798
2876	21 11741
2877	21 11697
2878	21 11666
2879	21 11628
2880	21 11579
2881	21 11514
2882	21 11458
2883	21 11397
2884	21 11352
2885	21 11297
2886	21 11237
2887	21 11183
2888	21 11123
2889	21 11084
2890	21 11042
2891	21 10998
2892	21 10949
2893	21 10889
2894	21 10852
2895	21 10801
2896	21 10754
2897	21 10708
2898	21 10669
2899	21 10621
2900	21 10575
2901	21 10522
2902	22 10478
2903	21 10409
2904	21 10353
2905	21 10301
2906	21 10235
2907	21 10175
2908	21 10130
2909	21 10073
2910	21 10035
2911	21 9983
2912	21 9940
2913	21 9857
2914	22 9817
2915	22 9765
2916	22 9690
2917	23 9635
2918	23 9592
2919	23 9518
2920	23 9469
2921	23 9403
2922	23 9344
2923	23 9284
2924	23 9234
2925	23 9189
2926	23 9128
2927	23 9058
2928	23 9005
2929	23 8952
2930	23 8886
2931	23 8844
2932	22 8775
2933	22 8703
2934	22 8620
2935	22 8576
2936	22 8510
2937	22 8457
2938	22 8412
2939	22 8333
2940	22 8277
2941	22 8212
2942	22 8166
2943	22 8109
2944	22 8052
2945	22 8000
2946	22 7955
2947	22 7910
2948	23 7853
2949	23 7792
2950	23 7741
2951	23 7679
2952	23 7642
2953	23 7596
2954	23 7535
2955	24 7483
2956	24 7437
2957	24 7413
2958	24 7365
2959	24 7324
2960	24 7285
2961	24 7245
2962	24 7191
2963	24 7149
2964	24 7095
2965	24 7034
2966	24 6986
2967	24 6939
2968	24 6889
2969	24 6842
2970	24 6803
2971	24 6764
2972	24 6723
2973	24 6683
2974	24 6649
2975	24 6602
2976	24 6566
2977	24 6530
2978	24 6479
2979	24 6434
2980	24 6400
2981	24 6355
2982	24 6320
2983	24 6282
2984	24 6233
2985	24 6182
2986	24 6129
2987	24 6089
2988	24 6059
2989	24 6017
2990	24 5970
2991	24 5938
2992	24 5891
2993	24 5854
2994	24 5820
2995	24 5788
2996	24 5758
2997	24 5728
2998	24 5682
2999	24 5644
3000	24 5604
3001	24 5562
3002	24 5517
3003	25 5471
3004	25 5440
3005	25 5412
3006	25 5362
3007	25 5331
3008	25 5300
3009	25 5266
3010	25 5214
3011	25 5173
3012	26 5141
3013	26 5100
3014	26 5049
3015	26 5015
3016	26 4978
3017	26 4938
3018	26 4903
3019	26 4868
3020	26 4833
3021	26 4799
3022	26 4746
3023	27 4716
3024	28 4679
3025	28 4651
3026	28 4612
3027	28 4585
3028	28 4550
3029	28 4505
3030	28 4448
3031	28 4399
3032	28 4350
3033	28 4312
3034	28 4273
3035	28 4236
3036	28 4187
3037	28 4152
3038	28 4112
3039	28 4079
3040	28 4031
3041	28 3989
3042	28 3944
3043	28 3911
3044	29 3864
3045	29 3824
3046	29 3803
3047	29 3765
3048	29 3717
3049	29 3686
3050	29 3647
3051	29 3619
3052	29 3582
3053	29 3543
3054	31 3498
3055	31 3461
3056	31 3432
3057	31 3399
3058	31 3359
3059	32 3322
3060	32 3289
3061	32 3245
3062	32 3216
3063	32 3186
3064	33 3160
3065	33 3135
3066	33 3101
3067	34 3078
3068	34 3045
3069	34 3023
3070	35 3000
3071	35 2969
3072	35 2939
3073	35 2915
3074	35 2891
3075	35 2867
3076	35 2838
3077	35 2821
3078	34 2794
3079	34 2765
3080	34 2730
3081	35 2697
3082	36 2674
3083	36 2639
3084	36 2613
3085	36 2586
3086	36 2535
3087	36 2513
3088	36 2501
3089	35 2477
3090	35 2442
3091	35 2420
3092	35 2402
3093	35 2382
3094	35 2367
3095	36 2341
3096	36 2314
3097	37 2298
3098	37 2271
3099	37 2266
3100	37 2260
3101	37 2248
3102	37 2241
3103	37 2242
3104	36 2222
3105	37 2207
3106	36 2209
3107	35 2201
3108	35 2193
3109	36 2191
3110	36 2182
3111	36 2180
3112	36 2165
3113	36 2166
3114	36 2157
3115	37 2162
3116	37 2161
3117	37 2151
3118	37 2150
3119	37 2148
3120	37 2155
3121	37 2158
3122	37 2160
3123	38 2160
3124	37 2169
3125	37 2175
3126	37 2182
3127	37 2189
3128	37 2190
3129	37 2203
3130	37 2209
3131	37 2213
3132	37 2221
3133	37 2236
3134	37 2248
3135	37 2259
3136	37 2262
3137	36 2281
3138	36 2299
3139	36 2314
3140	36 2328
3141	36 2337
3142	37 2346
3143	36 2367
3144	36 2392
3145	36 2416
3146	36 2429
3147	36 2445
3148	36 2460
3149	36 2493
3150	38 2515
3151	38 2525
3152	38 2543
3153	38 2554
3154	38 2575
3155	38 2598
3156	38 2619
3157	38 2631
3158	38 2640
3159	38 2660
3160	38 2676
3161	38 2688
3162	38 2714
3163	38 2723
3164	38 2744
3165	38 2754
3166	38 2772
3167	38 2784
3168	38 2795
3169	38 2811
3170	38 2825
3171	38 2850
3172	38 2864
3173	38 2873
3174	38 2874
3175	38 2891
3176	38 2900
3177	38 2917
3178	38 2920
3179	37 2944
3180	37 2958
3181	37 2972
3182	37 2978
3183	37 2991
3184	37 3006
3185	37 3020
3186	37 3046
3187	37 3064
3188	37 3077
3189	36 3099
3190	36 3118
3191	37 3137
3192	36 3155
3193	36 3171
3194	36 3187
3195	35 3190
3196	35 3202
3197	35 3227
3198	35 3242
3199	35 3253
3200	35 3278
3201	36 3286
3202	35 3307
3203	35 3346
3204	35 3367
3205	35 3392
3206	35 3418
3207	36 3436
3208	35 3455
3209	35 3472
3210	35 3481
3211	35 3512
3212	36 3530
3213	35 3559
3214	35 3591
3215	35 3612
3216	35 3645
3217	35 3673
3218	35 3695
3219	35 3718
3220	36 3740
3221	35 3771
3222	35 3804
3223	35 3831
3224	35 3846
3225	35 3889
3226	35 3903
3227	34 3922
3228	34 3943
3229	34 3961
3230	34 3988
3231	34 4000
3232	34 4020
3233	35 4037
3234	34 4049
3235	34 4072
3236	34 4095
3237	34 4103
3238	34 4124
3239	33 4140
3240	33 4156
3241	33 4165
3242	33 4185
3243	33 4208
3244	33 4236
3245	33 4248
3246	34 4261
3247	34 4281
3248	34 4292
3249	34 4308
3250	34 4326
3251	33 4353
3252	33 4355
3253	33 4377
3254	33 4404
3255	33 4410
3256	34 4431
3257	34 4446
3258	33 4456
3259	32 4468
3260	32 4485
3261	33 4506
3262	33 4537
3263	32 4551
3264	32 4576
3265	32 4589
3266	34 4615
3267	33 4639
3268	33 4649
3269	34 4659
3270	32 4693
3271	32 4730
3272	32 4754
3273	31 4782
3274	31 4828
3275	31 4855
3276	31 4888
3277	31 4916
3278	31 4955
3279	32 4978
3280	32 5004
3281	32 5037
3282	31 5057
3283	31 5093
3284	32 5127
3285	32 5144
3286	32 5163
3287	32 5194
3288	31 5213
3289	31 5225
3290	31 5240
3291	31 5265
3292	31 5293
3293	31 5311
3294	31 5336
3295	31 5353
3296	31 5372
3297	32 5391
3298	32 5406
3299	32 5429
3300	32 5450
3301	32 5465
3302	32 5481
3303	31 5497
3304	31 5503
3305	31 5510
3306	31 5525
3307	31 5540
3308	31 5551
3309	31 5562
3310	31 5581
3311	31 5587
3312	31 5591
3313	31 5601
3314	31 5614
3315	31 5625
3316	31 5628
3317	31 5638
3318	31 5646
3319	31 5653
3320	31 5663
3321	31 5672
3322	31 5673
3323	31 5678
3324	31 5688
3325	31 5695
3326	31 5703
3327	31 5706
3328	31 5719
3329	31 5730
3330	31 5738
3331	31 5745
3332	31 5757
3333	31 5767
3334	31 5780
3335	31 5783
3336	31 5794
3337	31 5799
3338	31 5811
3339	31 5821
3340	31 5824
3341	31 5835
3342	31 5837
3343	31 5843
3344	31 5846
3345	31 5853
3346	31 5856
3347	31 5858
3348	31 5860
3349	31 5860
3350	31 5863
3351	31 5863
3352	31 5865
3353	31 5865
3354	31 5865
3355	31 5870
3356	31 5872
3357	31 5871
3358	31 5872
3359	31 5871
3360	31 5876
3361	31 5882
3362	31 5891
3363	31 5894
3364	31 5898
3365	31 5907
3366	31 5922
3367	31 5926
3368	31 5925
3369	31 5930
3370	31 5933
3371	31 5940
3372	31 5939
3373	31 5939
3374	31 5943
3375	31 5943
3376	31 5951
3377	31 5951
3378	31 5954
3379	31 5956
3380	31 5955
3381	31 5964
3382	31 5964
3383	31 5967
3384	31 5968
3385	31 5967
3386	31 5968
3387	31 5971
3388	31 5972
3389	31 5976
3390	31 5976
3391	31 5977
3392	31 5976
3393	31 5977
3394	31 5978
3395	31 5979
3396	31 5976
3397	31 5977
3398	31 5977
3399	31 5976
3400	31 5977
3401	31 5972
3402	31 5971
3403	31 5973
3404	31 5970
3405	31 5969
3406	31 5968
3407	31 5969
3408	31 5966
3409	31 5964
3410	31 5960
3411	31 5955
3412	31 5952
3413	31 5951
3414	31 5950
3415	31 5950
3416	31 5948
3417	31 5946
3418	31 5946
3419	31 5946
3420	31 5946
3421	31 5944
3422	31 5941
3423	31 5940
3424	31 5936
3425	31 5936
3426	31 5936
3427	31 5934
3428	31 5932
3429	31 5931
3430	31 5929
