10000 0.9
101	13 7675
102	13 7862
103	13 8143
104	13 8433
105	13 8727
106	13 9051
107	13 9212
108	13 9393
109	13 9595
110	13 9884
111	13 10121
112	13 10406
113	13 10671
114	13 10841
115	13 11070
116	13 11364
117	13 11595
118	13 11900
119	13 12155
120	13 12375
121	13 12554
122	13 12730
123	13 12991
124	13 13246
125	13 13497
126	13 13676
127	12 13861
128	13 14068
129	12 14236
130	12 14492
131	12 14764
132	11 15017
133	11 15236
134	11 15506
135	11 15785
136	11 15963
137	11 16222
138	12 16514
139	11 16787
140	11 17088
141	11 17289
142	11 17410
143	11 17551
144	11 17779
145	12 18092
146	11 18392
147	11 18619
148	11 18807
149	11 19035
150	11 19265
151	11 19427
152	12 19640
153	11 19784
154	10 19866
155	11 19996
156	10 20173
157	10 20316
158	10 20445
159	10 20641
160	10 20737
161	10 20821
162	10 20965
163	10 21055
164	10 21141
165	10 21267
166	10 21372
167	10 21465
168	10 21542
169	10 21622
170	10 21696
171	10 21817
172	10 21897
173	11 21949
174	11 21998
175	11 21950
176	11 21479
177	11 21443
178	11 20923
179	11 20522
180	12 20044
181	13 19665
182	14 19374
183	14 19190
184	15 19017
185	15 18816
186	17 18642
187	17 18449
188	17 18264
189	17 18115
190	17 18022
191	16 17821
192	16 17676
193	16 17435
194	17 17240
195	17 16980
196	17 16787
197	17 16549
198	16 16415
199	16 16184
200	16 15926
201	16 15640
202	18 15306
203	18 15101
204	19 14920
205	18 14661
206	17 14382
207	18 14114
208	16 13802
209	16 13660
210	16 13505
211	19 13333
212	19 13065
213	19 12844
214	19 12582
215	20 12331
216	19 12210
217	19 11980
218	19 11720
219	19 11501
220	21 11209
221	20 10968
222	21 10800
223	22 10638
224	22 10493
225	22 10280
226	21 10044
227	23 9811
228	23 9679
229	23 9509
230	23 9318
231	22 9183
232	22 8947
233	22 8696
234	22 8483
235	22 8287
236	22 8051
237	22 7786
238	22 7645
239	22 7392
240	22 7119
241	22 6868
242	23 6596
243	24 6415
244	24 6317
245	24 6189
246	25 5996
247	24 5707
248	24 5432
249	24 5225
250	27 5076
251	27 4877
252	26 4664
253	26 4509
254	26 4320
255	26 4183
256	27 4148
257	28 4029
258	27 3868
259	27 3748
260	27 3645
261	28 3483
262	29 3404
263	29 3344
264	30 3216
265	30 3134
266	31 3069
267	27 2966
268	27 2870
269	28 2794
270	29 2732
271	30 2662
272	30 2603
273	31 2489
274	31 2426
275	32 2383
276	31 2332
277	31 2305
278	33 2274
279	33 2239
280	33 2206
281	34 2182
282	32 2163
283	32 2163
284	33 2150
285	30 2125
286	30 2106
287	30 2099
288	31 2081
289	30 2077
290	30 2062
291	31 2053
292	30 2039
293	31 2034
294	31 2026
295	32 2010
296	33 1998
297	31 1999
298	32 1986
299	32 1998
300	32 1993
301	32 1989
302	34 1975
303	34 1972
304	34 1994
305	34 1982
306	33 1992
307	34 1973
308	32 1966
309	32 1945
310	32 1941
311	32 1932
312	32 1910
313	31 1888
314	31 1873
315	32 1866
316	32 1845
317	32 1835
318	31 1812
319	31 1803
320	32 1773
321	32 1764
322	32 1759
323	31 1749
324	31 1720
325	31 1693
326	30 1670
327	31 1620
328	30 1605
329	30 1595
330	30 1567
331	30 1555
332	30 1550
333	30 1529
334	30 1509
335	30 1504
336	30 1482
337	29 1459
338	29 1437
339	29 1425
340	29 1414
341	29 1394
342	29 1388
343	29 1380
344	29 1363
345	29 1347
346	29 1328
347	29 1314
348	29 1284
349	29 1269
350	29 1245
351	29 1233
352	29 1195
353	29 1175
354	31 1161
355	33 1159
356	33 1147
357	33 1141
358	33 1109
359	33 1103
360	34 1089
361	34 1068
362	34 1050
363	34 1018
364	34 1004
365	34 982
366	34 978
367	34 975
368	35 959
369	38 942
370	38 936
371	38 924
372	38 922
373	38 913
374	38 899
375	38 901
376	38 888
377	38 885
378	38 872
379	40 862
380	39 862
381	40 853
382	39 844
383	39 835
384	39 823
385	39 814
386	39 803
387	39 798
388	40 798
389	39 787
390	39 778
391	40 779
392	41 778
393	41 769
394	43 758
395	42 749
396	43 736
397	44 726
398	43 730
399	44 727
400	43 724
401	42 706
402	42 702
403	42 706
404	43 703
405	43 697
406	43 668
407	45 667
408	50 649
409	51 643
410	51 641
411	51 645
412	54 644
413	61 642
414	62 641
415	63 635
416	63 633
417	63 634
418	63 639
419	63 639
420	63 633
421	63 636
422	63 637
423	63 641
424	63 640
425	63 637
426	66 648
427	65 648
428	66 652
429	65 654
430	65 650
431	65 642
432	65 630
433	65 625
434	65 617
435	66 615
436	66 612
437	68 599
438	68 588
439	69 586
440	69 574
441	69 576
442	70 572
443	70 569
444	70 558
445	70 546
446	72 546
447	72 541
448	72 539
449	73 533
450	73 531
451	73 524
452	73 525
453	73 523
454	73 525
455	73 519
456	73 516
457	73 513
458	73 512
459	73 505
460	73 495
461	73 497
462	73 496
463	73 497
464	73 493
465	74 495
466	75 493
467	75 492
468	75 480
469	75 475
470	72 472
471	72 468
472	73 464
473	73 465
474	73 458
475	73 457
476	73 456
477	75 447
478	75 441
479	75 440
480	75 438
481	75 437
482	75 433
483	75 434
484	75 434
485	75 434
486	75 430
487	76 429
488	76 429
489	75 428
490	75 429
491	75 433
492	75 439
493	75 440
494	75 444
495	76 447
496	76 440
497	76 451
498	75 455
499	75 471
500	75 466
501	74 476
502	75 480
503	72 477
504	73 474
505	73 486
506	72 499
507	72 495
508	72 502
509	72 506
510	72 509
511	71 510
512	73 510
513	73 512
514	71 513
515	71 522
516	71 523
517	71 531
518	71 532
519	72 533
520	72 536
521	74 539
522	74 547
523	73 561
524	53 807
525	49 1010
526	44 1042
527	37 1265
528	36 1451
529	35 1792
530	37 1960
531	37 2223
532	33 2444
533	32 2503
534	32 2758
535	31 3065
536	32 3291
537	35 3564
538	32 3959
539	32 4052
540	31 4520
541	31 4971
542	31 5363
543	32 5705
544	29 5976
545	29 6208
546	30 6394
547	29 6593
548	32 6753
549	31 6986
550	30 7223
551	28 7445
552	29 7726
553	28 7979
554	28 8112
555	28 8333
556	28 8625
557	26 8948
558	27 9298
559	26 9734
560	25 10215
561	25 10391
562	24 11007
563	23 11561
564	23 12184
565	23 12684
566	23 13039
567	25 13370
568	23 13627
569	23 13968
570	23 14247
571	23 14453
572	23 14695
573	23 14862
574	23 15014
575	22 15258
576	21 15441
577	21 15603
578	21 15845
579	21 16034
580	22 16225
581	20 16419
582	20 16621
583	22 16839
584	22 17058
585	20 17281
586	20 17466
587	20 17576
588	20 17770
589	20 18043
590	20 18312
591	20 18525
592	22 18726
593	22 18806
594	22 18978
595	22 19151
596	20 19312
597	20 19519
598	20 19666
599	19 19781
600	17 19938
601	17 20135
602	17 20321
603	17 20488
604	17 20673
605	17 20817
606	17 20928
607	17 21114
608	17 21277
609	17 21389
610	17 21539
611	17 21661
612	17 21790
613	17 21941
614	17 22070
615	17 22186
616	17 22331
617	17 22459
618	17 22587
619	17 22754
620	17 22876
621	17 23048
622	17 23182
623	16 23360
624	16 23551
625	16 23690
626	16 23601
627	16 23566
628	16 23701
629	16 23644
630	16 23612
631	16 23388
632	16 23348
633	16 23222
634	16 23160
635	16 23275
636	16 23214
637	16 23062
638	16 22977
639	14 22860
640	14 22674
641	14 22777
642	14 22510
643	14 22255
644	14 22085
645	14 21972
646	14 21880
647	13 21834
648	13 21809
649	13 21789
650	12 21803
651	12 21752
652	12 21691
653	12 21636
654	12 21513
655	12 21448
656	12 21480
657	12 21404
658	12 21331
659	12 21178
660	12 20981
661	12 20710
662	13 20422
663	13 20363
664	13 19923
665	13 19543
666	15 19075
667	15 18697
668	15 18496
669	15 18307
670	16 18154
671	16 17975
672	16 17867
673	16 17789
674	16 17699
675	16 17745
676	17 17767
677	17 17703
678	16 17668
679	14 17680
680	14 17595
681	14 17548
682	14 17487
683	14 17438
684	14 17434
685	14 17378
686	14 17300
687	14 17246
688	14 17252
689	14 17310
690	14 17269
691	14 17170
692	14 17046
693	14 17009
694	14 17002
695	14 17037
696	14 17006
697	14 17018
698	14 16998
699	14 16945
700	13 16977
701	13 17028
702	13 17023
703	13 16989
704	13 16981
705	13 16976
706	13 17043
707	13 17128
708	13 17204
709	13 17224
710	13 17209
711	13 17225
712	13 17287
713	13 17367
714	13 17377
715	12 17427
716	12 17489
717	12 17494
718	14 17532
719	14 17524
720	14 17503
721	14 17493
722	14 17503
723	13 17474
724	13 17523
725	12 17529
726	11 17503
727	11 17467
728	11 17435
729	11 17383
730	11 17320
731	11 17263
732	11 17200
733	11 17191
734	11 17186
735	11 17208
736	11 17207
737	11 17158
738	11 17093
739	11 17078
740	11 17059
741	11 17019
742	11 17002
743	9 16932
744	9 16875
745	9 16838
746	9 16735
747	9 16665
748	9 16656
749	9 16636
750	9 16571
751	9 16535
752	9 16469
753	9 16391
754	9 16349
755	9 16296
756	9 16249
757	9 16219
758	9 16162
759	9 16124
760	9 15980
761	9 15908
762	9 15845
763	9 15796
764	9 15718
765	9 15659
766	9 15585
767	9 15493
768	9 15438
769	9 15409
770	9 15362
771	9 15308
772	9 15333
773	8 15333
774	8 15279
775	8 15251
776	8 15190
777	8 15089
778	8 15048
779	9 14962
780	9 14932
781	9 14878
782	9 14854
783	10 14835
784	12 14812
785	13 14790
786	12 14723
787	12 14684
788	13 14694
789	12 14628
790	12 14562
791	12 14555
792	12 14515
793	12 14487
794	12 14453
795	12 14443
796	12 14369
797	12 14363
798	12 14319
799	12 14247
800	12 14215
801	12 14169
802	12 14104
803	12 14044
804	12 14025
805	12 13985
806	13 13947
807	12 13898
808	12 13790
809	13 13674
810	14 13587
811	14 13488
812	14 13451
813	13 13438
814	15 13350
815	16 13254
816	15 13241
817	15 13145
818	14 13099
819	14 13087
820	16 13032
821	16 13024
822	16 13043
823	11 13006
824	11 12991
825	11 12970
826	11 12922
827	11 12896
828	12 12832
829	13 12831
830	13 12851
831	13 12887
832	13 12933
833	12 12978
834	12 12982
835	13 13011
836	13 12991
837	13 12942
838	12 12895
839	12 12871
840	12 12867
841	11 12842
842	12 12827
843	12 12790
844	12 12769
845	12 12706
846	12 12661
847	11 12655
848	11 12660
849	11 12677
850	11 12650
851	11 12611
852	11 12634
853	11 12671
854	13 12715
855	13 12709
856	13 12698
857	13 12703
858	13 12723
859	13 12697
860	13 12718
861	13 12722
862	13 12792
863	15 12799
864	15 12825
865	15 12826
866	15 12874
867	15 12884
868	15 12930
869	15 12955
870	15 12986
871	15 13027
872	15 13093
873	15 13114
874	15 13118
875	15 13100
876	15 13161
877	15 13178
878	14 13213
879	12 13244
880	13 13251
881	13 13292
882	12 13343
883	12 13358
884	12 13361
885	12 13378
886	12 13425
887	12 13463
888	12 13505
889	12 13513
890	13 13513
891	13 13556
892	14 13586
893	14 13556
894	14 13623
895	16 13627
896	16 13697
897	15 13667
898	15 13698
899	14 13734
900	14 13803
901	14 13831
902	14 13890
903	14 13944
904	14 14024
905	13 14108
906	13 14142
907	13 14190
908	14 14288
909	13 14349
910	13 14357
911	13 14379
912	13 14446
913	11 14445
914	11 14455
915	11 14475
916	11 14501
917	10 14508
918	10 14500
919	11 14506
920	11 14461
921	11 14477
922	12 14430
923	11 14373
924	11 14304
925	11 14255
926	11 14244
927	15 14174
928	15 14097
929	15 13983
930	15 13901
931	15 13848
932	15 13742
933	15 13636
934	16 13509
935	16 13402
936	13 13338
937	13 13230
938	13 13154
939	13 13063
940	12 12999
941	11 12899
942	12 12813
943	11 12706
944	11 12600
945	11 12542
946	12 12414
947	12 12338
948	12 12255
949	13 12124
950	13 12010
951	13 11854
952	13 11717
953	13 11611
954	13 11500
955	13 11356
956	12 11197
957	12 11104
958	12 11002
959	13 10885
960	12 10767
961	12 10659
962	12 10548
963	12 10435
964	12 10312
965	12 10224
966	12 10113
967	12 10036
968	14 9916
969	14 9811
970	14 9679
971	14 9585
972	14 9477
973	12 9358
974	11 9202
975	10 9087
976	10 8963
977	10 8838
978	10 8673
979	11 8563
980	11 8453
981	11 8319
982	11 8187
983	11 8062
984	11 7898
985	11 7779
986	11 7658
987	12 7528
988	12 7382
989	12 7242
990	12 7070
991	12 6949
992	12 6800
993	12 6680
994	12 6531
995	12 6414
996	12 6229
997	13 6106
998	13 5925
999	13 5797
1000	13 5662
1001	13 5525
1002	13 5359
1003	13 5219
1004	13 5059
1005	14 4906
1006	14 4741
1007	14 4542
1008	14 4395
1009	14 4205
1010	15 3981
1011	15 3800
1012	17 3652
1013	16 3536
1014	16 3366
1015	16 3255
1016	16 3135
1017	16 3004
1018	16 2859
1019	16 2757
1020	16 2649
1021	16 2544
1022	16 2452
1023	16 2340
1024	17 2271
1025	17 2209
1026	17 2166
1027	17 2102
1028	17 2012
1029	15 1947
1030	16 1899
1031	16 1864
1032	16 1836
1033	16 1785
1034	16 1747
1035	17 1713
1036	17 1688
1037	17 1650
1038	17 1619
1039	17 1600
1040	17 1580
1041	17 1569
1042	17 1549
1043	17 1531
1044	15 1511
1045	15 1509
1046	16 1506
1047	17 1501
1048	17 1503
1049	17 1502
1050	19 1492
1051	19 1481
1052	19 1480
1053	17 1469
1054	17 1465
1055	17 1457
1056	17 1451
1057	18 1449
1058	18 1453
1059	18 1452
1060	18 1450
1061	18 1449
1062	18 1439
1063	18 1443
1064	18 1437
1065	18 1439
1066	18 1420
1067	18 1420
1068	20 1429
1069	20 1431
1070	18 1428
1071	18 1423
1072	20 1419
1073	19 1408
1074	18 1410
1075	20 1409
1076	20 1407
1077	20 1411
1078	20 1420
1079	20 1420
1080	20 1425
1081	20 1432
1082	22 1425
1083	23 1432
1084	22 1435
1085	21 1431
1086	19 1430
1087	19 1422
1088	17 1425
1089	17 1430
1090	17 1425
1091	17 1424
1092	18 1423
1093	18 1412
1094	18 1413
1095	18 1414
1096	18 1416
1097	18 1420
1098	18 1416
1099	18 1409
1100	18 1397
1101	19 1398
1102	19 1392
1103	19 1384
1104	19 1385
1105	19 1386
1106	19 1373
1107	19 1360
1108	19 1353
1109	19 1349
1110	19 1336
1111	19 1341
1112	19 1338
1113	19 1340
1114	19 1332
1115	19 1327
1116	19 1319
1117	20 1318
1118	20 1316
1119	20 1303
1120	21 1295
1121	22 1287
1122	23 1283
1123	23 1270
1124	23 1259
1125	23 1244
1126	23 1238
1127	24 1236
1128	25 1225
1129	25 1217
1130	25 1223
1131	26 1219
1132	26 1214
1133	26 1209
1134	25 1215
1135	25 1215
1136	25 1215
1137	25 1210
1138	25 1209
1139	25 1212
1140	25 1209
1141	25 1205
1142	24 1198
1143	24 1188
1144	24 1193
1145	23 1199
1146	23 1199
1147	23 1201
1148	23 1203
1149	23 1191
1150	23 1196
1151	23 1198
1152	23 1197
1153	22 1209
1154	22 1216
1155	23 1213
1156	23 1225
1157	23 1234
1158	23 1240
1159	23 1243
1160	23 1240
1161	23 1253
1162	23 1262
1163	22 1269
1164	22 1278
1165	22 1273
1166	22 1275
1167	23 1266
1168	23 1267
1169	23 1266
1170	23 1253
1171	23 1247
1172	23 1244
1173	23 1244
1174	23 1245
1175	24 1245
1176	25 1238
1177	24 1227
1178	26 1228
1179	26 1231
1180	26 1225
1181	26 1223
1182	26 1220
1183	26 1218
1184	27 1212
1185	27 1204
1186	27 1209
1187	27 1201
1188	27 1204
1189	27 1213
1190	27 1207
1191	27 1207
1192	27 1201
1193	27 1194
1194	27 1199
1195	27 1210
1196	27 1210
1197	28 1211
1198	28 1207
1199	27 1213
1200	27 1210
1201	27 1204
1202	27 1208
1203	27 1201
1204	28 1204
1205	28 1207
1206	28 1200
1207	29 1200
1208	30 1209
1209	29 1217
1210	29 1210
1211	29 1213
1212	29 1216
1213	30 1212
1214	30 1209
1215	30 1203
1216	32 1204
1217	33 1210
1218	33 1210
1219	33 1207
1220	33 1209
1221	33 1218
1222	33 1212
1223	33 1217
1224	33 1215
1225	33 1215
1226	33 1218
1227	33 1235
1228	33 1235
1229	33 1237
1230	33 1238
1231	33 1243
1232	33 1235
1233	33 1238
1234	33 1237
1235	35 1236
1236	35 1228
1237	35 1223
1238	35 1220
1239	35 1219
1240	35 1213
1241	35 1214
1242	35 1209
1243	35 1215
1244	35 1219
1245	36 1233
1246	37 1228
1247	36 1219
1248	37 1214
1249	37 1207
1250	37 1206
1251	37 1215
1252	39 1202
1253	39 1192
1254	40 1192
1255	41 1175
1256	39 1178
1257	40 1185
1258	40 1178
1259	40 1171
1260	40 1174
1261	41 1175
1262	40 1166
1263	40 1161
1264	38 1162
1265	37 1161
1266	37 1154
1267	39 1171
1268	40 1173
1269	42 1181
1270	42 1184
1271	42 1189
1272	40 1189
1273	39 1193
1274	39 1189
1275	40 1197
1276	44 1200
1277	45 1207
1278	47 1209
1279	47 1212
1280	49 1201
1281	49 1206
1282	50 1210
1283	50 1212
1284	49 1214
1285	49 1217
1286	49 1218
1287	49 1216
1288	50 1215
1289	50 1222
1290	50 1221
1291	50 1214
1292	50 1215
1293	50 1213
1294	50 1220
1295	50 1219
1296	50 1220
1297	50 1221
1298	49 1216
1299	50 1209
1300	48 1210
1301	46 1207
1302	45 1213
1303	45 1211
1304	45 1216
1305	45 1229
1306	45 1220
1307	45 1221
1308	45 1225
1309	45 1229
1310	44 1231
1311	44 1229
1312	45 1239
1313	44 1238
1314	42 1236
1315	42 1236
1316	42 1242
1317	41 1255
1318	41 1249
1319	41 1247
1320	41 1246
1321	41 1246
1322	41 1250
1323	41 1248
1324	42 1253
1325	42 1255
1326	42 1250
1327	42 1263
1328	42 1265
1329	42 1252
1330	42 1253
1331	42 1254
1332	42 1255
1333	42 1252
1334	42 1254
1335	42 1259
1336	42 1258
1337	41 1265
1338	42 1272
1339	42 1268
1340	42 1277
1341	42 1276
1342	42 1277
1343	42 1274
1344	42 1272
1345	41 1266
1346	41 1269
1347	41 1260
1348	41 1257
1349	41 1263
1350	41 1265
1351	42 1265
1352	42 1268
1353	42 1262
1354	42 1262
1355	42 1263
1356	42 1262
1357	43 1261
1358	42 1253
1359	42 1243
1360	41 1237
1361	41 1232
1362	41 1219
1363	41 1207
1364	41 1203
1365	41 1192
1366	41 1187
1367	38 1173
1368	38 1172
1369	40 1149
1370	40 1136
1371	40 1138
1372	40 1133
1373	40 1127
1374	40 1130
1375	40 1125
1376	40 1128
1377	40 1126
1378	40 1122
1379	41 1113
1380	41 1107
1381	41 1106
1382	41 1116
1383	41 1105
1384	42 1102
1385	42 1101
1386	42 1101
1387	41 1091
1388	42 1098
1389	42 1095
1390	40 1100
1391	42 1102
1392	42 1126
1393	40 1128
1394	40 1140
1395	36 1158
1396	35 1160
1397	35 1173
1398	33 1181
1399	32 1189
1400	32 1197
1401	33 1215
1402	31 1212
1403	31 1206
1404	32 1213
1405	32 1223
1406	32 1232
1407	36 1237
1408	37 1257
1409	37 1284
1410	41 1301
1411	36 1301
1412	35 1329
1413	33 1365
1414	32 1399
1415	31 1436
1416	33 1464
1417	33 1503
1418	34 1545
1419	33 1589
1420	33 1644
1421	32 1680
1422	27 1760
1423	25 1852
1424	27 1937
1425	24 2028
1426	23 2082
1427	24 2159
1428	24 2263
1429	23 2413
1430	26 2521
1431	29 2591
1432	26 2710
1433	25 2798
1434	24 2884
1435	25 3008
1436	24 3108
1437	24 3224
1438	23 3322
1439	24 3429
1440	24 3542
1441	24 3671
1442	24 3773
1443	22 3904
1444	24 4015
1445	22 4127
1446	23 4238
1447	23 4343
1448	24 4445
1449	23 4552
1450	23 4677
1451	22 4782
1452	22 4905
1453	22 5005
1454	22 5107
1455	21 5225
1456	21 5339
1457	21 5457
1458	21 5591
1459	21 5689
1460	22 5812
1461	22 5949
1462	22 6093
1463	22 6246
1464	20 6372
1465	20 6512
1466	20 6629
1467	20 6783
1468	20 6913
1469	20 7038
1470	19 7171
1471	19 7331
1472	19 7450
1473	19 7576
1474	19 7732
1475	19 7870
1476	19 8021
1477	20 8195
1478	20 8313
1479	18 8472
1480	18 8598
1481	18 8712
1482	19 8852
1483	18 9007
1484	18 9177
1485	18 9293
1486	18 9418
1487	18 9543
1488	17 9709
1489	17 9870
1490	18 10017
1491	17 10132
1492	17 10273
1493	16 10405
1494	16 10527
1495	16 10697
1496	15 10853
1497	15 10976
1498	15 11135
1499	15 11263
1500	15 11399
1501	16 11563
1502	15 11742
1503	16 11910
1504	15 12078
1505	15 12252
1506	17 12388
1507	16 12542
1508	15 12693
1509	15 12853
1510	15 13037
1511	16 13159
1512	15 13309
1513	15 13449
1514	15 13573
1515	15 13689
1516	15 13780
1517	15 13882
1518	16 13982
1519	16 14057
1520	16 14140
1521	16 14212
1522	16 14282
1523	14 14353
1524	15 14384
1525	14 14394
1526	14 14436
1527	14 14504
1528	14 14554
1529	14 14571
1530	14 14560
1531	14 14497
1532	14 14494
1533	13 14551
1534	13 14540
1535	13 14559
1536	13 14557
1537	13 14550
1538	13 14554
1539	13 14541
1540	13 14546
1541	14 14542
1542	13 14522
1543	13 14500
1544	13 14519
1545	12 14518
1546	12 14522
1547	12 14527
1548	12 14536
1549	13 14541
1550	12 14553
1551	12 14566
1552	12 14568
1553	11 14590
1554	11 14582
1555	11 14611
1556	11 14639
1557	11 14658
1558	11 14637
1559	11 14638
1560	11 14619
1561	10 14647
1562	9 14658
1563	9 14627
1564	9 14606
1565	9 14564
1566	10 14605
1567	10 14613
1568	10 14619
1569	10 14619
1570	10 14635
1571	11 14632
1572	11 14649
1573	10 14628
1574	10 14638
1575	11 14639
1576	11 14646
1577	11 14654
1578	12 14610
1579	10 14567
1580	10 14574
1581	10 14550
1582	10 14531
1583	10 14564
1584	10 14529
1585	11 14487
1586	12 14403
1587	10 14435
1588	10 14405
1589	10 14398
1590	10 14364
1591	11 14294
1592	11 14269
1593	11 14289
1594	11 14297
1595	11 14293
1596	10 14259
1597	10 14198
1598	10 14159
1599	10 14140
1600	10 14062
1601	9 14032
1602	8 13969
1603	7 13899
1604	7 13820
1605	7 13713
1606	7 13649
1607	7 13564
1608	7 13530
1609	7 13442
1610	7 13410
1611	7 13347
1612	7 13255
1613	7 13215
1614	7 13142
1615	7 13097
1616	7 13069
1617	8 13045
1618	8 13013
1619	8 13000
1620	8 12992
1621	8 12987
1622	8 12980
1623	8 12974
1624	8 12967
1625	8 12956
1626	8 12969
1627	8 12961
1628	8 12936
1629	8 12891
1630	8 12879
1631	8 12899
1632	8 12890
1633	8 12900
1634	8 12879
1635	8 12873
1636	8 12853
1637	8 12842
1638	10 12824
1639	10 12797
1640	8 12765
1641	8 12768
1642	8 12747
1643	9 12726
1644	9 12738
1645	9 12721
1646	9 12664
1647	9 12632
1648	9 12607
1649	9 12592
1650	9 12575
1651	9 12542
1652	9 12503
1653	9 12460
1654	9 12428
1655	9 12391
1656	9 12343
1657	9 12284
1658	9 12244
1659	9 12199
1660	8 12179
1661	8 12166
1662	8 12144
1663	8 12110
1664	8 12084
1665	8 12098
1666	8 12045
1667	8 12047
1668	8 11978
1669	8 11932
1670	8 11903
1671	7 11841
1672	7 11806
1673	7 11785
1674	7 11742
1675	8 11693
1676	8 11645
1677	8 11602
1678	8 11538
1679	8 11502
1680	8 11498
1681	8 11472
1682	8 11449
1683	8 11413
1684	8 11385
1685	8 11308
1686	8 11278
1687	8 11241
1688	8 11228
1689	8 11188
1690	8 11166
1691	8 11137
1692	7 11074
1693	7 11036
1694	7 10960
1695	7 10885
1696	7 10796
1697	7 10738
1698	8 10666
1699	8 10618
1700	8 10540
1701	8 10479
1702	8 10442
1703	8 10387
1704	8 10363
1705	9 10315
1706	9 10270
1707	9 10243
1708	9 10193
1709	9 10149
1710	9 10063
1711	9 10036
1712	9 9965
1713	9 9906
1714	9 9844
1715	9 9778
1716	9 9735
1717	9 9685
1718	9 9613
1719	9 9554
1720	9 9508
1721	9 9433
1722	9 9369
1723	9 9320
1724	9 9231
1725	9 9161
1726	9 9098
1727	9 9047
1728	9 8978
1729	9 8937
1730	9 8868
1731	9 8798
1732	9 8737
1733	8 8680
1734	8 8674
1735	9 8628
1736	9 8589
1737	9 8525
1738	9 8493
1739	9 8445
1740	9 8441
1741	9 8415
1742	9 8420
1743	8 8379
1744	7 8354
1745	7 8340
1746	7 8308
1747	7 8309
1748	7 8350
1749	7 8335
1750	7 8320
1751	7 8302
1752	7 8265
1753	8 8251
1754	7 8229
1755	8 8223
1756	8 8197
1757	8 8164
1758	8 8158
1759	8 8156
1760	8 8136
1761	8 8109
1762	9 8083
1763	9 8023
1764	9 7984
1765	9 7961
1766	9 7913
1767	10 7879
1768	10 7858
1769	10 7790
1770	9 7735
1771	9 7698
1772	9 7645
1773	9 7618
1774	9 7548
1775	9 7492
1776	9 7430
1777	9 7373
1778	10 7324
1779	11 7288
1780	11 7237
1781	11 7186
1782	11 7114
1783	11 7056
1784	11 7002
1785	11 6943
1786	11 6891
1787	12 6855
1788	12 6827
1789	12 6788
1790	10 6760
1791	10 6679
1792	10 6632
1793	10 6581
1794	10 6538
1795	10 6503
1796	10 6492
1797	10 6467
1798	10 6422
1799	10 6364
1800	10 6347
1801	10 6301
1802	10 6284
1803	10 6269
1804	10 6257
1805	10 6228
1806	10 6196
1807	10 6166
1808	10 6149
1809	10 6139
1810	10 6115
1811	10 6098
1812	10 6115
1813	10 6110
1814	11 6120
1815	11 6095
1816	11 6105
1817	11 6109
1818	11 6091
1819	11 6072
1820	11 6103
1821	11 6086
1822	11 6091
1823	11 6112
1824	11 6135
1825	11 6137
1826	11 6160
1827	11 6192
1828	11 6190
1829	11 6244
1830	11 6277
1831	11 6287
1832	11 6319
1833	11 6349
1834	11 6392
1835	11 6426
1836	11 6421
1837	11 6441
1838	11 6463
1839	12 6464
1840	12 6481
1841	12 6509
1842	12 6494
1843	13 6494
1844	13 6453
1845	15 6439
1846	16 6437
1847	16 6415
1848	16 6422
1849	16 6366
1850	16 6330
1851	16 6279
1852	16 6255
1853	16 6236
1854	16 6216
1855	16 6200
1856	16 6168
1857	16 6152
1858	16 6140
1859	16 6129
1860	16 6104
1861	16 6067
1862	16 6035
1863	16 6001
1864	16 5963
1865	18 5937
1866	18 5914
1867	18 5879
1868	18 5855
1869	18 5799
1870	18 5774
1871	18 5760
1872	18 5753
1873	18 5710
1874	18 5700
1875	18 5656
1876	18 5625
1877	20 5594
1878	21 5574
1879	21 5559
1880	21 5537
1881	21 5502
1882	22 5481
1883	24 5437
1884	25 5415
1885	25 5376
1886	25 5327
1887	25 5297
1888	25 5281
1889	25 5253
1890	25 5219
1891	25 5187
1892	25 5142
1893	25 5123
1894	25 5106
1895	25 5078
1896	25 5048
1897	24 5024
1898	24 4991
1899	22 4953
1900	22 4934
1901	22 4914
1902	22 4896
1903	22 4875
1904	22 4847
1905	22 4797
1906	22 4760
1907	22 4726
1908	22 4705
1909	22 4669
1910	22 4636
1911	22 4587
1912	22 4559
1913	22 4517
1914	22 4478
1915	22 4433
1916	21 4376
1917	21 4344
1918	21 4285
1919	21 4239
1920	21 4205
1921	21 4164
1922	21 4090
1923	21 4045
1924	21 3979
1925	21 3906
1926	21 3836
1927	21 3776
1928	21 3717
1929	21 3632
1930	22 3587
1931	22 3483
1932	22 3402
1933	22 3331
1934	21 3262
1935	21 3187
1936	21 3100
1937	21 3014
1938	21 2941
1939	21 2860
1940	21 2794
1941	21 2735
1942	21 2657
1943	21 2579
1944	21 2530
1945	21 2460
1946	21 2425
1947	21 2374
1948	21 2314
1949	21 2258
1950	21 2174
1951	20 2136
1952	22 2070
1953	22 2025
1954	22 1974
1955	22 1923
1956	22 1868
1957	22 1815
1958	22 1789
1959	22 1735
1960	23 1674
1961	23 1627
1962	24 1586
1963	24 1547
1964	25 1509
1965	26 1486
1966	27 1462
1967	27 1436
1968	27 1409
1969	27 1375
1970	27 1339
1971	27 1305
1972	29 1284
1973	29 1255
1974	29 1224
1975	29 1207
1976	29 1181
1977	29 1165
1978	29 1156
1979	30 1129
1980	30 1106
1981	30 1092
1982	30 1078
1983	30 1066
1984	31 1046
1985	31 1024
1986	31 1003
1987	31 995
1988	31 988
1989	30 978
1990	30 960
1991	30 953
1992	30 938
1993	30 927
1994	30 921
1995	30 910
1996	31 891
1997	31 882
1998	29 876
1999	30 870
2000	33 867
2001	33 869
2002	33 867
2003	33 866
2004	33 859
2005	33 856
2006	33 857
2007	33 858
2008	33 856
2009	33 854
2010	33 856
2011	33 854
2012	33 851
2013	33 851
2014	34 854
2015	34 855
2016	38 856
2017	38 854
2018	36 848
2019	36 850
2020	35 843
2021	35 844
2022	35 840
2023	35 844
2024	35 835
2025	36 831
2026	37 826
2027	37 829
2028	37 821
2029	37 830
2030	38 820
2031	38 820
2032	38 816
2033	38 811
2034	38 811
2035	38 811
2036	41 800
2037	41 805
2038	41 804
2039	41 806
2040	41 813
2041	41 813
2042	41 812
2043	41 802
2044	42 796
2045	44 793
2046	44 791
2047	44 793
2048	44 790
2049	44 789
2050	45 800
2051	45 799
2052	45 803
2053	45 800
2054	45 806
2055	44 803
2056	44 800
2057	43 792
2058	42 798
2059	42 797
2060	42 796
2061	42 792
2062	41 798
2063	41 801
2064	41 802
2065	41 804
2066	41 803
2067	42 801
2068	42 796
2069	41 801
2070	41 800
2071	41 793
2072	42 791
2073	43 787
2074	43 783
2075	43 782
2076	43 782
2077	42 786
2078	42 778
2079	42 777
2080	42 777
2081	42 780
2082	43 787
2083	43 787
2084	42 788
2085	43 783
2086	42 780
2087	43 785
2088	42 789
2089	43 783
2090	43 787
2091	42 788
2092	44 784
2093	44 786
2094	44 787
2095	45 791
2096	45 789
2097	45 796
2098	44 792
2099	44 787
2100	46 787
2101	46 788
2102	45 789
2103	46 786
2104	47 785
2105	47 778
2106	49 773
2107	49 770
2108	51 773
2109	53 770
2110	53 764
2111	53 760
2112	57 754
2113	58 751
2114	59 751
2115	59 748
2116	59 739
2117	59 739
2118	59 733
2119	59 733
2120	58 734
2121	57 731
2122	57 732
2123	57 726
2124	57 725
2125	57 723
2126	57 720
2127	59 717
2128	62 717
2129	62 708
2130	63 705
2131	63 696
2132	63 696
2133	63 692
2134	63 694
2135	62 694
2136	62 690
2137	62 687
2138	62 687
2139	62 681
2140	62 682
2141	62 679
2142	62 675
2143	62 673
2144	63 669
2145	63 670
2146	63 678
2147	63 683
2148	63 674
2149	63 669
2150	63 664
2151	63 661
2152	63 650
2153	61 651
2154	60 653
2155	60 649
2156	60 639
2157	60 637
2158	60 641
2159	60 644
2160	61 647
2161	61 639
2162	62 641
2163	62 642
2164	63 640
2165	63 647
2166	63 652
2167	63 648
2168	63 650
2169	60 650
2170	59 649
2171	59 643
2172	60 644
2173	60 644
2174	61 642
2175	61 641
2176	60 641
2177	60 638
2178	60 636
2179	59 634
2180	59 638
2181	57 636
2182	57 633
2183	57 634
2184	58 624
2185	58 620
2186	58 621
2187	58 618
2188	58 618
2189	58 610
2190	58 600
2191	58 598
2192	57 592
2193	57 590
2194	57 585
2195	57 581
2196	58 582
2197	60 577
2198	60 576
2199	60 567
2200	60 571
2201	60 570
2202	60 565
2203	61 568
2204	62 562
2205	62 561
2206	62 555
2207	62 560
2208	63 561
2209	63 560
2210	64 553
2211	65 555
2212	65 560
2213	65 560
2214	65 557
2215	64 561
2216	64 562
2217	64 561
2218	66 568
2219	65 569
2220	65 570
2221	63 565
2222	63 567
2223	64 570
2224	64 570
2225	63 576
2226	63 579
2227	62 579
2228	64 582
2229	64 590
2230	68 593
2231	64 599
2232	63 602
2233	66 610
2234	65 616
2235	60 617
2236	59 617
2237	58 627
2238	60 632
2239	57 642
2240	57 656
2241	59 660
2242	58 665
2243	58 672
2244	57 681
2245	54 695
2246	51 701
2247	51 708
2248	49 715
2249	50 719
2250	54 734
2251	52 746
2252	54 767
2253	53 777
2254	53 790
2255	51 798
2256	48 819
2257	47 838
2258	48 856
2259	48 884
2260	48 902
2261	50 922
2262	49 944
2263	50 983
2264	45 1014
2265	44 1032
2266	44 1057
2267	45 1072
2268	47 1092
2269	46 1115
2270	46 1139
2271	44 1170
2272	43 1225
2273	42 1270
2274	41 1305
2275	42 1351
2276	41 1378
2277	37 1414
2278	35 1442
2279	35 1500
2280	35 1533
2281	35 1578
2282	34 1634
2283	34 1668
2284	35 1729
2285	35 1773
2286	32 1847
2287	30 1908
2288	30 1953
2289	30 2009
2290	30 2043
2291	31 2088
2292	30 2145
2293	30 2187
2294	31 2226
2295	30 2270
2296	30 2328
2297	33 2373
2298	28 2420
2299	26 2485
2300	26 2527
2301	26 2572
2302	27 2614
2303	27 2656
2304	27 2709
2305	26 2780
2306	26 2857
2307	26 2901
2308	26 2945
2309	25 2984
2310	25 3023
2311	25 3070
2312	25 3115
2313	25 3160
2314	23 3208
2315	23 3245
2316	23 3293
2317	23 3330
2318	23 3375
2319	23 3420
2320	23 3467
2321	23 3499
2322	23 3549
2323	22 3595
2324	22 3635
2325	21 3659
2326	20 3701
2327	21 3752
2328	21 3799
2329	21 3848
2330	21 3892
2331	21 3934
2332	21 3978
2333	21 4027
2334	21 4064
2335	22 4107
2336	22 4147
2337	22 4209
2338	22 4262
2339	22 4315
2340	22 4357
2341	22 4400
2342	22 4459
2343	22 4499
2344	22 4584
2345	22 4629
2346	22 4663
2347	22 4708
2348	22 4759
2349	22 4808
2350	22 4830
2351	22 4863
2352	22 4894
2353	22 4943
2354	23 4961
2355	23 4991
2356	23 5027
2357	23 5068
2358	23 5092
2359	23 5130
2360	23 5163
2361	23 5205
2362	23 5257
2363	23 5283
2364	23 5318
2365	22 5341
2366	22 5370
2367	22 5409
2368	22 5435
2369	22 5454
2370	22 5457
2371	22 5490
2372	22 5519
2373	22 5542
2374	22 5544
2375	22 5541
2376	22 5530
2377	22 5522
2378	22 5542
2379	22 5572
2380	22 5590
2381	22 5595
2382	22 5609
2383	21 5610
2384	21 5605
2385	21 5618
2386	21 5619
2387	21 5606
2388	21 5572
2389	21 5551
2390	21 5550
2391	21 5554
2392	21 5552
2393	21 5553
2394	21 5544
2395	21 5547
2396	21 5542
2397	20 5546
2398	20 5538
2399	19 5539
2400	19 5536
2401	19 5542
2402	19 5554
2403	19 5553
2404	17 5573
2405	17 5587
2406	17 5585
2407	17 5567
2408	17 5529
2409	16 5533
2410	16 5529
2411	16 5568
2412	16 5563
2413	16 5567
2414	16 5597
2415	17 5600
2416	17 5584
2417	17 5619
2418	17 5622
2419	17 5642
2420	16 5652
2421	16 5667
2422	16 5664
2423	16 5666
2424	16 5673
2425	16 5689
2426	16 5699
2427	16 5723
2428	16 5744
2429	16 5725
2430	16 5741
2431	15 5758
2432	14 5792
2433	14 5785
2434	14 5804
2435	14 5801
2436	14 5802
2437	14 5833
2438	14 5836
2439	14 5834
2440	14 5818
2441	14 5810
2442	14 5817
2443	14 5809
2444	14 5780
2445	14 5777
2446	14 5737
2447	14 5746
2448	14 5750
2449	14 5750
2450	14 5732
2451	14 5717
2452	15 5742
2453	15 5749
2454	15 5747
2455	15 5712
2456	15 5718
2457	15 5710
2458	15 5695
2459	15 5681
2460	14 5686
2461	14 5669
2462	14 5675
2463	14 5667
2464	15 5637
2465	15 5639
2466	15 5624
2467	16 5608
2468	16 5580
2469	16 5560
2470	16 5545
2471	17 5544
2472	17 5544
2473	17 5535
2474	17 5511
2475	17 5489
2476	17 5481
2477	17 5486
2478	17 5491
2479	17 5494
2480	17 5484
2481	17 5455
2482	17 5450
2483	17 5439
2484	17 5441
2485	17 5427
2486	17 5402
2487	17 5388
2488	17 5377
2489	17 5372
2490	17 5379
2491	16 5375
2492	16 5360
2493	16 5332
2494	16 5330
2495	16 5309
2496	17 5312
2497	17 5305
2498	17 5303
2499	17 5295
2500	17 5297
2501	17 5293
2502	17 5282
2503	17 5240
2504	17 5236
2505	17 5215
2506	18 5179
2507	17 5154
2508	18 5159
2509	18 5142
2510	18 5131
2511	18 5122
2512	18 5131
2513	18 5083
2514	18 5081
2515	18 5073
2516	18 5036
2517	18 5019
2518	18 5013
2519	18 4974
2520	18 4976
2521	18 4939
2522	18 4917
2523	18 4891
2524	18 4876
2525	18 4859
2526	19 4838
2527	19 4818
2528	19 4820
2529	19 4815
2530	19 4800
2531	19 4797
2532	19 4770
2533	20 4738
2534	20 4704
2535	20 4698
2536	19 4671
2537	19 4655
2538	20 4656
2539	20 4622
2540	20 4612
2541	20 4587
2542	20 4594
2543	20 4577
2544	20 4549
2545	20 4535
2546	20 4543
2547	21 4537
2548	22 4524
2549	22 4494
2550	22 4478
2551	22 4456
2552	22 4465
2553	22 4462
2554	22 4437
2555	22 4416
2556	21 4409
2557	21 4423
2558	21 4414
2559	21 4420
2560	21 4410
2561	21 4403
2562	21 4381
2563	21 4363
2564	21 4344
2565	21 4307
2566	21 4296
2567	21 4272
2568	22 4249
2569	22 4238
2570	22 4232
2571	22 4219
2572	22 4207
2573	22 4190
2574	22 4189
2575	22 4161
2576	22 4154
2577	22 4146
2578	22 4133
2579	22 4123
2580	22 4115
2581	22 4108
2582	22 4101
2583	22 4091
2584	22 4090
2585	22 4064
2586	22 4028
2587	22 4019
2588	21 4023
2589	21 4011
2590	21 3982
2591	21 3973
2592	21 3947
2593	22 3933
2594	22 3928
2595	22 3924
2596	22 3920
2597	22 3905
2598	22 3870
2599	22 3853
2600	22 3831
2601	23 3801
2602	23 3778
2603	22 3752
2604	22 3728
2605	22 3716
2606	22 3681
2607	22 3664
2608	22 3647
2609	23 3623
2610	23 3589
2611	23 3552
2612	24 3538
2613	24 3506
2614	24 3463
2615	24 3444
2616	23 3416
2617	24 3382
2618	24 3357
2619	24 3332
2620	24 3303
2621	24 3283
2622	24 3243
2623	25 3222
2624	26 3197
2625	26 3175
2626	26 3142
2627	26 3119
2628	26 3082
2629	26 3043
2630	26 2991
2631	27 2947
2632	28 2902
2633	28 2866
2634	26 2833
2635	26 2796
2636	26 2746
2637	26 2717
2638	26 2676
2639	26 2646
2640	26 2607
2641	26 2575
2642	26 2533
2643	26 2500
2644	26 2449
2645	26 2410
2646	26 2386
2647	26 2347
2648	26 2301
2649	26 2266
2650	26 2228
2651	26 2200
2652	26 2165
2653	26 2126
2654	26 2078
2655	26 2038
2656	26 2007
2657	26 1973
2658	26 1935
2659	27 1898
2660	27 1864
2661	28 1818
2662	28 1789
2663	28 1760
2664	28 1733
2665	28 1710
2666	28 1676
2667	28 1651
2668	28 1619
2669	28 1595
2670	28 1573
2671	28 1539
2672	28 1513
2673	28 1485
2674	28 1460
2675	29 1437
2676	29 1412
2677	29 1393
2678	29 1365
2679	29 1337
2680	28 1309
2681	28 1274
2682	29 1256
2683	29 1220
2684	29 1192
2685	29 1168
2686	29 1120
2687	29 1094
2688	29 1085
2689	29 1056
2690	29 1022
2691	29 996
2692	29 977
2693	32 961
2694	32 943
2695	34 917
2696	34 888
2697	35 864
2698	35 834
2699	35 822
2700	35 810
2701	36 791
2702	36 775
2703	37 767
2704	38 744
2705	39 723
2706	39 717
2707	39 701
2708	40 700
2709	40 688
2710	41 677
2711	42 668
2712	42 649
2713	42 649
2714	42 636
2715	43 630
2716	44 628
2717	45 617
2718	46 609
2719	47 605
2720	47 597
2721	48 590
2722	48 579
2723	48 569
2724	49 558
2725	49 554
2726	52 552
2727	52 549
2728	49 545
2729	51 542
2730	50 550
2731	50 544
2732	50 544
2733	51 541
2734	52 537
2735	52 544
2736	52 539
2737	53 544
2738	53 544
2739	53 543
2740	55 544
2741	54 537
2742	57 532
2743	56 524
2744	57 527
2745	58 525
2746	58 527
2747	57 530
2748	57 528
2749	58 529
2750	60 537
2751	61 537
2752	61 532
2753	62 530
2754	62 528
2755	62 528
2756	64 539
2757	65 545
2758	66 547
2759	66 548
2760	66 546
2761	68 547
2762	68 545
2763	68 543
2764	67 547
2765	66 544
2766	66 545
2767	66 551
2768	66 550
2769	66 551
2770	66 549
2771	66 551
2772	66 545
2773	66 546
2774	67 541
2775	66 545
2776	66 547
2777	66 544
2778	66 541
2779	68 540
2780	68 543
2781	68 545
2782	67 540
2783	67 537
2784	67 535
2785	67 533
2786	68 532
2787	68 531
2788	70 533
2789	69 534
2790	69 530
2791	69 530
2792	69 529
2793	70 527
2794	70 522
2795	69 514
2796	70 509
2797	70 509
2798	70 508
2799	71 504
2800	71 503
2801	71 499
2802	72 497
2803	73 497
2804	71 500
2805	71 495
2806	71 494
2807	71 492
2808	71 489
2809	70 485
2810	70 472
2811	69 472
2812	68 471
2813	68 471
2814	68 472
2815	68 467
2816	68 462
2817	69 460
2818	70 458
2819	68 456
2820	68 454
2821	68 448
2822	69 449
2823	69 444
2824	68 445
2825	69 448
2826	69 444
2827	69 438
2828	69 431
2829	68 429
2830	68 426
2831	68 423
2832	69 412
2833	69 410
2834	69 404
2835	69 402
2836	69 400
2837	70 392
2838	69 392
2839	69 385
2840	68 382
2841	68 376
2842	68 377
2843	68 376
2844	67 377
2845	67 376
2846	67 368
2847	68 367
2848	68 361
2849	68 358
2850	67 357
2851	68 358
2852	67 350
2853	68 348
2854	68 351
2855	68 351
2856	68 351
2857	68 349
2858	67 339
2859	66 336
2860	69 333
2861	69 329
2862	68 332
2863	68 329
2864	69 328
2865	73 330
2866	73 332
2867	73 335
2868	73 330
2869	73 318
2870	72 319
2871	73 320
2872	73 319
2873	72 322
2874	74 323
2875	74 322
2876	74 319
2877	74 314
2878	74 313
2879	74 312
2880	73 308
2881	73 307
2882	73 303
2883	73 302
2884	74 302
2885	72 298
2886	72 293
2887	73 293
2888	73 293
2889	74 291
2890	74 285
2891	74 282
2892	74 282
2893	74 281
2894	73 281
2895	73 281
2896	76 282
2897	76 282
2898	76 283
2899	76 287
2900	76 286
2901	76 285
2902	76 288
2903	77 289
2904	77 288
2905	77 286
2906	77 284
2907	77 285
2908	77 287
2909	77 290
2910	77 295
2911	77 293
2912	77 291
2913	78 287
2914	78 283
2915	78 282
2916	78 279
2917	78 276
2918	78 278
2919	79 275
2920	79 274
2921	79 271
2922	79 271
2923	79 269
2924	79 268
2925	79 267
2926	79 268
2927	79 262
2928	79 265
2929	79 267
2930	79 266
2931	79 264
2932	81 266
2933	81 268
2934	82 268
2935	82 266
2936	82 267
2937	81 269
2938	81 269
2939	81 267
2940	81 261
2941	81 261
2942	81 259
2943	81 260
2944	81 256
2945	81 257
2946	81 253
2947	81 250
2948	81 249
2949	80 248
2950	80 254
2951	80 254
2952	80 254
2953	80 252
2954	80 248
2955	80 244
2956	80 243
2957	80 242
2958	80 239
2959	80 238
2960	80 239
2961	80 235
2962	80 235
2963	81 234
2964	81 234
2965	82 235
2966	82 234
2967	82 233
2968	85 229
2969	86 224
2970	86 224
2971	86 229
2972	86 227
2973	85 226
2974	85 224
2975	85 221
2976	82 219
2977	83 221
2978	83 220
2979	81 224
2980	81 222
2981	81 222
2982	81 222
2983	81 223
2984	81 223
2985	81 224
2986	82 218
2987	82 219
2988	82 222
2989	82 222
2990	83 225
2991	83 224
2992	83 227
2993	83 230
2994	83 231
2995	81 231
2996	81 235
2997	81 236
2998	81 239
2999	81 240
3000	81 239
3001	81 236
3002	81 239
3003	81 242
3004	81 244
3005	82 243
3006	82 245
3007	82 246
3008	82 245
3009	82 245
3010	82 243
3011	81 241
3012	81 237
3013	81 239
3014	81 240
3015	81 242
3016	81 241
3017	81 246
3018	80 247
3019	81 251
3020	81 255
3021	81 254
3022	81 253
3023	81 253
3024	81 251
3025	79 253
3026	79 254
3027	79 255
3028	79 259
3029	79 263
3030	79 263
3031	79 262
3032	78 264
3033	77 264
3034	78 268
3035	75 268
3036	75 272
3037	75 274
3038	74 272
3039	74 277
3040	74 276
3041	74 277
3042	74 279
3043	73 286
3044	71 292
3045	71 291
3046	69 299
3047	69 301
3048	68 302
3049	68 311
3050	68 316
3051	69 321
3052	69 319
3053	68 320
3054	69 321
3055	68 325
3056	69 327
3057	68 331
3058	68 332
3059	67 333
3060	68 337
3061	68 342
3062	68 340
3063	67 344
3064	67 347
3065	67 350
3066	67 351
3067	67 351
3068	67 355
3069	67 355
3070	68 360
3071	68 364
3072	67 368
3073	67 370
3074	68 373
3075	68 373
3076	68 377
3077	67 381
3078	65 382
3079	65 381
3080	65 383
3081	66 386
3082	66 387
3083	65 392
3084	65 394
3085	66 395
3086	65 393
3087	65 395
3088	66 399
3089	63 406
3090	63 406
3091	65 413
3092	61 414
3093	62 417
3094	62 422
3095	62 420
3096	62 423
3097	61 433
3098	58 434
3099	59 444
3100	59 449
3101	58 458
3102	56 469
3103	56 480
3104	57 484
3105	57 486
3106	56 494
3107	53 505
3108	54 511
3109	55 525
3110	55 529
3111	54 538
3112	53 539
3113	53 546
3114	53 554
3115	52 568
3116	52 576
3117	52 580
3118	52 588
3119	53 592
3120	52 609
3121	51 622
3122	52 630
3123	51 643
3124	53 666
3125	52 682
3126	50 700
3127	49 713
3128	49 720
3129	49 737
3130	49 742
3131	49 751
3132	49 765
3133	49 784
3134	49 801
3135	52 812
3136	52 822
3137	52 840
3138	51 859
3139	47 880
3140	46 892
3141	46 905
3142	45 922
3143	44 953
3144	43 981
3145	42 1005
3146	43 1020
3147	44 1032
3148	41 1044
3149	41 1076
3150	41 1100
3151	43 1105
3152	41 1123
3153	41 1135
3154	43 1158
3155	41 1182
3156	43 1199
3157	40 1208
3158	42 1215
3159	40 1234
3160	40 1253
3161	40 1264
3162	41 1289
3163	39 1295
3164	39 1316
3165	39 1328
3166	39 1345
3167	39 1359
3168	39 1371
3169	38 1385
3170	39 1399
3171	39 1423
3172	39 1437
3173	39 1442
3174	39 1448
3175	39 1461
3176	39 1470
3177	39 1486
3178	39 1494
3179	38 1515
3180	38 1529
3181	38 1545
3182	38 1556
3183	38 1569
3184	37 1588
3185	37 1601
3186	37 1626
3187	37 1645
3188	37 1661
3189	38 1680
3190	39 1701
3191	39 1716
3192	39 1734
3193	39 1747
3194	38 1762
3195	38 1768
3196	38 1777
3197	38 1802
3198	36 1816
3199	36 1820
3200	35 1840
3201	35 1843
3202	35 1857
3203	34 1889
3204	33 1900
3205	33 1917
3206	33 1939
3207	33 1952
3208	33 1962
3209	33 1972
3210	32 1988
3211	32 2009
3212	32 2024
3213	32 2045
3214	32 2076
3215	32 2095
3216	32 2123
3217	33 2142
3218	33 2162
3219	32 2183
3220	32 2199
3221	32 2229
3222	32 2245
3223	32 2264
3224	32 2266
3225	32 2297
3226	32 2294
3227	32 2300
3228	32 2313
3229	32 2321
3230	32 2343
3231	32 2339
3232	31 2362
3233	31 2369
3234	31 2371
3235	30 2377
3236	30 2382
3237	30 2388
3238	30 2401
3239	30 2401
3240	31 2400
3241	32 2394
3242	32 2402
3243	33 2407
3244	33 2423
3245	32 2408
3246	32 2397
3247	33 2391
3248	32 2389
3249	32 2393
3250	32 2395
3251	32 2388
3252	33 2377
3253	33 2392
3254	33 2394
3255	33 2386
3256	33 2384
3257	34 2376
3258	34 2376
3259	32 2383
3260	32 2391
3261	32 2395
3262	30 2407
3263	30 2410
3264	30 2407
3265	30 2410
3266	30 2418
3267	30 2429
3268	30 2423
3269	30 2425
3270	30 2448
3271	29 2470
3272	29 2478
3273	29 2484
3274	29 2510
3275	29 2529
3276	29 2555
3277	29 2570
3278	29 2600
3279	29 2608
3280	29 2626
3281	29 2634
3282	29 2645
3283	29 2666
3284	29 2689
3285	29 2690
3286	29 2692
3287	29 2707
3288	29 2699
3289	29 2693
3290	29 2697
3291	29 2701
3292	29 2705
3293	28 2704
3294	29 2710
3295	29 2712
3296	28 2708
3297	28 2716
3298	28 2713
3299	28 2712
3300	28 2717
3301	28 2717
3302	28 2706
3303	28 2711
3304	28 2694
3305	28 2662
3306	28 2658
3307	28 2644
3308	28 2627
3309	28 2619
3310	28 2614
3311	28 2600
3312	29 2582
3313	29 2559
3314	29 2555
3315	29 2538
3316	29 2508
3317	29 2493
3318	30 2465
3319	30 2440
3320	30 2425
3321	30 2410
3322	30 2389
3323	31 2356
3324	31 2333
3325	31 2309
3326	32 2304
3327	32 2265
3328	32 2261
3329	33 2247
3330	33 2227
3331	33 2214
3332	33 2195
3333	33 2191
3334	33 2172
3335	33 2156
3336	33 2150
3337	34 2128
3338	34 2117
3339	34 2111
3340	36 2092
3341	36 2080
3342	36 2063
3343	36 2053
3344	36 2039
3345	36 2021
3346	37 1997
3347	37 1987
3348	37 1968
3349	37 1946
3350	37 1933
3351	37 1915
3352	37 1897
3353	38 1871
3354	38 1860
3355	38 1843
3356	38 1820
3357	40 1813
3358	40 1792
3359	40 1777
3360	40 1759
3361	40 1749
3362	40 1739
3363	40 1718
3364	40 1694
3365	40 1685
3366	40 1674
3367	40 1667
3368	41 1641
3369	41 1627
3370	41 1614
3371	41 1600
3372	41 1565
3373	41 1529
3374	41 1509
3375	41 1482
3376	41 1447
3377	41 1418
3378	41 1385
3379	41 1357
3380	41 1314
3381	41 1298
3382	41 1268
3383	41 1236
3384	41 1214
3385	41 1177
3386	40 1144
3387	40 1125
3388	40 1104
3389	40 1078
3390	40 1056
3391	41 1043
3392	41 1022
3393	40 994
3394	40 966
3395	41 949
3396	41 924
3397	41 906
3398	42 888
3399	44 868
3400	45 854
3401	45 830
3402	45 807
3403	47 794
3404	48 778
3405	48 762
3406	48 752
3407	48 745
3408	48 725
3409	48 709
3410	50 696
3411	50 684
3412	50 665
3413	50 657
3414	52 650
3415	52 636
3416	52 618
3417	52 604
3418	52 597
3419	53 584
3420	54 577
3421	54 566
3422	54 552
3423	54 539
3424	55 534
3425	55 528
3426	55 516
3427	55 506
3428	55 496
3429	55 488
3430	56 474
