15000 0.9
151	9 19427
152	10 19640
153	9 19784
154	9 19866
155	10 19996
156	9 20173
157	9 20317
158	9 20446
159	9 20643
160	9 20739
161	9 20824
162	9 20969
163	9 21061
164	9 21147
165	9 21274
166	9 21379
167	9 21472
168	9 21549
169	9 21630
170	9 21704
171	9 21828
172	9 21912
173	10 21971
174	10 22031
175	9 22073
176	9 22113
177	9 22162
178	9 22208
179	9 22243
180	9 22279
181	9 22296
182	9 22326
183	9 22360
184	9 22381
185	9 22403
186	10 22431
187	10 22446
188	10 22467
189	10 22488
190	10 22519
191	9 22537
192	9 22560
193	9 22586
194	9 22606
195	9 22616
196	9 22639
197	9 22655
198	9 22673
199	9 22685
200	9 22707
201	9 22727
202	9 22742
203	9 22758
204	9 22773
205	9 22800
206	9 22814
207	9 22839
208	9 22851
209	9 22863
210	9 22895
211	9 22924
212	9 22944
213	9 22958
214	9 22982
215	9 22994
216	9 23025
217	9 23037
218	9 23072
219	9 23087
220	9 23100
221	9 23111
222	9 23138
223	9 23164
224	9 23184
225	10 23147
226	10 22655
227	10 22588
228	10 22065
229	10 21648
230	10 21150
231	10 20781
232	11 20486
233	11 20289
234	12 20129
235	13 19935
236	13 19767
237	14 19573
238	14 19389
239	14 19240
240	14 19135
241	14 18938
242	14 18792
243	14 18547
244	14 18353
245	14 18103
246	14 17922
247	14 17692
248	14 17566
249	14 17339
250	14 17099
251	14 16821
252	16 16493
253	16 16279
254	15 16100
255	15 15828
256	15 15577
257	15 15295
258	15 14990
259	15 14859
260	15 14699
261	17 14531
262	18 14259
263	18 14047
264	18 13778
265	18 13524
266	18 13393
267	18 13175
268	18 12890
269	18 12671
270	18 12381
271	18 12137
272	19 11954
273	20 11769
274	21 11613
275	20 11357
276	20 11117
277	22 10882
278	23 10716
279	23 10540
280	22 10346
281	22 10195
282	22 9951
283	22 9695
284	23 9465
285	22 9250
286	22 8982
287	22 8717
288	22 8565
289	22 8301
290	21 8015
291	22 7754
292	21 7477
293	21 7288
294	21 7183
295	21 7045
296	22 6824
297	21 6523
298	21 6233
299	21 6037
300	21 5862
301	21 5642
302	23 5414
303	23 5272
304	23 5098
305	24 4956
306	23 4901
307	24 4780
308	24 4608
309	24 4468
310	24 4346
311	22 4155
312	24 4069
313	25 3991
314	25 3852
315	26 3769
316	27 3686
317	27 3562
318	26 3464
319	26 3375
320	27 3304
321	27 3229
322	27 3162
323	26 3042
324	26 2961
325	26 2914
326	25 2852
327	27 2816
328	26 2780
329	26 2740
330	25 2709
331	26 2681
332	24 2655
333	24 2645
334	24 2621
335	24 2601
336	24 2593
337	23 2578
338	24 2562
339	24 2549
340	24 2535
341	24 2519
342	24 2501
343	24 2497
344	24 2479
345	24 2459
346	24 2443
347	24 2437
348	24 2419
349	24 2412
350	24 2395
351	24 2388
352	28 2370
353	28 2356
354	28 2352
355	28 2337
356	28 2329
357	28 2308
358	28 2304
359	28 2284
360	28 2277
361	31 2267
362	31 2243
363	31 2217
364	31 2198
365	31 2185
366	31 2174
367	31 2169
368	31 2142
369	31 2138
370	31 2106
371	31 2094
372	32 2094
373	32 2083
374	33 2053
375	33 2033
376	33 2013
377	33 1962
378	33 1946
379	33 1933
380	33 1899
381	33 1884
382	33 1872
383	33 1847
384	33 1828
385	33 1814
386	33 1785
387	33 1761
388	33 1728
389	33 1718
390	33 1703
391	33 1688
392	33 1674
393	33 1654
394	33 1640
395	33 1622
396	33 1602
397	33 1583
398	33 1557
399	33 1543
400	33 1525
401	33 1518
402	33 1488
403	33 1468
404	33 1453
405	33 1459
406	33 1447
407	33 1440
408	33 1401
409	33 1395
410	34 1382
411	34 1365
412	34 1345
413	34 1313
414	34 1306
415	35 1282
416	35 1269
417	35 1268
418	35 1256
419	35 1235
420	35 1226
421	35 1217
422	34 1209
423	35 1208
424	34 1199
425	34 1189
426	34 1182
427	34 1180
428	34 1171
429	35 1164
430	35 1156
431	35 1143
432	35 1134
433	35 1124
434	35 1108
435	35 1097
436	35 1082
437	35 1076
438	35 1075
439	35 1065
440	35 1054
441	36 1048
442	37 1046
443	37 1035
444	38 1019
445	38 1010
446	38 998
447	39 990
448	39 984
449	39 972
450	39 965
451	40 939
452	40 927
453	40 924
454	41 920
455	41 903
456	41 874
457	42 868
458	47 850
459	48 840
460	48 833
461	51 835
462	52 831
463	58 832
464	59 826
465	60 824
466	60 819
467	60 811
468	60 810
469	60 808
470	60 803
471	60 803
472	60 798
473	60 794
474	61 792
475	61 791
476	63 790
477	63 786
478	63 785
479	63 783
480	63 779
481	63 776
482	63 764
483	63 763
484	63 756
485	64 752
486	64 750
487	67 738
488	68 732
489	69 730
490	69 721
491	69 726
492	70 727
493	70 734
494	70 730
495	70 720
496	70 717
497	70 725
498	69 729
499	69 739
500	69 738
501	68 749
502	69 760
503	67 762
504	68 768
505	68 779
506	67 790
507	67 795
508	67 802
509	67 804
510	67 800
511	66 802
512	68 805
513	68 809
514	66 808
515	66 817
516	67 824
517	67 831
518	67 822
519	68 826
520	68 832
521	70 832
522	70 836
523	69 854
524	49 1095
525	45 1305
526	40 1341
527	32 1553
528	32 1744
529	31 2087
530	32 2259
531	29 2524
532	28 2738
533	28 2794
534	28 3048
535	30 3355
536	28 3576
537	28 3847
538	28 4239
539	26 4330
540	27 4796
541	27 5250
542	27 5639
543	25 5974
544	25 6244
545	26 6474
546	26 6655
547	26 6855
548	28 7015
549	28 7251
550	27 7478
551	25 7691
552	25 7967
553	25 8212
554	24 8336
555	24 8551
556	24 8842
557	22 9154
558	23 9503
559	23 9936
560	23 10416
561	23 10589
562	21 11198
563	21 11751
564	21 12372
565	21 12874
566	21 13225
567	23 13560
568	21 13813
569	21 14145
570	21 14418
571	21 14622
572	21 14865
573	21 15029
574	21 15175
575	20 15411
576	20 15593
577	20 15757
578	20 15987
579	20 16172
580	20 16359
581	20 16548
582	20 16750
583	22 16972
584	22 17192
585	20 17418
586	20 17605
587	20 17713
588	20 17907
589	20 18182
590	20 18456
591	20 18669
592	22 18873
593	22 18956
594	22 19133
595	22 19316
596	20 19484
597	20 19692
598	20 19838
599	20 19964
600	18 20127
601	17 20340
602	17 20529
603	17 20713
604	17 20908
605	17 21056
606	17 21171
607	17 21374
608	17 21551
609	17 21670
610	17 21829
611	17 21959
612	17 22095
613	17 22246
614	17 22378
615	17 22499
616	17 22646
617	17 22781
618	17 22918
619	17 23093
620	17 23218
621	17 23399
622	17 23543
623	17 23723
624	16 23923
625	16 24080
626	16 24239
627	16 24414
628	16 24586
629	16 24748
630	16 24914
631	16 25031
632	16 25169
633	16 25309
634	16 25439
635	16 25635
636	16 25828
637	16 25983
638	16 26124
639	14 26279
640	14 26466
641	14 26675
642	14 26877
643	14 27071
644	14 27285
645	14 27507
646	14 27680
647	13 27858
648	13 28024
649	13 28173
650	12 28363
651	12 28532
652	12 28702
653	12 28851
654	12 29001
655	12 29176
656	12 29333
657	12 29469
658	12 29675
659	12 29837
660	12 29982
661	12 30134
662	12 30281
663	12 30442
664	12 30611
665	12 30781
666	12 30934
667	12 31049
668	12 31183
669	12 31331
670	12 31435
671	12 31583
672	12 31740
673	12 31873
674	12 32017
675	12 32212
676	12 32130
677	10 32105
678	10 32219
679	10 32171
680	9 32131
681	9 31932
682	9 31886
683	9 31755
684	9 31764
685	9 31847
686	9 31734
687	9 31594
688	9 31558
689	9 31454
690	9 31235
691	9 31296
692	9 30982
693	9 30708
694	9 30512
695	9 30287
696	9 30163
697	9 30130
698	9 30087
699	9 30064
700	9 30059
701	9 30006
702	9 29922
703	9 29884
704	9 29779
705	9 29717
706	9 29849
707	9 29844
708	9 29748
709	9 29650
710	9 29458
711	9 29167
712	10 28949
713	10 28935
714	10 28464
715	9 28112
716	11 27679
717	11 27308
718	11 27150
719	11 26935
720	12 26794
721	12 26620
722	12 26476
723	11 26420
724	10 26371
725	8 26390
726	9 26416
727	9 26288
728	9 26233
729	9 26191
730	9 26061
731	9 25974
732	9 25889
733	9 25809
734	9 25736
735	9 25674
736	9 25585
737	9 25514
738	9 25448
739	9 25487
740	9 25413
741	9 25262
742	9 25156
743	9 25082
744	9 25026
745	7 25103
746	7 25042
747	7 25017
748	7 25024
749	7 24975
750	7 24932
751	7 24922
752	7 24896
753	7 24785
754	7 24723
755	7 24658
756	7 24576
757	7 24585
758	9 24568
759	9 24479
760	9 24383
761	9 24357
762	9 24288
763	9 24269
764	9 24206
765	9 24158
766	9 24129
767	9 24088
768	9 24037
769	9 23994
770	8 23957
771	8 23886
772	8 23898
773	8 23866
774	8 23836
775	7 23764
776	7 23656
777	7 23606
778	7 23577
779	7 23507
780	7 23450
781	7 23408
782	7 23373
783	7 23377
784	7 23351
785	7 23327
786	7 23330
787	7 23257
788	7 23229
789	7 23157
790	7 23143
791	7 23145
792	7 23071
793	7 23006
794	7 22923
795	7 22894
796	7 22796
797	7 22679
798	7 22602
799	7 22543
800	7 22491
801	6 22448
802	6 22363
803	6 22292
804	6 22267
805	6 22234
806	6 22210
807	6 22162
808	6 22159
809	6 22109
810	6 22003
811	6 21959
812	6 21927
813	6 21895
814	6 21881
815	6 21819
816	6 21771
817	6 21710
818	6 21711
819	6 21705
820	7 21683
821	7 21653
822	7 21683
823	5 21652
824	5 21601
825	5 21601
826	5 21586
827	7 21543
828	7 21481
829	7 21412
830	7 21415
831	7 21398
832	7 21399
833	8 21408
834	7 21383
835	7 21382
836	6 21291
837	6 21237
838	6 21179
839	6 21144
840	6 21061
841	6 21014
842	6 20976
843	6 20882
844	6 20869
845	6 20781
846	6 20685
847	6 20719
848	6 20696
849	6 20677
850	6 20679
851	6 20640
852	6 20589
853	6 20574
854	6 20588
855	6 20505
856	6 20443
857	6 20390
858	6 20254
859	6 20160
860	6 20081
861	6 19977
862	6 19968
863	6 19931
864	6 19827
865	6 19731
866	6 19714
867	6 19619
868	6 19570
869	6 19552
870	6 19495
871	6 19497
872	6 19547
873	6 19509
874	7 19512
875	7 19492
876	7 19479
877	8 19413
878	8 19366
879	8 19388
880	8 19394
881	8 19416
882	8 19473
883	8 19504
884	8 19533
885	8 19561
886	8 19586
887	8 19578
888	8 19629
889	8 19611
890	8 19651
891	8 19638
892	9 19670
893	9 19683
894	9 19704
895	9 19702
896	9 19745
897	9 19727
898	8 19759
899	7 19746
900	7 19748
901	7 19739
902	7 19811
903	7 19858
904	7 19918
905	7 20009
906	7 20054
907	7 20126
908	7 20251
909	6 20288
910	6 20355
911	6 20364
912	6 20468
913	6 20496
914	6 20532
915	6 20579
916	6 20663
917	6 20665
918	6 20685
919	6 20721
920	6 20732
921	6 20769
922	6 20752
923	6 20717
924	6 20655
925	6 20574
926	6 20564
927	6 20527
928	6 20493
929	6 20433
930	6 20334
931	6 20297
932	6 20225
933	6 20151
934	6 20055
935	6 19978
936	4 19915
937	4 19829
938	4 19719
939	4 19617
940	5 19485
941	5 19420
942	6 19312
943	5 19165
944	5 19061
945	6 18936
946	6 18830
947	6 18676
948	6 18571
949	6 18481
950	6 18387
951	6 18285
952	6 18180
953	6 18080
954	6 17984
955	6 17886
956	6 17764
957	6 17627
958	6 17498
959	6 17380
960	6 17231
961	6 17140
962	6 17041
963	6 16925
964	6 16833
965	6 16714
966	6 16591
967	6 16503
968	6 16390
969	7 16287
970	7 16150
971	6 16054
972	6 15939
973	6 15831
974	5 15706
975	5 15590
976	5 15488
977	5 15358
978	5 15230
979	5 15079
980	5 14982
981	5 14875
982	5 14730
983	5 14595
984	5 14438
985	5 14305
986	5 14205
987	5 14075
988	5 13979
989	5 13878
990	5 13801
991	5 13690
992	5 13584
993	6 13475
994	6 13367
995	6 13295
996	6 13165
997	6 13096
998	6 13009
999	7 12868
1000	7 12755
1001	7 12594
1002	7 12457
1003	7 12348
1004	7 12236
1005	7 12093
1006	7 11936
1007	7 11841
1008	7 11747
1009	7 11628
1010	8 11509
1011	8 11396
1012	10 11284
1013	10 11176
1014	10 11042
1015	10 10956
1016	8 10843
1017	8 10770
1018	8 10648
1019	7 10538
1020	7 10407
1021	8 10310
1022	8 10199
1023	8 10082
1024	8 9926
1025	8 9812
1026	8 9702
1027	8 9578
1028	8 9413
1029	9 9300
1030	9 9184
1031	9 9054
1032	9 8919
1033	9 8790
1034	9 8628
1035	9 8507
1036	9 8387
1037	10 8253
1038	10 8109
1039	10 7967
1040	10 7796
1041	10 7673
1042	10 7522
1043	10 7395
1044	10 7245
1045	10 7131
1046	10 6944
1047	11 6816
1048	11 6636
1049	11 6512
1050	11 6371
1051	11 6228
1052	11 6064
1053	11 5924
1054	11 5756
1055	11 5594
1056	11 5420
1057	11 5225
1058	11 5080
1059	11 4890
1060	12 4659
1061	12 4480
1062	12 4319
1063	12 4205
1064	12 4033
1065	12 3920
1066	12 3798
1067	12 3659
1068	12 3519
1069	12 3426
1070	12 3318
1071	12 3204
1072	13 3107
1073	12 2986
1074	12 2922
1075	12 2868
1076	12 2812
1077	12 2747
1078	12 2667
1079	13 2605
1080	13 2558
1081	13 2530
1082	13 2507
1083	13 2460
1084	14 2423
1085	13 2389
1086	13 2358
1087	13 2326
1088	13 2293
1089	13 2274
1090	13 2251
1091	13 2240
1092	13 2224
1093	13 2202
1094	13 2184
1095	13 2182
1096	13 2183
1097	13 2173
1098	13 2168
1099	13 2167
1100	14 2152
1101	14 2142
1102	14 2138
1103	14 2123
1104	14 2126
1105	14 2122
1106	14 2110
1107	15 2098
1108	15 2090
1109	15 2086
1110	15 2083
1111	15 2085
1112	15 2081
1113	15 2077
1114	15 2068
1115	15 2067
1116	15 2048
1117	15 2050
1118	15 2047
1119	15 2036
1120	15 2026
1121	15 2015
1122	16 2012
1123	16 1993
1124	16 1982
1125	16 1967
1126	16 1962
1127	16 1961
1128	16 1959
1129	16 1957
1130	16 1963
1131	16 1956
1132	17 1944
1133	20 1943
1134	20 1949
1135	20 1944
1136	20 1944
1137	20 1935
1138	20 1938
1139	20 1938
1140	20 1935
1141	20 1929
1142	21 1924
1143	21 1914
1144	20 1915
1145	20 1914
1146	20 1912
1147	19 1919
1148	19 1917
1149	19 1902
1150	19 1906
1151	20 1913
1152	20 1904
1153	20 1912
1154	20 1920
1155	20 1919
1156	20 1923
1157	20 1923
1158	20 1921
1159	20 1925
1160	20 1925
1161	20 1937
1162	20 1939
1163	19 1949
1164	19 1945
1165	19 1942
1166	19 1942
1167	19 1931
1168	19 1930
1169	19 1923
1170	20 1914
1171	21 1915
1172	22 1912
1173	22 1905
1174	22 1901
1175	22 1891
1176	22 1888
1177	22 1885
1178	22 1879
1179	22 1876
1180	21 1880
1181	20 1881
1182	20 1880
1183	20 1884
1184	20 1882
1185	20 1879
1186	20 1887
1187	20 1879
1188	20 1874
1189	20 1889
1190	20 1882
1191	20 1880
1192	20 1872
1193	20 1864
1194	20 1873
1195	20 1882
1196	20 1883
1197	21 1883
1198	21 1885
1199	20 1884
1200	20 1876
1201	20 1870
1202	20 1869
1203	20 1862
1204	21 1862
1205	22 1860
1206	21 1860
1207	22 1866
1208	23 1867
1209	22 1866
1210	22 1846
1211	22 1847
1212	22 1849
1213	22 1848
1214	22 1850
1215	22 1838
1216	22 1835
1217	23 1837
1218	23 1837
1219	23 1837
1220	23 1827
1221	23 1823
1222	23 1811
1223	23 1809
1224	23 1808
1225	23 1800
1226	24 1791
1227	24 1794
1228	24 1789
1229	24 1786
1230	24 1777
1231	24 1779
1232	24 1772
1233	24 1762
1234	25 1756
1235	25 1747
1236	25 1741
1237	25 1735
1238	25 1733
1239	25 1732
1240	25 1725
1241	25 1723
1242	25 1719
1243	25 1721
1244	25 1720
1245	24 1734
1246	24 1730
1247	24 1720
1248	24 1710
1249	24 1706
1250	24 1706
1251	24 1707
1252	24 1711
1253	23 1707
1254	24 1704
1255	24 1704
1256	24 1712
1257	24 1717
1258	25 1728
1259	25 1734
1260	25 1743
1261	25 1752
1262	25 1755
1263	26 1757
1264	26 1763
1265	26 1769
1266	28 1767
1267	29 1787
1268	30 1796
1269	31 1793
1270	31 1797
1271	31 1810
1272	30 1807
1273	29 1821
1274	29 1817
1275	29 1832
1276	30 1841
1277	30 1853
1278	30 1859
1279	30 1861
1280	30 1856
1281	30 1865
1282	30 1867
1283	30 1874
1284	30 1880
1285	32 1892
1286	32 1885
1287	32 1881
1288	31 1887
1289	31 1890
1290	31 1887
1291	31 1891
1292	31 1888
1293	31 1887
1294	31 1894
1295	31 1896
1296	31 1900
1297	31 1902
1298	31 1898
1299	32 1891
1300	31 1893
1301	31 1900
1302	31 1893
1303	32 1883
1304	32 1888
1305	33 1881
1306	32 1867
1307	32 1868
1308	32 1861
1309	32 1861
1310	33 1857
1311	33 1852
1312	34 1846
1313	34 1832
1314	33 1824
1315	33 1815
1316	33 1814
1317	34 1821
1318	34 1809
1319	35 1818
1320	35 1817
1321	35 1816
1322	35 1824
1323	35 1824
1324	35 1820
1325	36 1820
1326	36 1813
1327	37 1818
1328	37 1818
1329	37 1819
1330	39 1813
1331	39 1809
1332	40 1808
1333	40 1808
1334	40 1806
1335	40 1802
1336	40 1802
1337	41 1808
1338	41 1804
1339	41 1803
1340	41 1805
1341	43 1794
1342	44 1795
1343	44 1790
1344	43 1790
1345	42 1792
1346	42 1789
1347	42 1785
1348	42 1779
1349	42 1772
1350	42 1767
1351	43 1758
1352	43 1765
1353	43 1765
1354	42 1766
1355	42 1769
1356	42 1762
1357	42 1758
1358	43 1764
1359	43 1761
1360	43 1756
1361	43 1748
1362	43 1751
1363	43 1746
1364	43 1741
1365	43 1738
1366	43 1737
1367	41 1739
1368	41 1735
1369	41 1726
1370	41 1722
1371	41 1724
1372	41 1721
1373	41 1719
1374	41 1725
1375	40 1729
1376	40 1731
1377	40 1743
1378	40 1745
1379	41 1732
1380	41 1731
1381	41 1731
1382	41 1733
1383	41 1728
1384	41 1734
1385	41 1737
1386	41 1744
1387	40 1747
1388	41 1753
1389	41 1753
1390	39 1767
1391	41 1773
1392	42 1801
1393	40 1805
1394	40 1818
1395	37 1830
1396	36 1836
1397	36 1837
1398	34 1853
1399	34 1872
1400	34 1881
1401	33 1899
1402	31 1898
1403	31 1891
1404	31 1903
1405	31 1915
1406	31 1928
1407	31 1943
1408	31 1946
1409	31 1967
1410	33 1983
1411	31 1991
1412	31 2012
1413	29 2042
1414	30 2079
1415	28 2106
1416	30 2130
1417	30 2156
1418	27 2206
1419	27 2239
1420	26 2279
1421	27 2317
1422	22 2394
1423	22 2479
1424	22 2572
1425	22 2658
1426	22 2712
1427	22 2782
1428	22 2876
1429	21 3023
1430	21 3130
1431	21 3197
1432	21 3322
1433	21 3400
1434	21 3482
1435	21 3604
1436	21 3701
1437	21 3809
1438	21 3908
1439	22 4021
1440	22 4131
1441	22 4253
1442	22 4356
1443	21 4485
1444	22 4597
1445	22 4704
1446	22 4808
1447	22 4915
1448	22 5014
1449	22 5116
1450	22 5241
1451	22 5343
1452	22 5463
1453	22 5556
1454	22 5660
1455	21 5779
1456	21 5889
1457	21 5998
1458	21 6133
1459	21 6224
1460	22 6352
1461	22 6481
1462	22 6619
1463	22 6765
1464	21 6884
1465	21 7020
1466	20 7135
1467	21 7285
1468	20 7407
1469	20 7523
1470	21 7657
1471	22 7810
1472	20 7925
1473	19 8054
1474	20 8203
1475	20 8342
1476	19 8493
1477	19 8669
1478	19 8795
1479	18 8950
1480	18 9078
1481	18 9193
1482	18 9330
1483	18 9484
1484	18 9656
1485	18 9769
1486	18 9897
1487	18 10021
1488	17 10196
1489	17 10351
1490	18 10498
1491	18 10618
1492	19 10761
1493	18 10901
1494	17 11050
1495	17 11228
1496	16 11398
1497	16 11541
1498	16 11701
1499	16 11840
1500	16 11994
1501	17 12174
1502	16 12358
1503	16 12544
1504	16 12707
1505	16 12880
1506	17 13029
1507	16 13194
1508	15 13359
1509	15 13533
1510	15 13730
1511	16 13884
1512	15 14055
1513	15 14208
1514	15 14366
1515	15 14523
1516	15 14655
1517	15 14796
1518	15 14925
1519	15 15039
1520	15 15174
1521	15 15302
1522	15 15426
1523	15 15533
1524	15 15642
1525	15 15746
1526	15 15878
1527	14 16035
1528	14 16137
1529	14 16229
1530	13 16308
1531	13 16402
1532	13 16517
1533	13 16642
1534	13 16745
1535	11 16850
1536	11 16937
1537	11 17053
1538	11 17153
1539	11 17257
1540	11 17356
1541	11 17467
1542	11 17551
1543	11 17651
1544	11 17749
1545	10 17876
1546	10 17978
1547	9 18072
1548	9 18180
1549	9 18284
1550	9 18387
1551	9 18493
1552	9 18611
1553	9 18716
1554	9 18832
1555	9 18960
1556	9 19080
1557	9 19207
1558	9 19294
1559	9 19402
1560	9 19492
1561	9 19586
1562	8 19708
1563	8 19806
1564	8 19896
1565	8 19966
1566	8 20090
1567	8 20193
1568	8 20288
1569	8 20398
1570	8 20492
1571	8 20566
1572	8 20661
1573	8 20758
1574	8 20806
1575	8 20840
1576	8 20910
1577	8 20965
1578	7 21021
1579	7 21077
1580	7 21112
1581	7 21088
1582	7 21085
1583	7 21162
1584	7 21149
1585	7 21175
1586	7 21170
1587	7 21196
1588	7 21193
1589	7 21195
1590	7 21238
1591	7 21213
1592	7 21228
1593	7 21236
1594	7 21284
1595	8 21289
1596	7 21295
1597	7 21299
1598	6 21318
1599	6 21332
1600	6 21317
1601	6 21321
1602	6 21284
1603	5 21293
1604	5 21261
1605	6 21249
1606	5 21251
1607	5 21226
1608	5 21221
1609	5 21179
1610	5 21174
1611	5 21191
1612	5 21173
1613	5 21151
1614	5 21104
1615	5 21059
1616	6 21059
1617	6 21054
1618	6 21041
1619	6 21017
1620	6 21009
1621	6 20983
1622	6 20982
1623	6 20944
1624	6 20940
1625	6 20913
1626	6 20881
1627	6 20839
1628	6 20793
1629	6 20728
1630	6 20704
1631	6 20659
1632	6 20602
1633	6 20594
1634	6 20544
1635	7 20510
1636	7 20425
1637	7 20397
1638	7 20344
1639	7 20309
1640	7 20210
1641	7 20158
1642	7 20087
1643	7 20061
1644	7 20016
1645	7 19968
1646	7 19887
1647	7 19811
1648	7 19736
1649	7 19690
1650	7 19620
1651	7 19562
1652	7 19493
1653	7 19390
1654	7 19307
1655	7 19201
1656	7 19098
1657	7 18991
1658	7 18935
1659	7 18861
1660	6 18782
1661	6 18715
1662	6 18600
1663	6 18538
1664	6 18479
1665	6 18452
1666	6 18372
1667	6 18330
1668	6 18287
1669	6 18242
1670	6 18208
1671	6 18187
1672	6 18159
1673	6 18139
1674	6 18125
1675	6 18096
1676	6 18067
1677	6 18049
1678	6 18012
1679	6 17964
1680	6 17965
1681	6 17978
1682	6 18002
1683	7 18004
1684	7 17976
1685	7 17918
1686	7 17884
1687	7 17858
1688	7 17841
1689	7 17829
1690	7 17805
1691	7 17788
1692	7 17761
1693	7 17707
1694	7 17667
1695	7 17617
1696	7 17561
1697	7 17509
1698	7 17439
1699	7 17393
1700	7 17321
1701	7 17268
1702	7 17202
1703	7 17143
1704	7 17082
1705	7 17017
1706	7 16952
1707	7 16882
1708	7 16804
1709	7 16720
1710	7 16651
1711	7 16577
1712	7 16519
1713	7 16446
1714	7 16363
1715	7 16304
1716	7 16230
1717	7 16179
1718	7 16068
1719	7 15995
1720	7 15932
1721	7 15830
1722	7 15743
1723	7 15668
1724	7 15563
1725	8 15479
1726	8 15400
1727	8 15323
1728	8 15213
1729	8 15123
1730	8 15050
1731	8 14959
1732	8 14868
1733	7 14788
1734	7 14745
1735	7 14656
1736	7 14605
1737	6 14549
1738	6 14513
1739	6 14412
1740	6 14379
1741	6 14328
1742	6 14271
1743	5 14243
1744	5 14172
1745	5 14115
1746	5 14027
1747	5 13983
1748	6 13976
1749	6 13946
1750	6 13896
1751	6 13854
1752	6 13827
1753	6 13780
1754	6 13753
1755	7 13712
1756	7 13684
1757	7 13649
1758	7 13606
1759	7 13583
1760	6 13542
1761	6 13526
1762	6 13455
1763	6 13394
1764	6 13329
1765	6 13284
1766	6 13253
1767	6 13234
1768	6 13161
1769	5 13076
1770	5 13009
1771	5 12941
1772	5 12861
1773	5 12820
1774	5 12725
1775	5 12658
1776	5 12587
1777	5 12513
1778	5 12421
1779	5 12377
1780	5 12312
1781	5 12257
1782	5 12199
1783	5 12136
1784	5 12115
1785	5 12050
1786	5 11990
1787	5 11900
1788	5 11860
1789	5 11803
1790	5 11777
1791	5 11712
1792	5 11672
1793	5 11601
1794	5 11550
1795	5 11485
1796	5 11419
1797	5 11364
1798	5 11322
1799	5 11243
1800	5 11180
1801	5 11103
1802	5 11029
1803	5 10995
1804	5 10954
1805	6 10914
1806	6 10848
1807	6 10794
1808	6 10759
1809	6 10737
1810	6 10674
1811	6 10622
1812	6 10584
1813	6 10521
1814	6 10496
1815	6 10432
1816	6 10384
1817	7 10311
1818	7 10276
1819	8 10203
1820	8 10192
1821	8 10145
1822	8 10118
1823	8 10102
1824	8 10074
1825	8 10021
1826	8 9981
1827	8 9978
1828	8 9946
1829	9 9963
1830	9 9953
1831	9 9910
1832	9 9871
1833	9 9836
1834	9 9810
1835	9 9798
1836	9 9782
1837	9 9790
1838	9 9790
1839	9 9772
1840	9 9767
1841	9 9733
1842	9 9706
1843	10 9685
1844	10 9647
1845	10 9645
1846	10 9651
1847	10 9645
1848	10 9653
1849	10 9611
1850	10 9633
1851	10 9606
1852	10 9612
1853	10 9609
1854	10 9604
1855	10 9593
1856	10 9558
1857	10 9549
1858	10 9555
1859	10 9536
1860	10 9519
1861	10 9499
1862	10 9515
1863	10 9481
1864	11 9453
1865	11 9424
1866	11 9399
1867	11 9390
1868	11 9373
1869	11 9348
1870	11 9322
1871	11 9286
1872	11 9255
1873	11 9218
1874	11 9192
1875	11 9155
1876	11 9120
1877	11 9091
1878	11 9064
1879	11 9027
1880	11 8980
1881	11 8942
1882	11 8920
1883	11 8896
1884	11 8877
1885	11 8835
1886	11 8769
1887	11 8718
1888	11 8683
1889	12 8630
1890	12 8585
1891	12 8545
1892	12 8479
1893	13 8420
1894	13 8363
1895	15 8299
1896	16 8245
1897	16 8169
1898	16 8102
1899	16 8009
1900	16 7911
1901	16 7821
1902	16 7754
1903	16 7678
1904	16 7610
1905	16 7541
1906	16 7487
1907	16 7418
1908	16 7351
1909	16 7298
1910	16 7236
1911	16 7168
1912	16 7096
1913	16 7040
1914	16 6978
1915	16 6932
1916	16 6886
1917	17 6815
1918	17 6757
1919	17 6671
1920	17 6623
1921	17 6577
1922	17 6548
1923	17 6493
1924	17 6452
1925	17 6391
1926	17 6362
1927	17 6306
1928	18 6267
1929	18 6238
1930	18 6210
1931	18 6159
1932	18 6116
1933	19 6055
1934	19 6019
1935	19 5968
1936	19 5908
1937	23 5869
1938	23 5832
1939	23 5794
1940	23 5751
1941	23 5716
1942	23 5664
1943	23 5634
1944	22 5605
1945	22 5565
1946	22 5533
1947	22 5513
1948	22 5473
1949	22 5434
1950	22 5408
1951	20 5385
1952	20 5358
1953	20 5331
1954	20 5303
1955	20 5258
1956	20 5215
1957	20 5178
1958	20 5156
1959	20 5119
1960	20 5080
1961	20 5025
1962	20 4994
1963	20 4948
1964	20 4908
1965	20 4856
1966	20 4797
1967	20 4764
1968	20 4703
1969	20 4656
1970	20 4621
1971	20 4582
1972	20 4503
1973	20 4455
1974	19 4388
1975	19 4313
1976	19 4238
1977	19 4183
1978	19 4116
1979	19 4025
1980	20 3977
1981	20 3872
1982	20 3788
1983	20 3721
1984	20 3645
1985	20 3570
1986	20 3487
1987	20 3405
1988	20 3335
1989	20 3255
1990	20 3187
1991	20 3122
1992	20 3042
1993	20 2962
1994	20 2905
1995	20 2836
1996	20 2800
1997	20 2745
1998	18 2684
1999	18 2626
2000	18 2547
2001	19 2511
2002	21 2448
2003	21 2407
2004	21 2358
2005	21 2304
2006	21 2252
2007	21 2201
2008	21 2176
2009	21 2120
2010	21 2068
2011	21 2024
2012	22 1982
2013	22 1952
2014	24 1916
2015	25 1895
2016	27 1872
2017	26 1851
2018	26 1820
2019	26 1787
2020	26 1745
2021	26 1715
2022	28 1689
2023	28 1661
2024	28 1630
2025	28 1613
2026	29 1579
2027	29 1563
2028	29 1559
2029	30 1542
2030	30 1515
2031	30 1501
2032	30 1490
2033	30 1469
2034	30 1448
2035	30 1429
2036	30 1405
2037	30 1397
2038	30 1386
2039	30 1378
2040	30 1363
2041	30 1354
2042	30 1344
2043	29 1331
2044	29 1319
2045	29 1304
2046	29 1291
2047	29 1280
2048	29 1276
2049	30 1278
2050	33 1282
2051	33 1281
2052	33 1278
2053	33 1272
2054	33 1267
2055	32 1258
2056	32 1255
2057	33 1252
2058	32 1253
2059	32 1249
2060	32 1245
2061	32 1242
2062	32 1243
2063	32 1239
2064	32 1237
2065	32 1235
2066	33 1232
2067	34 1223
2068	34 1216
2069	33 1220
2070	33 1218
2071	33 1211
2072	33 1206
2073	33 1205
2074	33 1197
2075	34 1193
2076	34 1190
2077	34 1193
2078	34 1179
2079	34 1186
2080	35 1176
2081	35 1174
2082	35 1176
2083	35 1176
2084	35 1174
2085	35 1173
2086	37 1162
2087	37 1167
2088	37 1175
2089	37 1174
2090	37 1181
2091	37 1183
2092	37 1178
2093	37 1174
2094	37 1171
2095	37 1175
2096	37 1165
2097	37 1173
2098	37 1166
2099	37 1157
2100	37 1158
2101	37 1155
2102	37 1161
2103	36 1160
2104	37 1163
2105	37 1160
2106	37 1157
2107	37 1151
2108	37 1156
2109	37 1155
2110	37 1152
2111	36 1144
2112	37 1147
2113	37 1149
2114	38 1148
2115	39 1152
2116	38 1146
2117	37 1148
2118	37 1143
2119	38 1148
2120	37 1145
2121	37 1142
2122	38 1139
2123	39 1135
2124	40 1129
2125	40 1128
2126	40 1126
2127	42 1123
2128	42 1115
2129	40 1107
2130	40 1108
2131	42 1108
2132	40 1106
2133	40 1101
2134	42 1106
2135	42 1097
2136	42 1093
2137	42 1093
2138	42 1089
2139	42 1083
2140	42 1080
2141	42 1079
2142	44 1077
2143	44 1074
2144	44 1075
2145	43 1074
2146	43 1076
2147	44 1077
2148	44 1074
2149	44 1067
2150	45 1063
2151	45 1070
2152	46 1065
2153	48 1063
2154	47 1064
2155	47 1055
2156	49 1047
2157	49 1040
2158	51 1040
2159	53 1038
2160	53 1038
2161	53 1034
2162	57 1030
2163	58 1029
2164	59 1031
2165	59 1035
2166	59 1034
2167	58 1028
2168	58 1025
2169	58 1020
2170	55 1017
2171	55 1013
2172	56 1016
2173	56 1012
2174	57 1008
2175	57 1003
2176	56 1004
2177	56 1000
2178	56 1000
2179	56 997
2180	57 996
2181	55 991
2182	55 989
2183	55 987
2184	55 984
2185	55 985
2186	55 983
2187	55 980
2188	55 981
2189	55 973
2190	55 971
2191	55 965
2192	54 961
2193	54 959
2194	55 952
2195	55 952
2196	55 957
2197	55 958
2198	55 950
2199	55 948
2200	56 948
2201	56 937
2202	56 923
2203	56 924
2204	56 920
2205	56 921
2206	56 912
2207	56 916
2208	56 918
2209	56 919
2210	57 918
2211	57 914
2212	57 916
2213	57 912
2214	58 906
2215	58 909
2216	58 910
2217	58 909
2218	60 912
2219	60 915
2220	59 917
2221	57 912
2222	57 915
2223	57 917
2224	58 918
2225	57 923
2226	57 924
2227	56 926
2228	58 927
2229	59 927
2230	57 930
2231	56 930
2232	58 932
2233	56 938
2234	56 935
2235	56 931
2236	56 935
2237	56 940
2238	56 944
2239	58 950
2240	57 956
2241	57 961
2242	56 958
2243	56 964
2244	55 974
2245	53 983
2246	48 988
2247	48 991
2248	46 1002
2249	46 1000
2250	50 1016
2251	49 1026
2252	51 1043
2253	50 1059
2254	50 1066
2255	49 1076
2256	46 1098
2257	45 1115
2258	47 1129
2259	47 1155
2260	47 1169
2261	47 1189
2262	46 1217
2263	46 1257
2264	42 1290
2265	42 1310
2266	42 1336
2267	43 1359
2268	45 1387
2269	44 1404
2270	44 1431
2271	41 1458
2272	40 1508
2273	39 1554
2274	38 1590
2275	39 1638
2276	36 1661
2277	36 1693
2278	34 1726
2279	34 1784
2280	34 1816
2281	35 1867
2282	34 1925
2283	33 1964
2284	33 2022
2285	32 2069
2286	32 2137
2287	30 2199
2288	29 2246
2289	29 2301
2290	29 2336
2291	29 2380
2292	29 2433
2293	29 2473
2294	29 2512
2295	29 2557
2296	29 2612
2297	29 2656
2298	25 2699
2299	25 2759
2300	25 2802
2301	25 2850
2302	25 2899
2303	25 2933
2304	25 2982
2305	25 3052
2306	25 3124
2307	25 3174
2308	25 3219
2309	25 3262
2310	25 3299
2311	25 3345
2312	25 3385
2313	25 3435
2314	23 3483
2315	23 3516
2316	23 3559
2317	23 3593
2318	22 3634
2319	22 3681
2320	22 3730
2321	22 3763
2322	22 3817
2323	22 3864
2324	21 3905
2325	21 3931
2326	21 3977
2327	21 4035
2328	21 4081
2329	21 4135
2330	20 4183
2331	20 4227
2332	20 4270
2333	20 4320
2334	20 4364
2335	20 4410
2336	20 4458
2337	20 4520
2338	20 4574
2339	20 4637
2340	20 4685
2341	20 4740
2342	20 4816
2343	20 4861
2344	20 4950
2345	20 5003
2346	20 5051
2347	20 5110
2348	20 5164
2349	20 5222
2350	20 5257
2351	20 5297
2352	20 5338
2353	20 5398
2354	20 5440
2355	20 5482
2356	20 5532
2357	20 5583
2358	20 5634
2359	20 5685
2360	20 5732
2361	20 5800
2362	20 5875
2363	20 5917
2364	20 5975
2365	19 6037
2366	19 6103
2367	19 6157
2368	19 6209
2369	19 6248
2370	19 6276
2371	19 6324
2372	19 6380
2373	19 6435
2374	19 6485
2375	19 6523
2376	19 6550
2377	20 6583
2378	20 6624
2379	20 6686
2380	20 6734
2381	20 6788
2382	20 6832
2383	19 6878
2384	19 6926
2385	20 6972
2386	20 7024
2387	20 7059
2388	20 7094
2389	20 7123
2390	20 7164
2391	20 7213
2392	20 7232
2393	20 7274
2394	20 7312
2395	20 7347
2396	20 7373
2397	19 7408
2398	19 7449
2399	18 7487
2400	18 7519
2401	18 7582
2402	18 7617
2403	17 7657
2404	17 7703
2405	17 7744
2406	17 7777
2407	17 7820
2408	17 7834
2409	16 7868
2410	16 7891
2411	16 7946
2412	16 7961
2413	16 7990
2414	16 8035
2415	16 8052
2416	16 8054
2417	16 8103
2418	16 8123
2419	16 8167
2420	15 8193
2421	15 8232
2422	15 8253
2423	15 8258
2424	15 8265
2425	15 8286
2426	15 8299
2427	15 8303
2428	15 8343
2429	15 8346
2430	15 8380
2431	15 8395
2432	15 8443
2433	15 8434
2434	15 8441
2435	15 8453
2436	15 8439
2437	15 8464
2438	16 8447
2439	15 8445
2440	15 8439
2441	15 8438
2442	15 8455
2443	15 8459
2444	15 8450
2445	15 8450
2446	15 8461
2447	15 8474
2448	15 8474
2449	15 8488
2450	15 8476
2451	15 8454
2452	15 8477
2453	15 8475
2454	15 8472
2455	15 8453
2456	15 8448
2457	14 8412
2458	14 8371
2459	14 8363
2460	14 8374
2461	14 8371
2462	14 8383
2463	14 8397
2464	14 8400
2465	14 8393
2466	13 8390
2467	13 8401
2468	13 8390
2469	13 8387
2470	13 8378
2471	13 8374
2472	13 8355
2473	13 8360
2474	13 8342
2475	13 8328
2476	13 8332
2477	13 8350
2478	13 8341
2479	13 8322
2480	13 8309
2481	13 8288
2482	13 8291
2483	13 8292
2484	13 8293
2485	13 8276
2486	13 8263
2487	13 8258
2488	13 8253
2489	13 8224
2490	13 8210
2491	12 8183
2492	12 8170
2493	12 8143
2494	12 8101
2495	12 8086
2496	12 8040
2497	12 8027
2498	12 8013
2499	12 7995
2500	12 7985
2501	12 7973
2502	12 7970
2503	12 7956
2504	13 7960
2505	14 7929
2506	14 7920
2507	14 7908
2508	14 7908
2509	14 7896
2510	14 7875
2511	14 7859
2512	13 7860
2513	13 7824
2514	13 7785
2515	13 7783
2516	13 7753
2517	14 7724
2518	14 7697
2519	15 7668
2520	15 7666
2521	15 7652
2522	15 7654
2523	15 7632
2524	15 7607
2525	15 7575
2526	15 7558
2527	15 7563
2528	15 7588
2529	15 7599
2530	15 7601
2531	15 7575
2532	15 7561
2533	15 7540
2534	15 7541
2535	15 7524
2536	15 7507
2537	15 7491
2538	15 7477
2539	15 7480
2540	15 7485
2541	16 7481
2542	16 7483
2543	16 7463
2544	16 7454
2545	16 7441
2546	16 7449
2547	16 7441
2548	16 7443
2549	16 7421
2550	16 7416
2551	16 7404
2552	16 7406
2553	16 7376
2554	16 7359
2555	16 7337
2556	16 7309
2557	16 7288
2558	16 7277
2559	16 7264
2560	16 7252
2561	16 7234
2562	16 7225
2563	16 7167
2564	16 7164
2565	16 7137
2566	16 7100
2567	17 7070
2568	17 7055
2569	17 7018
2570	17 7000
2571	17 6964
2572	17 6932
2573	17 6898
2574	17 6881
2575	17 6855
2576	17 6823
2577	17 6785
2578	17 6767
2579	17 6751
2580	17 6710
2581	17 6706
2582	17 6665
2583	17 6620
2584	17 6586
2585	17 6571
2586	17 6518
2587	16 6494
2588	17 6483
2589	17 6435
2590	17 6402
2591	17 6361
2592	17 6339
2593	17 6307
2594	17 6281
2595	17 6257
2596	17 6241
2597	18 6214
2598	19 6173
2599	19 6134
2600	19 6095
2601	20 6046
2602	20 6031
2603	19 6009
2604	19 5957
2605	19 5924
2606	19 5894
2607	19 5882
2608	19 5850
2609	20 5821
2610	20 5801
2611	20 5766
2612	20 5727
2613	20 5695
2614	20 5648
2615	20 5602
2616	19 5563
2617	19 5527
2618	19 5485
2619	19 5450
2620	19 5420
2621	19 5391
2622	19 5364
2623	19 5331
2624	19 5309
2625	19 5268
2626	19 5238
2627	19 5205
2628	19 5157
2629	19 5118
2630	19 5090
2631	19 5052
2632	19 5022
2633	19 4986
2634	18 4946
2635	18 4895
2636	18 4846
2637	18 4813
2638	18 4782
2639	18 4749
2640	18 4707
2641	18 4685
2642	18 4639
2643	19 4606
2644	19 4572
2645	19 4541
2646	19 4510
2647	19 4479
2648	19 4435
2649	19 4401
2650	19 4366
2651	19 4327
2652	19 4284
2653	19 4236
2654	19 4201
2655	19 4172
2656	19 4124
2657	19 4094
2658	19 4065
2659	19 4033
2660	19 3982
2661	19 3941
2662	21 3910
2663	21 3872
2664	21 3825
2665	21 3794
2666	21 3759
2667	22 3714
2668	22 3684
2669	22 3646
2670	22 3615
2671	22 3583
2672	22 3537
2673	23 3510
2674	24 3474
2675	24 3448
2676	24 3417
2677	24 3390
2678	24 3352
2679	24 3305
2680	25 3256
2681	26 3209
2682	24 3164
2683	24 3129
2684	24 3087
2685	24 3052
2686	24 3002
2687	24 2968
2688	24 2932
2689	24 2895
2690	24 2848
2691	24 2809
2692	24 2767
2693	24 2735
2694	24 2688
2695	24 2648
2696	24 2621
2697	24 2585
2698	24 2536
2699	24 2501
2700	24 2461
2701	24 2431
2702	24 2393
2703	24 2356
2704	24 2311
2705	24 2271
2706	24 2240
2707	24 2209
2708	24 2183
2709	25 2147
2710	25 2114
2711	26 2069
2712	26 2040
2713	27 2013
2714	27 1985
2715	27 1962
2716	27 1933
2717	27 1912
2718	27 1877
2719	27 1860
2720	27 1833
2721	27 1802
2722	27 1768
2723	27 1740
2724	27 1716
2725	28 1696
2726	28 1672
2727	28 1655
2728	28 1628
2729	28 1601
2730	28 1575
2731	29 1539
2732	29 1522
2733	29 1485
2734	28 1459
2735	28 1438
2736	28 1394
2737	28 1374
2738	28 1363
2739	28 1338
2740	28 1303
2741	28 1276
2742	28 1258
2743	31 1237
2744	31 1220
2745	33 1197
2746	33 1171
2747	34 1148
2748	34 1118
2749	34 1103
2750	34 1102
2751	35 1084
2752	35 1066
2753	35 1058
2754	36 1033
2755	36 1014
2756	37 1015
2757	38 1001
2758	38 991
2759	38 978
2760	38 964
2761	39 956
2762	39 938
2763	39 931
2764	39 918
2765	40 910
2766	41 906
2767	42 902
2768	43 893
2769	44 884
2770	44 876
2771	45 866
2772	45 856
2773	45 846
2774	46 836
2775	46 832
2776	47 825
2777	47 817
2778	47 816
2779	49 811
2780	49 813
2781	49 807
2782	50 803
2783	51 800
2784	52 796
2785	52 797
2786	52 787
2787	54 787
2788	55 788
2789	55 784
2790	55 786
2791	55 778
2792	56 769
2793	57 760
2794	59 755
2795	58 749
2796	58 747
2797	58 746
2798	58 742
2799	60 742
2800	62 737
2801	63 735
2802	64 731
2803	65 727
2804	63 728
2805	64 725
2806	65 727
2807	66 726
2808	67 722
2809	67 720
2810	67 720
2811	66 722
2812	65 721
2813	65 721
2814	65 724
2815	65 719
2816	65 714
2817	66 712
2818	67 714
2819	65 716
2820	65 712
2821	65 713
2822	65 709
2823	65 708
2824	64 700
2825	65 703
2826	65 699
2827	65 697
2828	65 691
2829	65 691
2830	65 688
2831	65 688
2832	66 680
2833	66 675
2834	66 670
2835	66 667
2836	66 665
2837	66 662
2838	66 666
2839	66 664
2840	65 660
2841	65 658
2842	65 659
2843	65 656
2844	65 659
2845	65 652
2846	66 646
2847	67 647
2848	67 644
2849	67 641
2850	65 642
2851	66 638
2852	65 642
2853	65 642
2854	64 643
2855	63 641
2856	64 641
2857	64 639
2858	64 637
2859	63 637
2860	64 623
2861	64 619
2862	63 619
2863	63 618
2864	64 617
2865	64 613
2866	64 615
2867	65 614
2868	65 609
2869	65 603
2870	64 603
2871	65 599
2872	64 599
2873	64 598
2874	65 600
2875	65 600
2876	65 598
2877	65 592
2878	65 584
2879	65 581
2880	64 580
2881	64 576
2882	64 566
2883	64 565
2884	65 562
2885	65 558
2886	65 554
2887	66 546
2888	66 541
2889	65 536
2890	65 530
2891	65 524
2892	65 524
2893	65 523
2894	64 518
2895	64 517
2896	64 510
2897	64 507
2898	64 504
2899	64 504
2900	64 500
2901	64 499
2902	65 487
2903	64 487
2904	64 487
2905	64 484
2906	65 483
2907	65 483
2908	65 476
2909	65 471
2910	66 470
2911	66 465
2912	66 465
2913	68 461
2914	68 459
2915	70 460
2916	70 455
2917	70 452
2918	70 447
2919	70 436
2920	70 437
2921	70 435
2922	70 434
2923	70 431
2924	71 431
2925	71 429
2926	71 426
2927	71 420
2928	71 420
2929	71 420
2930	71 416
2931	71 415
2932	72 411
2933	72 410
2934	72 407
2935	72 403
2936	72 402
2937	72 403
2938	72 403
2939	73 398
2940	73 393
2941	73 390
2942	72 388
2943	72 387
2944	72 386
2945	72 386
2946	74 389
2947	74 388
2948	74 386
2949	74 385
2950	74 390
2951	74 390
2952	74 393
2953	74 390
2954	74 392
2955	74 389
2956	74 386
2957	74 388
2958	74 385
2959	73 385
2960	73 387
2961	74 386
2962	74 386
2963	75 383
2964	75 381
2965	75 381
2966	75 379
2967	75 378
2968	75 381
2969	77 379
2970	77 376
2971	77 377
2972	77 375
2973	76 376
2974	76 375
2975	76 374
2976	76 375
2977	76 373
2978	76 373
2979	76 377
2980	76 375
2981	76 373
2982	77 375
2983	77 376
2984	78 377
2985	78 379
2986	78 376
2987	78 376
2988	78 376
2989	78 375
2990	79 374
2991	79 375
2992	79 376
2993	79 379
2994	77 377
2995	77 378
2996	77 377
2997	77 377
2998	77 381
2999	77 381
3000	77 381
3001	78 382
3002	78 382
3003	78 384
3004	78 382
3005	79 381
3006	79 381
3007	79 378
3008	79 377
3009	80 378
3010	80 380
3011	80 377
3012	80 374
3013	80 374
3014	80 373
3015	80 374
3016	80 373
3017	80 377
3018	80 371
3019	81 368
3020	81 371
3021	81 372
3022	81 371
3023	81 368
3024	81 366
3025	79 363
3026	79 361
3027	79 362
3028	79 366
3029	79 370
3030	79 369
3031	79 371
3032	79 372
3033	78 373
3034	79 376
3035	76 377
3036	76 376
3037	76 378
3038	75 381
3039	75 387
3040	75 386
3041	75 385
3042	75 386
3043	74 393
3044	73 398
3045	71 398
3046	70 404
3047	71 405
3048	69 408
3049	69 417
3050	69 420
3051	69 420
3052	69 423
3053	68 424
3054	69 425
3055	68 426
3056	68 432
3057	68 435
3058	68 434
3059	67 436
3060	68 436
3061	68 436
3062	68 433
3063	67 437
3064	67 443
3065	67 446
3066	67 447
3067	67 449
3068	67 454
3069	67 457
3070	68 464
3071	68 468
3072	67 470
3073	67 477
3074	67 477
3075	67 480
3076	67 485
3077	67 488
3078	66 490
3079	66 491
3080	66 492
3081	67 495
3082	66 496
3083	65 500
3084	65 503
3085	65 502
3086	65 502
3087	63 509
3088	64 508
3089	63 514
3090	63 513
3091	63 521
3092	61 527
3093	62 531
3094	62 540
3095	62 539
3096	62 543
3097	61 555
3098	58 558
3099	58 570
3100	58 580
3101	58 590
3102	57 596
3103	56 608
3104	57 612
3105	57 619
3106	56 627
3107	53 641
3108	53 649
3109	53 661
3110	53 667
3111	53 678
3112	53 680
3113	53 688
3114	53 693
3115	52 709
3116	52 716
3117	52 719
3118	52 728
3119	53 735
3120	52 751
3121	52 765
3122	52 778
3123	51 786
3124	53 809
3125	52 823
3126	51 841
3127	50 855
3128	49 861
3129	49 878
3130	49 887
3131	49 897
3132	49 912
3133	48 933
3134	48 951
3135	51 962
3136	51 975
3137	51 993
3138	50 1016
3139	47 1038
3140	47 1051
3141	47 1069
3142	46 1084
3143	45 1115
3144	45 1140
3145	44 1167
3146	45 1182
3147	46 1198
3148	43 1213
3149	43 1245
3150	43 1269
3151	45 1282
3152	43 1305
3153	43 1320
3154	45 1342
3155	44 1363
3156	45 1380
3157	43 1391
3158	42 1402
3159	42 1424
3160	42 1441
3161	42 1455
3162	43 1481
3163	41 1491
3164	41 1512
3165	41 1526
3166	41 1548
3167	41 1564
3168	41 1576
3169	40 1588
3170	41 1606
3171	41 1629
3172	40 1645
3173	40 1656
3174	40 1666
3175	40 1685
3176	40 1696
3177	40 1714
3178	40 1725
3179	40 1749
3180	40 1761
3181	40 1772
3182	40 1785
3183	40 1802
3184	41 1820
3185	41 1837
3186	39 1861
3187	39 1879
3188	39 1892
3189	39 1915
3190	39 1938
3191	39 1953
3192	39 1971
3193	39 1990
3194	38 2009
3195	38 2014
3196	36 2031
3197	35 2051
3198	34 2060
3199	34 2074
3200	34 2097
3201	34 2102
3202	34 2121
3203	34 2157
3204	34 2178
3205	34 2206
3206	34 2231
3207	34 2247
3208	33 2263
3209	33 2281
3210	32 2306
3211	32 2338
3212	32 2355
3213	32 2381
3214	31 2415
3215	31 2438
3216	31 2470
3217	31 2500
3218	31 2527
3219	31 2552
3220	30 2572
3221	30 2609
3222	30 2637
3223	30 2664
3224	30 2675
3225	30 2714
3226	30 2728
3227	30 2750
3228	30 2777
3229	28 2794
3230	28 2821
3231	28 2838
3232	28 2866
3233	28 2880
3234	27 2897
3235	27 2918
3236	27 2940
3237	27 2954
3238	27 2982
3239	28 3000
3240	28 3017
3241	29 3026
3242	29 3046
3243	29 3064
3244	29 3093
3245	29 3102
3246	29 3114
3247	29 3136
3248	29 3149
3249	29 3158
3250	29 3173
3251	29 3190
3252	29 3197
3253	29 3214
3254	29 3229
3255	29 3225
3256	29 3242
3257	29 3252
3258	29 3261
3259	28 3269
3260	28 3282
3261	28 3293
3262	28 3318
3263	28 3326
3264	29 3350
3265	29 3355
3266	28 3376
3267	29 3387
3268	29 3395
3269	29 3409
3270	29 3436
3271	28 3467
3272	28 3475
3273	28 3491
3274	27 3525
3275	27 3541
3276	27 3558
3277	27 3572
3278	27 3596
3279	28 3607
3280	28 3631
3281	28 3645
3282	28 3662
3283	28 3688
3284	28 3709
3285	28 3709
3286	28 3711
3287	28 3732
3288	28 3738
3289	28 3731
3290	28 3729
3291	28 3736
3292	28 3752
3293	28 3752
3294	28 3760
3295	28 3749
3296	27 3736
3297	27 3726
3298	27 3724
3299	27 3731
3300	27 3733
3301	27 3714
3302	27 3702
3303	27 3710
3304	27 3692
3305	28 3684
3306	28 3677
3307	28 3668
3308	28 3660
3309	28 3658
3310	28 3662
3311	28 3648
3312	28 3635
3313	28 3634
3314	28 3621
3315	28 3624
3316	28 3607
3317	28 3604
3318	28 3589
3319	28 3580
3320	28 3581
3321	28 3576
3322	28 3560
3323	28 3542
3324	28 3533
3325	28 3531
3326	28 3528
3327	28 3518
3328	28 3519
3329	28 3513
3330	28 3510
3331	28 3493
3332	28 3490
3333	28 3482
3334	28 3481
3335	28 3466
3336	28 3458
3337	28 3446
3338	28 3431
3339	28 3420
3340	28 3413
3341	28 3400
3342	28 3378
3343	28 3363
3344	28 3350
3345	28 3341
3346	28 3328
3347	28 3321
3348	29 3304
3349	29 3280
3350	29 3266
3351	29 3251
3352	29 3229
3353	29 3217
3354	29 3200
3355	29 3167
3356	29 3148
3357	29 3121
3358	29 3094
3359	30 3075
3360	30 3057
3361	30 3046
3362	30 3033
3363	30 3001
3364	30 2986
3365	30 2966
3366	30 2947
3367	30 2926
3368	30 2896
3369	30 2872
3370	30 2847
3371	30 2826
3372	30 2803
3373	30 2767
3374	30 2739
3375	30 2710
3376	30 2708
3377	30 2662
3378	30 2649
3379	32 2626
3380	32 2597
3381	32 2584
3382	32 2555
3383	32 2544
3384	32 2514
3385	32 2495
3386	32 2482
3387	33 2457
3388	34 2432
3389	34 2419
3390	34 2393
3391	35 2373
3392	35 2351
3393	34 2336
3394	34 2317
3395	34 2294
3396	35 2259
3397	35 2247
3398	36 2227
3399	36 2203
3400	36 2189
3401	36 2170
3402	36 2146
3403	37 2121
3404	37 2103
3405	37 2080
3406	37 2052
3407	37 2043
3408	37 2018
3409	37 2003
3410	37 1980
3411	37 1958
3412	37 1937
3413	37 1910
3414	37 1879
3415	37 1860
3416	37 1832
3417	37 1818
3418	38 1786
3419	38 1760
3420	38 1743
3421	38 1722
3422	38 1685
3423	38 1645
3424	38 1617
3425	38 1585
3426	38 1539
3427	38 1508
3428	38 1470
3429	38 1439
3430	38 1394
