1000 0.9
11	100 1
12	100 1
13	100 1
14	100 1
15	100 1
16	100 1
17	100 1
18	100 1
19	100 1
20	100 1
21	100 1
22	100 1
23	100 1
24	100 1
25	100 1
26	100 1
27	100 1
28	100 1
29	100 1
30	100 1
31	100 1
32	100 1
33	100 1
34	100 1
35	100 1
36	100 1
37	100 1
38	100 1
39	100 1
40	100 1
41	100 1
42	100 1
43	100 1
44	100 1
45	100 1
46	100 1
47	100 1
48	100 1
49	100 1
50	100 1
51	100 1
52	100 1
53	100 1
54	100 1
55	100 2
56	100 2
57	100 3
58	100 3
59	100 4
60	100 5
61	100 7
62	100 7
63	100 7
64	100 7
65	100 7
66	100 8
67	100 8
68	100 8
69	100 12
70	100 14
71	100 20
72	96 30
73	83 117
74	75 634
75	48 724
76	39 1279
77	33 1715
78	28 2229
79	25 2623
80	24 2963
81	23 3176
82	20 3350
83	24 3567
84	19 3761
85	20 3875
86	26 3570
87	27 3665
88	27 3222
89	28 2996
90	35 2650
91	33 2521
92	36 2415
93	34 2470
94	40 2489
95	39 2520
96	50 2470
97	47 2505
98	52 2578
99	48 2714
100	51 2940
101	46 2959
102	46 2978
103	47 2992
104	45 3067
105	44 3091
106	47 3199
107	49 3106
108	49 3135
109	46 3094
110	49 3103
111	43 3034
112	43 2970
113	46 3014
114	44 2988
115	42 2931
116	44 2932
117	43 2869
118	40 2850
119	43 2950
120	40 2983
121	43 2960
122	43 2847
123	45 2871
124	45 2840
125	47 2827
126	49 2854
127	51 2797
128	55 2709
129	54 2642
130	55 2593
131	57 2610
132	54 2664
133	59 2688
134	57 2782
135	56 2795
136	54 2718
137	53 2726
138	54 2843
139	54 2927
140	50 3021
141	48 3060
142	47 2919
143	47 2788
144	51 2769
145	52 2857
146	50 2887
147	46 2835
148	45 2860
149	45 2814
150	50 2752
151	47 2641
152	46 2560
153	42 2501
154	40 2464
155	39 2446
156	40 2395
157	42 2226
158	38 2054
159	38 2028
160	38 1935
161	39 1793
162	42 1704
163	41 1634
164	39 1514
165	44 1490
166	45 1518
167	45 1480
168	45 1377
169	43 1314
170	46 1258
171	45 1186
172	48 1174
173	45 1148
174	49 1063
175	48 1013
176	42 967
177	45 889
178	45 829
179	44 772
180	45 731
181	48 667
182	50 622
183	47 532
184	49 470
185	49 439
186	50 401
187	49 373
188	49 354
189	50 327
190	53 312
191	53 295
192	57 281
193	56 291
194	56 281
195	58 256
196	60 258
197	63 253
198	68 242
199	66 240
200	67 241
201	68 240
202	67 224
203	69 221
204	70 214
205	67 215
206	66 210
207	66 225
208	66 213
209	66 211
210	68 224
211	70 243
212	70 244
213	71 237
214	69 251
215	68 243
216	68 262
217	67 245
218	68 265
219	67 256
220	71 257
221	68 257
222	68 256
223	67 260
224	67 270
225	66 307
226	65 302
227	65 307
228	67 319
229	64 326
230	61 306
231	61 318
232	62 331
233	60 338
234	63 341
235	64 337
236	66 344
237	62 301
238	58 304
239	61 307
240	62 283
241	64 286
242	63 292
243	66 287
244	69 282
245	67 282
246	72 282
247	74 277
248	75 268
249	75 271
250	76 293
251	71 296
252	69 298
253	68 282
254	67 278
255	68 270
256	69 290
257	69 283
258	70 266
259	68 267
260	66 268
261	66 286
262	66 263
263	71 259
264	67 256
265	68 258
266	67 263
267	64 273
268	61 240
269	59 245
270	61 241
271	59 227
272	59 217
273	61 192
274	57 196
275	59 181
276	57 179
277	61 184
278	67 173
279	69 161
280	72 164
281	71 160
282	69 163
283	71 167
284	70 169
285	69 168
286	68 150
287	68 155
288	68 150
289	68 145
290	67 142
291	64 141
292	62 145
293	61 148
294	65 143
295	66 138
296	65 128
297	67 130
298	64 139
299	63 152
300	63 154
301	67 152
302	72 152
303	74 160
304	73 174
305	60 170
306	56 177
307	58 177
308	57 179
309	56 171
310	56 168
311	53 146
312	54 142
313	54 144
314	55 142
315	56 131
316	58 101
317	62 96
318	65 82
319	66 74
320	69 72
321	71 74
322	75 75
323	81 74
324	80 66
325	83 65
326	82 63
327	83 61
328	84 62
329	83 66
330	82 74
331	85 78
332	83 83
333	83 82
334	86 81
335	85 92
336	87 103
337	82 102
338	82 112
339	81 107
340	80 109
341	81 106
342	76 103
343	76 112
344	78 105
345	78 105
346	77 103
347	81 91
348	81 85
349	81 87
350	81 76
351	81 79
352	81 73
353	81 78
354	79 71
355	80 61
356	79 62
357	77 63
358	81 72
359	81 71
360	79 70
361	79 66
362	80 73
363	80 72
364	80 72
365	79 66
366	80 72
367	80 75
368	79 74
369	80 74
370	82 67
371	83 66
372	83 75
373	83 73
374	83 66
375	82 76
376	85 80
377	85 84
378	84 73
379	85 71
380	86 75
381	86 72
382	85 71
383	85 71
384	85 66
385	87 68
386	87 72
387	88 65
388	88 59
389	88 57
390	88 57
391	88 61
392	87 58
393	89 57
394	86 60
395	86 62
396	87 57
397	87 51
398	87 55
399	84 59
400	84 64
401	86 71
402	83 78
403	81 77
404	81 77
405	83 88
406	82 85
407	82 88
408	84 90
409	85 95
410	83 91
411	83 90
412	83 88
413	85 82
414	83 80
415	83 73
416	83 72
417	84 68
418	81 71
419	81 69
420	81 66
421	82 67
422	83 67
423	83 71
424	83 71
425	83 69
426	83 73
427	84 79
428	84 82
429	84 80
430	84 73
431	84 69
432	84 72
433	84 67
434	84 63
435	86 56
436	86 52
437	84 55
438	84 43
439	84 40
440	84 34
441	85 29
442	85 32
443	86 32
444	87 31
445	91 33
446	89 34
447	87 32
448	87 29
449	88 26
450	88 29
451	93 25
452	93 27
453	92 26
454	90 26
455	89 28
456	89 30
457	89 27
458	89 29
459	89 27
460	89 28
461	89 34
462	89 34
463	88 39
464	88 41
465	87 44
466	87 41
467	87 39
468	87 37
469	88 36
470	90 35
471	91 36
472	91 37
473	89 34
474	86 35
475	87 33
476	90 29
477	90 27
478	92 29
479	93 32
480	93 31
481	91 34
482	88 36
483	86 38
484	88 41
485	88 40
486	87 38
487	87 40
488	83 45
489	82 46
490	82 47
491	82 50
492	84 58
493	87 64
494	86 69
495	87 70
496	87 66
497	85 79
498	84 82
499	85 93
500	85 92
501	86 106
502	86 115
503	83 115
504	84 114
505	83 123
506	82 132
507	82 136
508	82 147
509	79 143
510	79 144
511	80 134
512	82 135
513	82 126
514	81 121
515	82 127
516	83 129
517	84 118
518	85 105
519	84 106
520	84 105
521	85 102
522	86 104
523	84 118
524	80 364
525	66 568
526	63 599
527	59 811
528	60 1001
529	48 1340
530	48 1510
531	52 1770
532	55 1980
533	48 2035
534	51 2283
535	49 2571
536	49 2546
537	49 2610
538	51 2970
539	46 2844
540	46 3112
541	49 3224
542	47 3437
543	47 3511
544	43 3590
545	45 3737
546	45 3667
547	52 3562
548	50 3495
549	42 3454
550	41 3312
551	39 3423
552	42 3235
553	41 3034
554	45 2776
555	41 2653
556	43 2675
557	42 2771
558	48 2933
559	38 3189
560	37 3491
561	36 3433
562	36 3812
563	28 4150
564	33 4492
565	31 4751
566	27 4978
567	33 5082
568	36 5042
569	30 5059
570	33 4986
571	37 4761
572	29 4563
573	33 4507
574	32 4044
575	32 3731
576	33 3291
577	30 2951
578	28 2850
579	27 2696
580	31 2628
581	31 2487
582	32 2413
583	33 2420
584	32 2399
585	36 2457
586	32 2497
587	33 2357
588	35 2367
589	35 2483
590	33 2512
591	39 2538
592	34 2548
593	32 2445
594	33 2417
595	38 2376
596	32 2323
597	35 2313
598	32 2274
599	30 2288
600	30 2250
601	35 2192
602	33 2102
603	27 2069
604	27 2062
605	28 2126
606	31 2064
607	31 2085
608	32 2097
609	33 2006
610	33 2023
611	32 2023
612	32 2001
613	33 1940
614	32 1888
615	35 1825
616	38 1779
617	37 1777
618	32 1789
619	31 1758
620	33 1708
621	35 1765
622	32 1749
623	32 1800
624	26 1866
625	36 1868
626	38 1899
627	35 1948
628	30 1973
629	35 1999
630	36 2026
631	31 1972
632	35 1988
633	33 1944
634	39 1932
635	33 1950
636	39 1946
637	34 1943
638	36 1923
639	35 1911
640	38 1925
641	38 1977
642	29 2010
643	33 2092
644	36 2174
645	39 2266
646	33 2313
647	32 2296
648	32 2277
649	31 2271
650	33 2321
651	31 2346
652	33 2329
653	34 2282
654	34 2239
655	25 2220
656	25 2162
657	33 2088
658	34 2127
659	27 2115
660	26 2105
661	33 2109
662	32 2065
663	38 2047
664	27 2055
665	31 2058
666	38 2055
667	37 2001
668	38 1979
669	39 1980
670	37 1864
671	39 1851
672	40 1864
673	45 1840
674	35 1844
675	36 1891
676	39 1884
677	30 1892
678	25 1892
679	30 1941
680	32 1950
681	27 1938
682	33 1961
683	30 1944
684	33 1979
685	30 2009
686	31 2000
687	38 1958
688	38 1975
689	36 1960
690	37 1968
691	31 1966
692	34 1963
693	32 2003
694	30 2062
695	31 2044
696	30 1989
697	38 2019
698	45 2020
699	37 2017
700	32 1996
701	31 2010
702	30 2004
703	31 2011
704	31 2035
705	35 2038
706	33 2104
707	35 2212
708	28 2261
709	33 2291
710	30 2306
711	28 2287
712	29 2333
713	31 2371
714	31 2354
715	30 2378
716	27 2396
717	27 2348
718	25 2264
719	25 2173
720	25 2088
721	26 2025
722	26 1997
723	29 2014
724	29 1985
725	28 1971
726	27 2003
727	27 1912
728	32 1845
729	31 1834
730	33 1765
731	29 1735
732	31 1723
733	28 1669
734	31 1671
735	29 1674
736	34 1621
737	33 1579
738	33 1522
739	36 1556
740	35 1548
741	36 1547
742	33 1607
743	36 1646
744	40 1685
745	40 1739
746	34 1725
747	32 1723
748	33 1762
749	37 1774
750	35 1757
751	37 1732
752	37 1728
753	33 1715
754	31 1677
755	31 1645
756	31 1613
757	30 1605
758	35 1589
759	32 1546
760	36 1451
761	32 1390
762	30 1379
763	30 1370
764	32 1310
765	35 1313
766	38 1291
767	33 1255
768	34 1238
769	37 1180
770	45 1179
771	39 1163
772	40 1216
773	41 1274
774	43 1296
775	40 1301
776	31 1316
777	33 1316
778	35 1347
779	36 1361
780	38 1386
781	38 1410
782	38 1442
783	36 1460
784	37 1442
785	33 1401
786	29 1426
787	36 1443
788	35 1505
789	40 1491
790	39 1489
791	32 1549
792	32 1546
793	31 1574
794	33 1561
795	31 1612
796	31 1625
797	33 1622
798	34 1584
799	37 1583
800	39 1539
801	41 1563
802	40 1538
803	43 1489
804	37 1514
805	39 1508
806	40 1526
807	42 1488
808	38 1525
809	40 1519
810	38 1529
811	37 1533
812	35 1540
813	33 1555
814	33 1579
815	33 1572
816	41 1565
817	37 1536
818	37 1548
819	38 1537
820	36 1502
821	35 1523
822	35 1544
823	30 1542
824	30 1541
825	34 1547
826	32 1550
827	31 1613
828	35 1595
829	37 1596
830	32 1598
831	33 1638
832	46 1665
833	34 1689
834	36 1662
835	41 1674
836	34 1674
837	42 1643
838	37 1594
839	36 1557
840	38 1555
841	40 1559
842	45 1524
843	37 1454
844	34 1431
845	34 1374
846	33 1364
847	31 1379
848	33 1396
849	32 1459
850	34 1517
851	32 1513
852	37 1524
853	37 1560
854	39 1616
855	39 1634
856	36 1606
857	39 1642
858	34 1673
859	36 1648
860	38 1646
861	40 1591
862	38 1594
863	38 1579
864	38 1572
865	38 1519
866	40 1471
867	38 1487
868	38 1523
869	39 1507
870	38 1501
871	39 1515
872	43 1555
873	44 1555
874	39 1541
875	38 1579
876	36 1629
877	38 1663
878	39 1655
879	36 1677
880	34 1670
881	35 1698
882	39 1743
883	38 1742
884	38 1709
885	41 1721
886	40 1744
887	38 1759
888	36 1771
889	43 1781
890	42 1810
891	42 1799
892	42 1824
893	40 1814
894	39 1826
895	41 1844
896	42 1901
897	38 1904
898	38 1898
899	35 1892
900	33 1884
901	36 1900
902	36 1917
903	36 1952
904	36 1983
905	34 2053
906	34 2026
907	33 2075
908	42 2117
909	42 2168
910	37 2190
911	40 2164
912	41 2172
913	37 2147
914	31 2102
915	31 2085
916	32 2065
917	31 1969
918	34 1926
919	30 1850
920	35 1719
921	32 1661
922	32 1582
923	31 1518
924	38 1402
925	38 1352
926	33 1324
927	38 1246
928	36 1146
929	30 1085
930	32 995
931	36 937
932	39 878
933	40 793
934	45 748
935	44 718
936	39 698
937	40 649
938	37 584
939	38 532
940	39 497
941	40 473
942	39 467
943	39 418
944	40 383
945	40 359
946	46 335
947	53 310
948	51 281
949	48 272
950	53 252
951	50 250
952	50 234
953	46 224
954	51 209
955	55 209
956	55 210
957	56 197
958	55 194
959	55 189
960	54 185
961	55 178
962	50 183
963	50 172
964	47 189
965	51 187
966	54 186
967	53 188
968	56 189
969	52 193
970	50 199
971	44 207
972	46 211
973	43 214
974	44 208
975	44 206
976	47 190
977	43 191
978	48 189
979	46 186
980	48 186
981	49 183
982	55 178
983	50 174
984	48 165
985	45 162
986	47 160
987	47 158
988	46 162
989	47 162
990	54 166
991	55 166
992	56 156
993	57 159
994	57 162
995	59 154
996	58 158
997	61 164
998	61 167
999	62 172
1000	66 171
1001	67 174
1002	67 173
1003	66 171
1004	67 174
1005	62 178
1006	61 182
1007	63 181
1008	61 187
1009	62 174
1010	65 172
1011	60 171
1012	57 173
1013	58 174
1014	57 178
1015	56 183
1016	56 179
1017	54 184
1018	57 184
1019	61 183
1020	63 180
1021	50 188
1022	49 190
1023	50 201
1024	43 196
1025	48 191
1026	48 200
1027	46 199
1028	45 198
1029	44 190
1030	45 186
1031	48 190
1032	55 181
1033	47 179
1034	47 172
1035	46 167
1036	44 165
1037	46 158
1038	49 155
1039	51 147
1040	50 152
1041	50 153
1042	57 148
1043	56 140
1044	55 142
1045	53 142
1046	53 144
1047	55 149
1048	55 149
1049	54 161
1050	57 154
1051	56 153
1052	58 152
1053	60 150
1054	65 149
1055	65 151
1056	68 148
1057	65 146
1058	64 158
1059	62 148
1060	60 140
1061	63 136
1062	63 133
1063	64 140
1064	64 141
1065	63 142
1066	59 144
1067	61 150
1068	58 163
1069	55 170
1070	56 164
1071	60 164
1072	58 168
1073	58 167
1074	53 180
1075	52 181
1076	44 179
1077	49 179
1078	49 190
1079	47 191
1080	45 184
1081	45 188
1082	45 184
1083	46 193
1084	46 192
1085	43 197
1086	43 185
1087	47 176
1088	45 178
1089	45 176
1090	46 168
1091	49 166
1092	48 163
1093	50 145
1094	52 145
1095	53 140
1096	54 143
1097	54 143
1098	53 144
1099	52 150
1100	54 139
1101	53 141
1102	52 139
1103	52 134
1104	55 136
1105	56 144
1106	56 134
1107	57 123
1108	59 117
1109	60 111
1110	62 107
1111	61 106
1112	62 114
1113	61 113
1114	65 114
1115	68 117
1116	61 112
1117	62 114
1118	63 123
1119	63 126
1120	61 126
1121	61 122
1122	60 128
1123	65 116
1124	63 111
1125	61 104
1126	64 103
1127	68 102
1128	69 102
1129	69 98
1130	68 104
1131	70 107
1132	69 104
1133	66 112
1134	66 113
1135	68 125
1136	68 126
1137	65 130
1138	63 137
1139	64 135
1140	60 139
1141	62 135
1142	63 127
1143	64 123
1144	63 128
1145	67 129
1146	66 126
1147	63 130
1148	62 132
1149	63 130
1150	63 136
1151	59 147
1152	55 141
1153	54 156
1154	57 170
1155	55 176
1156	57 182
1157	56 185
1158	59 189
1159	59 188
1160	59 196
1161	59 210
1162	59 206
1163	55 207
1164	57 215
1165	60 203
1166	59 201
1167	60 195
1168	60 187
1169	63 183
1170	60 176
1171	61 173
1172	60 168
1173	59 155
1174	62 152
1175	61 143
1176	64 140
1177	63 135
1178	63 133
1179	64 145
1180	63 148
1181	63 148
1182	64 152
1183	68 159
1184	68 152
1185	68 154
1186	69 157
1187	69 153
1188	66 152
1189	68 163
1190	71 157
1191	68 151
1192	69 144
1193	70 137
1194	67 142
1195	67 137
1196	64 143
1197	64 147
1198	65 142
1199	61 155
1200	62 150
1201	60 142
1202	62 140
1203	62 135
1204	63 142
1205	67 146
1206	68 137
1207	68 136
1208	70 134
1209	69 129
1210	69 119
1211	73 111
1212	74 113
1213	72 114
1214	72 115
1215	73 116
1216	72 114
1217	71 119
1218	73 121
1219	70 122
1220	73 124
1221	76 126
1222	75 128
1223	73 126
1224	74 127
1225	74 119
1226	71 121
1227	74 136
1228	73 134
1229	76 129
1230	77 129
1231	74 134
1232	77 130
1233	76 127
1234	76 129
1235	76 132
1236	75 126
1237	74 132
1238	73 128
1239	72 115
1240	75 115
1241	73 112
1242	71 109
1243	72 108
1244	72 111
1245	73 118
1246	74 119
1247	76 113
1248	77 113
1249	76 113
1250	74 118
1251	75 127
1252	77 125
1253	73 125
1254	69 124
1255	66 117
1256	64 129
1257	64 128
1258	61 131
1259	62 137
1260	62 150
1261	64 157
1262	67 155
1263	66 156
1264	66 165
1265	64 176
1266	65 177
1267	65 199
1268	67 196
1269	65 190
1270	61 193
1271	61 202
1272	62 191
1273	61 191
1274	61 191
1275	62 190
1276	62 194
1277	62 188
1278	64 195
1279	65 176
1280	64 161
1281	62 170
1282	63 174
1283	64 171
1284	63 177
1285	63 184
1286	64 180
1287	64 173
1288	60 172
1289	58 167
1290	58 165
1291	60 164
1292	60 171
1293	62 157
1294	63 154
1295	64 145
1296	64 148
1297	64 140
1298	62 142
1299	61 139
1300	63 138
1301	62 141
1302	60 141
1303	60 139
1304	59 142
1305	56 151
1306	56 142
1307	60 147
1308	63 142
1309	66 144
1310	62 149
1311	64 150
1312	65 149
1313	65 142
1314	64 137
1315	66 138
1316	65 141
1317	67 143
1318	67 143
1319	65 144
1320	65 144
1321	71 139
1322	72 143
1323	69 145
1324	68 142
1325	65 143
1326	66 141
1327	68 146
1328	70 143
1329	74 133
1330	73 138
1331	73 136
1332	70 138
1333	67 140
1334	67 134
1335	69 139
1336	69 134
1337	69 142
1338	70 148
1339	70 138
1340	71 140
1341	73 138
1342	72 139
1343	72 132
1344	70 126
1345	68 122
1346	76 124
1347	75 119
1348	75 119
1349	77 110
1350	73 106
1351	72 110
1352	71 110
1353	71 112
1354	69 110
1355	71 114
1356	75 114
1357	74 112
1358	72 112
1359	72 112
1360	71 110
1361	74 108
1362	78 103
1363	78 99
1364	79 89
1365	79 86
1366	78 86
1367	75 86
1368	74 87
1369	75 88
1370	72 80
1371	70 85
1372	71 88
1373	77 97
1374	77 102
1375	77 109
1376	74 116
1377	74 124
1378	72 129
1379	75 128
1380	75 130
1381	70 134
1382	70 141
1383	69 138
1384	69 143
1385	68 145
1386	65 148
1387	65 150
1388	63 147
1389	66 145
1390	65 150
1391	63 154
1392	62 185
1393	60 186
1394	62 193
1395	56 210
1396	58 212
1397	59 218
1398	58 228
1399	53 238
1400	48 241
1401	47 258
1402	47 252
1403	48 245
1404	46 228
1405	48 235
1406	46 235
1407	48 229
1408	50 239
1409	53 259
1410	54 261
1411	52 256
1412	50 280
1413	48 300
1414	46 336
1415	38 372
1416	43 388
1417	42 417
1418	45 455
1419	47 498
1420	43 530
1421	41 539
1422	37 603
1423	39 690
1424	34 751
1425	38 808
1426	35 825
1427	42 866
1428	39 940
1429	41 1056
1430	40 1119
1431	42 1135
1432	39 1203
1433	53 1253
1434	48 1265
1435	54 1296
1436	48 1306
1437	55 1337
1438	47 1374
1439	40 1413
1440	38 1433
1441	48 1400
1442	43 1392
1443	46 1452
1444	39 1445
1445	44 1465
1446	35 1480
1447	32 1457
1448	35 1462
1449	38 1449
1450	38 1475
1451	38 1461
1452	37 1474
1453	35 1444
1454	32 1445
1455	41 1433
1456	47 1436
1457	34 1445
1458	33 1471
1459	32 1456
1460	33 1478
1461	36 1509
1462	41 1527
1463	41 1574
1464	36 1571
1465	42 1607
1466	37 1618
1467	41 1650
1468	33 1660
1469	34 1668
1470	37 1670
1471	32 1730
1472	27 1718
1473	28 1713
1474	28 1727
1475	30 1720
1476	32 1751
1477	28 1796
1478	27 1803
1479	33 1814
1480	34 1819
1481	33 1803
1482	31 1811
1483	30 1809
1484	27 1869
1485	34 1856
1486	33 1831
1487	36 1823
1488	29 1837
1489	33 1825
1490	29 1851
1491	31 1809
1492	26 1826
1493	28 1851
1494	28 1860
1495	26 1878
1496	23 1873
1497	31 1894
1498	26 1930
1499	29 1940
1500	28 1918
1501	27 1934
1502	22 1968
1503	26 2036
1504	25 2058
1505	28 2092
1506	25 2090
1507	33 2081
1508	24 2080
1509	29 2108
1510	28 2141
1511	24 2155
1512	24 2174
1513	24 2142
1514	24 2124
1515	22 2082
1516	22 2042
1517	19 2001
1518	25 1981
1519	21 1932
1520	20 1909
1521	20 1857
1522	19 1776
1523	17 1734
1524	17 1675
1525	19 1634
1526	21 1618
1527	24 1627
1528	20 1599
1529	21 1554
1530	21 1512
1531	19 1497
1532	21 1474
1533	20 1474
1534	16 1464
1535	18 1456
1536	19 1438
1537	19 1455
1538	20 1424
1539	22 1375
1540	18 1365
1541	17 1384
1542	19 1392
1543	22 1403
1544	20 1417
1545	30 1420
1546	23 1426
1547	21 1435
1548	19 1455
1549	19 1449
1550	26 1461
1551	21 1474
1552	24 1497
1553	22 1507
1554	23 1534
1555	20 1553
1556	17 1559
1557	19 1567
1558	19 1552
1559	19 1559
1560	18 1551
1561	18 1562
1562	18 1583
1563	16 1569
1564	18 1568
1565	22 1549
1566	19 1597
1567	18 1605
1568	23 1596
1569	24 1611
1570	20 1658
1571	24 1662
1572	17 1699
1573	18 1711
1574	19 1702
1575	18 1726
1576	23 1765
1577	15 1805
1578	19 1757
1579	20 1750
1580	16 1759
1581	13 1742
1582	14 1712
1583	15 1731
1584	17 1690
1585	16 1669
1586	16 1629
1587	15 1654
1588	15 1589
1589	14 1567
1590	14 1590
1591	16 1549
1592	19 1545
1593	15 1548
1594	17 1591
1595	12 1581
1596	15 1593
1597	11 1590
1598	13 1624
1599	14 1599
1600	16 1586
1601	12 1578
1602	19 1526
1603	23 1539
1604	18 1506
1605	19 1459
1606	16 1406
1607	13 1364
1608	12 1363
1609	13 1325
1610	13 1325
1611	21 1317
1612	16 1338
1613	20 1337
1614	22 1347
1615	17 1342
1616	20 1369
1617	23 1407
1618	18 1407
1619	24 1438
1620	27 1444
1621	20 1472
1622	22 1478
1623	20 1487
1624	26 1485
1625	22 1474
1626	31 1505
1627	27 1496
1628	21 1485
1629	25 1470
1630	28 1465
1631	25 1454
1632	24 1409
1633	28 1413
1634	26 1373
1635	24 1374
1636	23 1349
1637	26 1340
1638	23 1293
1639	17 1292
1640	19 1254
1641	22 1252
1642	24 1232
1643	18 1212
1644	23 1239
1645	24 1228
1646	22 1205
1647	26 1179
1648	27 1181
1649	19 1182
1650	28 1206
1651	33 1195
1652	30 1199
1653	24 1166
1654	22 1175
1655	25 1172
1656	22 1136
1657	23 1117
1658	22 1142
1659	23 1133
1660	18 1121
1661	21 1133
1662	21 1121
1663	16 1131
1664	16 1160
1665	19 1208
1666	19 1185
1667	17 1207
1668	18 1233
1669	26 1253
1670	22 1254
1671	26 1255
1672	25 1285
1673	22 1281
1674	22 1298
1675	25 1291
1676	23 1263
1677	32 1229
1678	28 1258
1679	26 1257
1680	25 1277
1681	25 1290
1682	29 1305
1683	26 1315
1684	29 1293
1685	35 1253
1686	32 1223
1687	31 1216
1688	30 1213
1689	30 1235
1690	28 1219
1691	29 1201
1692	28 1161
1693	25 1113
1694	28 1055
1695	30 1017
1696	29 1003
1697	24 1011
1698	25 980
1699	24 968
1700	25 935
1701	25 888
1702	30 858
1703	28 829
1704	28 817
1705	32 816
1706	31 818
1707	28 818
1708	28 802
1709	25 775
1710	28 760
1711	30 742
1712	32 751
1713	31 741
1714	31 742
1715	26 728
1716	24 718
1717	24 711
1718	27 713
1719	27 718
1720	28 724
1721	31 720
1722	29 753
1723	25 753
1724	27 743
1725	32 740
1726	31 739
1727	28 748
1728	28 748
1729	27 747
1730	25 740
1731	25 718
1732	25 697
1733	24 700
1734	24 714
1735	25 717
1736	27 729
1737	25 738
1738	26 742
1739	29 740
1740	27 756
1741	28 769
1742	26 806
1743	25 833
1744	26 849
1745	27 875
1746	26 873
1747	27 907
1748	28 963
1749	26 988
1750	29 1005
1751	27 1039
1752	28 1031
1753	28 1031
1754	30 1013
1755	31 1007
1756	33 1018
1757	32 994
1758	32 984
1759	36 964
1760	37 936
1761	35 905
1762	34 884
1763	32 856
1764	33 839
1765	31 841
1766	37 846
1767	29 863
1768	32 846
1769	30 833
1770	34 810
1771	32 796
1772	30 765
1773	32 773
1774	34 747
1775	34 750
1776	36 743
1777	35 703
1778	35 673
1779	30 638
1780	34 636
1781	31 651
1782	33 657
1783	37 648
1784	37 663
1785	33 640
1786	32 635
1787	38 616
1788	34 619
1789	36 630
1790	32 649
1791	32 626
1792	35 619
1793	38 596
1794	40 583
1795	38 561
1796	36 542
1797	37 541
1798	37 533
1799	42 519
1800	44 499
1801	37 482
1802	45 458
1803	37 478
1804	38 481
1805	39 477
1806	45 472
1807	45 479
1808	50 474
1809	48 489
1810	51 497
1811	48 511
1812	44 527
1813	43 551
1814	43 588
1815	45 568
1816	41 590
1817	41 603
1818	39 618
1819	38 617
1820	37 667
1821	39 662
1822	39 701
1823	43 734
1824	42 773
1825	38 780
1826	38 784
1827	36 837
1828	35 823
1829	37 881
1830	32 934
1831	37 962
1832	36 956
1833	39 980
1834	38 998
1835	34 1010
1836	35 1000
1837	39 1021
1838	36 1032
1839	39 1008
1840	41 1033
1841	38 1004
1842	40 979
1843	41 976
1844	43 935
1845	43 922
1846	39 893
1847	37 864
1848	37 873
1849	37 832
1850	36 828
1851	40 806
1852	38 779
1853	40 763
1854	42 753
1855	40 737
1856	40 726
1857	42 723
1858	41 721
1859	44 710
1860	45 667
1861	41 663
1862	42 639
1863	42 616
1864	39 592
1865	41 562
1866	45 537
1867	44 521
1868	45 533
1869	48 509
1870	43 480
1871	46 464
1872	45 457
1873	46 439
1874	49 431
1875	50 428
1876	53 409
1877	53 408
1878	55 403
1879	52 383
1880	48 355
1881	52 340
1882	54 338
1883	56 327
1884	55 319
1885	52 313
1886	47 291
1887	45 280
1888	45 292
1889	47 278
1890	45 266
1891	45 260
1892	50 254
1893	51 247
1894	50 246
1895	48 236
1896	49 217
1897	51 208
1898	53 206
1899	52 198
1900	53 182
1901	55 179
1902	56 174
1903	58 170
1904	58 163
1905	57 152
1906	56 136
1907	55 126
1908	61 124
1909	61 123
1910	61 119
1911	63 122
1912	64 119
1913	65 114
1914	67 108
1915	66 109
1916	67 114
1917	66 114
1918	70 115
1919	63 115
1920	64 117
1921	64 111
1922	66 121
1923	65 121
1924	66 121
1925	62 123
1926	65 130
1927	61 123
1928	61 124
1929	60 125
1930	64 126
1931	60 126
1932	62 124
1933	61 128
1934	60 128
1935	57 123
1936	59 119
1937	60 118
1938	59 105
1939	59 107
1940	56 103
1941	52 108
1942	54 102
1943	53 100
1944	52 108
1945	57 105
1946	61 97
1947	62 105
1948	65 106
1949	63 107
1950	65 106
1951	64 109
1952	64 104
1953	66 97
1954	69 96
1955	69 102
1956	69 91
1957	68 91
1958	68 89
1959	67 84
1960	75 81
1961	73 78
1962	74 79
1963	75 73
1964	75 77
1965	77 77
1966	75 80
1967	77 74
1968	74 78
1969	78 80
1970	81 84
1971	78 79
1972	77 89
1973	73 93
1974	74 95
1975	74 99
1976	75 103
1977	73 108
1978	71 103
1979	70 99
1980	71 98
1981	72 97
1982	73 95
1983	72 100
1984	70 97
1985	70 95
1986	71 98
1987	69 102
1988	68 98
1989	68 93
1990	69 97
1991	66 101
1992	67 98
1993	69 94
1994	68 97
1995	67 91
1996	67 90
1997	66 94
1998	67 90
1999	65 84
2000	62 85
2001	62 89
2002	65 88
2003	63 91
2004	64 96
2005	61 99
2006	63 99
2007	62 100
2008	63 102
2009	63 99
2010	67 104
2011	67 108
2012	67 103
2013	69 104
2014	70 106
2015	74 104
2016	76 106
2017	78 108
2018	75 106
2019	75 107
2020	76 102
2021	75 105
2022	78 101
2023	82 101
2024	82 104
2025	82 101
2026	82 94
2027	81 97
2028	77 96
2029	75 97
2030	75 96
2031	72 95
2032	69 100
2033	68 94
2034	68 95
2035	71 95
2036	75 94
2037	74 98
2038	75 98
2039	75 94
2040	77 97
2041	81 90
2042	83 94
2043	83 89
2044	83 83
2045	84 82
2046	80 87
2047	79 86
2048	78 88
2049	80 90
2050	77 102
2051	77 101
2052	77 97
2053	76 96
2054	74 98
2055	71 97
2056	71 99
2057	71 100
2058	69 99
2059	69 96
2060	72 94
2061	73 87
2062	76 80
2063	77 80
2064	72 78
2065	73 78
2066	74 74
2067	72 74
2068	73 75
2069	73 83
2070	73 86
2071	76 77
2072	78 78
2073	79 75
2074	80 75
2075	81 75
2076	83 76
2077	82 81
2078	81 79
2079	80 83
2080	79 84
2081	81 79
2082	82 88
2083	82 91
2084	83 92
2085	80 95
2086	80 93
2087	77 98
2088	81 105
2089	84 99
2090	86 107
2091	87 105
2092	87 104
2093	85 108
2094	86 98
2095	83 99
2096	81 99
2097	81 104
2098	77 101
2099	79 95
2100	82 89
2101	78 90
2102	77 86
2103	78 87
2104	79 88
2105	77 83
2106	79 81
2107	83 78
2108	80 83
2109	80 73
2110	80 73
2111	81 72
2112	82 71
2113	82 72
2114	84 66
2115	84 66
2116	84 60
2117	81 65
2118	83 65
2119	84 71
2120	86 66
2121	83 67
2122	81 70
2123	81 71
2124	79 72
2125	79 73
2126	79 72
2127	80 70
2128	80 72
2129	82 67
2130	81 68
2131	81 60
2132	80 59
2133	81 58
2134	79 62
2135	79 62
2136	79 61
2137	82 59
2138	82 60
2139	84 62
2140	86 63
2141	87 65
2142	87 67
2143	89 68
2144	89 67
2145	89 68
2146	89 68
2147	87 72
2148	85 71
2149	86 67
2150	88 65
2151	87 71
2152	87 69
2153	84 72
2154	81 74
2155	81 72
2156	81 68
2157	81 65
2158	83 63
2159	82 60
2160	81 65
2161	81 66
2162	81 71
2163	82 68
2164	83 70
2165	88 75
2166	85 76
2167	86 77
2168	82 84
2169	83 87
2170	84 82
2171	84 82
2172	87 81
2173	85 83
2174	84 79
2175	84 75
2176	82 77
2177	82 66
2178	84 60
2179	83 67
2180	81 67
2181	79 67
2182	77 69
2183	77 69
2184	79 67
2185	80 66
2186	80 71
2187	78 73
2188	81 70
2189	81 70
2190	81 69
2191	81 62
2192	83 62
2193	84 58
2194	84 57
2195	86 54
2196	87 57
2197	89 56
2198	87 54
2199	90 54
2200	89 56
2201	89 55
2202	89 54
2203	87 59
2204	88 55
2205	87 57
2206	87 57
2207	89 61
2208	90 61
2209	85 61
2210	87 61
2211	87 63
2212	85 61
2213	85 61
2214	85 63
2215	83 65
2216	83 67
2217	82 65
2218	82 72
2219	85 74
2220	84 74
2221	80 76
2222	81 82
2223	79 81
2224	81 80
2225	83 86
2226	81 94
2227	84 91
2228	85 92
2229	83 99
2230	79 96
2231	75 97
2232	76 100
2233	78 104
2234	75 108
2235	72 105
2236	73 109
2237	76 112
2238	76 114
2239	78 123
2240	78 134
2241	77 132
2242	74 136
2243	71 139
2244	68 146
2245	68 153
2246	60 152
2247	60 159
2248	59 168
2249	60 165
2250	64 173
2251	62 171
2252	68 175
2253	64 188
2254	63 193
2255	62 198
2256	59 212
2257	59 214
2258	58 224
2259	59 242
2260	60 250
2261	62 263
2262	62 274
2263	60 303
2264	56 317
2265	59 323
2266	59 336
2267	64 348
2268	66 349
2269	66 354
2270	65 366
2271	56 374
2272	53 405
2273	54 431
2274	51 443
2275	55 452
2276	55 443
2277	50 457
2278	55 462
2279	51 499
2280	54 500
2281	51 531
2282	58 562
2283	49 565
2284	50 573
2285	51 575
2286	47 609
2287	49 623
2288	47 646
2289	49 668
2290	46 670
2291	50 659
2292	48 681
2293	47 672
2294	47 656
2295	48 661
2296	42 658
2297	41 654
2298	43 630
2299	41 633
2300	41 627
2301	41 616
2302	44 627
2303	40 623
2304	48 617
2305	48 652
2306	45 686
2307	42 688
2308	44 676
2309	47 672
2310	48 664
2311	55 646
2312	51 652
2313	44 651
2314	50 656
2315	49 650
2316	46 646
2317	44 616
2318	49 586
2319	47 585
2320	46 595
2321	49 589
2322	52 599
2323	45 602
2324	47 605
2325	48 580
2326	40 572
2327	42 594
2328	37 600
2329	39 609
2330	34 609
2331	34 615
2332	33 609
2333	38 625
2334	38 616
2335	38 615
2336	39 620
2337	37 655
2338	36 668
2339	38 675
2340	41 673
2341	37 674
2342	37 701
2343	37 697
2344	37 743
2345	42 742
2346	38 744
2347	36 760
2348	38 763
2349	37 759
2350	39 736
2351	42 713
2352	39 713
2353	40 715
2354	35 678
2355	37 681
2356	44 637
2357	42 642
2358	39 641
2359	36 635
2360	35 629
2361	33 639
2362	43 677
2363	39 682
2364	42 698
2365	43 701
2366	42 726
2367	39 741
2368	40 744
2369	38 731
2370	37 716
2371	40 712
2372	38 722
2373	37 712
2374	34 692
2375	36 690
2376	37 655
2377	37 632
2378	40 615
2379	39 620
2380	40 618
2381	40 639
2382	42 652
2383	47 651
2384	47 647
2385	44 641
2386	41 646
2387	38 641
2388	39 650
2389	35 655
2390	35 655
2391	38 654
2392	37 633
2393	37 619
2394	36 619
2395	37 611
2396	38 593
2397	37 590
2398	36 577
2399	34 586
2400	34 594
2401	35 624
2402	34 626
2403	37 618
2404	39 649
2405	39 657
2406	37 659
2407	35 672
2408	30 673
2409	32 673
2410	33 669
2411	34 700
2412	35 693
2413	33 673
2414	34 691
2415	32 698
2416	37 669
2417	42 681
2418	44 683
2419	38 690
2420	33 708
2421	33 717
2422	33 727
2423	35 687
2424	43 709
2425	39 725
2426	43 707
2427	37 708
2428	37 732
2429	40 700
2430	37 718
2431	41 726
2432	35 749
2433	39 734
2434	35 752
2435	31 760
2436	32 746
2437	33 754
2438	34 757
2439	35 765
2440	30 743
2441	33 760
2442	36 745
2443	35 723
2444	38 688
2445	38 688
2446	34 676
2447	34 682
2448	38 692
2449	44 677
2450	47 661
2451	50 642
2452	43 660
2453	39 654
2454	37 643
2455	36 617
2456	38 616
2457	40 613
2458	46 596
2459	43 576
2460	45 576
2461	43 555
2462	41 572
2463	43 589
2464	40 572
2465	44 570
2466	35 575
2467	38 598
2468	39 588
2469	38 591
2470	46 592
2471	41 593
2472	40 574
2473	43 577
2474	41 558
2475	46 534
2476	43 536
2477	44 537
2478	43 523
2479	47 517
2480	41 518
2481	45 511
2482	39 523
2483	40 533
2484	39 549
2485	39 541
2486	38 538
2487	38 540
2488	40 540
2489	39 527
2490	41 540
2491	38 535
2492	35 534
2493	33 528
2494	33 513
2495	31 490
2496	35 489
2497	38 488
2498	38 495
2499	42 498
2500	34 494
2501	34 510
2502	33 496
2503	34 487
2504	35 503
2505	38 501
2506	38 497
2507	39 502
2508	37 506
2509	36 510
2510	37 501
2511	36 500
2512	33 504
2513	32 489
2514	33 491
2515	38 506
2516	36 491
2517	35 496
2518	33 502
2519	32 501
2520	35 501
2521	33 487
2522	34 495
2523	34 485
2524	32 469
2525	30 462
2526	33 466
2527	37 469
2528	33 492
2529	37 504
2530	39 518
2531	38 523
2532	39 513
2533	38 525
2534	41 537
2535	48 545
2536	39 547
2537	37 557
2538	37 565
2539	41 560
2540	39 547
2541	39 536
2542	39 537
2543	41 539
2544	41 524
2545	43 523
2546	43 526
2547	40 528
2548	42 529
2549	42 521
2550	41 513
2551	41 511
2552	46 514
2553	43 517
2554	40 503
2555	40 492
2556	40 503
2557	42 504
2558	39 490
2559	36 497
2560	33 484
2561	33 485
2562	33 479
2563	32 463
2564	34 451
2565	34 436
2566	35 438
2567	36 426
2568	38 414
2569	40 410
2570	43 407
2571	44 389
2572	44 389
2573	41 380
2574	46 382
2575	48 374
2576	44 368
2577	47 373
2578	47 374
2579	51 389
2580	48 386
2581	51 388
2582	51 384
2583	50 382
2584	52 405
2585	53 407
2586	53 389
2587	50 399
2588	49 405
2589	49 405
2590	49 390
2591	47 375
2592	49 374
2593	48 360
2594	47 361
2595	48 361
2596	53 342
2597	50 331
2598	49 331
2599	50 322
2600	48 304
2601	52 288
2602	53 290
2603	59 290
2604	57 278
2605	64 269
2606	56 255
2607	55 242
2608	55 224
2609	58 219
2610	56 224
2611	58 208
2612	59 207
2613	61 206
2614	61 188
2615	60 183
2616	61 182
2617	63 173
2618	64 167
2619	60 163
2620	65 158
2621	67 160
2622	65 155
2623	63 157
2624	64 153
2625	63 149
2626	65 147
2627	64 137
2628	67 130
2629	69 129
2630	69 125
2631	67 120
2632	67 116
2633	69 106
2634	65 103
2635	68 96
2636	69 87
2637	64 87
2638	64 81
2639	66 84
2640	62 90
2641	59 92
2642	61 88
2643	63 89
2644	63 83
2645	65 84
2646	63 77
2647	64 75
2648	63 77
2649	65 75
2650	64 80
2651	64 75
2652	71 70
2653	68 61
2654	70 58
2655	71 53
2656	71 54
2657	70 54
2658	70 52
2659	69 55
2660	71 52
2661	72 50
2662	73 45
2663	72 44
2664	72 45
2665	76 47
2666	77 49
2667	82 49
2668	83 50
2669	86 47
2670	85 52
2671	83 51
2672	83 56
2673	84 57
2674	83 59
2675	83 56
2676	82 61
2677	82 57
2678	83 57
2679	80 58
2680	80 63
2681	80 67
2682	79 67
2683	78 69
2684	79 62
2685	79 65
2686	79 65
2687	77 65
2688	77 62
2689	77 62
2690	77 61
2691	80 64
2692	80 59
2693	82 61
2694	78 61
2695	80 58
2696	80 57
2697	77 57
2698	78 57
2699	78 60
2700	79 57
2701	78 58
2702	79 58
2703	79 58
2704	80 58
2705	80 51
2706	80 49
2707	79 53
2708	82 66
2709	76 66
2710	76 68
2711	75 65
2712	75 62
2713	76 67
2714	76 69
2715	77 69
2716	79 73
2717	78 76
2718	78 75
2719	78 77
2720	78 64
2721	79 64
2722	79 61
2723	79 62
2724	77 63
2725	78 63
2726	79 69
2727	80 67
2728	81 64
2729	81 62
2730	81 71
2731	80 67
2732	81 73
2733	80 70
2734	81 74
2735	80 80
2736	77 84
2737	78 86
2738	78 80
2739	79 82
2740	80 80
2741	79 79
2742	79 72
2743	79 72
2744	79 72
2745	80 73
2746	80 75
2747	81 71
2748	81 67
2749	80 62
2750	81 71
2751	79 69
2752	79 67
2753	82 69
2754	83 65
2755	83 66
2756	85 69
2757	83 73
2758	82 74
2759	79 73
2760	80 70
2761	80 73
2762	80 59
2763	80 55
2764	78 59
2765	78 59
2766	79 61
2767	76 71
2768	76 61
2769	77 55
2770	78 53
2771	77 50
2772	77 51
2773	77 50
2774	79 52
2775	79 58
2776	81 59
2777	83 56
2778	80 56
2779	83 46
2780	82 50
2781	79 51
2782	81 52
2783	81 53
2784	84 56
2785	85 55
2786	85 53
2787	86 51
2788	86 53
2789	86 54
2790	86 50
2791	86 51
2792	85 46
2793	84 45
2794	84 40
2795	83 37
2796	84 34
2797	85 34
2798	85 33
2799	86 30
2800	86 26
2801	87 25
2802	87 24
2803	88 24
2804	86 28
2805	86 27
2806	88 29
2807	88 29
2808	89 28
2809	88 28
2810	88 30
2811	88 34
2812	88 36
2813	89 35
2814	89 37
2815	89 36
2816	89 31
2817	89 34
2818	88 36
2819	86 39
2820	86 41
2821	87 40
2822	87 41
2823	88 38
2824	86 35
2825	86 38
2826	86 35
2827	88 33
2828	88 37
2829	89 36
2830	90 32
2831	91 30
2832	91 29
2833	91 29
2834	91 28
2835	91 27
2836	91 28
2837	92 24
2838	91 31
2839	90 31
2840	91 30
2841	91 28
2842	91 31
2843	90 32
2844	88 38
2845	87 38
2846	85 36
2847	87 38
2848	88 35
2849	88 36
2850	86 33
2851	87 35
2852	88 40
2853	88 42
2854	87 41
2855	87 44
2856	87 40
2857	85 38
2858	85 39
2859	83 43
2860	84 45
2861	84 45
2862	86 45
2863	88 44
2864	88 38
2865	88 37
2866	86 41
2867	84 42
2868	84 41
2869	85 39
2870	84 42
2871	87 40
2872	87 40
2873	87 43
2874	86 43
2875	86 44
2876	87 44
2877	87 42
2878	91 38
2879	91 33
2880	90 34
2881	90 35
2882	89 35
2883	89 34
2884	89 35
2885	90 30
2886	90 26
2887	90 26
2888	90 27
2889	91 29
2890	91 25
2891	89 25
2892	91 25
2893	91 26
2894	91 25
2895	91 24
2896	92 20
2897	91 21
2898	91 24
2899	91 29
2900	89 27
2901	89 25
2902	89 28
2903	89 32
2904	89 31
2905	89 30
2906	89 30
2907	89 31
2908	89 34
2909	89 37
2910	89 40
2911	89 35
2912	89 35
2913	87 34
2914	87 31
2915	87 29
2916	87 28
2917	87 27
2918	87 26
2919	89 24
2920	89 23
2921	88 19
2922	88 18
2923	88 17
2924	88 18
2925	89 19
2926	89 19
2927	89 17
2928	89 21
2929	90 24
2930	88 26
2931	89 25
2932	91 25
2933	90 27
2934	90 25
2935	90 25
2936	90 28
2937	89 29
2938	91 30
2939	91 29
2940	89 27
2941	90 24
2942	90 23
2943	90 23
2944	90 22
2945	91 20
2946	93 23
2947	93 23
2948	93 18
2949	93 17
2950	93 21
2951	93 22
2952	91 26
2953	94 26
2954	88 29
2955	89 26
2956	89 27
2957	88 30
2958	84 26
2959	84 26
2960	84 28
2961	85 29
2962	86 26
2963	87 26
2964	89 25
2965	89 27
2966	90 23
2967	90 25
2968	89 27
2969	90 25
2970	90 26
2971	90 31
2972	89 29
2973	88 31
2974	89 29
2975	87 30
2976	84 30
2977	86 30
2978	87 30
2979	86 32
2980	86 31
2981	86 30
2982	85 32
2983	86 28
2984	86 30
2985	86 31
2986	86 29
2987	86 29
2988	87 29
2989	87 27
2990	89 31
2991	88 29
2992	88 31
2993	88 34
2994	89 34
2995	88 34
2996	90 38
2997	88 36
2998	88 41
2999	88 42
3000	87 41
3001	87 42
3002	85 41
3003	86 44
3004	88 45
3005	89 44
3006	86 45
3007	86 44
3008	89 40
3009	90 40
3010	91 38
3011	89 39
3012	89 38
3013	89 38
3014	89 36
3015	89 33
3016	90 29
3017	87 33
3018	85 31
3019	86 33
3020	86 35
3021	86 34
3022	90 32
3023	91 31
3024	91 32
3025	87 31
3026	86 32
3027	85 32
3028	84 36
3029	84 35
3030	83 36
3031	84 36
3032	84 34
3033	84 35
3034	82 40
3035	79 43
3036	79 46
3037	78 46
3038	76 47
3039	76 51
3040	76 47
3041	76 44
3042	76 43
3043	77 48
3044	75 51
3045	74 51
3046	76 54
3047	75 52
3048	73 53
3049	71 61
3050	71 63
3051	72 62
3052	71 63
3053	72 64
3054	74 67
3055	74 65
3056	74 70
3057	74 67
3058	74 60
3059	74 62
3060	73 62
3061	74 57
3062	76 52
3063	77 51
3064	76 55
3065	77 56
3066	78 54
3067	78 53
3068	75 51
3069	74 49
3070	75 56
3071	75 57
3072	75 57
3073	75 59
3074	77 62
3075	77 60
3076	79 60
3077	80 60
3078	75 62
3079	77 60
3080	77 58
3081	79 63
3082	78 58
3083	79 57
3084	78 57
3085	78 53
3086	78 50
3087	77 53
3088	78 52
3089	74 54
3090	74 52
3091	74 61
3092	69 62
3093	71 60
3094	73 67
3095	73 63
3096	72 63
3097	68 72
3098	65 78
3099	67 85
3100	71 90
3101	68 94
3102	64 103
3103	64 109
3104	66 111
3105	67 113
3106	67 116
3107	64 128
3108	64 133
3109	65 136
3110	66 135
3111	63 134
3112	62 128
3113	70 127
3114	69 123
3115	63 126
3116	63 127
3117	63 126
3118	62 123
3119	63 120
3120	66 129
3121	63 129
3122	65 136
3123	62 139
3124	63 159
3125	60 167
3126	59 177
3127	59 176
3128	60 176
3129	59 188
3130	59 189
3131	58 194
3132	58 191
3133	60 198
3134	61 205
3135	62 203
3136	62 198
3137	61 201
3138	63 205
3139	58 213
3140	59 219
3141	58 218
3142	61 228
3143	58 247
3144	62 259
3145	57 269
3146	56 264
3147	57 271
3148	58 276
3149	57 287
3150	56 293
3151	57 286
3152	56 295
3153	58 292
3154	60 299
3155	60 296
3156	62 285
3157	62 269
3158	59 264
3159	60 270
3160	60 269
3161	57 249
3162	56 250
3163	52 250
3164	53 246
3165	54 245
3166	55 241
3167	56 234
3168	55 226
3169	55 230
3170	55 235
3171	54 238
3172	54 240
3173	52 236
3174	56 216
3175	54 225
3176	58 215
3177	58 219
3178	59 209
3179	59 216
3180	61 220
3181	62 218
3182	60 214
3183	60 209
3184	64 209
3185	62 216
3186	59 234
3187	60 238
3188	57 242
3189	62 249
3190	59 260
3191	60 255
3192	55 260
3193	55 262
3194	52 267
3195	52 259
3196	53 256
3197	51 265
3198	52 253
3199	53 247
3200	54 258
3201	56 248
3202	53 246
3203	52 266
3204	50 269
3205	49 283
3206	50 289
3207	50 298
3208	51 301
3209	48 298
3210	48 306
3211	49 326
3212	50 320
3213	50 337
3214	46 347
3215	48 333
3216	48 347
3217	48 351
3218	48 349
3219	52 358
3220	49 360
3221	48 376
3222	51 387
3223	52 383
3224	51 377
3225	54 392
3226	55 374
3227	56 372
3228	54 368
3229	52 355
3230	53 356
3231	50 345
3232	60 353
3233	61 334
3234	62 318
3235	58 311
3236	56 324
3237	53 294
3238	53 305
3239	55 303
3240	52 293
3241	51 286
3242	50 277
3243	49 288
3244	47 289
3245	49 283
3246	48 285
3247	50 281
3248	50 272
3249	49 276
3250	55 270
3251	55 275
3252	54 271
3253	55 281
3254	51 287
3255	50 271
3256	54 261
3257	55 264
3258	55 264
3259	54 261
3260	56 267
3261	57 274
3262	56 282
3263	60 272
3264	60 281
3265	57 269
3266	58 272
3267	55 288
3268	57 280
3269	55 286
3270	52 299
3271	53 317
3272	50 323
3273	52 327
3274	53 344
3275	51 355
3276	49 365
3277	49 385
3278	49 396
3279	50 396
3280	56 411
3281	53 425
3282	54 415
3283	52 415
3284	53 426
3285	56 415
3286	53 392
3287	56 394
3288	55 378
3289	55 364
3290	60 339
3291	59 342
3292	56 340
3293	54 325
3294	55 326
3295	52 306
3296	52 286
3297	51 284
3298	53 279
3299	51 273
3300	51 271
3301	51 271
3302	52 267
3303	52 257
3304	55 234
3305	57 224
3306	54 219
3307	56 215
3308	56 209
3309	55 201
3310	61 203
3311	60 187
3312	59 171
3313	59 169
3314	62 170
3315	61 165
3316	63 161
3317	63 165
3318	62 153
3319	63 147
3320	62 148
3321	64 149
3322	64 133
3323	64 132
3324	63 138
3325	66 133
3326	61 124
3327	65 119
3328	61 126
3329	62 125
3330	64 129
3331	62 128
3332	63 127
3333	66 125
3334	63 135
3335	64 134
3336	66 135
3337	66 131
3338	67 136
3339	67 140
3340	72 135
3341	73 136
3342	72 128
3343	70 127
3344	71 120
3345	73 118
3346	75 113
3347	76 114
3348	77 102
3349	79 99
3350	76 88
3351	75 78
3352	77 73
3353	75 65
3354	74 69
3355	74 70
3356	71 67
3357	73 63
3358	74 55
3359	74 52
3360	73 55
3361	73 65
3362	74 72
3363	73 76
3364	72 78
3365	74 86
3366	71 95
3367	71 92
3368	74 93
3369	69 102
3370	69 102
3371	70 108
3372	70 105
3373	73 97
3374	75 93
3375	77 92
3376	76 99
3377	75 87
3378	74 76
3379	74 72
3380	78 69
3381	78 67
3382	81 65
3383	79 62
3384	78 63
3385	79 62
3386	80 61
3387	81 59
3388	80 48
3389	78 51
3390	79 49
3391	79 50
3392	79 47
3393	81 39
3394	79 39
3395	83 38
3396	81 34
3397	81 34
3398	84 30
3399	84 27
3400	82 28
3401	82 25
3402	83 22
3403	85 22
3404	85 23
3405	86 24
3406	86 21
3407	87 20
3408	88 20
3409	88 18
3410	90 17
3411	90 16
3412	90 15
3413	91 14
3414	92 14
3415	91 11
3416	93 10
3417	94 7
3418	94 7
3419	94 5
3420	95 6
3421	95 5
3422	96 4
3423	96 4
3424	97 3
3425	97 3
3426	99 4
3427	99 3
3428	99 3
3429	99 3
3430	99 4
