100000 0.9
1001	1 95176
1002	1 95188
1003	1 95200
1004	1 95215
1005	1 95232
1006	1 95249
1007	1 95258
1008	1 95278
1009	1 95288
1010	1 95303
1011	1 95313
1012	1 95332
1013	1 95349
1014	1 95366
1015	1 95382
1016	1 95393
1017	1 95414
1018	1 95431
1019	1 95441
1020	1 95458
1021	1 95476
1022	1 95493
1023	1 95513
1024	1 95528
1025	1 95539
1026	1 95565
1027	1 95580
1028	1 95591
1029	1 95602
1030	1 95616
1031	1 95631
1032	1 95639
1033	1 95653
1034	1 95664
1035	1 95679
1036	1 95693
1037	1 95697
1038	1 95715
1039	1 95727
1040	1 95742
1041	1 95755
1042	1 95763
1043	1 95770
1044	1 95781
1045	1 95795
1046	1 95806
1047	1 95825
1048	1 95842
1049	1 95858
1050	1 95868
1051	1 95879
1052	1 95893
1053	1 95905
1054	1 95912
1055	1 95920
1056	1 95928
1057	1 95940
1058	1 95962
1059	1 95971
1060	1 95979
1061	1 95990
1062	1 95995
1063	1 96012
1064	1 96027
1065	1 96040
1066	1 96049
1067	1 96062
1068	1 96084
1069	1 96102
1070	1 96119
1071	1 96125
1072	1 96133
1073	1 96137
1074	1 96146
1075	1 96075
1076	1 95577
1077	1 95506
1078	1 94961
1079	1 94539
1080	1 94040
1081	1 93666
1082	1 93358
1083	1 93158
1084	1 92976
1085	1 92768
1086	1 92574
1087	1 92376
1088	1 92186
1089	1 92028
1090	1 91916
1091	1 91710
1092	1 91554
1093	1 91290
1094	1 91088
1095	1 90832
1096	1 90631
1097	1 90391
1098	1 90249
1099	1 90022
1100	1 89747
1101	1 89453
1102	1 89115
1103	1 88902
1104	1 88720
1105	1 88446
1106	1 88155
1107	1 87864
1108	1 87550
1109	1 87402
1110	1 87222
1111	1 87035
1112	1 86758
1113	1 86532
1114	1 86258
1115	1 86005
1116	1 85862
1117	1 85635
1118	1 85350
1119	1 85121
1120	1 84826
1121	1 84574
1122	1 84388
1123	1 84196
1124	1 84027
1125	1 83766
1126	1 83521
1127	1 83279
1128	1 83114
1129	1 82937
1130	1 82746
1131	1 82592
1132	1 82338
1133	1 82076
1134	1 81844
1135	1 81633
1136	1 81372
1137	1 81102
1138	1 80955
1139	1 80688
1140	1 80410
1141	1 80145
1142	1 79859
1143	1 79660
1144	1 79554
1145	1 79418
1146	1 79201
1147	1 78905
1148	1 78616
1149	1 78401
1150	1 78233
1151	1 78024
1152	1 77798
1153	1 77660
1154	1 77475
1155	1 77334
1156	1 77276
1157	1 77161
1158	1 76996
1159	1 76867
1160	1 76757
1161	1 76583
1162	1 76504
1163	1 76438
1164	1 76309
1165	1 76230
1166	1 76161
1167	1 76039
1168	1 75944
1169	1 75864
1170	1 75796
1171	1 75727
1172	1 75666
1173	1 75551
1174	1 75482
1175	1 75439
1176	1 75386
1177	1 75351
1178	1 75326
1179	1 75295
1180	1 75263
1181	1 75241
1182	1 75216
1183	1 75219
1184	1 75196
1185	1 75172
1186	1 75168
1187	1 75153
1188	1 75136
1189	1 75141
1190	1 75130
1191	1 75119
1192	1 75095
1193	1 75082
1194	1 75077
1195	1 75066
1196	1 75059
1197	1 75063
1198	1 75051
1199	1 75055
1200	1 75044
1201	1 75043
1202	1 75031
1203	1 75013
1204	1 75017
1205	1 75007
1206	1 75002
1207	1 74986
1208	1 74981
1209	1 74967
1210	1 74958
1211	1 74954
1212	1 74932
1213	1 74914
1214	1 74902
1215	1 74892
1216	1 74880
1217	1 74883
1218	1 74862
1219	1 74863
1220	1 74839
1221	1 74838
1222	1 74830
1223	1 74823
1224	1 74804
1225	1 74773
1226	1 74757
1227	1 74722
1228	1 74712
1229	1 74705
1230	1 74673
1231	1 74671
1232	1 74663
1233	1 74647
1234	1 74628
1235	1 74618
1236	1 74589
1237	1 74568
1238	1 74540
1239	1 74536
1240	1 74527
1241	1 74510
1242	1 74500
1243	1 74492
1244	1 74482
1245	1 74478
1246	1 74464
1247	1 74449
1248	1 74419
1249	1 74405
1250	1 74390
1251	1 74391
1252	1 74359
1253	1 74338
1254	1 74326
1255	1 74326
1256	1 74332
1257	1 74336
1258	1 74305
1259	1 74303
1260	1 74303
1261	1 74294
1262	1 74278
1263	1 74260
1264	1 74262
1265	1 74255
1266	1 74247
1267	1 74266
1268	1 74265
1269	1 74253
1270	1 74257
1271	1 74260
1272	1 74253
1273	1 74257
1274	1 74252
1275	1 74258
1276	1 74255
1277	1 74263
1278	1 74262
1279	1 74258
1280	1 74254
1281	1 74262
1282	1 74267
1283	1 74271
1284	1 74266
1285	1 74274
1286	1 74264
1287	1 74263
1288	1 74277
1289	1 74276
1290	1 74276
1291	1 74278
1292	1 74283
1293	1 74279
1294	1 74275
1295	1 74268
1296	1 74270
1297	1 74275
1298	1 74276
1299	1 74273
1300	1 74276
1301	1 74264
1302	1 74264
1303	1 74267
1304	1 74272
1305	1 74270
1306	1 74242
1307	1 74246
1308	1 74236
1309	1 74241
1310	1 74245
1311	1 74251
1312	1 74257
1313	1 74260
1314	1 74259
1315	1 74262
1316	1 74271
1317	1 74282
1318	1 74284
1319	1 74294
1320	1 74297
1321	1 74306
1322	1 74316
1323	1 74321
1324	1 74324
1325	1 74329
1326	1 74334
1327	1 74342
1328	1 74352
1329	1 74355
1330	1 74360
1331	1 74364
1332	1 74361
1333	1 74368
1334	1 74367
1335	1 74377
1336	1 74378
1337	1 74378
1338	1 74379
1339	1 74378
1340	1 74380
1341	1 74386
1342	1 74389
1343	1 74390
1344	1 74384
1345	1 74377
1346	1 74387
1347	1 74390
1348	1 74394
1349	1 74397
1350	1 74399
1351	1 74400
1352	1 74414
1353	1 74420
1354	1 74427
1355	1 74426
1356	1 74426
1357	1 74428
1358	1 74437
1359	1 74438
1360	1 74432
1361	1 74432
1362	1 74434
1363	1 74433
1364	1 74431
1365	1 74435
1366	1 74440
1367	1 74447
1368	1 74440
1369	1 74440
1370	1 74442
1371	1 74449
1372	1 74453
1373	1 74463
1374	1 74462
1375	1 74469
1376	1 74481
1377	1 74483
1378	1 74488
1379	1 74492
1380	1 74497
1381	1 74502
1382	1 74508
1383	1 74515
1384	1 74525
1385	1 74537
1386	1 74544
1387	1 74551
1388	1 74557
1389	1 74561
1390	1 74578
1391	1 74590
1392	1 74625
1393	1 74627
1394	1 74644
1395	1 74668
1396	1 74677
1397	1 74693
1398	1 74716
1399	1 74738
1400	1 74743
1401	1 74761
1402	1 74764
1403	1 74764
1404	1 74774
1405	1 74785
1406	1 74801
1407	1 74810
1408	1 74830
1409	1 74864
1410	1 74887
1411	1 74899
1412	1 74932
1413	1 74971
1414	1 75012
1415	1 75054
1416	1 75082
1417	1 75130
1418	1 75184
1419	1 75237
1420	1 75289
1421	1 75335
1422	1 75425
1423	1 75522
1424	1 75616
1425	1 75707
1426	1 75766
1427	1 75851
1428	1 75949
1429	1 76107
1430	1 76221
1431	1 76292
1432	1 76420
1433	1 76519
1434	1 76615
1435	1 76750
1436	1 76859
1437	1 76986
1438	1 77087
1439	1 77209
1440	1 77333
1441	1 77462
1442	1 77579
1443	1 77715
1444	1 77833
1445	1 77948
1446	1 78064
1447	1 78173
1448	1 78287
1449	1 78400
1450	1 78532
1451	1 78643
1452	1 78774
1453	1 78881
1454	1 78997
1455	1 79123
1456	1 79241
1457	1 79365
1458	1 79501
1459	1 79602
1460	1 79737
1461	1 79881
1462	1 80031
1463	1 80181
1464	1 80309
1465	1 80448
1466	1 80567
1467	1 80722
1468	1 80860
1469	1 80994
1470	1 81131
1471	1 81296
1472	1 81420
1473	1 81557
1474	1 81721
1475	1 81868
1476	1 82025
1477	1 82207
1478	1 82339
1479	1 82506
1480	1 82644
1481	1 82765
1482	1 82911
1483	1 83072
1484	1 83253
1485	1 83374
1486	1 83509
1487	1 83646
1488	1 83824
1489	1 83992
1490	1 84145
1491	1 84265
1492	1 84420
1493	1 84562
1494	1 84713
1495	1 84884
1496	1 85052
1497	1 85198
1498	1 85371
1499	1 85505
1500	1 85660
1501	1 85830
1502	1 86019
1503	1 86195
1504	1 86362
1505	1 86539
1506	1 86688
1507	1 86842
1508	1 86995
1509	1 87165
1510	1 87365
1511	1 87518
1512	1 87688
1513	1 87838
1514	1 87995
1515	1 88146
1516	1 88278
1517	1 88413
1518	1 88541
1519	1 88656
1520	1 88792
1521	1 88916
1522	1 89035
1523	1 89151
1524	1 89259
1525	1 89354
1526	1 89244
1527	1 89199
1528	1 89278
1529	1 89159
1530	1 89052
1531	1 88812
1532	1 88755
1533	1 88620
1534	1 88542
1535	1 88571
1536	1 88414
1537	1 88235
1538	1 88121
1539	1 87960
1540	1 87692
1541	1 87702
1542	1 87331
1543	1 86992
1544	1 86735
1545	1 86528
1546	1 86377
1547	1 86270
1548	1 86201
1549	1 86142
1550	1 86088
1551	1 85980
1552	1 85877
1553	1 85786
1554	1 85628
1555	1 85519
1556	1 85527
1557	1 85442
1558	1 85252
1559	1 85055
1560	1 84819
1561	1 84521
1562	1 84228
1563	1 84116
1564	1 83630
1565	1 83185
1566	1 82729
1567	1 82372
1568	1 82160
1569	1 81973
1570	1 81863
1571	1 81662
1572	1 81541
1573	1 81472
1574	1 81363
1575	1 81333
1576	1 81355
1577	1 81258
1578	1 81194
1579	1 81174
1580	1 81068
1581	1 81019
1582	1 80947
1583	1 80914
1584	1 80821
1585	1 80718
1586	1 80593
1587	1 80533
1588	1 80454
1589	1 80470
1590	1 80418
1591	1 80247
1592	1 80101
1593	1 80029
1594	1 79990
1595	1 80049
1596	1 79993
1597	1 79930
1598	1 79894
1599	1 79814
1600	1 79770
1601	1 79757
1602	1 79694
1603	1 79594
1604	1 79509
1605	1 79416
1606	1 79333
1607	1 79294
1608	1 79292
1609	1 79170
1610	1 79125
1611	1 79123
1612	1 79081
1613	1 79072
1614	1 79041
1615	1 78995
1616	1 78993
1617	1 78999
1618	1 78964
1619	1 78960
1620	1 78946
1621	1 78886
1622	1 78901
1623	1 78842
1624	1 78817
1625	1 78746
1626	1 78677
1627	1 78622
1628	1 78579
1629	1 78527
1630	1 78457
1631	1 78417
1632	1 78329
1633	1 78326
1634	1 78286
1635	1 78275
1636	1 78237
1637	1 78139
1638	1 78038
1639	1 77972
1640	1 77910
1641	1 77868
1642	1 77765
1643	1 77651
1644	1 77558
1645	1 77459
1646	1 77314
1647	1 77191
1648	1 77103
1649	1 77025
1650	1 76967
1651	1 76900
1652	1 76791
1653	1 76691
1654	1 76622
1655	1 76542
1656	1 76455
1657	1 76355
1658	1 76291
1659	1 76234
1660	1 76094
1661	1 76042
1662	1 75983
1663	1 75922
1664	1 75890
1665	1 75851
1666	1 75752
1667	1 75689
1668	1 75639
1669	1 75617
1670	1 75567
1671	1 75508
1672	1 75515
1673	1 75474
1674	1 75418
1675	1 75373
1676	1 75309
1677	1 75193
1678	1 75126
1679	1 75055
1680	1 75025
1681	1 74966
1682	1 74922
1683	1 74888
1684	1 74844
1685	1 74783
1686	1 74661
1687	1 74582
1688	1 74520
1689	1 74475
1690	1 74369
1691	1 74298
1692	1 74223
1693	1 74113
1694	1 74017
1695	1 73904
1696	1 73784
1697	1 73752
1698	1 73652
1699	1 73530
1700	1 73437
1701	1 73347
1702	1 73231
1703	1 73126
1704	1 73034
1705	1 72919
1706	1 72801
1707	1 72689
1708	1 72482
1709	1 72320
1710	1 72150
1711	1 71982
1712	1 71882
1713	1 71801
1714	1 71638
1715	1 71492
1716	1 71407
1717	1 71256
1718	1 71117
1719	1 71062
1720	1 70945
1721	1 70868
1722	1 70812
1723	1 70711
1724	1 70629
1725	1 70528
1726	1 70400
1727	1 70267
1728	1 70152
1729	1 70095
1730	1 70013
1731	1 69942
1732	1 69875
1733	1 69833
1734	1 69803
1735	1 69760
1736	1 69688
1737	1 69595
1738	1 69521
1739	1 69426
1740	1 69388
1741	1 69317
1742	1 69271
1743	1 69228
1744	1 69129
1745	1 69059
1746	1 68991
1747	1 68933
1748	1 68926
1749	1 68858
1750	1 68764
1751	1 68693
1752	1 68661
1753	1 68616
1754	1 68551
1755	1 68520
1756	1 68470
1757	1 68408
1758	1 68364
1759	1 68291
1760	1 68266
1761	1 68217
1762	1 68196
1763	1 68157
1764	1 68121
1765	1 68093
1766	1 68085
1767	1 68070
1768	1 68025
1769	1 67987
1770	1 67937
1771	1 67906
1772	1 67850
1773	1 67816
1774	1 67729
1775	1 67633
1776	1 67571
1777	1 67498
1778	1 67442
1779	1 67391
1780	1 67314
1781	1 67277
1782	1 67207
1783	1 67143
1784	1 67072
1785	1 66999
1786	1 66928
1787	1 66855
1788	1 66764
1789	1 66686
1790	1 66586
1791	1 66532
1792	1 66439
1793	1 66323
1794	1 66244
1795	1 66129
1796	1 66054
1797	1 65928
1798	1 65837
1799	1 65754
1800	1 65679
1801	1 65586
1802	1 65504
1803	1 65446
1804	1 65382
1805	1 65310
1806	1 65209
1807	1 65102
1808	1 65002
1809	1 64933
1810	1 64806
1811	1 64745
1812	1 64675
1813	1 64604
1814	1 64556
1815	1 64460
1816	1 64394
1817	1 64345
1818	1 64258
1819	1 64185
1820	1 64123
1821	1 64061
1822	1 64001
1823	1 63956
1824	1 63904
1825	1 63843
1826	1 63802
1827	1 63750
1828	1 63668
1829	1 63616
1830	1 63597
1831	1 63552
1832	1 63481
1833	1 63408
1834	1 63334
1835	1 63278
1836	1 63242
1837	1 63191
1838	1 63162
1839	1 63116
1840	1 63107
1841	1 63065
1842	1 63014
1843	1 62968
1844	1 62892
1845	1 62877
1846	1 62797
1847	1 62768
1848	1 62752
1849	1 62644
1850	1 62588
1851	1 62460
1852	1 62369
1853	1 62317
1854	1 62245
1855	1 62145
1856	1 62004
1857	1 61962
1858	1 61912
1859	1 61835
1860	1 61746
1861	1 61665
1862	1 61582
1863	1 61485
1864	1 61368
1865	1 61299
1866	1 61210
1867	1 61159
1868	1 61066
1869	1 60985
1870	1 60871
1871	1 60792
1872	1 60703
1873	1 60589
1874	1 60457
1875	1 60358
1876	1 60237
1877	1 60129
1878	1 59985
1879	1 59883
1880	1 59771
1881	1 59651
1882	1 59539
1883	1 59422
1884	1 59279
1885	1 59161
1886	1 59043
1887	1 58921
1888	1 58785
1889	1 58646
1890	1 58480
1891	1 58360
1892	1 58215
1893	1 58099
1894	1 57966
1895	1 57856
1896	1 57669
1897	1 57532
1898	1 57348
1899	1 57216
1900	1 57076
1901	1 56933
1902	1 56770
1903	1 56630
1904	1 56462
1905	1 56299
1906	1 56128
1907	1 55929
1908	1 55771
1909	1 55581
1910	1 55350
1911	1 55170
1912	1 55011
1913	1 54884
1914	1 54707
1915	1 54593
1916	1 54474
1917	1 54329
1918	1 54179
1919	1 54076
1920	1 53962
1921	1 53843
1922	1 53751
1923	1 53630
1924	1 53554
1925	1 53490
1926	1 53438
1927	1 53365
1928	1 53277
1929	1 53209
1930	1 53159
1931	1 53118
1932	1 53091
1933	1 53035
1934	1 53002
1935	1 52959
1936	1 52925
1937	1 52890
1938	1 52846
1939	1 52820
1940	1 52796
1941	1 52785
1942	1 52764
1943	1 52746
1944	1 52731
1945	1 52721
1946	1 52716
1947	1 52706
1948	1 52697
1949	1 52687
1950	1 52671
1951	1 52657
1952	1 52648
1953	1 52631
1954	1 52627
1955	1 52623
1956	1 52614
1957	1 52605
1958	1 52595
1959	1 52593
1960	1 52585
1961	1 52577
1962	1 52566
1963	1 52553
1964	1 52541
1965	1 52535
1966	1 52517
1967	1 52510
1968	1 52507
1969	1 52498
1970	1 52488
1971	1 52480
1972	1 52476
1973	1 52462
1974	1 52451
1975	1 52438
1976	1 52435
1977	1 52436
1978	1 52429
1979	1 52417
1980	1 52416
1981	1 52409
1982	1 52395
1983	1 52397
1984	1 52397
1985	1 52384
1986	1 52384
1987	1 52377
1988	1 52372
1989	1 52371
1990	1 52363
1991	1 52356
1992	2 52348
1993	2 52339
1994	2 52335
1995	2 52329
1996	2 52324
1997	2 52324
1998	2 52315
1999	2 52297
2000	2 52289
2001	2 52288
2002	2 52280
2003	2 52274
2004	2 52270
2005	2 52268
2006	2 52261
2007	2 52253
2008	2 52245
2009	2 52241
2010	2 52232
2011	2 52230
2012	2 52219
2013	2 52221
2014	2 52212
2015	2 52204
2016	2 52198
2017	2 52193
2018	2 52187
2019	2 52177
2020	2 52163
2021	2 52162
2022	2 52152
2023	2 52145
2024	2 52134
2025	2 52121
2026	2 52109
2027	2 52109
2028	2 52098
2029	2 52090
2030	2 52085
2031	2 52081
2032	2 52077
2033	2 52066
2034	2 52065
2035	2 52060
2036	2 52057
2037	2 52054
2038	2 52041
2039	2 52045
2040	2 52040
2041	2 52033
2042	2 52028
2043	2 52017
2044	2 52011
2045	2 52008
2046	2 52011
2047	2 52004
2048	2 52001
2049	2 51994
2050	2 51994
2051	2 51985
2052	2 51984
2053	2 51977
2054	2 51974
2055	2 51964
2056	2 51961
2057	2 51958
2058	2 51961
2059	2 51954
2060	2 51936
2061	2 51934
2062	2 51934
2063	2 51929
2064	2 51928
2065	2 51915
2066	2 51907
2067	2 51897
2068	2 51892
2069	2 51890
2070	2 51877
2071	2 51861
2072	2 51850
2073	2 51845
2074	2 51840
2075	2 51837
2076	2 51823
2077	2 51815
2078	2 51805
2079	2 51801
2080	2 51786
2081	2 51777
2082	2 51777
2083	2 51765
2084	2 51758
2085	2 51747
2086	2 51741
2087	2 51738
2088	2 51742
2089	2 51737
2090	2 51733
2091	2 51730
2092	2 51723
2093	2 51719
2094	2 51712
2095	2 51718
2096	2 51712
2097	2 51712
2098	2 51699
2099	2 51691
2100	2 51686
2101	2 51675
2102	2 51681
2103	2 51676
2104	2 51673
2105	2 51668
2106	2 51658
2107	2 51651
2108	2 51661
2109	2 51663
2110	2 51656
2111	2 51652
2112	2 51650
2113	2 51641
2114	2 51633
2115	2 51628
2116	2 51619
2117	2 51617
2118	2 51612
2119	2 51607
2120	2 51604
2121	2 51605
2122	2 51599
2123	2 51601
2124	2 51593
2125	2 51598
2126	2 51594
2127	2 51593
2128	2 51588
2129	2 51582
2130	2 51578
2131	2 51569
2132	2 51559
2133	2 51555
2134	2 51557
2135	2 51550
2136	2 51541
2137	2 51534
2138	2 51529
2139	2 51524
2140	3 51514
2141	3 51512
2142	3 51506
2143	3 51501
2144	3 51499
2145	3 51500
2146	3 51497
2147	3 51492
2148	3 51485
2149	3 51472
2150	3 51462
2151	3 51465
2152	3 51448
2153	3 51438
2154	3 51440
2155	3 51416
2156	3 51398
2157	3 51389
2158	3 51378
2159	3 51368
2160	3 51361
2161	3 51349
2162	3 51337
2163	3 51323
2164	3 51312
2165	3 51307
2166	3 51301
2167	3 51290
2168	3 51281
2169	3 51282
2170	3 51274
2171	3 51266
2172	3 51265
2173	3 51259
2174	3 51248
2175	3 51243
2176	3 51237
2177	3 51230
2178	3 51221
2179	3 51222
2180	3 51214
2181	3 51205
2182	3 51195
2183	3 51188
2184	3 51181
2185	3 51166
2186	3 51167
2187	3 51162
2188	3 51151
2189	3 51148
2190	3 51137
2191	3 51121
2192	3 51119
2193	3 51113
2194	3 51108
2195	3 51105
2196	3 51096
2197	3 51086
2198	3 51079
2199	3 51069
2200	3 51063
2201	3 51048
2202	3 51041
2203	3 51039
2204	3 51035
2205	3 51036
2206	3 51024
2207	3 51021
2208	3 51019
2209	3 51011
2210	3 51006
2211	3 51001
2212	3 51005
2213	3 50999
2214	3 50990
2215	3 50990
2216	3 50987
2217	3 50985
2218	3 50983
2219	3 50976
2220	3 50971
2221	3 50965
2222	3 50962
2223	3 50956
2224	3 50957
2225	3 50960
2226	3 50957
2227	3 50963
2228	3 50959
2229	3 50948
2230	3 50946
2231	3 50944
2232	3 50941
2233	3 50936
2234	3 50940
2235	3 50934
2236	3 50937
2237	3 50941
2238	3 50945
2239	3 50953
2240	3 50965
2241	3 50966
2242	3 50967
2243	3 50971
2244	3 50979
2245	3 50981
2246	3 50982
2247	3 50975
2248	3 50983
2249	3 50993
2250	3 51006
2251	3 51011
2252	3 51022
2253	3 51027
2254	3 51035
2255	3 51045
2256	3 51067
2257	3 51079
2258	3 51076
2259	3 51088
2260	3 51103
2261	3 51119
2262	3 51130
2263	3 51157
2264	3 51185
2265	3 51193
2266	3 51211
2267	3 51217
2268	3 51239
2269	3 51234
2270	3 51246
2271	3 51272
2272	3 51315
2273	3 51348
2274	3 51382
2275	3 51418
2276	3 51436
2277	3 51460
2278	3 51480
2279	3 51523
2280	3 51545
2281	3 51587
2282	3 51647
2283	3 51667
2284	3 51714
2285	3 51750
2286	3 51814
2287	3 51857
2288	3 51904
2289	3 51954
2290	3 51978
2291	3 52015
2292	3 52060
2293	3 52095
2294	3 52132
2295	3 52171
2296	3 52217
2297	3 52259
2298	3 52295
2299	3 52350
2300	3 52390
2301	3 52431
2302	3 52468
2303	3 52498
2304	3 52537
2305	3 52607
2306	3 52676
2307	3 52709
2308	3 52750
2309	3 52783
2310	3 52818
2311	3 52852
2312	3 52888
2313	3 52932
2314	3 52974
2315	3 53007
2316	3 53047
2317	3 53085
2318	3 53120
2319	3 53150
2320	3 53202
2321	3 53228
2322	3 53273
2323	3 53315
2324	3 53347
2325	3 53368
2326	3 53405
2327	3 53458
2328	3 53506
2329	3 53548
2330	3 53586
2331	3 53630
2332	3 53671
2333	3 53717
2334	3 53751
2335	3 53791
2336	3 53832
2337	3 53884
2338	3 53939
2339	3 53990
2340	3 54031
2341	3 54085
2342	3 54148
2343	3 54188
2344	3 54274
2345	3 54327
2346	3 54370
2347	3 54424
2348	3 54470
2349	3 54523
2350	3 54556
2351	3 54595
2352	3 54634
2353	3 54689
2354	3 54715
2355	3 54755
2356	3 54801
2357	3 54850
2358	3 54897
2359	3 54949
2360	3 54987
2361	3 55050
2362	3 55122
2363	3 55170
2364	3 55229
2365	3 55291
2366	3 55351
2367	3 55410
2368	3 55460
2369	3 55493
2370	3 55525
2371	3 55574
2372	3 55629
2373	3 55677
2374	3 55726
2375	3 55760
2376	3 55782
2377	3 55815
2378	3 55849
2379	3 55908
2380	3 55948
2381	3 56003
2382	3 56047
2383	3 56091
2384	3 56134
2385	3 56180
2386	3 56230
2387	3 56256
2388	3 56284
2389	3 56317
2390	3 56357
2391	3 56412
2392	3 56433
2393	3 56467
2394	3 56479
2395	3 56514
2396	3 56535
2397	3 56559
2398	3 56594
2399	3 56625
2400	3 56650
2401	3 56703
2402	3 56741
2403	2 56769
2404	2 56828
2405	2 56880
2406	2 56910
2407	2 56950
2408	2 56973
2409	2 57007
2410	2 57022
2411	2 57066
2412	2 57080
2413	2 57118
2414	2 57153
2415	2 57168
2416	2 57160
2417	2 57190
2418	2 57205
2419	2 57224
2420	2 57227
2421	2 57226
2422	2 57219
2423	2 57213
2424	2 57189
2425	2 57153
2426	2 57109
2427	2 57065
2428	2 57067
2429	2 57024
2430	2 56990
2431	2 56898
2432	2 56858
2433	2 56824
2434	2 56765
2435	2 56724
2436	2 56670
2437	2 56611
2438	2 56560
2439	2 56495
2440	2 56436
2441	2 56371
2442	2 56307
2443	2 56222
2444	2 56155
2445	2 56059
2446	2 55998
2447	2 55942
2448	2 55886
2449	2 55831
2450	2 55756
2451	2 55688
2452	2 55621
2453	2 55565
2454	2 55477
2455	2 55397
2456	2 55332
2457	2 55246
2458	2 55158
2459	2 55073
2460	2 54994
2461	2 54930
2462	2 54850
2463	2 54769
2464	2 54666
2465	2 54559
2466	2 54481
2467	2 54392
2468	2 54304
2469	2 54190
2470	2 54096
2471	2 53999
2472	2 53898
2473	2 53777
2474	2 53690
2475	2 53591
2476	2 53478
2477	2 53381
2478	2 53253
2479	2 53111
2480	2 53020
2481	2 52890
2482	2 52803
2483	2 52733
2484	2 52634
2485	2 52511
2486	2 52364
2487	2 52275
2488	2 52189
2489	2 52088
2490	2 51954
2491	2 51825
2492	2 51701
2493	2 51609
2494	2 51489
2495	2 51372
2496	2 51265
2497	2 51122
2498	2 50990
2499	2 50884
2500	2 50754
2501	2 50655
2502	2 50534
2503	2 50378
2504	2 50249
2505	2 50078
2506	2 49932
2507	2 49782
2508	2 49680
2509	2 49551
2510	2 49419
2511	2 49276
2512	2 49117
2513	2 48990
2514	2 48852
2515	2 48741
2516	2 48620
2517	3 48499
2518	3 48393
2519	3 48281
2520	3 48200
2521	3 48111
2522	3 48006
2523	3 47904
2524	3 47813
2525	3 47720
2526	3 47643
2527	3 47580
2528	3 47493
2529	3 47379
2530	3 47312
2531	3 47250
2532	3 47202
2533	3 47140
2534	3 47069
2535	3 46971
2536	3 46897
2537	3 46823
2538	3 46769
2539	3 46684
2540	3 46615
2541	3 46541
2542	3 46484
2543	3 46405
2544	3 46335
2545	3 46257
2546	3 46179
2547	3 46079
2548	3 46001
2549	3 45912
2550	3 45828
2551	3 45746
2552	3 45668
2553	3 45584
2554	3 45493
2555	3 45390
2556	3 45307
2557	3 45209
2558	3 45107
2559	3 45011
2560	3 44937
2561	3 44839
2562	3 44755
2563	3 44646
2564	3 44540
2565	3 44451
2566	3 44357
2567	3 44267
2568	3 44126
2569	3 44015
2570	3 43919
2571	3 43790
2572	3 43668
2573	3 43557
2574	3 43435
2575	3 43313
2576	3 43206
2577	3 43100
2578	3 42966
2579	3 42853
2580	3 42755
2581	3 42653
2582	3 42544
2583	3 42431
2584	3 42360
2585	3 42234
2586	3 42138
2587	3 42045
2588	3 41983
2589	3 41856
2590	3 41766
2591	3 41664
2592	3 41542
2593	3 41464
2594	3 41360
2595	3 41247
2596	3 41112
2597	3 40985
2598	4 40877
2599	4 40777
2600	4 40664
2601	4 40547
2602	4 40474
2603	4 40375
2604	4 40294
2605	4 40196
2606	4 40110
2607	4 40029
2608	4 39932
2609	4 39841
2610	4 39740
2611	4 39661
2612	4 39547
2613	4 39438
2614	4 39325
2615	4 39220
2616	4 39129
2617	4 39028
2618	4 38907
2619	4 38786
2620	4 38683
2621	4 38565
2622	4 38451
2623	4 38350
2624	4 38223
2625	4 38102
2626	4 37988
2627	4 37883
2628	4 37755
2629	4 37662
2630	4 37548
2631	4 37436
2632	4 37334
2633	4 37218
2634	4 37145
2635	4 37037
2636	4 36940
2637	4 36815
2638	4 36722
2639	4 36627
2640	4 36553
2641	4 36463
2642	4 36383
2643	4 36273
2644	4 36186
2645	4 36089
2646	4 35983
2647	4 35885
2648	4 35816
2649	4 35714
2650	4 35623
2651	4 35521
2652	4 35418
2653	4 35330
2654	4 35243
2655	4 35163
2656	4 35066
2657	4 34974
2658	4 34902
2659	4 34824
2660	4 34727
2661	4 34633
2662	4 34547
2663	4 34433
2664	4 34342
2665	4 34247
2666	4 34132
2667	4 34005
2668	4 33931
2669	4 33814
2670	4 33721
2671	4 33622
2672	4 33529
2673	5 33436
2674	5 33323
2675	5 33209
2676	5 33106
2677	5 33014
2678	5 32928
2679	5 32835
2680	5 32738
2681	5 32627
2682	5 32511
2683	5 32401
2684	5 32286
2685	5 32186
2686	5 32097
2687	5 32021
2688	5 31945
2689	5 31861
2690	5 31777
2691	5 31664
2692	5 31577
2693	5 31488
2694	5 31413
2695	5 31345
2696	5 31291
2697	5 31226
2698	5 31151
2699	5 31070
2700	5 31023
2701	5 30950
2702	5 30901
2703	5 30834
2704	5 30779
2705	5 30710
2706	5 30647
2707	5 30582
2708	5 30540
2709	5 30475
2710	5 30418
2711	5 30360
2712	5 30329
2713	5 30275
2714	6 30218
2715	6 30162
2716	6 30110
2717	6 30064
2718	6 30004
2719	6 29948
2720	6 29892
2721	6 29826
2722	6 29757
2723	6 29701
2724	6 29640
2725	7 29584
2726	7 29545
2727	7 29490
2728	7 29435
2729	7 29380
2730	7 29328
2731	7 29269
2732	7 29225
2733	7 29179
2734	7 29135
2735	7 29084
2736	7 29010
2737	7 28952
2738	7 28896
2739	7 28835
2740	7 28772
2741	7 28720
2742	7 28646
2743	7 28573
2744	7 28496
2745	8 28419
2746	8 28360
2747	8 28280
2748	8 28204
2749	8 28106
2750	8 28012
2751	8 27916
2752	8 27835
2753	8 27752
2754	8 27680
2755	8 27608
2756	8 27555
2757	8 27485
2758	8 27416
2759	8 27358
2760	8 27290
2761	8 27216
2762	8 27138
2763	8 27077
2764	8 27010
2765	8 26955
2766	8 26903
2767	8 26838
2768	8 26770
2769	8 26678
2770	8 26623
2771	8 26576
2772	8 26532
2773	8 26470
2774	8 26426
2775	8 26363
2776	8 26323
2777	8 26261
2778	8 26216
2779	8 26181
2780	8 26148
2781	8 26092
2782	8 26045
2783	8 25979
2784	8 25932
2785	8 25878
2786	8 25816
2787	8 25774
2788	8 25738
2789	8 25699
2790	8 25648
2791	8 25603
2792	8 25546
2793	8 25512
2794	8 25467
2795	8 25422
2796	8 25383
2797	8 25351
2798	8 25307
2799	8 25263
2800	8 25235
2801	8 25207
2802	8 25176
2803	8 25146
2804	8 25117
2805	8 25061
2806	8 25016
2807	8 24974
2808	8 24945
2809	8 24901
2810	8 24864
2811	8 24810
2812	8 24777
2813	8 24732
2814	8 24687
2815	8 24631
2816	8 24562
2817	8 24528
2818	8 24462
2819	8 24411
2820	8 24368
2821	8 24325
2822	8 24238
2823	8 24184
2824	8 24112
2825	8 24036
2826	8 23949
2827	8 23884
2828	8 23816
2829	8 23726
2830	8 23670
2831	8 23559
2832	8 23471
2833	8 23393
2834	8 23310
2835	8 23231
2836	8 23141
2837	8 23050
2838	8 22980
2839	8 22895
2840	8 22821
2841	8 22750
2842	8 22669
2843	8 22586
2844	8 22529
2845	8 22455
2846	8 22412
2847	8 22350
2848	9 22284
2849	9 22224
2850	9 22140
2851	9 22097
2852	11 22033
2853	11 21985
2854	11 21931
2855	11 21872
2856	11 21816
2857	11 21758
2858	11 21726
2859	11 21669
2860	11 21609
2861	11 21559
2862	11 21517
2863	11 21478
2864	11 21433
2865	11 21407
2866	11 21380
2867	11 21354
2868	11 21319
2869	11 21277
2870	11 21235
2871	11 21199
2872	11 21169
2873	11 21138
2874	11 21103
2875	11 21082
2876	11 21046
2877	11 21020
2878	11 21009
2879	11 20982
2880	11 20953
2881	11 20932
2882	11 20915
2883	11 20893
2884	11 20869
2885	11 20841
2886	11 20811
2887	11 20794
2888	11 20782
2889	11 20769
2890	11 20742
2891	11 20729
2892	11 20712
2893	11 20698
2894	11 20686
2895	11 20670
2896	11 20645
2897	11 20627
2898	11 20619
2899	11 20614
2900	11 20603
2901	11 20596
2902	11 20589
2903	11 20583
2904	11 20568
2905	11 20557
2906	11 20553
2907	11 20549
2908	11 20543
2909	11 20538
2910	11 20534
2911	11 20525
2912	11 20519
2913	11 20509
2914	11 20502
2915	11 20497
2916	11 20487
2917	11 20474
2918	11 20464
2919	11 20458
2920	11 20451
2921	11 20443
2922	11 20435
2923	11 20430
2924	11 20416
2925	11 20407
2926	11 20400
2927	11 20392
2928	11 20378
2929	11 20378
2930	11 20366
2931	11 20359
2932	11 20349
2933	11 20343
2934	11 20337
2935	11 20328
2936	11 20315
2937	11 20312
2938	11 20310
2939	11 20304
2940	11 20300
2941	11 20296
2942	11 20286
2943	11 20275
2944	11 20268
2945	11 20264
2946	11 20252
2947	11 20246
2948	11 20236
2949	11 20223
2950	11 20225
2951	11 20219
2952	11 20219
2953	11 20212
2954	11 20211
2955	11 20205
2956	11 20200
2957	11 20192
2958	11 20186
2959	11 20181
2960	11 20177
2961	11 20168
2962	11 20169
2963	11 20167
2964	11 20165
2965	11 20165
2966	11 20158
2967	11 20154
2968	11 20147
2969	11 20143
2970	11 20135
2971	11 20131
2972	11 20124
2973	11 20119
2974	11 20109
2975	11 20103
2976	11 20099
2977	11 20096
2978	11 20085
2979	11 20079
2980	11 20076
2981	11 20074
2982	11 20069
2983	11 20062
2984	11 20060
2985	11 20051
2986	11 20042
2987	11 20037
2988	11 20031
2989	11 20021
2990	11 20019
2991	11 20015
2992	11 20009
2993	11 20006
2994	11 20005
2995	11 20001
2996	11 20000
2997	11 19996
2998	11 19994
2999	11 19986
3000	11 19981
3001	11 19980
3002	11 19975
3003	11 19970
3004	11 19967
3005	11 19960
3006	11 19954
3007	11 19947
3008	11 19941
3009	11 19936
3010	11 19930
3011	11 19926
3012	11 19915
3013	11 19909
3014	11 19907
3015	11 19900
3016	11 19890
3017	11 19889
3018	11 19879
3019	11 19872
3020	11 19871
3021	11 19863
3022	11 19861
3023	11 19852
3024	11 19847
3025	11 19840
3026	11 19835
3027	11 19831
3028	11 19833
3029	11 19826
3030	11 19820
3031	11 19811
3032	11 19809
3033	11 19803
3034	11 19801
3035	11 19801
3036	11 19797
3037	11 19790
3038	11 19788
3039	11 19784
3040	11 19782
3041	11 19776
3042	11 19766
3043	11 19768
3044	11 19766
3045	11 19764
3046	11 19771
3047	11 19771
3048	11 19763
3049	11 19765
3050	11 19763
3051	11 19755
3052	11 19744
3053	11 19740
3054	11 19737
3055	11 19737
3056	11 19733
3057	11 19733
3058	11 19731
3059	11 19733
3060	11 19732
3061	11 19726
3062	11 19722
3063	11 19720
3064	11 19719
3065	11 19716
3066	11 19714
3067	11 19712
3068	11 19711
3069	11 19708
3070	11 19712
3071	11 19707
3072	11 19706
3073	11 19708
3074	11 19707
3075	11 19705
3076	11 19703
3077	11 19702
3078	11 19700
3079	11 19691
3080	11 19691
3081	11 19689
3082	11 19685
3083	11 19686
3084	11 19676
3085	11 19670
3086	11 19665
3087	11 19663
3088	11 19661
3089	11 19658
3090	11 19648
3091	11 19653
3092	11 19645
3093	11 19644
3094	11 19647
3095	11 19641
3096	11 19640
3097	11 19644
3098	11 19645
3099	11 19643
3100	11 19650
3101	11 19657
3102	11 19663
3103	11 19672
3104	11 19670
3105	11 19671
3106	11 19676
3107	10 19687
3108	10 19691
3109	10 19702
3110	10 19697
3111	10 19703
3112	10 19706
3113	10 19712
3114	10 19716
3115	10 19727
3116	10 19731
3117	10 19732
3118	10 19740
3119	10 19742
3120	10 19756
3121	10 19761
3122	10 19768
3123	10 19777
3124	10 19795
3125	10 19808
3126	10 19822
3127	10 19829
3128	10 19834
3129	10 19851
3130	10 19858
3131	10 19869
3132	10 19880
3133	10 19899
3134	10 19914
3135	10 19923
3136	10 19929
3137	10 19948
3138	10 19966
3139	10 19982
3140	10 19993
3141	10 20008
3142	10 20022
3143	10 20050
3144	10 20072
3145	10 20100
3146	10 20112
3147	10 20126
3148	10 20137
3149	10 20163
3150	10 20188
3151	10 20201
3152	10 20223
3153	10 20230
3154	10 20252
3155	10 20270
3156	10 20283
3157	10 20296
3158	10 20309
3159	10 20330
3160	10 20342
3161	10 20353
3162	10 20375
3163	10 20383
3164	10 20398
3165	10 20407
3166	10 20424
3167	10 20429
3168	10 20433
3169	10 20449
3170	10 20461
3171	10 20480
3172	10 20500
3173	10 20506
3174	10 20510
3175	10 20524
3176	10 20535
3177	10 20551
3178	10 20555
3179	10 20579
3180	10 20594
3181	10 20601
3182	10 20609
3183	10 20621
3184	10 20640
3185	10 20652
3186	10 20678
3187	10 20696
3188	10 20706
3189	10 20725
3190	10 20746
3191	10 20764
3192	10 20783
3193	10 20801
3194	10 20814
3195	10 20822
3196	10 20839
3197	10 20862
3198	10 20874
3199	10 20887
3200	10 20910
3201	10 20920
3202	10 20936
3203	10 20975
3204	10 20999
3205	10 21022
3206	10 21048
3207	10 21062
3208	10 21083
3209	10 21099
3210	10 21119
3211	10 21152
3212	10 21171
3213	10 21194
3214	10 21222
3215	10 21246
3216	10 21283
3217	10 21307
3218	10 21330
3219	10 21355
3220	10 21371
3221	10 21402
3222	10 21432
3223	10 21459
3224	10 21467
3225	10 21505
3226	10 21517
3227	10 21532
3228	10 21556
3229	10 21571
3230	10 21595
3231	10 21601
3232	10 21627
3233	10 21639
3234	10 21649
3235	10 21666
3236	10 21681
3237	10 21694
3238	10 21715
3239	10 21723
3240	10 21734
3241	10 21734
3242	10 21738
3243	10 21756
3244	10 21779
3245	10 21782
3246	10 21788
3247	10 21794
3248	10 21802
3249	10 21811
3250	10 21816
3251	10 21833
3252	10 21832
3253	10 21845
3254	10 21849
3255	10 21839
3256	10 21846
3257	10 21847
3258	10 21840
3259	10 21841
3260	10 21844
3261	10 21841
3262	10 21847
3263	10 21841
3264	10 21839
3265	10 21810
3266	10 21803
3267	10 21804
3268	10 21789
3269	10 21787
3270	10 21789
3271	10 21806
3272	10 21801
3273	10 21793
3274	10 21785
3275	10 21767
3276	10 21761
3277	10 21743
3278	10 21757
3279	10 21743
3280	10 21739
3281	10 21714
3282	10 21704
3283	10 21690
3284	10 21666
3285	10 21644
3286	10 21605
3287	10 21585
3288	10 21530
3289	10 21481
3290	10 21449
3291	10 21417
3292	10 21408
3293	10 21380
3294	10 21348
3295	10 21323
3296	10 21296
3297	10 21267
3298	10 21226
3299	10 21201
3300	10 21171
3301	10 21119
3302	10 21094
3303	10 21059
3304	10 21017
3305	10 20980
3306	10 20947
3307	10 20886
3308	10 20819
3309	10 20781
3310	10 20753
3311	10 20716
3312	10 20677
3313	10 20642
3314	10 20615
3315	10 20572
3316	10 20522
3317	10 20495
3318	10 20454
3319	10 20417
3320	10 20381
3321	10 20347
3322	10 20294
3323	10 20259
3324	10 20216
3325	10 20172
3326	10 20134
3327	10 20111
3328	10 20077
3329	10 20027
3330	10 19984
3331	10 19936
3332	10 19898
3333	10 19857
3334	10 19821
3335	10 19768
3336	10 19734
3337	10 19693
3338	10 19651
3339	10 19597
3340	10 19544
3341	10 19488
3342	10 19443
3343	10 19389
3344	10 19318
3345	10 19279
3346	10 19192
3347	10 19144
3348	10 19093
3349	10 19031
3350	10 18976
3351	10 18916
3352	10 18882
3353	10 18839
3354	10 18798
3355	11 18744
3356	11 18707
3357	12 18661
3358	12 18610
3359	12 18555
3360	12 18508
3361	12 18460
3362	12 18420
3363	12 18354
3364	12 18283
3365	12 18246
3366	12 18195
3367	12 18135
3368	12 18075
3369	12 18022
3370	12 17970
3371	12 17933
3372	12 17897
3373	12 17845
3374	12 17791
3375	12 17734
3376	12 17687
3377	12 17644
3378	12 17615
3379	13 17578
3380	13 17529
3381	13 17473
3382	13 17417
3383	13 17357
3384	13 17311
3385	13 17258
3386	13 17205
3387	13 17152
3388	13 17090
3389	13 17053
3390	13 17014
3391	13 16973
3392	13 16921
3393	13 16861
3394	13 16825
3395	13 16775
3396	13 16726
3397	13 16682
3398	13 16642
3399	13 16588
3400	13 16544
3401	13 16491
3402	13 16443
3403	13 16373
3404	13 16317
3405	13 16267
3406	13 16198
3407	13 16137
3408	13 16087
3409	13 16027
3410	13 15985
3411	13 15932
3412	13 15889
3413	13 15805
3414	13 15764
3415	13 15711
3416	13 15636
3417	13 15581
3418	13 15536
3419	13 15461
3420	13 15409
3421	13 15342
3422	13 15280
3423	13 15220
3424	13 15168
3425	13 15121
3426	13 15059
3427	13 14989
3428	13 14932
3429	13 14876
3430	13 14808
